2026-04-28 09:05:23,809 PAT INFO: Saving model to: models/./model_vitlarge_camadv_seed600
2026-04-28 09:05:23,809 PAT INFO: Namespace(config_file='config/UrbanElementsReID_train_camadv_seed600.yml', opts=[], local_rank=0)
2026-04-28 09:05:23,809 PAT INFO: Loaded configuration file config/UrbanElementsReID_train_camadv_seed600.yml
2026-04-28 09:05:23,809 PAT INFO: 
MODEL:
  PRETRAIN_CHOICE: 'imagenet'
  PRETRAIN_PATH: '/workspace/miuam_challenge_diff/pretrained'
  IF_LABELSMOOTH: 'on'
  IF_WITH_CENTER: 'no'
  NAME: 'part_attention_vit'
  NO_MARGIN: True
  DEVICE_ID: ('0')
  TRANSFORMER_TYPE: 'vit_large_patch16_224_TransReID'
  STRIDE_SIZE: [16, 16]
  CAM_ADV: True
  NUM_CAMERAS: 3
  CAM_ADV_LAMBDA: 0.1
  CAM_ADV_WEIGHT: 1.0

INPUT:
  SIZE_TRAIN: [256, 128]
  SIZE_TEST: [256, 128]
  REA:
    ENABLED: False
  PIXEL_MEAN: [0.5, 0.5, 0.5]
  PIXEL_STD: [0.5, 0.5, 0.5]
  LGT:
    DO_LGT: True
    PROB: 0.5

DATASETS:
  TRAIN: ('UrbanElementsReID',)
  TEST: ('UrbanElementsReID_test',)
  ROOT_DIR: '/workspace/Urban2026/'

DATALOADER:
  SAMPLER: 'softmax_triplet'
  NUM_INSTANCE: 4
  NUM_WORKERS: 8

SOLVER:
  OPTIMIZER_NAME: 'Adam'
  MAX_EPOCHS: 60
  BASE_LR: 0.00035
  WARMUP_METHOD: 'linear'
  WARMUP_EPOCHS: 10
  WARMUP_FACTOR: 0.01
  IMS_PER_BATCH: 64
  LARGE_FC_LR: False
  CHECKPOINT_PERIOD: 10
  LOG_PERIOD: 60
  EVAL_PERIOD: 10
  WEIGHT_DECAY: 1e-4
  WEIGHT_DECAY_BIAS: 1e-4
  BIAS_LR_FACTOR: 2
  SEED: 600
  GRAD_CLIP: 1.0

TEST:
  EVAL: True
  IMS_PER_BATCH: 64
  RE_RANKING: False
  WEIGHT: ''
  NECK_FEAT: 'before'
  FEAT_NORM: True

LOG_ROOT: 'models/'
TB_LOG_ROOT: './tb_log/'
LOG_NAME: './model_vitlarge_camadv_seed600'

2026-04-28 09:05:23,810 PAT INFO: Running with config:
DATALOADER:
  CAMERA_TO_DOMAIN: False
  DELETE_REM: False
  DROP_LAST: False
  INDIVIDUAL: False
  NAIVE_WAY: True
  NUM_INSTANCE: 4
  NUM_WORKERS: 8
  SAMPLER: softmax_triplet
DATASETS:
  COMBINEALL: False
  ROOT_DIR: /workspace/Urban2026/
  TEST: ('UrbanElementsReID_test',)
  TRAIN: ('UrbanElementsReID',)
INPUT:
  CJ:
    BRIGHTNESS: 0.15
    CONTRAST: 0.15
    ENABLED: False
    HUE: 0.1
    PROB: 1.0
    SATURATION: 0.1
  DO_AUGMIX: False
  DO_AUTOAUG: False
  DO_FLIP: True
  DO_PAD: True
  FLIP_PROB: 0.5
  LGT:
    DO_LGT: True
    PROB: 0.5
  PADDING: 10
  PADDING_MODE: constant
  PIXEL_MEAN: [0.5, 0.5, 0.5]
  PIXEL_STD: [0.5, 0.5, 0.5]
  REA:
    ENABLED: False
    MEAN: [123.675, 116.28, 103.53]
    PROB: 0.5
  RPT:
    ENABLED: False
    PROB: 0.5
  SIZE_TEST: [256, 128]
  SIZE_TRAIN: [256, 128]
LOG_NAME: ./model_vitlarge_camadv_seed600
LOG_ROOT: models/
MODEL:
  ARCFACE_M: 0.5
  ARCFACE_S: 64.0
  ATT_DROP_RATE: 0.0
  AUX_LOSS_WEIGHT: 0.1
  CAM_ADV: True
  CAM_ADV_LAMBDA: 0.1
  CAM_ADV_WEIGHT: 1.0
  CIRCLE_GAMMA: 256.0
  CIRCLE_MARGIN: 0.25
  CLUSTER_K: 10
  COS_LAYER: False
  DEEP_SUP: False
  DEVICE: cuda
  DEVICE_ID: 0
  DIST_TRAIN: False
  DROP_OUT: 0.0
  DROP_PATH: 0.1
  FINETUNE_FROM: 
  FREEZE_PATCH_EMBED: True
  ID_LOSS_TYPE: softmax
  ID_LOSS_WEIGHT: 1.0
  IF_LABELSMOOTH: on
  IF_WITH_CENTER: no
  LAST_STRIDE: 1
  METRIC_LOSS_TYPE: triplet
  NAME: part_attention_vit
  NECK: bnneck
  NO_MARGIN: True
  NUM_AUX_LAYERS: 5
  NUM_CAMERAS: 3
  PATCH_EMBED_TYPE: 
  PC_LOSS: True
  PC_LR: 1.0
  PC_SCALE: 0.02
  PRETRAIN_CHOICE: imagenet
  PRETRAIN_PATH: /workspace/miuam_challenge_diff/pretrained
  SOFT_LABEL: True
  SOFT_LAMBDA: 0.5
  SOFT_WEIGHT: 0.5
  STRIDE_SIZE: [16, 16]
  TRANSFORMER_TYPE: vit_large_patch16_224_TransReID
  TRIPLET_LOSS_WEIGHT: 1.0
SOLVER:
  BASE_LR: 0.00035
  BIAS_LR_FACTOR: 2
  CENTER_LOSS_WEIGHT: 0.0005
  CENTER_LR: 0.5
  CHECKPOINT_PERIOD: 10
  COSINE_MARGIN: 0.5
  COSINE_SCALE: 30
  EMA_DECAY: 0.0
  EVAL_PERIOD: 10
  GAMMA: 0.1
  GRAD_CLIP: 1.0
  IMS_PER_BATCH: 64
  LARGE_FC_LR: False
  LOG_PERIOD: 60
  MARGIN: 0.3
  MAX_EPOCHS: 60
  MOMENTUM: 0.9
  OPTIMIZER_NAME: Adam
  SEED: 600
  STEPS: (40, 70)
  WARMUP_EPOCHS: 10
  WARMUP_FACTOR: 0.01
  WARMUP_METHOD: linear
  WEIGHT_DECAY: 0.0001
  WEIGHT_DECAY_BIAS: 0.0001
TB_LOG_ROOT: ./tb_log/
TEST:
  DIST_MAT: dist_mat.npy
  EVAL: True
  FEAT_NORM: True
  IMS_PER_BATCH: 64
  NECK_FEAT: before
  RE_RANKING: False
  WEIGHT: 
2026-04-28 09:05:23,874 PAT INFO: => Loaded UrbanElementsReID
2026-04-28 09:05:23,874 PAT INFO:   ----------------------------------------
2026-04-28 09:05:23,874 PAT INFO:   subset   | # ids | # images | # cameras
2026-04-28 09:05:23,874 PAT INFO:   ----------------------------------------
2026-04-28 09:05:23,874 PAT INFO:   train    |  1088 |    11175 |         3
2026-04-28 09:05:23,874 PAT INFO:   ----------------------------------------
2026-04-28 09:05:23,951 PAT INFO: => Loaded UrbanElementsReID_test
2026-04-28 09:05:23,951 PAT INFO:   ----------------------------------------
2026-04-28 09:05:23,951 PAT INFO:   subset   | # ids | # images | # cameras
2026-04-28 09:05:23,951 PAT INFO:   ----------------------------------------
2026-04-28 09:05:23,951 PAT INFO:   query    |     1 |      928 |         1
2026-04-28 09:05:23,951 PAT INFO:   gallery  |     1 |     2844 |         3
2026-04-28 09:05:23,951 PAT INFO:   ----------------------------------------
using Transformer_type: part token vit as a backbone
using stride: [16, 16], and patch number is num_y16 * num_x8
using drop_out rate is : 0.0
using attn_drop_out rate is : 0.0
using drop_path rate is : 0.1
Resized position embedding from size:torch.Size([1, 197, 1024]) to size: torch.Size([1, 132, 1024]) with height:16 width: 8
Load 297 / 299 layers.
Loading pretrained ImageNet model......from /workspace/miuam_challenge_diff/pretrained/jx_vit_large_p16_224-4ee7a4dc.pth
camera-adversarial ON: classifier over 3 cams, GRL lambda=0.1
===========building our part attention vit===========
2026-04-28 09:05:31,212 PAT.train INFO: Number of parameter: 305.38M
====== freeze patch_embed for stability ======
using soft triplet loss for training
label smooth on, numclasses: 1088
======== using soft label ========
2026-04-28 09:05:31,507 PAT.train INFO: start training
saving tblog to ./tb_log/./model_vitlarge_camadv_seed600
initialize the centers
initialization done
/workspace/miuam_challenge_diff/loss/myloss.py:29: UserWarning: This overload of addmm_ is deprecated:
	addmm_(Number beta, Number alpha, Tensor mat1, Tensor mat2)
Consider using one of the following signatures instead:
	addmm_(Tensor mat1, Tensor mat2, *, Number beta, Number alpha) (Triggered internally at ../torch/csrc/utils/python_arg_parser.cpp:1519.)
  dist_map.addmm_(1, -2, part_feat, part_centers.t())
2026-04-28 09:06:39,638 PAT.train INFO:   [grad_norm pre-clip: 9.622 / clip_max: 1.0]
2026-04-28 09:06:39,639 PAT.train INFO: Epoch[1] Iteration[60/159] total_loss: 10.120, reid_loss: 9.542, pc_loss: 0.578, Acc: 0.023, Base Lr: 3.81e-05
2026-04-28 09:07:05,086 PAT.train INFO:   [grad_norm pre-clip: 8.862 / clip_max: 1.0]
2026-04-28 09:07:05,087 PAT.train INFO: Epoch[1] Iteration[120/159] total_loss: 9.606, reid_loss: 9.164, pc_loss: 0.442, Acc: 0.056, Base Lr: 3.81e-05
2026-04-28 09:07:20,633 PAT.train INFO: Epoch 1 done. Time per batch: 0.430[s] Speed: 148.8[samples/s]
2026-04-28 09:07:48,084 PAT.train INFO:   [grad_norm pre-clip: 7.987 / clip_max: 1.0]
2026-04-28 09:07:48,085 PAT.train INFO: Epoch[2] Iteration[60/159] total_loss: 8.305, reid_loss: 8.224, pc_loss: 0.081, Acc: 0.114, Base Lr: 7.28e-05
2026-04-28 09:08:14,044 PAT.train INFO:   [grad_norm pre-clip: 7.959 / clip_max: 1.0]
2026-04-28 09:08:14,045 PAT.train INFO: Epoch[2] Iteration[120/159] total_loss: 8.188, reid_loss: 8.121, pc_loss: 0.067, Acc: 0.111, Base Lr: 7.28e-05
2026-04-28 09:08:29,854 PAT.train INFO: Epoch 2 done. Time per batch: 0.443[s] Speed: 144.6[samples/s]
2026-04-28 09:08:57,315 PAT.train INFO:   [grad_norm pre-clip: 7.824 / clip_max: 1.0]
2026-04-28 09:08:57,316 PAT.train INFO: Epoch[3] Iteration[60/159] total_loss: 7.467, reid_loss: 7.443, pc_loss: 0.024, Acc: 0.108, Base Lr: 1.07e-04
2026-04-28 09:09:23,558 PAT.train INFO:   [grad_norm pre-clip: 7.191 / clip_max: 1.0]
2026-04-28 09:09:23,558 PAT.train INFO: Epoch[3] Iteration[120/159] total_loss: 7.240, reid_loss: 7.221, pc_loss: 0.019, Acc: 0.139, Base Lr: 1.07e-04
2026-04-28 09:09:39,747 PAT.train INFO: Epoch 3 done. Time per batch: 0.441[s] Speed: 145.0[samples/s]
2026-04-28 09:10:06,489 PAT.train INFO:   [grad_norm pre-clip: 7.981 / clip_max: 1.0]
2026-04-28 09:10:06,490 PAT.train INFO: Epoch[4] Iteration[60/159] total_loss: 6.503, reid_loss: 6.497, pc_loss: 0.006, Acc: 0.149, Base Lr: 1.42e-04
2026-04-28 09:10:32,472 PAT.train INFO:   [grad_norm pre-clip: 7.599 / clip_max: 1.0]
2026-04-28 09:10:32,473 PAT.train INFO: Epoch[4] Iteration[120/159] total_loss: 6.261, reid_loss: 6.256, pc_loss: 0.006, Acc: 0.193, Base Lr: 1.42e-04
2026-04-28 09:10:48,354 PAT.train INFO: Epoch 4 done. Time per batch: 0.439[s] Speed: 145.9[samples/s]
2026-04-28 09:11:17,943 PAT.train INFO:   [grad_norm pre-clip: 7.524 / clip_max: 1.0]
2026-04-28 09:11:17,944 PAT.train INFO: Epoch[5] Iteration[60/159] total_loss: 5.743, reid_loss: 5.733, pc_loss: 0.010, Acc: 0.235, Base Lr: 1.77e-04
2026-04-28 09:11:46,364 PAT.train INFO:   [grad_norm pre-clip: 7.351 / clip_max: 1.0]
2026-04-28 09:11:46,364 PAT.train INFO: Epoch[5] Iteration[120/159] total_loss: 5.559, reid_loss: 5.551, pc_loss: 0.008, Acc: 0.268, Base Lr: 1.77e-04
2026-04-28 09:12:04,042 PAT.train INFO: Epoch 5 done. Time per batch: 0.481[s] Speed: 133.1[samples/s]
2026-04-28 09:12:33,216 PAT.train INFO:   [grad_norm pre-clip: 18.232 / clip_max: 1.0]
2026-04-28 09:12:33,217 PAT.train INFO: Epoch[6] Iteration[60/159] total_loss: 5.175, reid_loss: 5.158, pc_loss: 0.016, Acc: 0.305, Base Lr: 2.11e-04
2026-04-28 09:13:01,079 PAT.train INFO:   [grad_norm pre-clip: 7.185 / clip_max: 1.0]
2026-04-28 09:13:01,079 PAT.train INFO: Epoch[6] Iteration[120/159] total_loss: 5.059, reid_loss: 5.045, pc_loss: 0.014, Acc: 0.343, Base Lr: 2.11e-04
2026-04-28 09:13:17,430 PAT.train INFO: Epoch 6 done. Time per batch: 0.469[s] Speed: 136.4[samples/s]
2026-04-28 09:13:50,670 PAT.train INFO:   [grad_norm pre-clip: 6.938 / clip_max: 1.0]
2026-04-28 09:13:50,670 PAT.train INFO: Epoch[7] Iteration[60/159] total_loss: 4.823, reid_loss: 4.816, pc_loss: 0.007, Acc: 0.376, Base Lr: 2.46e-04
2026-04-28 09:14:17,274 PAT.train INFO:   [grad_norm pre-clip: 7.627 / clip_max: 1.0]
2026-04-28 09:14:17,275 PAT.train INFO: Epoch[7] Iteration[120/159] total_loss: 4.704, reid_loss: 4.696, pc_loss: 0.009, Acc: 0.409, Base Lr: 2.46e-04
2026-04-28 09:14:33,870 PAT.train INFO: Epoch 7 done. Time per batch: 0.478[s] Speed: 134.0[samples/s]
2026-04-28 09:15:04,185 PAT.train INFO:   [grad_norm pre-clip: 7.489 / clip_max: 1.0]
2026-04-28 09:15:04,185 PAT.train INFO: Epoch[8] Iteration[60/159] total_loss: 4.559, reid_loss: 4.515, pc_loss: 0.044, Acc: 0.458, Base Lr: 2.81e-04
2026-04-28 09:15:30,754 PAT.train INFO:   [grad_norm pre-clip: 7.317 / clip_max: 1.0]
2026-04-28 09:15:30,754 PAT.train INFO: Epoch[8] Iteration[120/159] total_loss: 4.497, reid_loss: 4.446, pc_loss: 0.051, Acc: 0.481, Base Lr: 2.81e-04
2026-04-28 09:15:47,352 PAT.train INFO: Epoch 8 done. Time per batch: 0.452[s] Speed: 141.6[samples/s]
2026-04-28 09:16:14,775 PAT.train INFO:   [grad_norm pre-clip: 7.614 / clip_max: 1.0]
2026-04-28 09:16:14,776 PAT.train INFO: Epoch[9] Iteration[60/159] total_loss: 4.391, reid_loss: 4.295, pc_loss: 0.096, Acc: 0.509, Base Lr: 3.15e-04
2026-04-28 09:16:41,303 PAT.train INFO:   [grad_norm pre-clip: 6.995 / clip_max: 1.0]
2026-04-28 09:16:41,304 PAT.train INFO: Epoch[9] Iteration[120/159] total_loss: 4.277, reid_loss: 4.207, pc_loss: 0.070, Acc: 0.545, Base Lr: 3.15e-04
2026-04-28 09:16:57,742 PAT.train INFO: Epoch 9 done. Time per batch: 0.447[s] Speed: 143.1[samples/s]
2026-04-28 09:17:25,167 PAT.train INFO:   [grad_norm pre-clip: 7.053 / clip_max: 1.0]
2026-04-28 09:17:25,167 PAT.train INFO: Epoch[10] Iteration[60/159] total_loss: 4.267, reid_loss: 4.238, pc_loss: 0.029, Acc: 0.552, Base Lr: 3.44e-04
2026-04-28 09:17:52,058 PAT.train INFO:   [grad_norm pre-clip: 6.698 / clip_max: 1.0]
2026-04-28 09:17:52,059 PAT.train INFO: Epoch[10] Iteration[120/159] total_loss: 4.177, reid_loss: 4.149, pc_loss: 0.028, Acc: 0.573, Base Lr: 3.44e-04
2026-04-28 09:18:08,473 PAT.train INFO: Epoch 10 done. Time per batch: 0.449[s] Speed: 142.4[samples/s]
2026-04-28 09:18:08,476 PAT.test INFO: Enter inferencing
2026-04-28 09:18:20,356 PAT.test INFO: Validation Results 
2026-04-28 09:18:20,356 PAT.test INFO: mAP: 100.0%
2026-04-28 09:18:20,356 PAT.test INFO: CMC curve, Rank-1  :100.0%
2026-04-28 09:18:20,356 PAT.test INFO: CMC curve, Rank-5  :100.0%
2026-04-28 09:18:20,356 PAT.test INFO: CMC curve, Rank-10 :100.0%
2026-04-28 09:18:20,357 PAT.test INFO: total inference time: 11.88
2026-04-28 09:18:20,364 PAT.train INFO: =====best epoch: 10=====
2026-04-28 09:18:47,885 PAT.train INFO:   [grad_norm pre-clip: 6.968 / clip_max: 1.0]
2026-04-28 09:18:47,886 PAT.train INFO: Epoch[11] Iteration[60/159] total_loss: 4.011, reid_loss: 4.004, pc_loss: 0.007, Acc: 0.614, Base Lr: 3.43e-04
2026-04-28 09:19:14,019 PAT.train INFO:   [grad_norm pre-clip: 6.172 / clip_max: 1.0]
2026-04-28 09:19:14,019 PAT.train INFO: Epoch[11] Iteration[120/159] total_loss: 3.957, reid_loss: 3.951, pc_loss: 0.007, Acc: 0.628, Base Lr: 3.43e-04
2026-04-28 09:19:30,289 PAT.train INFO: Epoch 11 done. Time per batch: 0.441[s] Speed: 145.0[samples/s]
2026-04-28 09:19:57,374 PAT.train INFO:   [grad_norm pre-clip: 5.716 / clip_max: 1.0]
2026-04-28 09:19:57,375 PAT.train INFO: Epoch[12] Iteration[60/159] total_loss: 3.729, reid_loss: 3.720, pc_loss: 0.009, Acc: 0.692, Base Lr: 3.41e-04
2026-04-28 09:20:23,696 PAT.train INFO:   [grad_norm pre-clip: 6.504 / clip_max: 1.0]
2026-04-28 09:20:23,697 PAT.train INFO: Epoch[12] Iteration[120/159] total_loss: 3.773, reid_loss: 3.761, pc_loss: 0.012, Acc: 0.684, Base Lr: 3.41e-04
2026-04-28 09:20:39,823 PAT.train INFO: Epoch 12 done. Time per batch: 0.442[s] Speed: 144.9[samples/s]
2026-04-28 09:21:06,549 PAT.train INFO:   [grad_norm pre-clip: 5.654 / clip_max: 1.0]
2026-04-28 09:21:06,549 PAT.train INFO: Epoch[13] Iteration[60/159] total_loss: 3.683, reid_loss: 3.669, pc_loss: 0.015, Acc: 0.708, Base Lr: 3.40e-04
2026-04-28 09:21:32,346 PAT.train INFO:   [grad_norm pre-clip: 5.863 / clip_max: 1.0]
2026-04-28 09:21:32,347 PAT.train INFO: Epoch[13] Iteration[120/159] total_loss: 3.695, reid_loss: 3.676, pc_loss: 0.019, Acc: 0.708, Base Lr: 3.40e-04
2026-04-28 09:21:48,351 PAT.train INFO: Epoch 13 done. Time per batch: 0.435[s] Speed: 147.0[samples/s]
2026-04-28 09:22:16,252 PAT.train INFO:   [grad_norm pre-clip: 6.003 / clip_max: 1.0]
2026-04-28 09:22:16,252 PAT.train INFO: Epoch[14] Iteration[60/159] total_loss: 3.568, reid_loss: 3.547, pc_loss: 0.021, Acc: 0.742, Base Lr: 3.38e-04
2026-04-28 09:22:43,329 PAT.train INFO:   [grad_norm pre-clip: 6.469 / clip_max: 1.0]
2026-04-28 09:22:43,329 PAT.train INFO: Epoch[14] Iteration[120/159] total_loss: 3.572, reid_loss: 3.527, pc_loss: 0.045, Acc: 0.748, Base Lr: 3.38e-04
2026-04-28 09:22:59,866 PAT.train INFO: Epoch 14 done. Time per batch: 0.457[s] Speed: 140.0[samples/s]
2026-04-28 09:23:27,195 PAT.train INFO:   [grad_norm pre-clip: 6.284 / clip_max: 1.0]
2026-04-28 09:23:27,196 PAT.train INFO: Epoch[15] Iteration[60/159] total_loss: 3.441, reid_loss: 3.426, pc_loss: 0.015, Acc: 0.774, Base Lr: 3.37e-04
2026-04-28 09:23:53,869 PAT.train INFO:   [grad_norm pre-clip: 5.489 / clip_max: 1.0]
2026-04-28 09:23:53,869 PAT.train INFO: Epoch[15] Iteration[120/159] total_loss: 3.472, reid_loss: 3.441, pc_loss: 0.031, Acc: 0.775, Base Lr: 3.37e-04
2026-04-28 09:24:09,975 PAT.train INFO: Epoch 15 done. Time per batch: 0.448[s] Speed: 142.8[samples/s]
2026-04-28 09:24:37,405 PAT.train INFO:   [grad_norm pre-clip: 5.643 / clip_max: 1.0]
2026-04-28 09:24:37,406 PAT.train INFO: Epoch[16] Iteration[60/159] total_loss: 3.388, reid_loss: 3.359, pc_loss: 0.029, Acc: 0.792, Base Lr: 3.35e-04
2026-04-28 09:25:03,958 PAT.train INFO:   [grad_norm pre-clip: 5.458 / clip_max: 1.0]
2026-04-28 09:25:03,958 PAT.train INFO: Epoch[16] Iteration[120/159] total_loss: 3.374, reid_loss: 3.340, pc_loss: 0.034, Acc: 0.806, Base Lr: 3.35e-04
2026-04-28 09:25:19,873 PAT.train INFO: Epoch 16 done. Time per batch: 0.447[s] Speed: 143.2[samples/s]
2026-04-28 09:25:47,069 PAT.train INFO:   [grad_norm pre-clip: 5.622 / clip_max: 1.0]
2026-04-28 09:25:47,069 PAT.train INFO: Epoch[17] Iteration[60/159] total_loss: 3.242, reid_loss: 3.227, pc_loss: 0.015, Acc: 0.826, Base Lr: 3.33e-04
2026-04-28 09:26:13,240 PAT.train INFO:   [grad_norm pre-clip: 5.407 / clip_max: 1.0]
2026-04-28 09:26:13,241 PAT.train INFO: Epoch[17] Iteration[120/159] total_loss: 3.307, reid_loss: 3.279, pc_loss: 0.028, Acc: 0.822, Base Lr: 3.33e-04
2026-04-28 09:26:29,045 PAT.train INFO: Epoch 17 done. Time per batch: 0.442[s] Speed: 144.7[samples/s]
2026-04-28 09:26:56,122 PAT.train INFO:   [grad_norm pre-clip: 5.074 / clip_max: 1.0]
2026-04-28 09:26:56,122 PAT.train INFO: Epoch[18] Iteration[60/159] total_loss: 3.216, reid_loss: 3.208, pc_loss: 0.008, Acc: 0.837, Base Lr: 3.31e-04
2026-04-28 09:27:22,517 PAT.train INFO:   [grad_norm pre-clip: 5.024 / clip_max: 1.0]
2026-04-28 09:27:22,517 PAT.train INFO: Epoch[18] Iteration[120/159] total_loss: 3.257, reid_loss: 3.239, pc_loss: 0.018, Acc: 0.834, Base Lr: 3.31e-04
2026-04-28 09:27:38,415 PAT.train INFO: Epoch 18 done. Time per batch: 0.444[s] Speed: 144.3[samples/s]
2026-04-28 09:28:05,508 PAT.train INFO:   [grad_norm pre-clip: 5.200 / clip_max: 1.0]
2026-04-28 09:28:05,509 PAT.train INFO: Epoch[19] Iteration[60/159] total_loss: 3.141, reid_loss: 3.132, pc_loss: 0.009, Acc: 0.854, Base Lr: 3.29e-04
2026-04-28 09:28:31,715 PAT.train INFO:   [grad_norm pre-clip: 4.720 / clip_max: 1.0]
2026-04-28 09:28:31,716 PAT.train INFO: Epoch[19] Iteration[120/159] total_loss: 3.168, reid_loss: 3.163, pc_loss: 0.005, Acc: 0.853, Base Lr: 3.29e-04
2026-04-28 09:28:47,544 PAT.train INFO: Epoch 19 done. Time per batch: 0.442[s] Speed: 144.8[samples/s]
2026-04-28 09:29:15,989 PAT.train INFO:   [grad_norm pre-clip: 4.981 / clip_max: 1.0]
2026-04-28 09:29:15,989 PAT.train INFO: Epoch[20] Iteration[60/159] total_loss: 3.108, reid_loss: 3.103, pc_loss: 0.005, Acc: 0.867, Base Lr: 3.27e-04
2026-04-28 09:29:43,031 PAT.train INFO:   [grad_norm pre-clip: 5.011 / clip_max: 1.0]
2026-04-28 09:29:43,031 PAT.train INFO: Epoch[20] Iteration[120/159] total_loss: 3.104, reid_loss: 3.097, pc_loss: 0.006, Acc: 0.862, Base Lr: 3.27e-04
2026-04-28 09:29:59,899 PAT.train INFO: Epoch 20 done. Time per batch: 0.459[s] Speed: 139.3[samples/s]
2026-04-28 09:29:59,901 PAT.test INFO: Enter inferencing
2026-04-28 09:30:11,638 PAT.test INFO: Validation Results 
2026-04-28 09:30:11,638 PAT.test INFO: mAP: 100.0%
2026-04-28 09:30:11,638 PAT.test INFO: CMC curve, Rank-1  :100.0%
2026-04-28 09:30:11,638 PAT.test INFO: CMC curve, Rank-5  :100.0%
2026-04-28 09:30:11,638 PAT.test INFO: CMC curve, Rank-10 :100.0%
2026-04-28 09:30:11,638 PAT.test INFO: total inference time: 11.73
2026-04-28 09:30:40,660 PAT.train INFO:   [grad_norm pre-clip: 5.716 / clip_max: 1.0]
2026-04-28 09:30:40,660 PAT.train INFO: Epoch[21] Iteration[60/159] total_loss: 3.019, reid_loss: 3.016, pc_loss: 0.003, Acc: 0.881, Base Lr: 3.24e-04
2026-04-28 09:31:08,246 PAT.train INFO:   [grad_norm pre-clip: 4.345 / clip_max: 1.0]
2026-04-28 09:31:08,247 PAT.train INFO: Epoch[21] Iteration[120/159] total_loss: 3.039, reid_loss: 3.036, pc_loss: 0.002, Acc: 0.882, Base Lr: 3.24e-04
2026-04-28 09:31:24,755 PAT.train INFO: Epoch 21 done. Time per batch: 0.461[s] Speed: 138.9[samples/s]
2026-04-28 09:31:52,840 PAT.train INFO:   [grad_norm pre-clip: 5.588 / clip_max: 1.0]
2026-04-28 09:31:52,841 PAT.train INFO: Epoch[22] Iteration[60/159] total_loss: 2.968, reid_loss: 2.967, pc_loss: 0.001, Acc: 0.891, Base Lr: 3.22e-04
2026-04-28 09:32:19,561 PAT.train INFO:   [grad_norm pre-clip: 4.308 / clip_max: 1.0]
2026-04-28 09:32:19,562 PAT.train INFO: Epoch[22] Iteration[120/159] total_loss: 3.011, reid_loss: 3.010, pc_loss: 0.001, Acc: 0.885, Base Lr: 3.22e-04
2026-04-28 09:32:35,973 PAT.train INFO: Epoch 22 done. Time per batch: 0.455[s] Speed: 140.5[samples/s]
2026-04-28 09:33:06,429 PAT.train INFO:   [grad_norm pre-clip: 4.742 / clip_max: 1.0]
2026-04-28 09:33:06,430 PAT.train INFO: Epoch[23] Iteration[60/159] total_loss: 2.956, reid_loss: 2.953, pc_loss: 0.003, Acc: 0.890, Base Lr: 3.19e-04
2026-04-28 09:33:32,521 PAT.train INFO:   [grad_norm pre-clip: 4.590 / clip_max: 1.0]
2026-04-28 09:33:32,522 PAT.train INFO: Epoch[23] Iteration[120/159] total_loss: 2.964, reid_loss: 2.961, pc_loss: 0.003, Acc: 0.895, Base Lr: 3.19e-04
2026-04-28 09:33:48,751 PAT.train INFO: Epoch 23 done. Time per batch: 0.462[s] Speed: 138.4[samples/s]
2026-04-28 09:34:20,651 PAT.train INFO:   [grad_norm pre-clip: 5.078 / clip_max: 1.0]
2026-04-28 09:34:20,652 PAT.train INFO: Epoch[24] Iteration[60/159] total_loss: 2.905, reid_loss: 2.903, pc_loss: 0.002, Acc: 0.910, Base Lr: 3.17e-04
2026-04-28 09:34:46,513 PAT.train INFO:   [grad_norm pre-clip: 4.574 / clip_max: 1.0]
2026-04-28 09:34:46,513 PAT.train INFO: Epoch[24] Iteration[120/159] total_loss: 2.922, reid_loss: 2.920, pc_loss: 0.002, Acc: 0.910, Base Lr: 3.17e-04
2026-04-28 09:35:02,912 PAT.train INFO: Epoch 24 done. Time per batch: 0.448[s] Speed: 142.8[samples/s]
2026-04-28 09:35:30,683 PAT.train INFO:   [grad_norm pre-clip: 4.556 / clip_max: 1.0]
2026-04-28 09:35:30,684 PAT.train INFO: Epoch[25] Iteration[60/159] total_loss: 2.871, reid_loss: 2.868, pc_loss: 0.003, Acc: 0.924, Base Lr: 3.14e-04
2026-04-28 09:35:57,209 PAT.train INFO:   [grad_norm pre-clip: 5.341 / clip_max: 1.0]
2026-04-28 09:35:57,210 PAT.train INFO: Epoch[25] Iteration[120/159] total_loss: 2.879, reid_loss: 2.877, pc_loss: 0.002, Acc: 0.919, Base Lr: 3.14e-04
2026-04-28 09:36:13,980 PAT.train INFO: Epoch 25 done. Time per batch: 0.451[s] Speed: 141.8[samples/s]
2026-04-28 09:36:41,340 PAT.train INFO:   [grad_norm pre-clip: 4.634 / clip_max: 1.0]
2026-04-28 09:36:41,341 PAT.train INFO: Epoch[26] Iteration[60/159] total_loss: 2.833, reid_loss: 2.831, pc_loss: 0.003, Acc: 0.923, Base Lr: 3.11e-04
2026-04-28 09:37:08,357 PAT.train INFO:   [grad_norm pre-clip: 4.947 / clip_max: 1.0]
2026-04-28 09:37:08,357 PAT.train INFO: Epoch[26] Iteration[120/159] total_loss: 2.850, reid_loss: 2.846, pc_loss: 0.004, Acc: 0.925, Base Lr: 3.11e-04
2026-04-28 09:37:25,003 PAT.train INFO: Epoch 26 done. Time per batch: 0.451[s] Speed: 141.8[samples/s]
2026-04-28 09:37:52,534 PAT.train INFO:   [grad_norm pre-clip: 4.257 / clip_max: 1.0]
2026-04-28 09:37:52,535 PAT.train INFO: Epoch[27] Iteration[60/159] total_loss: 2.805, reid_loss: 2.803, pc_loss: 0.002, Acc: 0.934, Base Lr: 3.08e-04
2026-04-28 09:38:18,949 PAT.train INFO:   [grad_norm pre-clip: 4.767 / clip_max: 1.0]
2026-04-28 09:38:18,949 PAT.train INFO: Epoch[27] Iteration[120/159] total_loss: 2.827, reid_loss: 2.822, pc_loss: 0.005, Acc: 0.927, Base Lr: 3.08e-04
2026-04-28 09:38:35,464 PAT.train INFO: Epoch 27 done. Time per batch: 0.448[s] Speed: 143.0[samples/s]
2026-04-28 09:39:02,787 PAT.train INFO:   [grad_norm pre-clip: 4.089 / clip_max: 1.0]
2026-04-28 09:39:02,788 PAT.train INFO: Epoch[28] Iteration[60/159] total_loss: 2.759, reid_loss: 2.753, pc_loss: 0.006, Acc: 0.935, Base Lr: 3.05e-04
2026-04-28 09:39:29,300 PAT.train INFO:   [grad_norm pre-clip: 4.279 / clip_max: 1.0]
2026-04-28 09:39:29,300 PAT.train INFO: Epoch[28] Iteration[120/159] total_loss: 2.794, reid_loss: 2.781, pc_loss: 0.014, Acc: 0.932, Base Lr: 3.05e-04
2026-04-28 09:39:45,550 PAT.train INFO: Epoch 28 done. Time per batch: 0.445[s] Speed: 143.7[samples/s]
2026-04-28 09:40:14,760 PAT.train INFO:   [grad_norm pre-clip: 4.019 / clip_max: 1.0]
2026-04-28 09:40:14,761 PAT.train INFO: Epoch[29] Iteration[60/159] total_loss: 2.762, reid_loss: 2.749, pc_loss: 0.013, Acc: 0.942, Base Lr: 3.02e-04
2026-04-28 09:40:41,665 PAT.train INFO:   [grad_norm pre-clip: 4.326 / clip_max: 1.0]
2026-04-28 09:40:41,665 PAT.train INFO: Epoch[29] Iteration[120/159] total_loss: 2.769, reid_loss: 2.761, pc_loss: 0.008, Acc: 0.944, Base Lr: 3.02e-04
2026-04-28 09:40:58,683 PAT.train INFO: Epoch 29 done. Time per batch: 0.452[s] Speed: 141.5[samples/s]
2026-04-28 09:41:26,062 PAT.train INFO:   [grad_norm pre-clip: 4.133 / clip_max: 1.0]
2026-04-28 09:41:26,063 PAT.train INFO: Epoch[30] Iteration[60/159] total_loss: 2.709, reid_loss: 2.706, pc_loss: 0.003, Acc: 0.946, Base Lr: 2.99e-04
2026-04-28 09:41:52,395 PAT.train INFO:   [grad_norm pre-clip: 3.421 / clip_max: 1.0]
2026-04-28 09:41:52,396 PAT.train INFO: Epoch[30] Iteration[120/159] total_loss: 2.735, reid_loss: 2.731, pc_loss: 0.004, Acc: 0.947, Base Lr: 2.99e-04
2026-04-28 09:42:08,924 PAT.train INFO: Epoch 30 done. Time per batch: 0.446[s] Speed: 143.4[samples/s]
2026-04-28 09:42:08,924 PAT.test INFO: Enter inferencing
2026-04-28 09:42:20,893 PAT.test INFO: Validation Results 
2026-04-28 09:42:20,894 PAT.test INFO: mAP: 100.0%
2026-04-28 09:42:20,894 PAT.test INFO: CMC curve, Rank-1  :100.0%
2026-04-28 09:42:20,894 PAT.test INFO: CMC curve, Rank-5  :100.0%
2026-04-28 09:42:20,894 PAT.test INFO: CMC curve, Rank-10 :100.0%
2026-04-28 09:42:20,894 PAT.test INFO: total inference time: 11.96
2026-04-28 09:42:48,691 PAT.train INFO:   [grad_norm pre-clip: 4.902 / clip_max: 1.0]
2026-04-28 09:42:48,691 PAT.train INFO: Epoch[31] Iteration[60/159] total_loss: 2.727, reid_loss: 2.724, pc_loss: 0.003, Acc: 0.947, Base Lr: 2.96e-04
2026-04-28 09:43:14,766 PAT.train INFO:   [grad_norm pre-clip: 5.164 / clip_max: 1.0]
2026-04-28 09:43:14,767 PAT.train INFO: Epoch[31] Iteration[120/159] total_loss: 2.728, reid_loss: 2.724, pc_loss: 0.004, Acc: 0.951, Base Lr: 2.96e-04
2026-04-28 09:43:31,252 PAT.train INFO: Epoch 31 done. Time per batch: 0.443[s] Speed: 144.5[samples/s]
2026-04-28 09:43:58,347 PAT.train INFO:   [grad_norm pre-clip: 4.118 / clip_max: 1.0]
2026-04-28 09:43:58,348 PAT.train INFO: Epoch[32] Iteration[60/159] total_loss: 2.709, reid_loss: 2.707, pc_loss: 0.002, Acc: 0.950, Base Lr: 2.92e-04
2026-04-28 09:44:24,560 PAT.train INFO:   [grad_norm pre-clip: 4.261 / clip_max: 1.0]
2026-04-28 09:44:24,561 PAT.train INFO: Epoch[32] Iteration[120/159] total_loss: 2.752, reid_loss: 2.749, pc_loss: 0.003, Acc: 0.946, Base Lr: 2.92e-04
2026-04-28 09:44:41,019 PAT.train INFO: Epoch 32 done. Time per batch: 0.443[s] Speed: 144.4[samples/s]
2026-04-28 09:45:08,361 PAT.train INFO:   [grad_norm pre-clip: 4.544 / clip_max: 1.0]
2026-04-28 09:45:08,362 PAT.train INFO: Epoch[33] Iteration[60/159] total_loss: 2.657, reid_loss: 2.654, pc_loss: 0.003, Acc: 0.954, Base Lr: 2.89e-04
2026-04-28 09:45:34,826 PAT.train INFO:   [grad_norm pre-clip: 4.149 / clip_max: 1.0]
2026-04-28 09:45:34,827 PAT.train INFO: Epoch[33] Iteration[120/159] total_loss: 2.666, reid_loss: 2.663, pc_loss: 0.003, Acc: 0.951, Base Lr: 2.89e-04
2026-04-28 09:45:51,323 PAT.train INFO: Epoch 33 done. Time per batch: 0.450[s] Speed: 142.4[samples/s]
2026-04-28 09:46:21,214 PAT.train INFO:   [grad_norm pre-clip: 3.425 / clip_max: 1.0]
2026-04-28 09:46:21,215 PAT.train INFO: Epoch[34] Iteration[60/159] total_loss: 2.672, reid_loss: 2.670, pc_loss: 0.003, Acc: 0.953, Base Lr: 2.85e-04
2026-04-28 09:46:48,268 PAT.train INFO:   [grad_norm pre-clip: 4.570 / clip_max: 1.0]
2026-04-28 09:46:48,269 PAT.train INFO: Epoch[34] Iteration[120/159] total_loss: 2.681, reid_loss: 2.679, pc_loss: 0.002, Acc: 0.955, Base Lr: 2.85e-04
2026-04-28 09:47:04,705 PAT.train INFO: Epoch 34 done. Time per batch: 0.462[s] Speed: 138.7[samples/s]
2026-04-28 09:47:32,287 PAT.train INFO:   [grad_norm pre-clip: 4.278 / clip_max: 1.0]
2026-04-28 09:47:32,288 PAT.train INFO: Epoch[35] Iteration[60/159] total_loss: 2.638, reid_loss: 2.636, pc_loss: 0.002, Acc: 0.958, Base Lr: 2.82e-04
2026-04-28 09:47:59,097 PAT.train INFO:   [grad_norm pre-clip: 3.985 / clip_max: 1.0]
2026-04-28 09:47:59,097 PAT.train INFO: Epoch[35] Iteration[120/159] total_loss: 2.663, reid_loss: 2.659, pc_loss: 0.004, Acc: 0.958, Base Lr: 2.82e-04
2026-04-28 09:48:15,794 PAT.train INFO: Epoch 35 done. Time per batch: 0.452[s] Speed: 141.7[samples/s]
2026-04-28 09:48:45,685 PAT.train INFO:   [grad_norm pre-clip: 4.212 / clip_max: 1.0]
2026-04-28 09:48:45,686 PAT.train INFO: Epoch[36] Iteration[60/159] total_loss: 2.669, reid_loss: 2.667, pc_loss: 0.002, Acc: 0.958, Base Lr: 2.78e-04
2026-04-28 09:49:14,261 PAT.train INFO:   [grad_norm pre-clip: 3.468 / clip_max: 1.0]
2026-04-28 09:49:14,262 PAT.train INFO: Epoch[36] Iteration[120/159] total_loss: 2.676, reid_loss: 2.674, pc_loss: 0.002, Acc: 0.959, Base Lr: 2.78e-04
2026-04-28 09:49:31,932 PAT.train INFO: Epoch 36 done. Time per batch: 0.478[s] Speed: 133.9[samples/s]
2026-04-28 09:50:00,619 PAT.train INFO:   [grad_norm pre-clip: 4.392 / clip_max: 1.0]
2026-04-28 09:50:00,620 PAT.train INFO: Epoch[37] Iteration[60/159] total_loss: 2.653, reid_loss: 2.651, pc_loss: 0.002, Acc: 0.960, Base Lr: 2.74e-04
2026-04-28 09:50:28,309 PAT.train INFO:   [grad_norm pre-clip: 4.185 / clip_max: 1.0]
2026-04-28 09:50:28,309 PAT.train INFO: Epoch[37] Iteration[120/159] total_loss: 2.629, reid_loss: 2.627, pc_loss: 0.002, Acc: 0.964, Base Lr: 2.74e-04
2026-04-28 09:50:45,120 PAT.train INFO: Epoch 37 done. Time per batch: 0.468[s] Speed: 136.7[samples/s]
2026-04-28 09:51:14,134 PAT.train INFO:   [grad_norm pre-clip: 4.525 / clip_max: 1.0]
2026-04-28 09:51:14,135 PAT.train INFO: Epoch[38] Iteration[60/159] total_loss: 2.592, reid_loss: 2.590, pc_loss: 0.002, Acc: 0.963, Base Lr: 2.70e-04
2026-04-28 09:51:42,157 PAT.train INFO:   [grad_norm pre-clip: 3.569 / clip_max: 1.0]
2026-04-28 09:51:42,157 PAT.train INFO: Epoch[38] Iteration[120/159] total_loss: 2.599, reid_loss: 2.597, pc_loss: 0.003, Acc: 0.964, Base Lr: 2.70e-04
2026-04-28 09:51:59,531 PAT.train INFO: Epoch 38 done. Time per batch: 0.473[s] Speed: 135.4[samples/s]
2026-04-28 09:52:29,755 PAT.train INFO:   [grad_norm pre-clip: 4.204 / clip_max: 1.0]
2026-04-28 09:52:29,755 PAT.train INFO: Epoch[39] Iteration[60/159] total_loss: 2.595, reid_loss: 2.593, pc_loss: 0.002, Acc: 0.964, Base Lr: 2.67e-04
2026-04-28 09:52:57,226 PAT.train INFO:   [grad_norm pre-clip: 3.413 / clip_max: 1.0]
2026-04-28 09:52:57,227 PAT.train INFO: Epoch[39] Iteration[120/159] total_loss: 2.603, reid_loss: 2.601, pc_loss: 0.002, Acc: 0.967, Base Lr: 2.67e-04
2026-04-28 09:53:14,677 PAT.train INFO: Epoch 39 done. Time per batch: 0.469[s] Speed: 136.6[samples/s]
2026-04-28 09:53:46,151 PAT.train INFO:   [grad_norm pre-clip: 4.109 / clip_max: 1.0]
2026-04-28 09:53:46,152 PAT.train INFO: Epoch[40] Iteration[60/159] total_loss: 2.560, reid_loss: 2.556, pc_loss: 0.004, Acc: 0.969, Base Lr: 2.63e-04
2026-04-28 09:54:14,289 PAT.train INFO:   [grad_norm pre-clip: 4.195 / clip_max: 1.0]
2026-04-28 09:54:14,290 PAT.train INFO: Epoch[40] Iteration[120/159] total_loss: 2.598, reid_loss: 2.595, pc_loss: 0.003, Acc: 0.967, Base Lr: 2.63e-04
2026-04-28 09:54:31,666 PAT.train INFO: Epoch 40 done. Time per batch: 0.489[s] Speed: 130.8[samples/s]
2026-04-28 09:54:31,668 PAT.test INFO: Enter inferencing
2026-04-28 09:54:43,348 PAT.test INFO: Validation Results 
2026-04-28 09:54:43,349 PAT.test INFO: mAP: 100.0%
2026-04-28 09:54:43,349 PAT.test INFO: CMC curve, Rank-1  :100.0%
2026-04-28 09:54:43,349 PAT.test INFO: CMC curve, Rank-5  :100.0%
2026-04-28 09:54:43,349 PAT.test INFO: CMC curve, Rank-10 :100.0%
2026-04-28 09:54:43,349 PAT.test INFO: total inference time: 11.67
2026-04-28 09:55:12,514 PAT.train INFO:   [grad_norm pre-clip: 3.707 / clip_max: 1.0]
2026-04-28 09:55:12,515 PAT.train INFO: Epoch[41] Iteration[60/159] total_loss: 2.575, reid_loss: 2.573, pc_loss: 0.002, Acc: 0.974, Base Lr: 2.59e-04
2026-04-28 09:55:39,969 PAT.train INFO:   [grad_norm pre-clip: 3.913 / clip_max: 1.0]
2026-04-28 09:55:39,970 PAT.train INFO: Epoch[41] Iteration[120/159] total_loss: 2.583, reid_loss: 2.582, pc_loss: 0.002, Acc: 0.970, Base Lr: 2.59e-04
2026-04-28 09:55:56,918 PAT.train INFO: Epoch 41 done. Time per batch: 0.463[s] Speed: 138.1[samples/s]
2026-04-28 09:56:24,831 PAT.train INFO:   [grad_norm pre-clip: 4.920 / clip_max: 1.0]
2026-04-28 09:56:24,831 PAT.train INFO: Epoch[42] Iteration[60/159] total_loss: 2.571, reid_loss: 2.569, pc_loss: 0.001, Acc: 0.977, Base Lr: 2.55e-04
2026-04-28 09:56:52,511 PAT.train INFO:   [grad_norm pre-clip: 3.884 / clip_max: 1.0]
2026-04-28 09:56:52,511 PAT.train INFO: Epoch[42] Iteration[120/159] total_loss: 2.576, reid_loss: 2.575, pc_loss: 0.002, Acc: 0.973, Base Lr: 2.55e-04
2026-04-28 09:57:09,519 PAT.train INFO: Epoch 42 done. Time per batch: 0.461[s] Speed: 138.8[samples/s]
2026-04-28 09:57:39,005 PAT.train INFO:   [grad_norm pre-clip: 3.857 / clip_max: 1.0]
2026-04-28 09:57:39,006 PAT.train INFO: Epoch[43] Iteration[60/159] total_loss: 2.554, reid_loss: 2.552, pc_loss: 0.001, Acc: 0.977, Base Lr: 2.51e-04
2026-04-28 09:58:06,998 PAT.train INFO:   [grad_norm pre-clip: 5.267 / clip_max: 1.0]
2026-04-28 09:58:06,999 PAT.train INFO: Epoch[43] Iteration[120/159] total_loss: 2.566, reid_loss: 2.564, pc_loss: 0.002, Acc: 0.973, Base Lr: 2.51e-04
2026-04-28 09:58:24,190 PAT.train INFO: Epoch 43 done. Time per batch: 0.469[s] Speed: 136.4[samples/s]
2026-04-28 09:58:55,680 PAT.train INFO:   [grad_norm pre-clip: 3.207 / clip_max: 1.0]
2026-04-28 09:58:55,681 PAT.train INFO: Epoch[44] Iteration[60/159] total_loss: 2.506, reid_loss: 2.504, pc_loss: 0.002, Acc: 0.978, Base Lr: 2.46e-04
2026-04-28 09:59:23,436 PAT.train INFO:   [grad_norm pre-clip: 4.354 / clip_max: 1.0]
2026-04-28 09:59:23,436 PAT.train INFO: Epoch[44] Iteration[120/159] total_loss: 2.518, reid_loss: 2.516, pc_loss: 0.002, Acc: 0.978, Base Lr: 2.46e-04
2026-04-28 09:59:40,758 PAT.train INFO: Epoch 44 done. Time per batch: 0.487[s] Speed: 131.5[samples/s]
2026-04-28 10:00:10,908 PAT.train INFO:   [grad_norm pre-clip: 4.688 / clip_max: 1.0]
2026-04-28 10:00:10,908 PAT.train INFO: Epoch[45] Iteration[60/159] total_loss: 2.519, reid_loss: 2.516, pc_loss: 0.003, Acc: 0.976, Base Lr: 2.42e-04
2026-04-28 10:00:38,463 PAT.train INFO:   [grad_norm pre-clip: 5.614 / clip_max: 1.0]
2026-04-28 10:00:38,463 PAT.train INFO: Epoch[45] Iteration[120/159] total_loss: 2.523, reid_loss: 2.521, pc_loss: 0.002, Acc: 0.976, Base Lr: 2.42e-04
2026-04-28 10:00:55,486 PAT.train INFO: Epoch 45 done. Time per batch: 0.475[s] Speed: 134.8[samples/s]
2026-04-28 10:01:23,971 PAT.train INFO:   [grad_norm pre-clip: 3.499 / clip_max: 1.0]
2026-04-28 10:01:23,972 PAT.train INFO: Epoch[46] Iteration[60/159] total_loss: 2.498, reid_loss: 2.497, pc_loss: 0.002, Acc: 0.974, Base Lr: 2.38e-04
2026-04-28 10:01:51,548 PAT.train INFO:   [grad_norm pre-clip: 4.231 / clip_max: 1.0]
2026-04-28 10:01:51,549 PAT.train INFO: Epoch[46] Iteration[120/159] total_loss: 2.530, reid_loss: 2.529, pc_loss: 0.001, Acc: 0.975, Base Lr: 2.38e-04
2026-04-28 10:02:08,233 PAT.train INFO: Epoch 46 done. Time per batch: 0.465[s] Speed: 137.6[samples/s]
2026-04-28 10:02:36,707 PAT.train INFO:   [grad_norm pre-clip: 4.238 / clip_max: 1.0]
2026-04-28 10:02:36,708 PAT.train INFO: Epoch[47] Iteration[60/159] total_loss: 2.477, reid_loss: 2.476, pc_loss: 0.001, Acc: 0.985, Base Lr: 2.34e-04
2026-04-28 10:03:04,315 PAT.train INFO:   [grad_norm pre-clip: 4.587 / clip_max: 1.0]
2026-04-28 10:03:04,315 PAT.train INFO: Epoch[47] Iteration[120/159] total_loss: 2.499, reid_loss: 2.498, pc_loss: 0.001, Acc: 0.982, Base Lr: 2.34e-04
2026-04-28 10:03:21,530 PAT.train INFO: Epoch 47 done. Time per batch: 0.466[s] Speed: 137.4[samples/s]
2026-04-28 10:03:49,892 PAT.train INFO:   [grad_norm pre-clip: 3.563 / clip_max: 1.0]
2026-04-28 10:03:49,893 PAT.train INFO: Epoch[48] Iteration[60/159] total_loss: 2.477, reid_loss: 2.475, pc_loss: 0.003, Acc: 0.985, Base Lr: 2.29e-04
2026-04-28 10:04:17,395 PAT.train INFO:   [grad_norm pre-clip: 4.488 / clip_max: 1.0]
2026-04-28 10:04:17,396 PAT.train INFO: Epoch[48] Iteration[120/159] total_loss: 2.507, reid_loss: 2.504, pc_loss: 0.003, Acc: 0.983, Base Lr: 2.29e-04
2026-04-28 10:04:34,500 PAT.train INFO: Epoch 48 done. Time per batch: 0.464[s] Speed: 138.0[samples/s]
2026-04-28 10:05:04,998 PAT.train INFO:   [grad_norm pre-clip: 2.824 / clip_max: 1.0]
2026-04-28 10:05:04,999 PAT.train INFO: Epoch[49] Iteration[60/159] total_loss: 2.498, reid_loss: 2.496, pc_loss: 0.002, Acc: 0.978, Base Lr: 2.25e-04
2026-04-28 10:05:33,248 PAT.train INFO:   [grad_norm pre-clip: 3.456 / clip_max: 1.0]
2026-04-28 10:05:33,249 PAT.train INFO: Epoch[49] Iteration[120/159] total_loss: 2.491, reid_loss: 2.489, pc_loss: 0.002, Acc: 0.981, Base Lr: 2.25e-04
2026-04-28 10:05:50,945 PAT.train INFO: Epoch 49 done. Time per batch: 0.486[s] Speed: 131.8[samples/s]
2026-04-28 10:06:20,095 PAT.train INFO:   [grad_norm pre-clip: 3.566 / clip_max: 1.0]
2026-04-28 10:06:20,096 PAT.train INFO: Epoch[50] Iteration[60/159] total_loss: 2.490, reid_loss: 2.489, pc_loss: 0.002, Acc: 0.978, Base Lr: 2.21e-04
2026-04-28 10:06:48,088 PAT.train INFO:   [grad_norm pre-clip: 3.704 / clip_max: 1.0]
2026-04-28 10:06:48,088 PAT.train INFO: Epoch[50] Iteration[120/159] total_loss: 2.514, reid_loss: 2.510, pc_loss: 0.004, Acc: 0.977, Base Lr: 2.21e-04
2026-04-28 10:07:04,959 PAT.train INFO: Epoch 50 done. Time per batch: 0.473[s] Speed: 135.2[samples/s]
2026-04-28 10:07:04,961 PAT.test INFO: Enter inferencing
2026-04-28 10:07:17,034 PAT.test INFO: Validation Results 
2026-04-28 10:07:17,034 PAT.test INFO: mAP: 100.0%
2026-04-28 10:07:17,035 PAT.test INFO: CMC curve, Rank-1  :100.0%
2026-04-28 10:07:17,035 PAT.test INFO: CMC curve, Rank-5  :100.0%
2026-04-28 10:07:17,035 PAT.test INFO: CMC curve, Rank-10 :100.0%
2026-04-28 10:07:17,035 PAT.test INFO: total inference time: 12.07
2026-04-28 10:07:48,627 PAT.train INFO:   [grad_norm pre-clip: 2.790 / clip_max: 1.0]
2026-04-28 10:07:48,628 PAT.train INFO: Epoch[51] Iteration[60/159] total_loss: 2.474, reid_loss: 2.469, pc_loss: 0.005, Acc: 0.982, Base Lr: 2.16e-04
2026-04-28 10:08:16,590 PAT.train INFO:   [grad_norm pre-clip: 3.121 / clip_max: 1.0]
2026-04-28 10:08:16,591 PAT.train INFO: Epoch[51] Iteration[120/159] total_loss: 2.491, reid_loss: 2.487, pc_loss: 0.003, Acc: 0.982, Base Lr: 2.16e-04
2026-04-28 10:08:33,896 PAT.train INFO: Epoch 51 done. Time per batch: 0.484[s] Speed: 132.2[samples/s]
2026-04-28 10:09:02,706 PAT.train INFO:   [grad_norm pre-clip: 3.212 / clip_max: 1.0]
2026-04-28 10:09:02,707 PAT.train INFO: Epoch[52] Iteration[60/159] total_loss: 2.477, reid_loss: 2.476, pc_loss: 0.001, Acc: 0.983, Base Lr: 2.12e-04
2026-04-28 10:09:30,438 PAT.train INFO:   [grad_norm pre-clip: 4.265 / clip_max: 1.0]
2026-04-28 10:09:30,439 PAT.train INFO: Epoch[52] Iteration[120/159] total_loss: 2.476, reid_loss: 2.475, pc_loss: 0.001, Acc: 0.984, Base Lr: 2.12e-04
2026-04-28 10:09:47,439 PAT.train INFO: Epoch 52 done. Time per batch: 0.470[s] Speed: 136.1[samples/s]
2026-04-28 10:10:16,757 PAT.train INFO:   [grad_norm pre-clip: 3.619 / clip_max: 1.0]
2026-04-28 10:10:16,758 PAT.train INFO: Epoch[53] Iteration[60/159] total_loss: 2.442, reid_loss: 2.440, pc_loss: 0.002, Acc: 0.985, Base Lr: 2.07e-04
2026-04-28 10:10:44,775 PAT.train INFO:   [grad_norm pre-clip: 4.378 / clip_max: 1.0]
2026-04-28 10:10:44,776 PAT.train INFO: Epoch[53] Iteration[120/159] total_loss: 2.451, reid_loss: 2.449, pc_loss: 0.002, Acc: 0.984, Base Lr: 2.07e-04
2026-04-28 10:11:02,392 PAT.train INFO: Epoch 53 done. Time per batch: 0.476[s] Speed: 134.4[samples/s]
2026-04-28 10:11:31,429 PAT.train INFO:   [grad_norm pre-clip: 4.355 / clip_max: 1.0]
2026-04-28 10:11:31,429 PAT.train INFO: Epoch[54] Iteration[60/159] total_loss: 2.446, reid_loss: 2.443, pc_loss: 0.003, Acc: 0.986, Base Lr: 2.03e-04
2026-04-28 10:11:59,021 PAT.train INFO:   [grad_norm pre-clip: 3.659 / clip_max: 1.0]
2026-04-28 10:11:59,022 PAT.train INFO: Epoch[54] Iteration[120/159] total_loss: 2.459, reid_loss: 2.457, pc_loss: 0.003, Acc: 0.986, Base Lr: 2.03e-04
2026-04-28 10:12:16,073 PAT.train INFO: Epoch 54 done. Time per batch: 0.468[s] Speed: 136.7[samples/s]
2026-04-28 10:12:44,878 PAT.train INFO:   [grad_norm pre-clip: 3.699 / clip_max: 1.0]
2026-04-28 10:12:44,878 PAT.train INFO: Epoch[55] Iteration[60/159] total_loss: 2.434, reid_loss: 2.433, pc_loss: 0.001, Acc: 0.985, Base Lr: 1.98e-04
2026-04-28 10:13:12,305 PAT.train INFO:   [grad_norm pre-clip: 3.129 / clip_max: 1.0]
2026-04-28 10:13:12,306 PAT.train INFO: Epoch[55] Iteration[120/159] total_loss: 2.438, reid_loss: 2.437, pc_loss: 0.001, Acc: 0.987, Base Lr: 1.98e-04
2026-04-28 10:13:29,349 PAT.train INFO: Epoch 55 done. Time per batch: 0.466[s] Speed: 137.5[samples/s]
2026-04-28 10:13:58,478 PAT.train INFO:   [grad_norm pre-clip: 5.062 / clip_max: 1.0]
2026-04-28 10:13:58,478 PAT.train INFO: Epoch[56] Iteration[60/159] total_loss: 2.436, reid_loss: 2.434, pc_loss: 0.001, Acc: 0.989, Base Lr: 1.94e-04
2026-04-28 10:14:26,300 PAT.train INFO:   [grad_norm pre-clip: 3.263 / clip_max: 1.0]
2026-04-28 10:14:26,300 PAT.train INFO: Epoch[56] Iteration[120/159] total_loss: 2.441, reid_loss: 2.440, pc_loss: 0.001, Acc: 0.987, Base Lr: 1.94e-04
2026-04-28 10:14:42,751 PAT.train INFO: Epoch 56 done. Time per batch: 0.469[s] Speed: 136.4[samples/s]
2026-04-28 10:15:11,862 PAT.train INFO:   [grad_norm pre-clip: 3.635 / clip_max: 1.0]
2026-04-28 10:15:11,862 PAT.train INFO: Epoch[57] Iteration[60/159] total_loss: 2.422, reid_loss: 2.421, pc_loss: 0.001, Acc: 0.984, Base Lr: 1.89e-04
2026-04-28 10:15:40,000 PAT.train INFO:   [grad_norm pre-clip: 3.294 / clip_max: 1.0]
2026-04-28 10:15:40,000 PAT.train INFO: Epoch[57] Iteration[120/159] total_loss: 2.428, reid_loss: 2.427, pc_loss: 0.001, Acc: 0.984, Base Lr: 1.89e-04
2026-04-28 10:15:57,489 PAT.train INFO: Epoch 57 done. Time per batch: 0.475[s] Speed: 134.8[samples/s]
2026-04-28 10:16:26,473 PAT.train INFO:   [grad_norm pre-clip: 3.978 / clip_max: 1.0]
2026-04-28 10:16:26,473 PAT.train INFO: Epoch[58] Iteration[60/159] total_loss: 2.418, reid_loss: 2.417, pc_loss: 0.001, Acc: 0.989, Base Lr: 1.84e-04
2026-04-28 10:16:54,454 PAT.train INFO:   [grad_norm pre-clip: 3.828 / clip_max: 1.0]
2026-04-28 10:16:54,454 PAT.train INFO: Epoch[58] Iteration[120/159] total_loss: 2.417, reid_loss: 2.416, pc_loss: 0.001, Acc: 0.989, Base Lr: 1.84e-04
2026-04-28 10:17:11,681 PAT.train INFO: Epoch 58 done. Time per batch: 0.471[s] Speed: 135.8[samples/s]
2026-04-28 10:17:40,150 PAT.train INFO:   [grad_norm pre-clip: 2.859 / clip_max: 1.0]
2026-04-28 10:17:40,150 PAT.train INFO: Epoch[59] Iteration[60/159] total_loss: 2.407, reid_loss: 2.403, pc_loss: 0.004, Acc: 0.985, Base Lr: 1.80e-04
2026-04-28 10:18:07,650 PAT.train INFO:   [grad_norm pre-clip: 3.777 / clip_max: 1.0]
2026-04-28 10:18:07,650 PAT.train INFO: Epoch[59] Iteration[120/159] total_loss: 2.410, reid_loss: 2.405, pc_loss: 0.005, Acc: 0.988, Base Lr: 1.80e-04
2026-04-28 10:18:24,339 PAT.train INFO: Epoch 59 done. Time per batch: 0.465[s] Speed: 137.7[samples/s]
2026-04-28 10:18:53,422 PAT.train INFO:   [grad_norm pre-clip: 3.923 / clip_max: 1.0]
2026-04-28 10:18:53,423 PAT.train INFO: Epoch[60] Iteration[60/159] total_loss: 2.384, reid_loss: 2.383, pc_loss: 0.001, Acc: 0.988, Base Lr: 1.75e-04
2026-04-28 10:19:20,832 PAT.train INFO:   [grad_norm pre-clip: 4.515 / clip_max: 1.0]
2026-04-28 10:19:20,832 PAT.train INFO: Epoch[60] Iteration[120/159] total_loss: 2.402, reid_loss: 2.400, pc_loss: 0.002, Acc: 0.990, Base Lr: 1.75e-04
2026-04-28 10:19:37,537 PAT.train INFO: Epoch 60 done. Time per batch: 0.468[s] Speed: 136.7[samples/s]
2026-04-28 10:19:37,538 PAT.test INFO: Enter inferencing
2026-04-28 10:19:49,868 PAT.test INFO: Validation Results 
2026-04-28 10:19:49,869 PAT.test INFO: mAP: 100.0%
2026-04-28 10:19:49,869 PAT.test INFO: CMC curve, Rank-1  :100.0%
2026-04-28 10:19:49,869 PAT.test INFO: CMC curve, Rank-5  :100.0%
2026-04-28 10:19:49,869 PAT.test INFO: CMC curve, Rank-10 :100.0%
2026-04-28 10:19:49,869 PAT.test INFO: total inference time: 12.32
using Transformer_type: part token vit as a backbone
using stride: [16, 16], and patch number is num_y16 * num_x8
using drop_out rate is : 0.0
using attn_drop_out rate is : 0.0
using drop_path rate is : 0.1
Resized position embedding from size:torch.Size([1, 197, 1024]) to size: torch.Size([1, 132, 1024]) with height:16 width: 8
Load 297 / 299 layers.
Loading pretrained ImageNet model......from /workspace/miuam_challenge_diff/pretrained/jx_vit_large_p16_224-4ee7a4dc.pth
/workspace/miuam_challenge_diff/.venv/lib/python3.10/site-packages/torch/nn/init.py:412: UserWarning: Initializing zero-element tensors is a no-op
  warnings.warn("Initializing zero-element tensors is a no-op")
camera-adversarial ON: classifier over 3 cams, GRL lambda=0.1
===========building our part attention vit===========
2026-04-28 10:19:58,619 PAT.train INFO: Number of parameter: 304.27M
Traceback (most recent call last):
  File "/workspace/miuam_challenge_diff/train.py", line 118, in <module>
    main()
  File "/workspace/miuam_challenge_diff/train.py", line 102, in main
    part_attention_vit_do_train_with_amp(
  File "/workspace/miuam_challenge_diff/processor/part_attention_vit_processor.py", line 280, in part_attention_vit_do_train_with_amp
    eval_model.load_param(load_path)
  File "/workspace/miuam_challenge_diff/model/make_model.py", line 370, in load_param
    param_dict = torch.load(trained_path)
  File "/workspace/miuam_challenge_diff/.venv/lib/python3.10/site-packages/torch/serialization.py", line 986, in load
    with _open_file_like(f, 'rb') as opened_file:
  File "/workspace/miuam_challenge_diff/.venv/lib/python3.10/site-packages/torch/serialization.py", line 435, in _open_file_like
    return _open_file(name_or_buffer, mode)
  File "/workspace/miuam_challenge_diff/.venv/lib/python3.10/site-packages/torch/serialization.py", line 416, in __init__
    super().__init__(open(name, mode))
FileNotFoundError: [Errno 2] No such file or directory: 'models/./model_vitlarge_camadv_seed600/part_attention_vit_10.pth'
