2026-05-02 18:27:31,854 PAT INFO: Saving model to: models/./model_vitlarge_camadv_lambda03_seed1400
2026-05-02 18:27:31,854 PAT INFO: Namespace(config_file='config/UrbanElementsReID_train_camadv_lambda03.yml', opts=[], local_rank=0)
2026-05-02 18:27:31,854 PAT INFO: Loaded configuration file config/UrbanElementsReID_train_camadv_lambda03.yml
2026-05-02 18:27:31,854 PAT INFO: 
MODEL:
  PRETRAIN_CHOICE: 'imagenet'
  PRETRAIN_PATH: '/workspace/miuam_challenge_diff/pretrained'
  IF_LABELSMOOTH: 'on'
  IF_WITH_CENTER: 'no'
  NAME: 'part_attention_vit'
  NO_MARGIN: True
  DEVICE_ID: ('0')
  TRANSFORMER_TYPE: 'vit_large_patch16_224_TransReID'
  STRIDE_SIZE: [16, 16]
  CAM_ADV: True
  NUM_CAMERAS: 3
  CAM_ADV_LAMBDA: 0.3
  CAM_ADV_WEIGHT: 1.0

INPUT:
  SIZE_TRAIN: [256, 128]
  SIZE_TEST: [256, 128]
  REA:
    ENABLED: False
  PIXEL_MEAN: [0.5, 0.5, 0.5]
  PIXEL_STD: [0.5, 0.5, 0.5]
  LGT:
    DO_LGT: True
    PROB: 0.5

DATASETS:
  TRAIN: ('UrbanElementsReID',)
  TEST: ('UrbanElementsReID_test',)
  ROOT_DIR: '/workspace/Urban2026/'

DATALOADER:
  SAMPLER: 'softmax_triplet'
  NUM_INSTANCE: 4
  NUM_WORKERS: 8

SOLVER:
  OPTIMIZER_NAME: 'Adam'
  MAX_EPOCHS: 60
  BASE_LR: 0.00035
  WARMUP_METHOD: 'linear'
  WARMUP_EPOCHS: 10
  WARMUP_FACTOR: 0.01
  IMS_PER_BATCH: 64
  LARGE_FC_LR: False
  CHECKPOINT_PERIOD: 10
  LOG_PERIOD: 60
  EVAL_PERIOD: 10
  WEIGHT_DECAY: 1e-4
  WEIGHT_DECAY_BIAS: 1e-4
  BIAS_LR_FACTOR: 2
  SEED: 1400
  GRAD_CLIP: 2.0

TEST:
  EVAL: True
  IMS_PER_BATCH: 64
  RE_RANKING: False
  WEIGHT: ''
  NECK_FEAT: 'before'
  FEAT_NORM: True

LOG_ROOT: 'models/'
TB_LOG_ROOT: './tb_log/'
LOG_NAME: './model_vitlarge_camadv_lambda03_seed1400'

2026-05-02 18:27:31,855 PAT INFO: Running with config:
DATALOADER:
  CAMERA_TO_DOMAIN: False
  DELETE_REM: False
  DROP_LAST: False
  INDIVIDUAL: False
  NAIVE_WAY: True
  NUM_INSTANCE: 4
  NUM_WORKERS: 8
  SAMPLER: softmax_triplet
DATASETS:
  COMBINEALL: False
  ROOT_DIR: /workspace/Urban2026/
  TEST: ('UrbanElementsReID_test',)
  TRAIN: ('UrbanElementsReID',)
INPUT:
  CJ:
    BRIGHTNESS: 0.15
    CONTRAST: 0.15
    ENABLED: False
    HUE: 0.1
    PROB: 1.0
    SATURATION: 0.1
  DO_AUGMIX: False
  DO_AUTOAUG: False
  DO_FLIP: True
  DO_PAD: True
  FLIP_PROB: 0.5
  LGT:
    DO_LGT: True
    PROB: 0.5
  PADDING: 10
  PADDING_MODE: constant
  PERSPECTIVE:
    DISTORTION: 0.2
    ENABLED: False
    PROB: 0.5
  PIXEL_MEAN: [0.5, 0.5, 0.5]
  PIXEL_STD: [0.5, 0.5, 0.5]
  REA:
    ENABLED: False
    MEAN: [123.675, 116.28, 103.53]
    PROB: 0.5
  ROTATION:
    DEGREES: 10
    ENABLED: False
    PROB: 0.5
  RPT:
    ENABLED: False
    PROB: 0.5
  SIZE_TEST: [256, 128]
  SIZE_TRAIN: [256, 128]
LOG_NAME: ./model_vitlarge_camadv_lambda03_seed1400
LOG_ROOT: models/
MODEL:
  ARCFACE_M: 0.5
  ARCFACE_S: 64.0
  ATT_DROP_RATE: 0.0
  AUX_LOSS_WEIGHT: 0.1
  CAM_ADV: True
  CAM_ADV_LAMBDA: 0.3
  CAM_ADV_WEIGHT: 1.0
  CIRCLE_GAMMA: 256.0
  CIRCLE_MARGIN: 0.25
  CLUSTER_K: 10
  COS_LAYER: False
  DEEP_SUP: False
  DEVICE: cuda
  DEVICE_ID: 0
  DIST_TRAIN: False
  DROP_OUT: 0.0
  DROP_PATH: 0.1
  FINETUNE_FROM: 
  FREEZE_PATCH_EMBED: True
  ID_LOSS_TYPE: softmax
  ID_LOSS_WEIGHT: 1.0
  IF_LABELSMOOTH: on
  IF_WITH_CENTER: no
  LAST_STRIDE: 1
  METRIC_LOSS_TYPE: triplet
  NAME: part_attention_vit
  NECK: bnneck
  NO_MARGIN: True
  NUM_AUX_LAYERS: 5
  NUM_CAMERAS: 3
  PATCH_EMBED_TYPE: 
  PC_LOSS: True
  PC_LR: 1.0
  PC_SCALE: 0.02
  PRETRAIN_CHOICE: imagenet
  PRETRAIN_PATH: /workspace/miuam_challenge_diff/pretrained
  SOFT_LABEL: True
  SOFT_LAMBDA: 0.5
  SOFT_WEIGHT: 0.5
  STRIDE_SIZE: [16, 16]
  TRANSFORMER_TYPE: vit_large_patch16_224_TransReID
  TRIPLET_LOSS_WEIGHT: 1.0
SOLVER:
  BASE_LR: 0.00035
  BIAS_LR_FACTOR: 2
  CENTER_LOSS_WEIGHT: 0.0005
  CENTER_LR: 0.5
  CHECKPOINT_PERIOD: 10
  COSINE_MARGIN: 0.5
  COSINE_SCALE: 30
  EMA_DECAY: 0.0
  EVAL_PERIOD: 10
  GAMMA: 0.1
  GRAD_CLIP: 2.0
  IMS_PER_BATCH: 64
  LARGE_FC_LR: False
  LOG_PERIOD: 60
  MARGIN: 0.3
  MAX_EPOCHS: 60
  MOMENTUM: 0.9
  OPTIMIZER_NAME: Adam
  SEED: 1400
  STEPS: (40, 70)
  WARMUP_EPOCHS: 10
  WARMUP_FACTOR: 0.01
  WARMUP_METHOD: linear
  WEIGHT_DECAY: 0.0001
  WEIGHT_DECAY_BIAS: 0.0001
TB_LOG_ROOT: ./tb_log/
TEST:
  DIST_MAT: dist_mat.npy
  EVAL: True
  FEAT_NORM: True
  IMS_PER_BATCH: 64
  NECK_FEAT: before
  RE_RANKING: False
  WEIGHT: 
2026-05-02 18:27:31,921 PAT INFO: => Loaded UrbanElementsReID
2026-05-02 18:27:31,921 PAT INFO:   ----------------------------------------
2026-05-02 18:27:31,921 PAT INFO:   subset   | # ids | # images | # cameras
2026-05-02 18:27:31,921 PAT INFO:   ----------------------------------------
2026-05-02 18:27:31,921 PAT INFO:   train    |  1088 |    11175 |         3
2026-05-02 18:27:31,921 PAT INFO:   ----------------------------------------
2026-05-02 18:27:31,999 PAT INFO: => Loaded UrbanElementsReID_test
2026-05-02 18:27:31,999 PAT INFO:   ----------------------------------------
2026-05-02 18:27:31,999 PAT INFO:   subset   | # ids | # images | # cameras
2026-05-02 18:27:31,999 PAT INFO:   ----------------------------------------
2026-05-02 18:27:31,999 PAT INFO:   query    |     1 |      928 |         1
2026-05-02 18:27:31,999 PAT INFO:   gallery  |     1 |     2844 |         3
2026-05-02 18:27:31,999 PAT INFO:   ----------------------------------------
using Transformer_type: part token vit as a backbone
using stride: [16, 16], and patch number is num_y16 * num_x8
using drop_out rate is : 0.0
using attn_drop_out rate is : 0.0
using drop_path rate is : 0.1
Resized position embedding from size:torch.Size([1, 197, 1024]) to size: torch.Size([1, 132, 1024]) with height:16 width: 8
Load 297 / 299 layers.
Loading pretrained ImageNet model......from /workspace/miuam_challenge_diff/pretrained/jx_vit_large_p16_224-4ee7a4dc.pth
camera-adversarial ON: classifier over 3 cams, GRL lambda=0.3
===========building our part attention vit===========
2026-05-02 18:27:39,977 PAT.train INFO: Number of parameter: 305.38M
====== freeze patch_embed for stability ======
using soft triplet loss for training
label smooth on, numclasses: 1088
======== using soft label ========
2026-05-02 18:27:40,271 PAT.train INFO: start training
saving tblog to ./tb_log/./model_vitlarge_camadv_lambda03_seed1400
initialize the centers
initialization done
/workspace/miuam_challenge_diff/loss/myloss.py:29: UserWarning: This overload of addmm_ is deprecated:
	addmm_(Number beta, Number alpha, Tensor mat1, Tensor mat2)
Consider using one of the following signatures instead:
	addmm_(Tensor mat1, Tensor mat2, *, Number beta, Number alpha) (Triggered internally at ../torch/csrc/utils/python_arg_parser.cpp:1519.)
  dist_map.addmm_(1, -2, part_feat, part_centers.t())
2026-05-02 18:28:48,892 PAT.train INFO:   [grad_norm pre-clip: 9.662 / clip_max: 2.0]
2026-05-02 18:28:48,892 PAT.train INFO: Epoch[1] Iteration[60/159] total_loss: 10.011, reid_loss: 9.527, pc_loss: 0.484, Acc: 0.016, Base Lr: 3.81e-05
2026-05-02 18:29:16,614 PAT.train INFO:   [grad_norm pre-clip: 8.019 / clip_max: 2.0]
2026-05-02 18:29:16,614 PAT.train INFO: Epoch[1] Iteration[120/159] total_loss: 9.589, reid_loss: 9.175, pc_loss: 0.414, Acc: 0.046, Base Lr: 3.81e-05
2026-05-02 18:29:35,591 PAT.train INFO: Epoch 1 done. Time per batch: 0.480[s] Speed: 133.4[samples/s]
2026-05-02 18:30:09,431 PAT.train INFO:   [grad_norm pre-clip: 7.856 / clip_max: 2.0]
2026-05-02 18:30:09,431 PAT.train INFO: Epoch[2] Iteration[60/159] total_loss: 8.329, reid_loss: 8.236, pc_loss: 0.093, Acc: 0.122, Base Lr: 7.28e-05
2026-05-02 18:30:37,068 PAT.train INFO:   [grad_norm pre-clip: 7.697 / clip_max: 2.0]
2026-05-02 18:30:37,068 PAT.train INFO: Epoch[2] Iteration[120/159] total_loss: 8.212, reid_loss: 8.138, pc_loss: 0.075, Acc: 0.109, Base Lr: 7.28e-05
2026-05-02 18:30:54,470 PAT.train INFO: Epoch 2 done. Time per batch: 0.501[s] Speed: 127.7[samples/s]
2026-05-02 18:31:27,996 PAT.train INFO:   [grad_norm pre-clip: 7.486 / clip_max: 2.0]
2026-05-02 18:31:27,996 PAT.train INFO: Epoch[3] Iteration[60/159] total_loss: 7.401, reid_loss: 7.383, pc_loss: 0.018, Acc: 0.119, Base Lr: 1.07e-04
2026-05-02 18:31:57,413 PAT.train INFO:   [grad_norm pre-clip: 7.786 / clip_max: 2.0]
2026-05-02 18:31:57,414 PAT.train INFO: Epoch[3] Iteration[120/159] total_loss: 7.178, reid_loss: 7.165, pc_loss: 0.013, Acc: 0.123, Base Lr: 1.07e-04
2026-05-02 18:32:14,923 PAT.train INFO: Epoch 3 done. Time per batch: 0.511[s] Speed: 125.2[samples/s]
2026-05-02 18:32:43,807 PAT.train INFO:   [grad_norm pre-clip: 7.711 / clip_max: 2.0]
2026-05-02 18:32:43,808 PAT.train INFO: Epoch[4] Iteration[60/159] total_loss: 6.436, reid_loss: 6.429, pc_loss: 0.006, Acc: 0.160, Base Lr: 1.42e-04
2026-05-02 18:33:11,240 PAT.train INFO:   [grad_norm pre-clip: 7.858 / clip_max: 2.0]
2026-05-02 18:33:11,240 PAT.train INFO: Epoch[4] Iteration[120/159] total_loss: 6.235, reid_loss: 6.230, pc_loss: 0.005, Acc: 0.192, Base Lr: 1.42e-04
2026-05-02 18:33:29,142 PAT.train INFO: Epoch 4 done. Time per batch: 0.472[s] Speed: 135.7[samples/s]
2026-05-02 18:33:57,369 PAT.train INFO:   [grad_norm pre-clip: 8.480 / clip_max: 2.0]
2026-05-02 18:33:57,369 PAT.train INFO: Epoch[5] Iteration[60/159] total_loss: 6.032, reid_loss: 6.003, pc_loss: 0.029, Acc: 0.221, Base Lr: 1.77e-04
2026-05-02 18:34:25,286 PAT.train INFO:   [grad_norm pre-clip: 7.435 / clip_max: 2.0]
2026-05-02 18:34:25,286 PAT.train INFO: Epoch[5] Iteration[120/159] total_loss: 5.632, reid_loss: 5.613, pc_loss: 0.018, Acc: 0.279, Base Lr: 1.77e-04
2026-05-02 18:34:42,451 PAT.train INFO: Epoch 5 done. Time per batch: 0.466[s] Speed: 137.4[samples/s]
2026-05-02 18:35:11,187 PAT.train INFO:   [grad_norm pre-clip: 7.916 / clip_max: 2.0]
2026-05-02 18:35:11,187 PAT.train INFO: Epoch[6] Iteration[60/159] total_loss: 5.118, reid_loss: 5.072, pc_loss: 0.047, Acc: 0.313, Base Lr: 2.11e-04
2026-05-02 18:35:38,983 PAT.train INFO:   [grad_norm pre-clip: 7.337 / clip_max: 2.0]
2026-05-02 18:35:38,984 PAT.train INFO: Epoch[6] Iteration[120/159] total_loss: 4.912, reid_loss: 4.885, pc_loss: 0.026, Acc: 0.372, Base Lr: 2.11e-04
2026-05-02 18:35:55,871 PAT.train INFO: Epoch 6 done. Time per batch: 0.470[s] Speed: 136.3[samples/s]
2026-05-02 18:36:26,089 PAT.train INFO:   [grad_norm pre-clip: 7.056 / clip_max: 2.0]
2026-05-02 18:36:26,089 PAT.train INFO: Epoch[7] Iteration[60/159] total_loss: 4.554, reid_loss: 4.539, pc_loss: 0.015, Acc: 0.413, Base Lr: 2.46e-04
2026-05-02 18:36:54,205 PAT.train INFO:   [grad_norm pre-clip: 6.633 / clip_max: 2.0]
2026-05-02 18:36:54,206 PAT.train INFO: Epoch[7] Iteration[120/159] total_loss: 4.429, reid_loss: 4.421, pc_loss: 0.009, Acc: 0.462, Base Lr: 2.46e-04
2026-05-02 18:37:11,777 PAT.train INFO: Epoch 7 done. Time per batch: 0.480[s] Speed: 133.4[samples/s]
2026-05-02 18:37:43,503 PAT.train INFO:   [grad_norm pre-clip: 6.675 / clip_max: 2.0]
2026-05-02 18:37:43,503 PAT.train INFO: Epoch[8] Iteration[60/159] total_loss: 4.260, reid_loss: 4.224, pc_loss: 0.036, Acc: 0.523, Base Lr: 2.81e-04
2026-05-02 18:38:11,465 PAT.train INFO:   [grad_norm pre-clip: 7.153 / clip_max: 2.0]
2026-05-02 18:38:11,466 PAT.train INFO: Epoch[8] Iteration[120/159] total_loss: 4.165, reid_loss: 4.131, pc_loss: 0.034, Acc: 0.543, Base Lr: 2.81e-04
2026-05-02 18:38:28,412 PAT.train INFO: Epoch 8 done. Time per batch: 0.478[s] Speed: 133.9[samples/s]
2026-05-02 18:39:01,161 PAT.train INFO:   [grad_norm pre-clip: 6.714 / clip_max: 2.0]
2026-05-02 18:39:01,161 PAT.train INFO: Epoch[9] Iteration[60/159] total_loss: 3.997, reid_loss: 3.932, pc_loss: 0.064, Acc: 0.583, Base Lr: 3.15e-04
2026-05-02 18:39:29,310 PAT.train INFO:   [grad_norm pre-clip: 5.797 / clip_max: 2.0]
2026-05-02 18:39:29,311 PAT.train INFO: Epoch[9] Iteration[120/159] total_loss: 3.958, reid_loss: 3.878, pc_loss: 0.080, Acc: 0.598, Base Lr: 3.15e-04
2026-05-02 18:39:46,827 PAT.train INFO: Epoch 9 done. Time per batch: 0.482[s] Speed: 132.8[samples/s]
2026-05-02 18:40:18,148 PAT.train INFO:   [grad_norm pre-clip: 6.739 / clip_max: 2.0]
2026-05-02 18:40:18,149 PAT.train INFO: Epoch[10] Iteration[60/159] total_loss: 3.763, reid_loss: 3.686, pc_loss: 0.077, Acc: 0.660, Base Lr: 3.44e-04
2026-05-02 18:40:46,222 PAT.train INFO:   [grad_norm pre-clip: 6.127 / clip_max: 2.0]
2026-05-02 18:40:46,223 PAT.train INFO: Epoch[10] Iteration[120/159] total_loss: 3.763, reid_loss: 3.715, pc_loss: 0.048, Acc: 0.657, Base Lr: 3.44e-04
2026-05-02 18:41:03,607 PAT.train INFO: Epoch 10 done. Time per batch: 0.478[s] Speed: 133.8[samples/s]
2026-05-02 18:41:03,609 PAT.test INFO: Enter inferencing
2026-05-02 18:41:18,566 PAT.test INFO: Validation Results 
2026-05-02 18:41:18,566 PAT.test INFO: mAP: 100.0%
2026-05-02 18:41:18,566 PAT.test INFO: CMC curve, Rank-1  :100.0%
2026-05-02 18:41:18,566 PAT.test INFO: CMC curve, Rank-5  :100.0%
2026-05-02 18:41:18,566 PAT.test INFO: CMC curve, Rank-10 :100.0%
2026-05-02 18:41:18,566 PAT.test INFO: total inference time: 14.95
2026-05-02 18:41:18,573 PAT.train INFO: =====best epoch: 10=====
2026-05-02 18:41:52,127 PAT.train INFO:   [grad_norm pre-clip: 7.702 / clip_max: 2.0]
2026-05-02 18:41:52,127 PAT.train INFO: Epoch[11] Iteration[60/159] total_loss: 3.745, reid_loss: 3.718, pc_loss: 0.027, Acc: 0.677, Base Lr: 3.43e-04
2026-05-02 18:42:20,133 PAT.train INFO:   [grad_norm pre-clip: 14.398 / clip_max: 2.0]
2026-05-02 18:42:20,134 PAT.train INFO: Epoch[11] Iteration[120/159] total_loss: 3.975, reid_loss: 3.949, pc_loss: 0.026, Acc: 0.654, Base Lr: 3.43e-04
2026-05-02 18:42:37,857 PAT.train INFO: Epoch 11 done. Time per batch: 0.501[s] Speed: 127.8[samples/s]
2026-05-02 18:43:06,875 PAT.train INFO:   [grad_norm pre-clip: 7.358 / clip_max: 2.0]
2026-05-02 18:43:06,877 PAT.train INFO: Epoch[12] Iteration[60/159] total_loss: 3.940, reid_loss: 3.915, pc_loss: 0.024, Acc: 0.655, Base Lr: 3.41e-04
2026-05-02 18:43:34,773 PAT.train INFO:   [grad_norm pre-clip: 6.671 / clip_max: 2.0]
2026-05-02 18:43:34,773 PAT.train INFO: Epoch[12] Iteration[120/159] total_loss: 4.068, reid_loss: 4.051, pc_loss: 0.017, Acc: 0.671, Base Lr: 3.41e-04
2026-05-02 18:43:52,535 PAT.train INFO: Epoch 12 done. Time per batch: 0.474[s] Speed: 134.9[samples/s]
2026-05-02 18:44:21,241 PAT.train INFO:   [grad_norm pre-clip: 7.340 / clip_max: 2.0]
2026-05-02 18:44:21,242 PAT.train INFO: Epoch[13] Iteration[60/159] total_loss: 3.792, reid_loss: 3.747, pc_loss: 0.045, Acc: 0.690, Base Lr: 3.40e-04
2026-05-02 18:44:49,135 PAT.train INFO:   [grad_norm pre-clip: 6.195 / clip_max: 2.0]
2026-05-02 18:44:49,135 PAT.train INFO: Epoch[13] Iteration[120/159] total_loss: 3.851, reid_loss: 3.799, pc_loss: 0.052, Acc: 0.695, Base Lr: 3.40e-04
2026-05-02 18:45:06,143 PAT.train INFO: Epoch 13 done. Time per batch: 0.468[s] Speed: 136.8[samples/s]
2026-05-02 18:45:38,190 PAT.train INFO:   [grad_norm pre-clip: 6.202 / clip_max: 2.0]
2026-05-02 18:45:38,191 PAT.train INFO: Epoch[14] Iteration[60/159] total_loss: 3.387, reid_loss: 3.346, pc_loss: 0.041, Acc: 0.779, Base Lr: 3.38e-04
2026-05-02 18:46:06,268 PAT.train INFO:   [grad_norm pre-clip: 5.731 / clip_max: 2.0]
2026-05-02 18:46:06,269 PAT.train INFO: Epoch[14] Iteration[120/159] total_loss: 3.429, reid_loss: 3.376, pc_loss: 0.053, Acc: 0.774, Base Lr: 3.38e-04
2026-05-02 18:46:23,015 PAT.train INFO: Epoch 14 done. Time per batch: 0.475[s] Speed: 134.8[samples/s]
2026-05-02 18:46:54,759 PAT.train INFO:   [grad_norm pre-clip: 6.140 / clip_max: 2.0]
2026-05-02 18:46:54,760 PAT.train INFO: Epoch[15] Iteration[60/159] total_loss: 3.251, reid_loss: 3.234, pc_loss: 0.017, Acc: 0.807, Base Lr: 3.37e-04
2026-05-02 18:47:22,449 PAT.train INFO:   [grad_norm pre-clip: 5.946 / clip_max: 2.0]
2026-05-02 18:47:22,450 PAT.train INFO: Epoch[15] Iteration[120/159] total_loss: 3.324, reid_loss: 3.301, pc_loss: 0.023, Acc: 0.806, Base Lr: 3.37e-04
2026-05-02 18:47:39,978 PAT.train INFO: Epoch 15 done. Time per batch: 0.475[s] Speed: 134.9[samples/s]
2026-05-02 18:48:08,158 PAT.train INFO:   [grad_norm pre-clip: 5.740 / clip_max: 2.0]
2026-05-02 18:48:08,159 PAT.train INFO: Epoch[16] Iteration[60/159] total_loss: 3.216, reid_loss: 3.192, pc_loss: 0.024, Acc: 0.830, Base Lr: 3.35e-04
2026-05-02 18:48:36,072 PAT.train INFO:   [grad_norm pre-clip: 5.902 / clip_max: 2.0]
2026-05-02 18:48:36,072 PAT.train INFO: Epoch[16] Iteration[120/159] total_loss: 3.192, reid_loss: 3.163, pc_loss: 0.029, Acc: 0.839, Base Lr: 3.35e-04
2026-05-02 18:48:52,923 PAT.train INFO: Epoch 16 done. Time per batch: 0.466[s] Speed: 137.2[samples/s]
2026-05-02 18:49:27,696 PAT.train INFO:   [grad_norm pre-clip: 5.346 / clip_max: 2.0]
2026-05-02 18:49:27,697 PAT.train INFO: Epoch[17] Iteration[60/159] total_loss: 3.146, reid_loss: 3.123, pc_loss: 0.023, Acc: 0.855, Base Lr: 3.33e-04
2026-05-02 18:49:55,123 PAT.train INFO:   [grad_norm pre-clip: 4.340 / clip_max: 2.0]
2026-05-02 18:49:55,123 PAT.train INFO: Epoch[17] Iteration[120/159] total_loss: 3.170, reid_loss: 3.142, pc_loss: 0.028, Acc: 0.848, Base Lr: 3.33e-04
2026-05-02 18:50:11,411 PAT.train INFO: Epoch 17 done. Time per batch: 0.472[s] Speed: 135.7[samples/s]
2026-05-02 18:50:39,779 PAT.train INFO:   [grad_norm pre-clip: 5.162 / clip_max: 2.0]
2026-05-02 18:50:39,780 PAT.train INFO: Epoch[18] Iteration[60/159] total_loss: 3.113, reid_loss: 3.095, pc_loss: 0.018, Acc: 0.857, Base Lr: 3.31e-04
2026-05-02 18:51:06,203 PAT.train INFO:   [grad_norm pre-clip: 5.083 / clip_max: 2.0]
2026-05-02 18:51:06,203 PAT.train INFO: Epoch[18] Iteration[120/159] total_loss: 3.097, reid_loss: 3.079, pc_loss: 0.019, Acc: 0.861, Base Lr: 3.31e-04
2026-05-02 18:51:22,823 PAT.train INFO: Epoch 18 done. Time per batch: 0.457[s] Speed: 140.2[samples/s]
2026-05-02 18:51:52,643 PAT.train INFO:   [grad_norm pre-clip: 6.289 / clip_max: 2.0]
2026-05-02 18:51:52,644 PAT.train INFO: Epoch[19] Iteration[60/159] total_loss: 3.030, reid_loss: 3.005, pc_loss: 0.026, Acc: 0.878, Base Lr: 3.29e-04
2026-05-02 18:52:20,367 PAT.train INFO:   [grad_norm pre-clip: 6.074 / clip_max: 2.0]
2026-05-02 18:52:20,368 PAT.train INFO: Epoch[19] Iteration[120/159] total_loss: 3.056, reid_loss: 3.033, pc_loss: 0.023, Acc: 0.880, Base Lr: 3.29e-04
2026-05-02 18:52:36,932 PAT.train INFO: Epoch 19 done. Time per batch: 0.465[s] Speed: 137.5[samples/s]
2026-05-02 18:53:07,379 PAT.train INFO:   [grad_norm pre-clip: 5.860 / clip_max: 2.0]
2026-05-02 18:53:07,379 PAT.train INFO: Epoch[20] Iteration[60/159] total_loss: 3.047, reid_loss: 3.019, pc_loss: 0.028, Acc: 0.881, Base Lr: 3.27e-04
2026-05-02 18:53:34,671 PAT.train INFO:   [grad_norm pre-clip: 5.045 / clip_max: 2.0]
2026-05-02 18:53:34,671 PAT.train INFO: Epoch[20] Iteration[120/159] total_loss: 3.027, reid_loss: 3.003, pc_loss: 0.025, Acc: 0.888, Base Lr: 3.27e-04
2026-05-02 18:53:51,654 PAT.train INFO: Epoch 20 done. Time per batch: 0.475[s] Speed: 134.8[samples/s]
2026-05-02 18:53:51,655 PAT.test INFO: Enter inferencing
2026-05-02 18:54:03,668 PAT.test INFO: Validation Results 
2026-05-02 18:54:03,669 PAT.test INFO: mAP: 100.0%
2026-05-02 18:54:03,669 PAT.test INFO: CMC curve, Rank-1  :100.0%
2026-05-02 18:54:03,669 PAT.test INFO: CMC curve, Rank-5  :100.0%
2026-05-02 18:54:03,669 PAT.test INFO: CMC curve, Rank-10 :100.0%
2026-05-02 18:54:03,669 PAT.test INFO: total inference time: 12.01
2026-05-02 18:54:33,317 PAT.train INFO:   [grad_norm pre-clip: 4.203 / clip_max: 2.0]
2026-05-02 18:54:33,318 PAT.train INFO: Epoch[21] Iteration[60/159] total_loss: 2.963, reid_loss: 2.943, pc_loss: 0.020, Acc: 0.893, Base Lr: 3.24e-04
2026-05-02 18:55:01,751 PAT.train INFO:   [grad_norm pre-clip: 5.320 / clip_max: 2.0]
2026-05-02 18:55:01,752 PAT.train INFO: Epoch[21] Iteration[120/159] total_loss: 2.965, reid_loss: 2.930, pc_loss: 0.034, Acc: 0.899, Base Lr: 3.24e-04
2026-05-02 18:55:19,288 PAT.train INFO: Epoch 21 done. Time per batch: 0.476[s] Speed: 134.3[samples/s]
2026-05-02 18:55:47,566 PAT.train INFO:   [grad_norm pre-clip: 4.662 / clip_max: 2.0]
2026-05-02 18:55:47,567 PAT.train INFO: Epoch[22] Iteration[60/159] total_loss: 2.907, reid_loss: 2.890, pc_loss: 0.017, Acc: 0.914, Base Lr: 3.22e-04
2026-05-02 18:56:15,510 PAT.train INFO:   [grad_norm pre-clip: 5.008 / clip_max: 2.0]
2026-05-02 18:56:15,511 PAT.train INFO: Epoch[22] Iteration[120/159] total_loss: 2.939, reid_loss: 2.920, pc_loss: 0.019, Acc: 0.905, Base Lr: 3.22e-04
2026-05-02 18:56:32,822 PAT.train INFO: Epoch 22 done. Time per batch: 0.467[s] Speed: 137.0[samples/s]
2026-05-02 18:57:02,696 PAT.train INFO:   [grad_norm pre-clip: 5.183 / clip_max: 2.0]
2026-05-02 18:57:02,697 PAT.train INFO: Epoch[23] Iteration[60/159] total_loss: 2.865, reid_loss: 2.852, pc_loss: 0.013, Acc: 0.921, Base Lr: 3.19e-04
2026-05-02 18:57:30,311 PAT.train INFO:   [grad_norm pre-clip: 5.237 / clip_max: 2.0]
2026-05-02 18:57:30,311 PAT.train INFO: Epoch[23] Iteration[120/159] total_loss: 2.904, reid_loss: 2.880, pc_loss: 0.024, Acc: 0.916, Base Lr: 3.19e-04
2026-05-02 18:57:47,389 PAT.train INFO: Epoch 23 done. Time per batch: 0.469[s] Speed: 136.5[samples/s]
2026-05-02 18:58:18,216 PAT.train INFO:   [grad_norm pre-clip: 4.430 / clip_max: 2.0]
2026-05-02 18:58:18,217 PAT.train INFO: Epoch[24] Iteration[60/159] total_loss: 2.820, reid_loss: 2.809, pc_loss: 0.012, Acc: 0.920, Base Lr: 3.17e-04
2026-05-02 18:58:45,873 PAT.train INFO:   [grad_norm pre-clip: 4.972 / clip_max: 2.0]
2026-05-02 18:58:45,873 PAT.train INFO: Epoch[24] Iteration[120/159] total_loss: 2.839, reid_loss: 2.831, pc_loss: 0.008, Acc: 0.921, Base Lr: 3.17e-04
2026-05-02 18:59:02,710 PAT.train INFO: Epoch 24 done. Time per batch: 0.482[s] Speed: 132.9[samples/s]
2026-05-02 18:59:32,755 PAT.train INFO:   [grad_norm pre-clip: 5.473 / clip_max: 2.0]
2026-05-02 18:59:32,755 PAT.train INFO: Epoch[25] Iteration[60/159] total_loss: 2.809, reid_loss: 2.808, pc_loss: 0.002, Acc: 0.936, Base Lr: 3.14e-04
2026-05-02 19:00:00,571 PAT.train INFO:   [grad_norm pre-clip: 4.454 / clip_max: 2.0]
2026-05-02 19:00:00,572 PAT.train INFO: Epoch[25] Iteration[120/159] total_loss: 2.802, reid_loss: 2.801, pc_loss: 0.001, Acc: 0.931, Base Lr: 3.14e-04
2026-05-02 19:00:18,582 PAT.train INFO: Epoch 25 done. Time per batch: 0.482[s] Speed: 132.8[samples/s]
2026-05-02 19:00:48,228 PAT.train INFO:   [grad_norm pre-clip: 4.816 / clip_max: 2.0]
2026-05-02 19:00:48,229 PAT.train INFO: Epoch[26] Iteration[60/159] total_loss: 2.736, reid_loss: 2.734, pc_loss: 0.002, Acc: 0.940, Base Lr: 3.11e-04
2026-05-02 19:01:16,899 PAT.train INFO:   [grad_norm pre-clip: 4.857 / clip_max: 2.0]
2026-05-02 19:01:16,900 PAT.train INFO: Epoch[26] Iteration[120/159] total_loss: 2.760, reid_loss: 2.757, pc_loss: 0.002, Acc: 0.933, Base Lr: 3.11e-04
2026-05-02 19:01:34,577 PAT.train INFO: Epoch 26 done. Time per batch: 0.483[s] Speed: 132.5[samples/s]
2026-05-02 19:02:03,357 PAT.train INFO:   [grad_norm pre-clip: 4.559 / clip_max: 2.0]
2026-05-02 19:02:03,358 PAT.train INFO: Epoch[27] Iteration[60/159] total_loss: 2.795, reid_loss: 2.791, pc_loss: 0.003, Acc: 0.936, Base Lr: 3.08e-04
2026-05-02 19:02:30,956 PAT.train INFO:   [grad_norm pre-clip: 4.786 / clip_max: 2.0]
2026-05-02 19:02:30,956 PAT.train INFO: Epoch[27] Iteration[120/159] total_loss: 2.765, reid_loss: 2.762, pc_loss: 0.003, Acc: 0.941, Base Lr: 3.08e-04
2026-05-02 19:02:47,579 PAT.train INFO: Epoch 27 done. Time per batch: 0.467[s] Speed: 137.1[samples/s]
2026-05-02 19:03:16,019 PAT.train INFO:   [grad_norm pre-clip: 4.646 / clip_max: 2.0]
2026-05-02 19:03:16,020 PAT.train INFO: Epoch[28] Iteration[60/159] total_loss: 2.720, reid_loss: 2.716, pc_loss: 0.003, Acc: 0.942, Base Lr: 3.05e-04
2026-05-02 19:03:43,777 PAT.train INFO:   [grad_norm pre-clip: 4.428 / clip_max: 2.0]
2026-05-02 19:03:43,778 PAT.train INFO: Epoch[28] Iteration[120/159] total_loss: 2.738, reid_loss: 2.735, pc_loss: 0.003, Acc: 0.943, Base Lr: 3.05e-04
2026-05-02 19:04:01,204 PAT.train INFO: Epoch 28 done. Time per batch: 0.468[s] Speed: 136.8[samples/s]
2026-05-02 19:04:30,050 PAT.train INFO:   [grad_norm pre-clip: 4.640 / clip_max: 2.0]
2026-05-02 19:04:30,051 PAT.train INFO: Epoch[29] Iteration[60/159] total_loss: 2.774, reid_loss: 2.755, pc_loss: 0.019, Acc: 0.947, Base Lr: 3.02e-04
2026-05-02 19:04:58,163 PAT.train INFO:   [grad_norm pre-clip: 4.478 / clip_max: 2.0]
2026-05-02 19:04:58,164 PAT.train INFO: Epoch[29] Iteration[120/159] total_loss: 2.739, reid_loss: 2.728, pc_loss: 0.011, Acc: 0.949, Base Lr: 3.02e-04
2026-05-02 19:05:15,240 PAT.train INFO: Epoch 29 done. Time per batch: 0.473[s] Speed: 135.2[samples/s]
2026-05-02 19:05:44,230 PAT.train INFO:   [grad_norm pre-clip: 3.981 / clip_max: 2.0]
2026-05-02 19:05:44,231 PAT.train INFO: Epoch[30] Iteration[60/159] total_loss: 2.718, reid_loss: 2.710, pc_loss: 0.008, Acc: 0.953, Base Lr: 2.99e-04
2026-05-02 19:06:12,531 PAT.train INFO:   [grad_norm pre-clip: 3.908 / clip_max: 2.0]
2026-05-02 19:06:12,531 PAT.train INFO: Epoch[30] Iteration[120/159] total_loss: 2.713, reid_loss: 2.705, pc_loss: 0.008, Acc: 0.954, Base Lr: 2.99e-04
2026-05-02 19:06:30,009 PAT.train INFO: Epoch 30 done. Time per batch: 0.475[s] Speed: 134.7[samples/s]
2026-05-02 19:06:30,010 PAT.test INFO: Enter inferencing
2026-05-02 19:06:41,685 PAT.test INFO: Validation Results 
2026-05-02 19:06:41,686 PAT.test INFO: mAP: 100.0%
2026-05-02 19:06:41,686 PAT.test INFO: CMC curve, Rank-1  :100.0%
2026-05-02 19:06:41,686 PAT.test INFO: CMC curve, Rank-5  :100.0%
2026-05-02 19:06:41,686 PAT.test INFO: CMC curve, Rank-10 :100.0%
2026-05-02 19:06:41,686 PAT.test INFO: total inference time: 11.67
2026-05-02 19:07:11,713 PAT.train INFO:   [grad_norm pre-clip: 4.518 / clip_max: 2.0]
2026-05-02 19:07:11,714 PAT.train INFO: Epoch[31] Iteration[60/159] total_loss: 2.670, reid_loss: 2.659, pc_loss: 0.011, Acc: 0.955, Base Lr: 2.96e-04
2026-05-02 19:07:40,179 PAT.train INFO:   [grad_norm pre-clip: 4.200 / clip_max: 2.0]
2026-05-02 19:07:40,179 PAT.train INFO: Epoch[31] Iteration[120/159] total_loss: 2.690, reid_loss: 2.678, pc_loss: 0.013, Acc: 0.954, Base Lr: 2.96e-04
2026-05-02 19:07:57,711 PAT.train INFO: Epoch 31 done. Time per batch: 0.479[s] Speed: 133.7[samples/s]
2026-05-02 19:08:26,844 PAT.train INFO:   [grad_norm pre-clip: 5.203 / clip_max: 2.0]
2026-05-02 19:08:26,845 PAT.train INFO: Epoch[32] Iteration[60/159] total_loss: 2.642, reid_loss: 2.634, pc_loss: 0.007, Acc: 0.958, Base Lr: 2.92e-04
2026-05-02 19:08:54,943 PAT.train INFO:   [grad_norm pre-clip: 3.824 / clip_max: 2.0]
2026-05-02 19:08:54,944 PAT.train INFO: Epoch[32] Iteration[120/159] total_loss: 2.655, reid_loss: 2.645, pc_loss: 0.010, Acc: 0.959, Base Lr: 2.92e-04
2026-05-02 19:09:11,790 PAT.train INFO: Epoch 32 done. Time per batch: 0.474[s] Speed: 135.1[samples/s]
2026-05-02 19:09:40,358 PAT.train INFO:   [grad_norm pre-clip: 3.977 / clip_max: 2.0]
2026-05-02 19:09:40,359 PAT.train INFO: Epoch[33] Iteration[60/159] total_loss: 2.644, reid_loss: 2.642, pc_loss: 0.001, Acc: 0.963, Base Lr: 2.89e-04
2026-05-02 19:10:08,191 PAT.train INFO:   [grad_norm pre-clip: 3.964 / clip_max: 2.0]
2026-05-02 19:10:08,192 PAT.train INFO: Epoch[33] Iteration[120/159] total_loss: 2.655, reid_loss: 2.650, pc_loss: 0.005, Acc: 0.962, Base Lr: 2.89e-04
2026-05-02 19:10:25,889 PAT.train INFO: Epoch 33 done. Time per batch: 0.471[s] Speed: 135.9[samples/s]
2026-05-02 19:10:55,151 PAT.train INFO:   [grad_norm pre-clip: 4.050 / clip_max: 2.0]
2026-05-02 19:10:55,152 PAT.train INFO: Epoch[34] Iteration[60/159] total_loss: 2.906, reid_loss: 2.887, pc_loss: 0.020, Acc: 0.942, Base Lr: 2.85e-04
2026-05-02 19:11:23,268 PAT.train INFO:   [grad_norm pre-clip: 4.303 / clip_max: 2.0]
2026-05-02 19:11:23,269 PAT.train INFO: Epoch[34] Iteration[120/159] total_loss: 2.816, reid_loss: 2.804, pc_loss: 0.013, Acc: 0.946, Base Lr: 2.85e-04
2026-05-02 19:11:40,936 PAT.train INFO: Epoch 34 done. Time per batch: 0.477[s] Speed: 134.3[samples/s]
2026-05-02 19:12:10,373 PAT.train INFO:   [grad_norm pre-clip: 4.175 / clip_max: 2.0]
2026-05-02 19:12:10,373 PAT.train INFO: Epoch[35] Iteration[60/159] total_loss: 2.642, reid_loss: 2.641, pc_loss: 0.000, Acc: 0.952, Base Lr: 2.82e-04
2026-05-02 19:12:38,567 PAT.train INFO:   [grad_norm pre-clip: 5.114 / clip_max: 2.0]
2026-05-02 19:12:38,567 PAT.train INFO: Epoch[35] Iteration[120/159] total_loss: 2.648, reid_loss: 2.648, pc_loss: 0.000, Acc: 0.959, Base Lr: 2.82e-04
2026-05-02 19:12:56,381 PAT.train INFO: Epoch 35 done. Time per batch: 0.479[s] Speed: 133.5[samples/s]
2026-05-02 19:13:25,724 PAT.train INFO:   [grad_norm pre-clip: 4.007 / clip_max: 2.0]
2026-05-02 19:13:25,724 PAT.train INFO: Epoch[36] Iteration[60/159] total_loss: 2.613, reid_loss: 2.612, pc_loss: 0.001, Acc: 0.964, Base Lr: 2.78e-04
2026-05-02 19:13:53,835 PAT.train INFO:   [grad_norm pre-clip: 4.823 / clip_max: 2.0]
2026-05-02 19:13:53,835 PAT.train INFO: Epoch[36] Iteration[120/159] total_loss: 2.611, reid_loss: 2.610, pc_loss: 0.001, Acc: 0.961, Base Lr: 2.78e-04
2026-05-02 19:14:10,831 PAT.train INFO: Epoch 36 done. Time per batch: 0.476[s] Speed: 134.4[samples/s]
2026-05-02 19:14:39,651 PAT.train INFO:   [grad_norm pre-clip: 4.467 / clip_max: 2.0]
2026-05-02 19:14:39,651 PAT.train INFO: Epoch[37] Iteration[60/159] total_loss: 2.587, reid_loss: 2.580, pc_loss: 0.006, Acc: 0.964, Base Lr: 2.74e-04
2026-05-02 19:15:07,410 PAT.train INFO:   [grad_norm pre-clip: 4.248 / clip_max: 2.0]
2026-05-02 19:15:07,411 PAT.train INFO: Epoch[37] Iteration[120/159] total_loss: 2.597, reid_loss: 2.588, pc_loss: 0.009, Acc: 0.969, Base Lr: 2.74e-04
2026-05-02 19:15:25,917 PAT.train INFO: Epoch 37 done. Time per batch: 0.477[s] Speed: 134.1[samples/s]
2026-05-02 19:15:55,058 PAT.train INFO:   [grad_norm pre-clip: 3.555 / clip_max: 2.0]
2026-05-02 19:15:55,059 PAT.train INFO: Epoch[38] Iteration[60/159] total_loss: 2.602, reid_loss: 2.571, pc_loss: 0.031, Acc: 0.968, Base Lr: 2.70e-04
2026-05-02 19:16:23,341 PAT.train INFO:   [grad_norm pre-clip: 3.447 / clip_max: 2.0]
2026-05-02 19:16:23,342 PAT.train INFO: Epoch[38] Iteration[120/159] total_loss: 2.584, reid_loss: 2.564, pc_loss: 0.020, Acc: 0.972, Base Lr: 2.70e-04
2026-05-02 19:16:40,462 PAT.train INFO: Epoch 38 done. Time per batch: 0.477[s] Speed: 134.3[samples/s]
2026-05-02 19:17:09,284 PAT.train INFO:   [grad_norm pre-clip: 3.597 / clip_max: 2.0]
2026-05-02 19:17:09,284 PAT.train INFO: Epoch[39] Iteration[60/159] total_loss: 2.585, reid_loss: 2.580, pc_loss: 0.006, Acc: 0.971, Base Lr: 2.67e-04
2026-05-02 19:17:37,644 PAT.train INFO:   [grad_norm pre-clip: 3.618 / clip_max: 2.0]
2026-05-02 19:17:37,644 PAT.train INFO: Epoch[39] Iteration[120/159] total_loss: 2.570, reid_loss: 2.566, pc_loss: 0.004, Acc: 0.973, Base Lr: 2.67e-04
2026-05-02 19:17:55,293 PAT.train INFO: Epoch 39 done. Time per batch: 0.475[s] Speed: 134.6[samples/s]
2026-05-02 19:18:24,642 PAT.train INFO:   [grad_norm pre-clip: 4.096 / clip_max: 2.0]
2026-05-02 19:18:24,643 PAT.train INFO: Epoch[40] Iteration[60/159] total_loss: 2.558, reid_loss: 2.555, pc_loss: 0.003, Acc: 0.973, Base Lr: 2.63e-04
2026-05-02 19:18:53,098 PAT.train INFO:   [grad_norm pre-clip: 4.288 / clip_max: 2.0]
2026-05-02 19:18:53,098 PAT.train INFO: Epoch[40] Iteration[120/159] total_loss: 2.565, reid_loss: 2.559, pc_loss: 0.006, Acc: 0.976, Base Lr: 2.63e-04
2026-05-02 19:19:10,824 PAT.train INFO: Epoch 40 done. Time per batch: 0.480[s] Speed: 133.4[samples/s]
2026-05-02 19:19:10,825 PAT.test INFO: Enter inferencing
2026-05-02 19:19:22,760 PAT.test INFO: Validation Results 
2026-05-02 19:19:22,760 PAT.test INFO: mAP: 100.0%
2026-05-02 19:19:22,760 PAT.test INFO: CMC curve, Rank-1  :100.0%
2026-05-02 19:19:22,760 PAT.test INFO: CMC curve, Rank-5  :100.0%
2026-05-02 19:19:22,760 PAT.test INFO: CMC curve, Rank-10 :100.0%
2026-05-02 19:19:22,760 PAT.test INFO: total inference time: 11.93
2026-05-02 19:19:52,603 PAT.train INFO:   [grad_norm pre-clip: 4.392 / clip_max: 2.0]
2026-05-02 19:19:52,604 PAT.train INFO: Epoch[41] Iteration[60/159] total_loss: 2.543, reid_loss: 2.533, pc_loss: 0.011, Acc: 0.973, Base Lr: 2.59e-04
2026-05-02 19:20:20,833 PAT.train INFO:   [grad_norm pre-clip: 3.731 / clip_max: 2.0]
2026-05-02 19:20:20,834 PAT.train INFO: Epoch[41] Iteration[120/159] total_loss: 2.550, reid_loss: 2.543, pc_loss: 0.007, Acc: 0.974, Base Lr: 2.59e-04
2026-05-02 19:20:38,275 PAT.train INFO: Epoch 41 done. Time per batch: 0.476[s] Speed: 134.6[samples/s]
2026-05-02 19:21:07,407 PAT.train INFO:   [grad_norm pre-clip: 4.136 / clip_max: 2.0]
2026-05-02 19:21:07,407 PAT.train INFO: Epoch[42] Iteration[60/159] total_loss: 2.524, reid_loss: 2.519, pc_loss: 0.004, Acc: 0.979, Base Lr: 2.55e-04
2026-05-02 19:21:35,265 PAT.train INFO:   [grad_norm pre-clip: 4.080 / clip_max: 2.0]
2026-05-02 19:21:35,265 PAT.train INFO: Epoch[42] Iteration[120/159] total_loss: 2.532, reid_loss: 2.528, pc_loss: 0.004, Acc: 0.975, Base Lr: 2.55e-04
2026-05-02 19:21:52,578 PAT.train INFO: Epoch 42 done. Time per batch: 0.472[s] Speed: 135.6[samples/s]
2026-05-02 19:22:21,435 PAT.train INFO:   [grad_norm pre-clip: 4.835 / clip_max: 2.0]
2026-05-02 19:22:21,436 PAT.train INFO: Epoch[43] Iteration[60/159] total_loss: 2.542, reid_loss: 2.540, pc_loss: 0.002, Acc: 0.977, Base Lr: 2.51e-04
2026-05-02 19:22:49,774 PAT.train INFO:   [grad_norm pre-clip: 3.746 / clip_max: 2.0]
2026-05-02 19:22:49,775 PAT.train INFO: Epoch[43] Iteration[120/159] total_loss: 2.529, reid_loss: 2.527, pc_loss: 0.002, Acc: 0.977, Base Lr: 2.51e-04
2026-05-02 19:23:07,384 PAT.train INFO: Epoch 43 done. Time per batch: 0.475[s] Speed: 134.6[samples/s]
2026-05-02 19:23:36,397 PAT.train INFO:   [grad_norm pre-clip: 4.277 / clip_max: 2.0]
2026-05-02 19:23:36,397 PAT.train INFO: Epoch[44] Iteration[60/159] total_loss: 2.483, reid_loss: 2.482, pc_loss: 0.001, Acc: 0.975, Base Lr: 2.46e-04
2026-05-02 19:24:04,666 PAT.train INFO:   [grad_norm pre-clip: 3.488 / clip_max: 2.0]
2026-05-02 19:24:04,667 PAT.train INFO: Epoch[44] Iteration[120/159] total_loss: 2.482, reid_loss: 2.480, pc_loss: 0.002, Acc: 0.978, Base Lr: 2.46e-04
2026-05-02 19:24:21,855 PAT.train INFO: Epoch 44 done. Time per batch: 0.473[s] Speed: 135.3[samples/s]
2026-05-02 19:24:51,521 PAT.train INFO:   [grad_norm pre-clip: 3.587 / clip_max: 2.0]
2026-05-02 19:24:51,521 PAT.train INFO: Epoch[45] Iteration[60/159] total_loss: 2.520, reid_loss: 2.519, pc_loss: 0.002, Acc: 0.977, Base Lr: 2.42e-04
2026-05-02 19:25:19,731 PAT.train INFO:   [grad_norm pre-clip: 4.518 / clip_max: 2.0]
2026-05-02 19:25:19,732 PAT.train INFO: Epoch[45] Iteration[120/159] total_loss: 2.506, reid_loss: 2.505, pc_loss: 0.001, Acc: 0.981, Base Lr: 2.42e-04
2026-05-02 19:25:37,336 PAT.train INFO: Epoch 45 done. Time per batch: 0.480[s] Speed: 133.4[samples/s]
2026-05-02 19:26:07,027 PAT.train INFO:   [grad_norm pre-clip: 3.851 / clip_max: 2.0]
2026-05-02 19:26:07,027 PAT.train INFO: Epoch[46] Iteration[60/159] total_loss: 2.483, reid_loss: 2.482, pc_loss: 0.001, Acc: 0.984, Base Lr: 2.38e-04
2026-05-02 19:26:35,001 PAT.train INFO:   [grad_norm pre-clip: 3.960 / clip_max: 2.0]
2026-05-02 19:26:35,001 PAT.train INFO: Epoch[46] Iteration[120/159] total_loss: 2.485, reid_loss: 2.484, pc_loss: 0.001, Acc: 0.983, Base Lr: 2.38e-04
2026-05-02 19:26:52,202 PAT.train INFO: Epoch 46 done. Time per batch: 0.476[s] Speed: 134.5[samples/s]
2026-05-02 19:27:21,555 PAT.train INFO:   [grad_norm pre-clip: 3.834 / clip_max: 2.0]
2026-05-02 19:27:21,555 PAT.train INFO: Epoch[47] Iteration[60/159] total_loss: 2.495, reid_loss: 2.492, pc_loss: 0.003, Acc: 0.980, Base Lr: 2.34e-04
2026-05-02 19:27:49,750 PAT.train INFO:   [grad_norm pre-clip: 3.379 / clip_max: 2.0]
2026-05-02 19:27:49,750 PAT.train INFO: Epoch[47] Iteration[120/159] total_loss: 2.489, reid_loss: 2.487, pc_loss: 0.002, Acc: 0.982, Base Lr: 2.34e-04
2026-05-02 19:28:06,770 PAT.train INFO: Epoch 47 done. Time per batch: 0.477[s] Speed: 134.2[samples/s]
2026-05-02 19:28:36,021 PAT.train INFO:   [grad_norm pre-clip: 3.151 / clip_max: 2.0]
2026-05-02 19:28:36,021 PAT.train INFO: Epoch[48] Iteration[60/159] total_loss: 2.474, reid_loss: 2.470, pc_loss: 0.004, Acc: 0.985, Base Lr: 2.29e-04
2026-05-02 19:29:04,191 PAT.train INFO:   [grad_norm pre-clip: 3.808 / clip_max: 2.0]
2026-05-02 19:29:04,191 PAT.train INFO: Epoch[48] Iteration[120/159] total_loss: 2.479, reid_loss: 2.476, pc_loss: 0.003, Acc: 0.984, Base Lr: 2.29e-04
2026-05-02 19:29:21,108 PAT.train INFO: Epoch 48 done. Time per batch: 0.475[s] Speed: 134.6[samples/s]
2026-05-02 19:29:51,042 PAT.train INFO:   [grad_norm pre-clip: 3.212 / clip_max: 2.0]
2026-05-02 19:29:51,043 PAT.train INFO: Epoch[49] Iteration[60/159] total_loss: 2.468, reid_loss: 2.466, pc_loss: 0.002, Acc: 0.986, Base Lr: 2.25e-04
2026-05-02 19:30:19,529 PAT.train INFO:   [grad_norm pre-clip: 3.575 / clip_max: 2.0]
2026-05-02 19:30:19,529 PAT.train INFO: Epoch[49] Iteration[120/159] total_loss: 2.447, reid_loss: 2.445, pc_loss: 0.002, Acc: 0.986, Base Lr: 2.25e-04
2026-05-02 19:30:36,177 PAT.train INFO: Epoch 49 done. Time per batch: 0.483[s] Speed: 132.5[samples/s]
2026-05-02 19:31:05,696 PAT.train INFO:   [grad_norm pre-clip: 4.007 / clip_max: 2.0]
2026-05-02 19:31:05,697 PAT.train INFO: Epoch[50] Iteration[60/159] total_loss: 2.413, reid_loss: 2.411, pc_loss: 0.002, Acc: 0.987, Base Lr: 2.21e-04
2026-05-02 19:31:33,892 PAT.train INFO:   [grad_norm pre-clip: 3.743 / clip_max: 2.0]
2026-05-02 19:31:33,893 PAT.train INFO: Epoch[50] Iteration[120/159] total_loss: 2.439, reid_loss: 2.437, pc_loss: 0.002, Acc: 0.987, Base Lr: 2.21e-04
2026-05-02 19:31:51,388 PAT.train INFO: Epoch 50 done. Time per batch: 0.478[s] Speed: 133.9[samples/s]
2026-05-02 19:31:51,389 PAT.test INFO: Enter inferencing
2026-05-02 19:32:03,246 PAT.test INFO: Validation Results 
2026-05-02 19:32:03,246 PAT.test INFO: mAP: 100.0%
2026-05-02 19:32:03,246 PAT.test INFO: CMC curve, Rank-1  :100.0%
2026-05-02 19:32:03,246 PAT.test INFO: CMC curve, Rank-5  :100.0%
2026-05-02 19:32:03,246 PAT.test INFO: CMC curve, Rank-10 :100.0%
2026-05-02 19:32:03,246 PAT.test INFO: total inference time: 11.85
2026-05-02 19:32:33,112 PAT.train INFO:   [grad_norm pre-clip: 3.300 / clip_max: 2.0]
2026-05-02 19:32:33,113 PAT.train INFO: Epoch[51] Iteration[60/159] total_loss: 2.407, reid_loss: 2.404, pc_loss: 0.003, Acc: 0.990, Base Lr: 2.16e-04
2026-05-02 19:33:01,385 PAT.train INFO:   [grad_norm pre-clip: 3.909 / clip_max: 2.0]
2026-05-02 19:33:01,387 PAT.train INFO: Epoch[51] Iteration[120/159] total_loss: 2.422, reid_loss: 2.417, pc_loss: 0.005, Acc: 0.987, Base Lr: 2.16e-04
2026-05-02 19:33:18,949 PAT.train INFO: Epoch 51 done. Time per batch: 0.476[s] Speed: 134.4[samples/s]
2026-05-02 19:33:48,370 PAT.train INFO:   [grad_norm pre-clip: 4.366 / clip_max: 2.0]
2026-05-02 19:33:48,370 PAT.train INFO: Epoch[52] Iteration[60/159] total_loss: 2.428, reid_loss: 2.424, pc_loss: 0.004, Acc: 0.989, Base Lr: 2.12e-04
2026-05-02 19:34:16,990 PAT.train INFO:   [grad_norm pre-clip: 3.947 / clip_max: 2.0]
2026-05-02 19:34:16,991 PAT.train INFO: Epoch[52] Iteration[120/159] total_loss: 2.433, reid_loss: 2.429, pc_loss: 0.004, Acc: 0.988, Base Lr: 2.12e-04
2026-05-02 19:34:34,025 PAT.train INFO: Epoch 52 done. Time per batch: 0.480[s] Speed: 133.3[samples/s]
2026-05-02 19:35:07,292 PAT.train INFO:   [grad_norm pre-clip: 4.250 / clip_max: 2.0]
2026-05-02 19:35:07,293 PAT.train INFO: Epoch[53] Iteration[60/159] total_loss: 2.448, reid_loss: 2.440, pc_loss: 0.008, Acc: 0.993, Base Lr: 2.07e-04
2026-05-02 19:35:36,000 PAT.train INFO:   [grad_norm pre-clip: 3.666 / clip_max: 2.0]
2026-05-02 19:35:36,000 PAT.train INFO: Epoch[53] Iteration[120/159] total_loss: 2.446, reid_loss: 2.428, pc_loss: 0.018, Acc: 0.992, Base Lr: 2.07e-04
2026-05-02 19:35:53,547 PAT.train INFO: Epoch 53 done. Time per batch: 0.505[s] Speed: 126.6[samples/s]
2026-05-02 19:36:22,887 PAT.train INFO:   [grad_norm pre-clip: 3.404 / clip_max: 2.0]
2026-05-02 19:36:22,888 PAT.train INFO: Epoch[54] Iteration[60/159] total_loss: 2.396, reid_loss: 2.386, pc_loss: 0.010, Acc: 0.990, Base Lr: 2.03e-04
2026-05-02 19:36:51,490 PAT.train INFO:   [grad_norm pre-clip: 3.343 / clip_max: 2.0]
2026-05-02 19:36:51,490 PAT.train INFO: Epoch[54] Iteration[120/159] total_loss: 2.403, reid_loss: 2.396, pc_loss: 0.007, Acc: 0.989, Base Lr: 2.03e-04
2026-05-02 19:37:08,834 PAT.train INFO: Epoch 54 done. Time per batch: 0.481[s] Speed: 132.9[samples/s]
2026-05-02 19:37:37,606 PAT.train INFO:   [grad_norm pre-clip: 3.369 / clip_max: 2.0]
2026-05-02 19:37:37,607 PAT.train INFO: Epoch[55] Iteration[60/159] total_loss: 2.385, reid_loss: 2.381, pc_loss: 0.004, Acc: 0.991, Base Lr: 1.98e-04
2026-05-02 19:38:05,333 PAT.train INFO:   [grad_norm pre-clip: 3.395 / clip_max: 2.0]
2026-05-02 19:38:05,334 PAT.train INFO: Epoch[55] Iteration[120/159] total_loss: 2.407, reid_loss: 2.402, pc_loss: 0.004, Acc: 0.992, Base Lr: 1.98e-04
2026-05-02 19:38:22,736 PAT.train INFO: Epoch 55 done. Time per batch: 0.470[s] Speed: 136.3[samples/s]
2026-05-02 19:38:52,118 PAT.train INFO:   [grad_norm pre-clip: 3.818 / clip_max: 2.0]
2026-05-02 19:38:52,118 PAT.train INFO: Epoch[56] Iteration[60/159] total_loss: 2.397, reid_loss: 2.392, pc_loss: 0.005, Acc: 0.991, Base Lr: 1.94e-04
2026-05-02 19:39:20,351 PAT.train INFO:   [grad_norm pre-clip: 4.020 / clip_max: 2.0]
2026-05-02 19:39:20,352 PAT.train INFO: Epoch[56] Iteration[120/159] total_loss: 2.409, reid_loss: 2.404, pc_loss: 0.006, Acc: 0.990, Base Lr: 1.94e-04
2026-05-02 19:39:37,443 PAT.train INFO: Epoch 56 done. Time per batch: 0.478[s] Speed: 134.0[samples/s]
2026-05-02 19:40:07,184 PAT.train INFO:   [grad_norm pre-clip: 3.358 / clip_max: 2.0]
2026-05-02 19:40:07,184 PAT.train INFO: Epoch[57] Iteration[60/159] total_loss: 2.399, reid_loss: 2.396, pc_loss: 0.004, Acc: 0.991, Base Lr: 1.89e-04
2026-05-02 19:40:35,724 PAT.train INFO:   [grad_norm pre-clip: 3.415 / clip_max: 2.0]
2026-05-02 19:40:35,724 PAT.train INFO: Epoch[57] Iteration[120/159] total_loss: 2.390, reid_loss: 2.387, pc_loss: 0.004, Acc: 0.989, Base Lr: 1.89e-04
2026-05-02 19:40:53,317 PAT.train INFO: Epoch 57 done. Time per batch: 0.482[s] Speed: 132.8[samples/s]
2026-05-02 19:41:22,511 PAT.train INFO:   [grad_norm pre-clip: 3.216 / clip_max: 2.0]
2026-05-02 19:41:22,511 PAT.train INFO: Epoch[58] Iteration[60/159] total_loss: 2.387, reid_loss: 2.385, pc_loss: 0.002, Acc: 0.992, Base Lr: 1.84e-04
2026-05-02 19:41:51,809 PAT.train INFO:   [grad_norm pre-clip: 3.963 / clip_max: 2.0]
2026-05-02 19:41:51,810 PAT.train INFO: Epoch[58] Iteration[120/159] total_loss: 2.379, reid_loss: 2.378, pc_loss: 0.001, Acc: 0.993, Base Lr: 1.84e-04
2026-05-02 19:42:08,887 PAT.train INFO: Epoch 58 done. Time per batch: 0.483[s] Speed: 132.4[samples/s]
2026-05-02 19:42:38,023 PAT.train INFO:   [grad_norm pre-clip: 3.699 / clip_max: 2.0]
2026-05-02 19:42:38,024 PAT.train INFO: Epoch[59] Iteration[60/159] total_loss: 2.369, reid_loss: 2.368, pc_loss: 0.001, Acc: 0.990, Base Lr: 1.80e-04
2026-05-02 19:43:06,318 PAT.train INFO:   [grad_norm pre-clip: 3.330 / clip_max: 2.0]
2026-05-02 19:43:06,319 PAT.train INFO: Epoch[59] Iteration[120/159] total_loss: 2.371, reid_loss: 2.370, pc_loss: 0.001, Acc: 0.990, Base Lr: 1.80e-04
2026-05-02 19:43:24,023 PAT.train INFO: Epoch 59 done. Time per batch: 0.477[s] Speed: 134.1[samples/s]
2026-05-02 19:43:53,101 PAT.train INFO:   [grad_norm pre-clip: 5.402 / clip_max: 2.0]
2026-05-02 19:43:53,102 PAT.train INFO: Epoch[60] Iteration[60/159] total_loss: 2.395, reid_loss: 2.393, pc_loss: 0.002, Acc: 0.990, Base Lr: 1.75e-04
2026-05-02 19:44:21,720 PAT.train INFO:   [grad_norm pre-clip: 3.244 / clip_max: 2.0]
2026-05-02 19:44:21,720 PAT.train INFO: Epoch[60] Iteration[120/159] total_loss: 2.374, reid_loss: 2.373, pc_loss: 0.002, Acc: 0.992, Base Lr: 1.75e-04
2026-05-02 19:44:39,322 PAT.train INFO: Epoch 60 done. Time per batch: 0.478[s] Speed: 133.8[samples/s]
2026-05-02 19:44:39,322 PAT.test INFO: Enter inferencing
2026-05-02 19:44:51,260 PAT.test INFO: Validation Results 
2026-05-02 19:44:51,261 PAT.test INFO: mAP: 100.0%
2026-05-02 19:44:51,261 PAT.test INFO: CMC curve, Rank-1  :100.0%
2026-05-02 19:44:51,261 PAT.test INFO: CMC curve, Rank-5  :100.0%
2026-05-02 19:44:51,261 PAT.test INFO: CMC curve, Rank-10 :100.0%
2026-05-02 19:44:51,261 PAT.test INFO: total inference time: 11.93
using Transformer_type: part token vit as a backbone
using stride: [16, 16], and patch number is num_y16 * num_x8
using drop_out rate is : 0.0
using attn_drop_out rate is : 0.0
using drop_path rate is : 0.1
Resized position embedding from size:torch.Size([1, 197, 1024]) to size: torch.Size([1, 132, 1024]) with height:16 width: 8
Load 297 / 299 layers.
Loading pretrained ImageNet model......from /workspace/miuam_challenge_diff/pretrained/jx_vit_large_p16_224-4ee7a4dc.pth
/workspace/miuam_challenge_diff/.venv/lib/python3.10/site-packages/torch/nn/init.py:412: UserWarning: Initializing zero-element tensors is a no-op
  warnings.warn("Initializing zero-element tensors is a no-op")
camera-adversarial ON: classifier over 3 cams, GRL lambda=0.3
===========building our part attention vit===========
2026-05-02 19:45:00,529 PAT.train INFO: Number of parameter: 304.27M
Loading trained model from models/./model_vitlarge_camadv_lambda03_seed1400/part_attention_vit_10.pth
load weights from part_attention_vit_10.pth
2026-05-02 19:45:01,381 PAT INFO: => Loaded UrbanElementsReID_test
2026-05-02 19:45:01,381 PAT INFO:   ----------------------------------------
2026-05-02 19:45:01,381 PAT INFO:   subset   | # ids | # images | # cameras
2026-05-02 19:45:01,381 PAT INFO:   ----------------------------------------
2026-05-02 19:45:01,381 PAT INFO:   query    |     1 |      928 |         1
2026-05-02 19:45:01,381 PAT INFO:   gallery  |     1 |     2844 |         3
2026-05-02 19:45:01,381 PAT INFO:   ----------------------------------------
2026-05-02 19:45:01,382 PAT.test INFO: Enter inferencing
2026-05-02 19:45:13,465 PAT.test INFO: Validation Results 
2026-05-02 19:45:13,465 PAT.test INFO: mAP: 100.0%
2026-05-02 19:45:13,465 PAT.test INFO: CMC curve, Rank-1  :100.0%
2026-05-02 19:45:13,465 PAT.test INFO: CMC curve, Rank-5  :100.0%
2026-05-02 19:45:13,465 PAT.test INFO: CMC curve, Rank-10 :100.0%
2026-05-02 19:45:13,465 PAT.test INFO: total inference time: 11.88
saving final checkpoint (best epoch re-saved, per-epoch checkpoints retained).
done!
