2026-05-03 07:01:17,400 PAT INFO: Saving model to: models/./model_vitlarge_256x128_60ep_seed2100
2026-05-03 07:01:17,400 PAT INFO: Namespace(config_file='config/UrbanElementsReID_train_seed2100.yml', opts=[], local_rank=0)
2026-05-03 07:01:17,400 PAT INFO: Loaded configuration file config/UrbanElementsReID_train_seed2100.yml
2026-05-03 07:01:17,400 PAT INFO: 
MODEL:
  PRETRAIN_CHOICE: 'imagenet'
  PRETRAIN_PATH: '/workspace/miuam_challenge_diff/pretrained'
  IF_LABELSMOOTH: 'on'
  IF_WITH_CENTER: 'no'
  NAME: 'part_attention_vit'
  NO_MARGIN: True
  DEVICE_ID: ('0')
  TRANSFORMER_TYPE: 'vit_large_patch16_224_TransReID'
  STRIDE_SIZE: [16, 16]

INPUT:
  SIZE_TRAIN: [256, 128]
  SIZE_TEST: [256, 128]
  REA:
    ENABLED: False
  PIXEL_MEAN: [0.5, 0.5, 0.5]
  PIXEL_STD: [0.5, 0.5, 0.5]
  LGT:
    DO_LGT: True
    PROB: 0.5

DATASETS:
  TRAIN: ('UrbanElementsReID',)
  TEST: ('UrbanElementsReID_test',)
  ROOT_DIR: '/workspace/Urban2026/'

DATALOADER:
  SAMPLER: 'softmax_triplet'
  NUM_INSTANCE: 4
  NUM_WORKERS: 8

SOLVER:
  OPTIMIZER_NAME: 'Adam'
  MAX_EPOCHS: 60
  BASE_LR: 0.00035
  WARMUP_METHOD: 'linear'
  WARMUP_EPOCHS: 10
  WARMUP_FACTOR: 0.01
  IMS_PER_BATCH: 64
  LARGE_FC_LR: False
  CHECKPOINT_PERIOD: 20
  LOG_PERIOD: 60
  EVAL_PERIOD: 20
  WEIGHT_DECAY: 1e-4
  WEIGHT_DECAY_BIAS: 1e-4
  BIAS_LR_FACTOR: 2
  SEED: 2100

TEST:
  EVAL: True
  IMS_PER_BATCH: 64
  RE_RANKING: False
  WEIGHT: ''
  NECK_FEAT: 'before'
  FEAT_NORM: True

LOG_ROOT: 'models/'
TB_LOG_ROOT: './tb_log/'
LOG_NAME: './model_vitlarge_256x128_60ep_seed2100'
2026-05-03 07:01:17,400 PAT INFO: Running with config:
DATALOADER:
  CAMERA_TO_DOMAIN: False
  DELETE_REM: False
  DROP_LAST: False
  INDIVIDUAL: False
  NAIVE_WAY: True
  NUM_INSTANCE: 4
  NUM_WORKERS: 8
  SAMPLER: softmax_triplet
DATASETS:
  COMBINEALL: False
  ROOT_DIR: /workspace/Urban2026/
  TEST: ('UrbanElementsReID_test',)
  TRAIN: ('UrbanElementsReID',)
INPUT:
  CJ:
    BRIGHTNESS: 0.15
    CONTRAST: 0.15
    ENABLED: False
    HUE: 0.1
    PROB: 1.0
    SATURATION: 0.1
  DO_AUGMIX: False
  DO_AUTOAUG: False
  DO_FLIP: True
  DO_PAD: True
  FLIP_PROB: 0.5
  LGT:
    DO_LGT: True
    PROB: 0.5
  PADDING: 10
  PADDING_MODE: constant
  PERSPECTIVE:
    DISTORTION: 0.2
    ENABLED: False
    PROB: 0.5
  PIXEL_MEAN: [0.5, 0.5, 0.5]
  PIXEL_STD: [0.5, 0.5, 0.5]
  REA:
    ENABLED: False
    MEAN: [123.675, 116.28, 103.53]
    PROB: 0.5
  ROTATION:
    DEGREES: 10
    ENABLED: False
    PROB: 0.5
  RPT:
    ENABLED: False
    PROB: 0.5
  SIZE_TEST: [256, 128]
  SIZE_TRAIN: [256, 128]
LOG_NAME: ./model_vitlarge_256x128_60ep_seed2100
LOG_ROOT: models/
MODEL:
  ARCFACE_M: 0.5
  ARCFACE_S: 64.0
  ATT_DROP_RATE: 0.0
  AUX_LOSS_WEIGHT: 0.1
  CAM_ADV: False
  CAM_ADV_LAMBDA: 0.1
  CAM_ADV_WEIGHT: 1.0
  CIRCLE_GAMMA: 256.0
  CIRCLE_MARGIN: 0.25
  CLUSTER_K: 10
  COS_LAYER: False
  DEEP_SUP: False
  DEVICE: cuda
  DEVICE_ID: 0
  DIST_TRAIN: False
  DROP_OUT: 0.0
  DROP_PATH: 0.1
  FINETUNE_FROM: 
  FREEZE_PATCH_EMBED: True
  ID_LOSS_TYPE: softmax
  ID_LOSS_WEIGHT: 1.0
  IF_LABELSMOOTH: on
  IF_WITH_CENTER: no
  LAST_STRIDE: 1
  METRIC_LOSS_TYPE: triplet
  NAME: part_attention_vit
  NECK: bnneck
  NO_MARGIN: True
  NUM_AUX_LAYERS: 5
  NUM_CAMERAS: 3
  PATCH_EMBED_TYPE: 
  PC_LOSS: True
  PC_LR: 1.0
  PC_SCALE: 0.02
  PRETRAIN_CHOICE: imagenet
  PRETRAIN_PATH: /workspace/miuam_challenge_diff/pretrained
  SOFT_LABEL: True
  SOFT_LAMBDA: 0.5
  SOFT_WEIGHT: 0.5
  STRIDE_SIZE: [16, 16]
  TRANSFORMER_TYPE: vit_large_patch16_224_TransReID
  TRIPLET_LOSS_WEIGHT: 1.0
SOLVER:
  BASE_LR: 0.00035
  BIAS_LR_FACTOR: 2
  CENTER_LOSS_WEIGHT: 0.0005
  CENTER_LR: 0.5
  CHECKPOINT_PERIOD: 20
  COSINE_MARGIN: 0.5
  COSINE_SCALE: 30
  EMA_DECAY: 0.0
  EVAL_PERIOD: 20
  GAMMA: 0.1
  GRAD_CLIP: 0.0
  IMS_PER_BATCH: 64
  LARGE_FC_LR: False
  LOG_PERIOD: 60
  MARGIN: 0.3
  MAX_EPOCHS: 60
  MOMENTUM: 0.9
  OPTIMIZER_NAME: Adam
  SEED: 2100
  STEPS: (40, 70)
  WARMUP_EPOCHS: 10
  WARMUP_FACTOR: 0.01
  WARMUP_METHOD: linear
  WEIGHT_DECAY: 0.0001
  WEIGHT_DECAY_BIAS: 0.0001
TB_LOG_ROOT: ./tb_log/
TEST:
  DIST_MAT: dist_mat.npy
  EVAL: True
  FEAT_NORM: True
  IMS_PER_BATCH: 64
  NECK_FEAT: before
  RE_RANKING: False
  WEIGHT: 
2026-05-03 07:01:17,476 PAT INFO: => Loaded UrbanElementsReID
2026-05-03 07:01:17,477 PAT INFO:   ----------------------------------------
2026-05-03 07:01:17,477 PAT INFO:   subset   | # ids | # images | # cameras
2026-05-03 07:01:17,477 PAT INFO:   ----------------------------------------
2026-05-03 07:01:17,477 PAT INFO:   train    |  1088 |    11175 |         3
2026-05-03 07:01:17,477 PAT INFO:   ----------------------------------------
2026-05-03 07:01:17,562 PAT INFO: => Loaded UrbanElementsReID_test
2026-05-03 07:01:17,563 PAT INFO:   ----------------------------------------
2026-05-03 07:01:17,563 PAT INFO:   subset   | # ids | # images | # cameras
2026-05-03 07:01:17,563 PAT INFO:   ----------------------------------------
2026-05-03 07:01:17,563 PAT INFO:   query    |     1 |      928 |         1
2026-05-03 07:01:17,563 PAT INFO:   gallery  |     1 |     2844 |         3
2026-05-03 07:01:17,563 PAT INFO:   ----------------------------------------
using Transformer_type: part token vit as a backbone
using stride: [16, 16], and patch number is num_y16 * num_x8
using drop_out rate is : 0.0
using attn_drop_out rate is : 0.0
using drop_path rate is : 0.1
Resized position embedding from size:torch.Size([1, 197, 1024]) to size: torch.Size([1, 132, 1024]) with height:16 width: 8
Load 297 / 299 layers.
Loading pretrained ImageNet model......from /workspace/miuam_challenge_diff/pretrained/jx_vit_large_p16_224-4ee7a4dc.pth
===========building our part attention vit===========
2026-05-03 07:01:25,072 PAT.train INFO: Number of parameter: 305.38M
====== freeze patch_embed for stability ======
using soft triplet loss for training
label smooth on, numclasses: 1088
======== using soft label ========
2026-05-03 07:01:25,354 PAT.train INFO: start training
saving tblog to ./tb_log/./model_vitlarge_256x128_60ep_seed2100
initialize the centers
initialization done
/workspace/miuam_challenge_diff/loss/myloss.py:29: UserWarning: This overload of addmm_ is deprecated:
	addmm_(Number beta, Number alpha, Tensor mat1, Tensor mat2)
Consider using one of the following signatures instead:
	addmm_(Tensor mat1, Tensor mat2, *, Number beta, Number alpha) (Triggered internally at ../torch/csrc/utils/python_arg_parser.cpp:1519.)
  dist_map.addmm_(1, -2, part_feat, part_centers.t())
2026-05-03 07:02:31,813 PAT.train INFO: Epoch[1] Iteration[60/159] total_loss: 9.173, reid_loss: 8.522, pc_loss: 0.651, Acc: 0.023, Base Lr: 3.81e-05
2026-05-03 07:02:58,477 PAT.train INFO: Epoch[1] Iteration[120/159] total_loss: 8.671, reid_loss: 8.173, pc_loss: 0.498, Acc: 0.059, Base Lr: 3.81e-05
2026-05-03 07:03:14,489 PAT.train INFO: Epoch 1 done. Time per batch: 0.451[s] Speed: 141.9[samples/s]
2026-05-03 07:03:41,221 PAT.train INFO: Epoch[2] Iteration[60/159] total_loss: 7.470, reid_loss: 7.334, pc_loss: 0.137, Acc: 0.097, Base Lr: 7.28e-05
2026-05-03 07:04:07,272 PAT.train INFO: Epoch[2] Iteration[120/159] total_loss: 7.262, reid_loss: 7.162, pc_loss: 0.100, Acc: 0.107, Base Lr: 7.28e-05
2026-05-03 07:04:23,665 PAT.train INFO: Epoch 2 done. Time per batch: 0.439[s] Speed: 145.7[samples/s]
2026-05-03 07:04:51,039 PAT.train INFO: Epoch[3] Iteration[60/159] total_loss: 6.366, reid_loss: 6.350, pc_loss: 0.015, Acc: 0.122, Base Lr: 1.07e-04
2026-05-03 07:05:17,642 PAT.train INFO: Epoch[3] Iteration[120/159] total_loss: 6.194, reid_loss: 6.179, pc_loss: 0.015, Acc: 0.140, Base Lr: 1.07e-04
2026-05-03 07:05:33,916 PAT.train INFO: Epoch 3 done. Time per batch: 0.446[s] Speed: 143.4[samples/s]
2026-05-03 07:06:02,208 PAT.train INFO: Epoch[4] Iteration[60/159] total_loss: 5.472, reid_loss: 5.469, pc_loss: 0.004, Acc: 0.154, Base Lr: 1.42e-04
2026-05-03 07:06:28,981 PAT.train INFO: Epoch[4] Iteration[120/159] total_loss: 5.158, reid_loss: 5.154, pc_loss: 0.004, Acc: 0.196, Base Lr: 1.42e-04
2026-05-03 07:06:45,761 PAT.train INFO: Epoch 4 done. Time per batch: 0.457[s] Speed: 140.2[samples/s]
2026-05-03 07:07:15,547 PAT.train INFO: Epoch[5] Iteration[60/159] total_loss: 4.572, reid_loss: 4.560, pc_loss: 0.012, Acc: 0.245, Base Lr: 1.77e-04
2026-05-03 07:07:42,705 PAT.train INFO: Epoch[5] Iteration[120/159] total_loss: 4.297, reid_loss: 4.289, pc_loss: 0.008, Acc: 0.290, Base Lr: 1.77e-04
2026-05-03 07:07:59,794 PAT.train INFO: Epoch 5 done. Time per batch: 0.464[s] Speed: 137.9[samples/s]
2026-05-03 07:08:32,941 PAT.train INFO: Epoch[6] Iteration[60/159] total_loss: 3.807, reid_loss: 3.797, pc_loss: 0.010, Acc: 0.359, Base Lr: 2.11e-04
2026-05-03 07:08:59,289 PAT.train INFO: Epoch[6] Iteration[120/159] total_loss: 3.578, reid_loss: 3.566, pc_loss: 0.013, Acc: 0.413, Base Lr: 2.11e-04
2026-05-03 07:09:15,619 PAT.train INFO: Epoch 6 done. Time per batch: 0.456[s] Speed: 140.4[samples/s]
2026-05-03 07:09:48,064 PAT.train INFO: Epoch[7] Iteration[60/159] total_loss: 3.107, reid_loss: 3.024, pc_loss: 0.083, Acc: 0.506, Base Lr: 2.46e-04
2026-05-03 07:10:15,359 PAT.train INFO: Epoch[7] Iteration[120/159] total_loss: 2.997, reid_loss: 2.915, pc_loss: 0.083, Acc: 0.546, Base Lr: 2.46e-04
2026-05-03 07:10:32,593 PAT.train INFO: Epoch 7 done. Time per batch: 0.464[s] Speed: 137.9[samples/s]
2026-05-03 07:11:02,977 PAT.train INFO: Epoch[8] Iteration[60/159] total_loss: 2.554, reid_loss: 2.525, pc_loss: 0.030, Acc: 0.631, Base Lr: 2.81e-04
2026-05-03 07:11:29,482 PAT.train INFO: Epoch[8] Iteration[120/159] total_loss: 2.498, reid_loss: 2.473, pc_loss: 0.025, Acc: 0.652, Base Lr: 2.81e-04
2026-05-03 07:11:46,082 PAT.train INFO: Epoch 8 done. Time per batch: 0.467[s] Speed: 137.1[samples/s]
2026-05-03 07:12:13,866 PAT.train INFO: Epoch[9] Iteration[60/159] total_loss: 2.287, reid_loss: 2.247, pc_loss: 0.040, Acc: 0.718, Base Lr: 3.15e-04
2026-05-03 07:12:41,066 PAT.train INFO: Epoch[9] Iteration[120/159] total_loss: 2.240, reid_loss: 2.214, pc_loss: 0.026, Acc: 0.724, Base Lr: 3.15e-04
2026-05-03 07:12:57,477 PAT.train INFO: Epoch 9 done. Time per batch: 0.454[s] Speed: 141.1[samples/s]
2026-05-03 07:13:28,578 PAT.train INFO: Epoch[10] Iteration[60/159] total_loss: 2.216, reid_loss: 2.173, pc_loss: 0.043, Acc: 0.749, Base Lr: 3.44e-04
2026-05-03 07:13:56,401 PAT.train INFO: Epoch[10] Iteration[120/159] total_loss: 2.194, reid_loss: 2.156, pc_loss: 0.038, Acc: 0.756, Base Lr: 3.44e-04
2026-05-03 07:14:12,941 PAT.train INFO: Epoch 10 done. Time per batch: 0.463[s] Speed: 138.2[samples/s]
2026-05-03 07:14:40,317 PAT.train INFO: Epoch[11] Iteration[60/159] total_loss: 1.927, reid_loss: 1.907, pc_loss: 0.020, Acc: 0.804, Base Lr: 3.43e-04
2026-05-03 07:15:06,787 PAT.train INFO: Epoch[11] Iteration[120/159] total_loss: 1.912, reid_loss: 1.880, pc_loss: 0.032, Acc: 0.806, Base Lr: 3.43e-04
2026-05-03 07:15:23,115 PAT.train INFO: Epoch 11 done. Time per batch: 0.446[s] Speed: 143.5[samples/s]
2026-05-03 07:15:50,141 PAT.train INFO: Epoch[12] Iteration[60/159] total_loss: 1.762, reid_loss: 1.739, pc_loss: 0.023, Acc: 0.853, Base Lr: 3.41e-04
2026-05-03 07:16:16,492 PAT.train INFO: Epoch[12] Iteration[120/159] total_loss: 1.747, reid_loss: 1.732, pc_loss: 0.015, Acc: 0.855, Base Lr: 3.41e-04
2026-05-03 07:16:32,505 PAT.train INFO: Epoch 12 done. Time per batch: 0.444[s] Speed: 144.2[samples/s]
2026-05-03 07:16:59,886 PAT.train INFO: Epoch[13] Iteration[60/159] total_loss: 1.643, reid_loss: 1.625, pc_loss: 0.018, Acc: 0.882, Base Lr: 3.40e-04
2026-05-03 07:17:26,399 PAT.train INFO: Epoch[13] Iteration[120/159] total_loss: 1.648, reid_loss: 1.622, pc_loss: 0.026, Acc: 0.886, Base Lr: 3.40e-04
2026-05-03 07:17:42,963 PAT.train INFO: Epoch 13 done. Time per batch: 0.448[s] Speed: 143.0[samples/s]
2026-05-03 07:18:10,396 PAT.train INFO: Epoch[14] Iteration[60/159] total_loss: 1.692, reid_loss: 1.627, pc_loss: 0.065, Acc: 0.895, Base Lr: 3.38e-04
2026-05-03 07:18:37,421 PAT.train INFO: Epoch[14] Iteration[120/159] total_loss: 1.700, reid_loss: 1.634, pc_loss: 0.066, Acc: 0.898, Base Lr: 3.38e-04
2026-05-03 07:18:54,031 PAT.train INFO: Epoch 14 done. Time per batch: 0.451[s] Speed: 141.8[samples/s]
2026-05-03 07:19:25,869 PAT.train INFO: Epoch[15] Iteration[60/159] total_loss: 1.647, reid_loss: 1.583, pc_loss: 0.064, Acc: 0.909, Base Lr: 3.37e-04
2026-05-03 07:19:52,875 PAT.train INFO: Epoch[15] Iteration[120/159] total_loss: 1.651, reid_loss: 1.566, pc_loss: 0.084, Acc: 0.912, Base Lr: 3.37e-04
2026-05-03 07:20:09,746 PAT.train INFO: Epoch 15 done. Time per batch: 0.481[s] Speed: 133.0[samples/s]
2026-05-03 07:20:37,172 PAT.train INFO: Epoch[16] Iteration[60/159] total_loss: 1.656, reid_loss: 1.551, pc_loss: 0.105, Acc: 0.913, Base Lr: 3.35e-04
2026-05-03 07:21:05,088 PAT.train INFO: Epoch[16] Iteration[120/159] total_loss: 1.714, reid_loss: 1.574, pc_loss: 0.140, Acc: 0.909, Base Lr: 3.35e-04
2026-05-03 07:21:21,739 PAT.train INFO: Epoch 16 done. Time per batch: 0.457[s] Speed: 139.9[samples/s]
2026-05-03 07:21:51,496 PAT.train INFO: Epoch[17] Iteration[60/159] total_loss: 1.621, reid_loss: 1.549, pc_loss: 0.073, Acc: 0.920, Base Lr: 3.33e-04
2026-05-03 07:22:17,890 PAT.train INFO: Epoch[17] Iteration[120/159] total_loss: 1.611, reid_loss: 1.561, pc_loss: 0.049, Acc: 0.917, Base Lr: 3.33e-04
2026-05-03 07:22:34,577 PAT.train INFO: Epoch 17 done. Time per batch: 0.448[s] Speed: 142.9[samples/s]
2026-05-03 07:23:01,845 PAT.train INFO: Epoch[18] Iteration[60/159] total_loss: 1.506, reid_loss: 1.505, pc_loss: 0.001, Acc: 0.935, Base Lr: 3.31e-04
2026-05-03 07:23:28,490 PAT.train INFO: Epoch[18] Iteration[120/159] total_loss: 1.489, reid_loss: 1.487, pc_loss: 0.002, Acc: 0.934, Base Lr: 3.31e-04
2026-05-03 07:23:44,868 PAT.train INFO: Epoch 18 done. Time per batch: 0.447[s] Speed: 143.3[samples/s]
2026-05-03 07:24:16,249 PAT.train INFO: Epoch[19] Iteration[60/159] total_loss: 1.490, reid_loss: 1.483, pc_loss: 0.007, Acc: 0.942, Base Lr: 3.29e-04
2026-05-03 07:24:43,819 PAT.train INFO: Epoch[19] Iteration[120/159] total_loss: 1.465, reid_loss: 1.462, pc_loss: 0.004, Acc: 0.941, Base Lr: 3.29e-04
2026-05-03 07:25:00,521 PAT.train INFO: Epoch 19 done. Time per batch: 0.481[s] Speed: 133.1[samples/s]
2026-05-03 07:25:27,445 PAT.train INFO: Epoch[20] Iteration[60/159] total_loss: 1.446, reid_loss: 1.446, pc_loss: 0.000, Acc: 0.948, Base Lr: 3.27e-04
2026-05-03 07:25:53,990 PAT.train INFO: Epoch[20] Iteration[120/159] total_loss: 1.443, reid_loss: 1.443, pc_loss: 0.000, Acc: 0.949, Base Lr: 3.27e-04
2026-05-03 07:26:10,153 PAT.train INFO: Epoch 20 done. Time per batch: 0.445[s] Speed: 143.7[samples/s]
2026-05-03 07:26:10,154 PAT.test INFO: Enter inferencing
2026-05-03 07:26:27,399 PAT.test INFO: Validation Results 
2026-05-03 07:26:27,399 PAT.test INFO: mAP: 100.0%
2026-05-03 07:26:27,399 PAT.test INFO: CMC curve, Rank-1  :100.0%
2026-05-03 07:26:27,399 PAT.test INFO: CMC curve, Rank-5  :100.0%
2026-05-03 07:26:27,399 PAT.test INFO: CMC curve, Rank-10 :100.0%
2026-05-03 07:26:27,399 PAT.test INFO: total inference time: 17.24
2026-05-03 07:26:27,406 PAT.train INFO: =====best epoch: 20=====
2026-05-03 07:26:54,875 PAT.train INFO: Epoch[21] Iteration[60/159] total_loss: 1.418, reid_loss: 1.417, pc_loss: 0.001, Acc: 0.958, Base Lr: 3.24e-04
2026-05-03 07:27:21,182 PAT.train INFO: Epoch[21] Iteration[120/159] total_loss: 1.438, reid_loss: 1.437, pc_loss: 0.001, Acc: 0.954, Base Lr: 3.24e-04
2026-05-03 07:27:37,995 PAT.train INFO: Epoch 21 done. Time per batch: 0.446[s] Speed: 143.6[samples/s]
2026-05-03 07:28:07,435 PAT.train INFO: Epoch[22] Iteration[60/159] total_loss: 1.437, reid_loss: 1.436, pc_loss: 0.001, Acc: 0.952, Base Lr: 3.22e-04
2026-05-03 07:28:35,765 PAT.train INFO: Epoch[22] Iteration[120/159] total_loss: 1.448, reid_loss: 1.447, pc_loss: 0.001, Acc: 0.948, Base Lr: 3.22e-04
2026-05-03 07:28:53,317 PAT.train INFO: Epoch 22 done. Time per batch: 0.474[s] Speed: 134.9[samples/s]
2026-05-03 07:29:22,560 PAT.train INFO: Epoch[23] Iteration[60/159] total_loss: 1.413, reid_loss: 1.409, pc_loss: 0.003, Acc: 0.956, Base Lr: 3.19e-04
2026-05-03 07:29:50,541 PAT.train INFO: Epoch[23] Iteration[120/159] total_loss: 1.424, reid_loss: 1.421, pc_loss: 0.004, Acc: 0.955, Base Lr: 3.19e-04
2026-05-03 07:30:07,021 PAT.train INFO: Epoch 23 done. Time per batch: 0.471[s] Speed: 135.8[samples/s]
2026-05-03 07:30:35,552 PAT.train INFO: Epoch[24] Iteration[60/159] total_loss: 1.457, reid_loss: 1.449, pc_loss: 0.008, Acc: 0.957, Base Lr: 3.17e-04
2026-05-03 07:31:02,967 PAT.train INFO: Epoch[24] Iteration[120/159] total_loss: 1.464, reid_loss: 1.459, pc_loss: 0.005, Acc: 0.954, Base Lr: 3.17e-04
2026-05-03 07:31:19,926 PAT.train INFO: Epoch 24 done. Time per batch: 0.463[s] Speed: 138.2[samples/s]
2026-05-03 07:31:51,293 PAT.train INFO: Epoch[25] Iteration[60/159] total_loss: 1.499, reid_loss: 1.496, pc_loss: 0.003, Acc: 0.952, Base Lr: 3.14e-04
2026-05-03 07:32:19,342 PAT.train INFO: Epoch[25] Iteration[120/159] total_loss: 1.474, reid_loss: 1.472, pc_loss: 0.003, Acc: 0.953, Base Lr: 3.14e-04
2026-05-03 07:32:36,518 PAT.train INFO: Epoch 25 done. Time per batch: 0.487[s] Speed: 131.5[samples/s]
2026-05-03 07:33:05,514 PAT.train INFO: Epoch[26] Iteration[60/159] total_loss: 1.424, reid_loss: 1.421, pc_loss: 0.004, Acc: 0.957, Base Lr: 3.11e-04
2026-05-03 07:33:33,244 PAT.train INFO: Epoch[26] Iteration[120/159] total_loss: 1.424, reid_loss: 1.421, pc_loss: 0.003, Acc: 0.959, Base Lr: 3.11e-04
2026-05-03 07:33:50,631 PAT.train INFO: Epoch 26 done. Time per batch: 0.469[s] Speed: 136.3[samples/s]
2026-05-03 07:34:20,677 PAT.train INFO: Epoch[27] Iteration[60/159] total_loss: 1.432, reid_loss: 1.430, pc_loss: 0.003, Acc: 0.959, Base Lr: 3.08e-04
2026-05-03 07:34:48,258 PAT.train INFO: Epoch[27] Iteration[120/159] total_loss: 1.413, reid_loss: 1.410, pc_loss: 0.004, Acc: 0.963, Base Lr: 3.08e-04
2026-05-03 07:35:05,276 PAT.train INFO: Epoch 27 done. Time per batch: 0.473[s] Speed: 135.4[samples/s]
2026-05-03 07:35:38,782 PAT.train INFO: Epoch[28] Iteration[60/159] total_loss: 1.423, reid_loss: 1.419, pc_loss: 0.004, Acc: 0.955, Base Lr: 3.05e-04
2026-05-03 07:36:06,356 PAT.train INFO: Epoch[28] Iteration[120/159] total_loss: 1.394, reid_loss: 1.391, pc_loss: 0.003, Acc: 0.962, Base Lr: 3.05e-04
2026-05-03 07:36:23,696 PAT.train INFO: Epoch 28 done. Time per batch: 0.471[s] Speed: 135.8[samples/s]
2026-05-03 07:36:54,137 PAT.train INFO: Epoch[29] Iteration[60/159] total_loss: 1.383, reid_loss: 1.380, pc_loss: 0.003, Acc: 0.966, Base Lr: 3.02e-04
2026-05-03 07:37:21,591 PAT.train INFO: Epoch[29] Iteration[120/159] total_loss: 1.377, reid_loss: 1.373, pc_loss: 0.004, Acc: 0.967, Base Lr: 3.02e-04
2026-05-03 07:37:38,777 PAT.train INFO: Epoch 29 done. Time per batch: 0.471[s] Speed: 135.9[samples/s]
2026-05-03 07:38:12,031 PAT.train INFO: Epoch[30] Iteration[60/159] total_loss: 1.381, reid_loss: 1.377, pc_loss: 0.004, Acc: 0.967, Base Lr: 2.99e-04
2026-05-03 07:38:39,619 PAT.train INFO: Epoch[30] Iteration[120/159] total_loss: 1.401, reid_loss: 1.398, pc_loss: 0.003, Acc: 0.966, Base Lr: 2.99e-04
2026-05-03 07:38:57,412 PAT.train INFO: Epoch 30 done. Time per batch: 0.500[s] Speed: 128.1[samples/s]
2026-05-03 07:39:30,250 PAT.train INFO: Epoch[31] Iteration[60/159] total_loss: 1.430, reid_loss: 1.428, pc_loss: 0.002, Acc: 0.966, Base Lr: 2.96e-04
2026-05-03 07:39:56,661 PAT.train INFO: Epoch[31] Iteration[120/159] total_loss: 1.432, reid_loss: 1.430, pc_loss: 0.002, Acc: 0.962, Base Lr: 2.96e-04
2026-05-03 07:40:12,731 PAT.train INFO: Epoch 31 done. Time per batch: 0.453[s] Speed: 141.2[samples/s]
2026-05-03 07:40:44,244 PAT.train INFO: Epoch[32] Iteration[60/159] total_loss: 1.470, reid_loss: 1.465, pc_loss: 0.004, Acc: 0.949, Base Lr: 2.92e-04
2026-05-03 07:41:10,768 PAT.train INFO: Epoch[32] Iteration[120/159] total_loss: 1.445, reid_loss: 1.442, pc_loss: 0.004, Acc: 0.957, Base Lr: 2.92e-04
2026-05-03 07:41:27,428 PAT.train INFO: Epoch 32 done. Time per batch: 0.475[s] Speed: 134.8[samples/s]
2026-05-03 07:42:03,944 PAT.train INFO: Epoch[33] Iteration[60/159] total_loss: 1.385, reid_loss: 1.383, pc_loss: 0.002, Acc: 0.968, Base Lr: 2.89e-04
2026-05-03 07:42:30,610 PAT.train INFO: Epoch[33] Iteration[120/159] total_loss: 1.377, reid_loss: 1.376, pc_loss: 0.002, Acc: 0.968, Base Lr: 2.89e-04
2026-05-03 07:42:47,256 PAT.train INFO: Epoch 33 done. Time per batch: 0.482[s] Speed: 132.7[samples/s]
2026-05-03 07:43:17,916 PAT.train INFO: Epoch[34] Iteration[60/159] total_loss: 1.346, reid_loss: 1.345, pc_loss: 0.002, Acc: 0.976, Base Lr: 2.85e-04
2026-05-03 07:43:44,326 PAT.train INFO: Epoch[34] Iteration[120/159] total_loss: 1.337, reid_loss: 1.333, pc_loss: 0.004, Acc: 0.974, Base Lr: 2.85e-04
2026-05-03 07:44:00,835 PAT.train INFO: Epoch 34 done. Time per batch: 0.468[s] Speed: 136.9[samples/s]
2026-05-03 07:44:28,692 PAT.train INFO: Epoch[35] Iteration[60/159] total_loss: 1.953, reid_loss: 1.944, pc_loss: 0.009, Acc: 0.879, Base Lr: 2.82e-04
2026-05-03 07:44:55,483 PAT.train INFO: Epoch[35] Iteration[120/159] total_loss: 1.762, reid_loss: 1.756, pc_loss: 0.006, Acc: 0.911, Base Lr: 2.82e-04
2026-05-03 07:45:12,249 PAT.train INFO: Epoch 35 done. Time per batch: 0.457[s] Speed: 140.1[samples/s]
2026-05-03 07:45:41,836 PAT.train INFO: Epoch[36] Iteration[60/159] total_loss: 1.443, reid_loss: 1.440, pc_loss: 0.003, Acc: 0.956, Base Lr: 2.78e-04
2026-05-03 07:46:08,663 PAT.train INFO: Epoch[36] Iteration[120/159] total_loss: 1.425, reid_loss: 1.423, pc_loss: 0.002, Acc: 0.961, Base Lr: 2.78e-04
2026-05-03 07:46:25,358 PAT.train INFO: Epoch 36 done. Time per batch: 0.465[s] Speed: 137.8[samples/s]
2026-05-03 07:46:52,530 PAT.train INFO: Epoch[37] Iteration[60/159] total_loss: 1.354, reid_loss: 1.353, pc_loss: 0.001, Acc: 0.971, Base Lr: 2.74e-04
2026-05-03 07:47:18,313 PAT.train INFO: Epoch[37] Iteration[120/159] total_loss: 1.339, reid_loss: 1.338, pc_loss: 0.001, Acc: 0.976, Base Lr: 2.74e-04
2026-05-03 07:47:34,554 PAT.train INFO: Epoch 37 done. Time per batch: 0.440[s] Speed: 145.6[samples/s]
2026-05-03 07:48:02,438 PAT.train INFO: Epoch[38] Iteration[60/159] total_loss: 1.367, reid_loss: 1.366, pc_loss: 0.001, Acc: 0.974, Base Lr: 2.70e-04
2026-05-03 07:48:29,693 PAT.train INFO: Epoch[38] Iteration[120/159] total_loss: 1.340, reid_loss: 1.339, pc_loss: 0.001, Acc: 0.978, Base Lr: 2.70e-04
2026-05-03 07:48:46,450 PAT.train INFO: Epoch 38 done. Time per batch: 0.457[s] Speed: 140.1[samples/s]
2026-05-03 07:49:13,934 PAT.train INFO: Epoch[39] Iteration[60/159] total_loss: 1.285, reid_loss: 1.285, pc_loss: 0.001, Acc: 0.981, Base Lr: 2.67e-04
2026-05-03 07:49:40,236 PAT.train INFO: Epoch[39] Iteration[120/159] total_loss: 1.284, reid_loss: 1.283, pc_loss: 0.001, Acc: 0.983, Base Lr: 2.67e-04
2026-05-03 07:49:56,101 PAT.train INFO: Epoch 39 done. Time per batch: 0.445[s] Speed: 143.7[samples/s]
2026-05-03 07:50:23,210 PAT.train INFO: Epoch[40] Iteration[60/159] total_loss: 1.288, reid_loss: 1.288, pc_loss: 0.000, Acc: 0.982, Base Lr: 2.63e-04
2026-05-03 07:50:49,577 PAT.train INFO: Epoch[40] Iteration[120/159] total_loss: 1.279, reid_loss: 1.279, pc_loss: 0.001, Acc: 0.982, Base Lr: 2.63e-04
2026-05-03 07:51:05,991 PAT.train INFO: Epoch 40 done. Time per batch: 0.444[s] Speed: 144.1[samples/s]
2026-05-03 07:51:05,994 PAT.test INFO: Enter inferencing
2026-05-03 07:51:17,827 PAT.test INFO: Validation Results 
2026-05-03 07:51:17,827 PAT.test INFO: mAP: 100.0%
2026-05-03 07:51:17,827 PAT.test INFO: CMC curve, Rank-1  :100.0%
2026-05-03 07:51:17,827 PAT.test INFO: CMC curve, Rank-5  :100.0%
2026-05-03 07:51:17,827 PAT.test INFO: CMC curve, Rank-10 :100.0%
2026-05-03 07:51:17,827 PAT.test INFO: total inference time: 11.83
2026-05-03 07:51:46,376 PAT.train INFO: Epoch[41] Iteration[60/159] total_loss: 1.253, reid_loss: 1.252, pc_loss: 0.001, Acc: 0.990, Base Lr: 2.59e-04
2026-05-03 07:52:13,064 PAT.train INFO: Epoch[41] Iteration[120/159] total_loss: 1.242, reid_loss: 1.242, pc_loss: 0.001, Acc: 0.989, Base Lr: 2.59e-04
2026-05-03 07:52:29,736 PAT.train INFO: Epoch 41 done. Time per batch: 0.453[s] Speed: 141.3[samples/s]
2026-05-03 07:52:57,415 PAT.train INFO: Epoch[42] Iteration[60/159] total_loss: 1.276, reid_loss: 1.275, pc_loss: 0.001, Acc: 0.983, Base Lr: 2.55e-04
2026-05-03 07:53:24,329 PAT.train INFO: Epoch[42] Iteration[120/159] total_loss: 1.277, reid_loss: 1.277, pc_loss: 0.001, Acc: 0.983, Base Lr: 2.55e-04
2026-05-03 07:53:40,696 PAT.train INFO: Epoch 42 done. Time per batch: 0.451[s] Speed: 141.9[samples/s]
2026-05-03 07:54:09,223 PAT.train INFO: Epoch[43] Iteration[60/159] total_loss: 1.224, reid_loss: 1.223, pc_loss: 0.001, Acc: 0.995, Base Lr: 2.51e-04
2026-05-03 07:54:36,906 PAT.train INFO: Epoch[43] Iteration[120/159] total_loss: 1.232, reid_loss: 1.231, pc_loss: 0.001, Acc: 0.990, Base Lr: 2.51e-04
2026-05-03 07:54:53,959 PAT.train INFO: Epoch 43 done. Time per batch: 0.464[s] Speed: 137.9[samples/s]
2026-05-03 07:55:22,769 PAT.train INFO: Epoch[44] Iteration[60/159] total_loss: 1.270, reid_loss: 1.269, pc_loss: 0.000, Acc: 0.984, Base Lr: 2.46e-04
2026-05-03 07:55:49,160 PAT.train INFO: Epoch[44] Iteration[120/159] total_loss: 1.262, reid_loss: 1.260, pc_loss: 0.002, Acc: 0.987, Base Lr: 2.46e-04
2026-05-03 07:56:05,381 PAT.train INFO: Epoch 44 done. Time per batch: 0.448[s] Speed: 142.8[samples/s]
2026-05-03 07:56:32,902 PAT.train INFO: Epoch[45] Iteration[60/159] total_loss: 1.240, reid_loss: 1.240, pc_loss: 0.001, Acc: 0.991, Base Lr: 2.42e-04
2026-05-03 07:56:59,527 PAT.train INFO: Epoch[45] Iteration[120/159] total_loss: 1.238, reid_loss: 1.237, pc_loss: 0.002, Acc: 0.991, Base Lr: 2.42e-04
2026-05-03 07:57:16,298 PAT.train INFO: Epoch 45 done. Time per batch: 0.451[s] Speed: 142.0[samples/s]
2026-05-03 07:57:45,215 PAT.train INFO: Epoch[46] Iteration[60/159] total_loss: 1.263, reid_loss: 1.260, pc_loss: 0.003, Acc: 0.988, Base Lr: 2.38e-04
2026-05-03 07:58:12,055 PAT.train INFO: Epoch[46] Iteration[120/159] total_loss: 1.265, reid_loss: 1.263, pc_loss: 0.002, Acc: 0.988, Base Lr: 2.38e-04
2026-05-03 07:58:28,458 PAT.train INFO: Epoch 46 done. Time per batch: 0.453[s] Speed: 141.3[samples/s]
2026-05-03 07:58:56,050 PAT.train INFO: Epoch[47] Iteration[60/159] total_loss: 1.256, reid_loss: 1.253, pc_loss: 0.003, Acc: 0.986, Base Lr: 2.34e-04
2026-05-03 07:59:22,417 PAT.train INFO: Epoch[47] Iteration[120/159] total_loss: 1.267, reid_loss: 1.265, pc_loss: 0.002, Acc: 0.988, Base Lr: 2.34e-04
2026-05-03 07:59:38,754 PAT.train INFO: Epoch 47 done. Time per batch: 0.447[s] Speed: 143.3[samples/s]
2026-05-03 08:00:07,955 PAT.train INFO: Epoch[48] Iteration[60/159] total_loss: 1.276, reid_loss: 1.275, pc_loss: 0.001, Acc: 0.984, Base Lr: 2.29e-04
2026-05-03 08:00:34,462 PAT.train INFO: Epoch[48] Iteration[120/159] total_loss: 1.266, reid_loss: 1.265, pc_loss: 0.002, Acc: 0.986, Base Lr: 2.29e-04
2026-05-03 08:00:51,013 PAT.train INFO: Epoch 48 done. Time per batch: 0.455[s] Speed: 140.8[samples/s]
2026-05-03 08:01:21,626 PAT.train INFO: Epoch[49] Iteration[60/159] total_loss: 1.275, reid_loss: 1.272, pc_loss: 0.003, Acc: 0.986, Base Lr: 2.25e-04
2026-05-03 08:01:48,880 PAT.train INFO: Epoch[49] Iteration[120/159] total_loss: 1.279, reid_loss: 1.277, pc_loss: 0.002, Acc: 0.988, Base Lr: 2.25e-04
2026-05-03 08:02:05,605 PAT.train INFO: Epoch 49 done. Time per batch: 0.474[s] Speed: 135.0[samples/s]
2026-05-03 08:02:33,128 PAT.train INFO: Epoch[50] Iteration[60/159] total_loss: 1.295, reid_loss: 1.294, pc_loss: 0.001, Acc: 0.986, Base Lr: 2.21e-04
2026-05-03 08:02:59,981 PAT.train INFO: Epoch[50] Iteration[120/159] total_loss: 1.294, reid_loss: 1.293, pc_loss: 0.001, Acc: 0.985, Base Lr: 2.21e-04
2026-05-03 08:03:16,650 PAT.train INFO: Epoch 50 done. Time per batch: 0.454[s] Speed: 140.9[samples/s]
2026-05-03 08:03:46,472 PAT.train INFO: Epoch[51] Iteration[60/159] total_loss: 1.266, reid_loss: 1.265, pc_loss: 0.001, Acc: 0.988, Base Lr: 2.16e-04
2026-05-03 08:04:13,117 PAT.train INFO: Epoch[51] Iteration[120/159] total_loss: 1.267, reid_loss: 1.264, pc_loss: 0.003, Acc: 0.986, Base Lr: 2.16e-04
2026-05-03 08:04:29,795 PAT.train INFO: Epoch 51 done. Time per batch: 0.449[s] Speed: 142.7[samples/s]
2026-05-03 08:04:57,713 PAT.train INFO: Epoch[52] Iteration[60/159] total_loss: 1.262, reid_loss: 1.261, pc_loss: 0.001, Acc: 0.988, Base Lr: 2.12e-04
2026-05-03 08:05:24,337 PAT.train INFO: Epoch[52] Iteration[120/159] total_loss: 1.254, reid_loss: 1.253, pc_loss: 0.001, Acc: 0.988, Base Lr: 2.12e-04
2026-05-03 08:05:40,965 PAT.train INFO: Epoch 52 done. Time per batch: 0.452[s] Speed: 141.5[samples/s]
2026-05-03 08:06:08,355 PAT.train INFO: Epoch[53] Iteration[60/159] total_loss: 1.248, reid_loss: 1.247, pc_loss: 0.001, Acc: 0.985, Base Lr: 2.07e-04
2026-05-03 08:06:34,713 PAT.train INFO: Epoch[53] Iteration[120/159] total_loss: 1.231, reid_loss: 1.229, pc_loss: 0.001, Acc: 0.989, Base Lr: 2.07e-04
2026-05-03 08:06:51,079 PAT.train INFO: Epoch 53 done. Time per batch: 0.445[s] Speed: 143.7[samples/s]
2026-05-03 08:07:18,964 PAT.train INFO: Epoch[54] Iteration[60/159] total_loss: 1.215, reid_loss: 1.212, pc_loss: 0.002, Acc: 0.990, Base Lr: 2.03e-04
2026-05-03 08:07:45,618 PAT.train INFO: Epoch[54] Iteration[120/159] total_loss: 1.215, reid_loss: 1.213, pc_loss: 0.002, Acc: 0.992, Base Lr: 2.03e-04
2026-05-03 08:08:02,287 PAT.train INFO: Epoch 54 done. Time per batch: 0.452[s] Speed: 141.5[samples/s]
2026-05-03 08:08:29,826 PAT.train INFO: Epoch[55] Iteration[60/159] total_loss: 1.210, reid_loss: 1.210, pc_loss: 0.000, Acc: 0.992, Base Lr: 1.98e-04
2026-05-03 08:08:56,412 PAT.train INFO: Epoch[55] Iteration[120/159] total_loss: 1.207, reid_loss: 1.207, pc_loss: 0.000, Acc: 0.993, Base Lr: 1.98e-04
2026-05-03 08:09:13,088 PAT.train INFO: Epoch 55 done. Time per batch: 0.450[s] Speed: 142.3[samples/s]
2026-05-03 08:09:44,418 PAT.train INFO: Epoch[56] Iteration[60/159] total_loss: 1.198, reid_loss: 1.198, pc_loss: 0.000, Acc: 0.992, Base Lr: 1.94e-04
2026-05-03 08:10:11,088 PAT.train INFO: Epoch[56] Iteration[120/159] total_loss: 1.207, reid_loss: 1.207, pc_loss: 0.000, Acc: 0.992, Base Lr: 1.94e-04
2026-05-03 08:10:27,757 PAT.train INFO: Epoch 56 done. Time per batch: 0.475[s] Speed: 134.9[samples/s]
2026-05-03 08:10:55,202 PAT.train INFO: Epoch[57] Iteration[60/159] total_loss: 1.231, reid_loss: 1.231, pc_loss: 0.001, Acc: 0.991, Base Lr: 1.89e-04
2026-05-03 08:11:21,880 PAT.train INFO: Epoch[57] Iteration[120/159] total_loss: 1.226, reid_loss: 1.226, pc_loss: 0.001, Acc: 0.991, Base Lr: 1.89e-04
2026-05-03 08:11:38,185 PAT.train INFO: Epoch 57 done. Time per batch: 0.447[s] Speed: 143.0[samples/s]
2026-05-03 08:12:07,432 PAT.train INFO: Epoch[58] Iteration[60/159] total_loss: 1.222, reid_loss: 1.221, pc_loss: 0.001, Acc: 0.992, Base Lr: 1.84e-04
2026-05-03 08:12:33,235 PAT.train INFO: Epoch[58] Iteration[120/159] total_loss: 1.209, reid_loss: 1.208, pc_loss: 0.001, Acc: 0.993, Base Lr: 1.84e-04
2026-05-03 08:12:49,539 PAT.train INFO: Epoch 58 done. Time per batch: 0.437[s] Speed: 146.5[samples/s]
2026-05-03 08:13:16,487 PAT.train INFO: Epoch[59] Iteration[60/159] total_loss: 1.192, reid_loss: 1.192, pc_loss: 0.000, Acc: 0.989, Base Lr: 1.80e-04
2026-05-03 08:13:42,570 PAT.train INFO: Epoch[59] Iteration[120/159] total_loss: 1.188, reid_loss: 1.188, pc_loss: 0.000, Acc: 0.990, Base Lr: 1.80e-04
2026-05-03 08:13:58,415 PAT.train INFO: Epoch 59 done. Time per batch: 0.440[s] Speed: 145.3[samples/s]
2026-05-03 08:14:26,322 PAT.train INFO: Epoch[60] Iteration[60/159] total_loss: 1.205, reid_loss: 1.204, pc_loss: 0.001, Acc: 0.997, Base Lr: 1.75e-04
2026-05-03 08:14:53,360 PAT.train INFO: Epoch[60] Iteration[120/159] total_loss: 1.193, reid_loss: 1.191, pc_loss: 0.001, Acc: 0.997, Base Lr: 1.75e-04
2026-05-03 08:15:10,342 PAT.train INFO: Epoch 60 done. Time per batch: 0.457[s] Speed: 140.0[samples/s]
2026-05-03 08:15:10,343 PAT.test INFO: Enter inferencing
2026-05-03 08:15:22,430 PAT.test INFO: Validation Results 
2026-05-03 08:15:22,431 PAT.test INFO: mAP: 100.0%
2026-05-03 08:15:22,431 PAT.test INFO: CMC curve, Rank-1  :100.0%
2026-05-03 08:15:22,431 PAT.test INFO: CMC curve, Rank-5  :100.0%
2026-05-03 08:15:22,431 PAT.test INFO: CMC curve, Rank-10 :100.0%
2026-05-03 08:15:22,431 PAT.test INFO: total inference time: 12.08
using Transformer_type: part token vit as a backbone
using stride: [16, 16], and patch number is num_y16 * num_x8
using drop_out rate is : 0.0
using attn_drop_out rate is : 0.0
using drop_path rate is : 0.1
Resized position embedding from size:torch.Size([1, 197, 1024]) to size: torch.Size([1, 132, 1024]) with height:16 width: 8
Load 297 / 299 layers.
Loading pretrained ImageNet model......from /workspace/miuam_challenge_diff/pretrained/jx_vit_large_p16_224-4ee7a4dc.pth
/workspace/miuam_challenge_diff/.venv/lib/python3.10/site-packages/torch/nn/init.py:412: UserWarning: Initializing zero-element tensors is a no-op
  warnings.warn("Initializing zero-element tensors is a no-op")
===========building our part attention vit===========
2026-05-03 08:15:31,250 PAT.train INFO: Number of parameter: 304.27M
Loading trained model from models/./model_vitlarge_256x128_60ep_seed2100/part_attention_vit_20.pth
load weights from part_attention_vit_20.pth
2026-05-03 08:15:32,056 PAT INFO: => Loaded UrbanElementsReID_test
2026-05-03 08:15:32,056 PAT INFO:   ----------------------------------------
2026-05-03 08:15:32,056 PAT INFO:   subset   | # ids | # images | # cameras
2026-05-03 08:15:32,056 PAT INFO:   ----------------------------------------
2026-05-03 08:15:32,056 PAT INFO:   query    |     1 |      928 |         1
2026-05-03 08:15:32,056 PAT INFO:   gallery  |     1 |     2844 |         3
2026-05-03 08:15:32,056 PAT INFO:   ----------------------------------------
2026-05-03 08:15:32,056 PAT.test INFO: Enter inferencing
2026-05-03 08:15:44,012 PAT.test INFO: Validation Results 
2026-05-03 08:15:44,013 PAT.test INFO: mAP: 100.0%
2026-05-03 08:15:44,013 PAT.test INFO: CMC curve, Rank-1  :100.0%
2026-05-03 08:15:44,013 PAT.test INFO: CMC curve, Rank-5  :100.0%
2026-05-03 08:15:44,013 PAT.test INFO: CMC curve, Rank-10 :100.0%
2026-05-03 08:15:44,013 PAT.test INFO: total inference time: 11.71
saving final checkpoint (best epoch re-saved, per-epoch checkpoints retained).
done!
