2026-05-03 14:48:41,935 PAT INFO: Saving model to: models/./model_vitlarge_camadv_merged_heavyaug_seed2500
2026-05-03 14:48:41,935 PAT INFO: Namespace(config_file='config/UrbanElementsReID_train_camadv_merged_heavyaug.yml', opts=[], local_rank=0)
2026-05-03 14:48:41,936 PAT INFO: Loaded configuration file config/UrbanElementsReID_train_camadv_merged_heavyaug.yml
2026-05-03 14:48:41,936 PAT INFO: 
MODEL:
  PRETRAIN_CHOICE: 'imagenet'
  PRETRAIN_PATH: '/workspace/miuam_challenge_diff/pretrained'
  IF_LABELSMOOTH: 'on'
  IF_WITH_CENTER: 'no'
  NAME: 'part_attention_vit'
  NO_MARGIN: True
  DEVICE_ID: ('0')
  TRANSFORMER_TYPE: 'vit_large_patch16_224_TransReID'
  STRIDE_SIZE: [16, 16]
  CAM_ADV: True
  NUM_CAMERAS: 4
  CAM_ADV_LAMBDA: 0.1
  CAM_ADV_WEIGHT: 1.0

INPUT:
  SIZE_TRAIN: [256, 128]
  SIZE_TEST: [256, 128]
  PIXEL_MEAN: [0.5, 0.5, 0.5]
  PIXEL_STD: [0.5, 0.5, 0.5]
  DO_FLIP: False           # directional traffic signs — no h-flip
  DO_PAD: True             # padding+random-crop preserved
  PADDING: 10
  # Heavy aug suite (paper's data-centric recipe):
  CJ:
    ENABLED: True
    PROB: 0.5
    BRIGHTNESS: 0.3
    CONTRAST: 0.3
    SATURATION: 0.3
    HUE: 0.1
  REA:
    ENABLED: True
    PROB: 0.5
    MEAN: [123.675, 116.28, 103.53]
  LGT:
    DO_LGT: True
    PROB: 0.5
  PERSPECTIVE:
    ENABLED: True
    PROB: 0.5
    DISTORTION: 0.2        # mild perspective distortion
  ROTATION:
    ENABLED: True
    PROB: 0.5
    DEGREES: 10            # ±10° small rotation

DATASETS:
  TRAIN: ('UrbanElementsReID',)
  TEST: ('UrbanElementsReID_test',)
  ROOT_DIR: '/workspace/Urban2026_merged/'

DATALOADER:
  SAMPLER: 'softmax_triplet'
  NUM_INSTANCE: 4
  NUM_WORKERS: 8           # process-limit safe (per §77)

SOLVER:
  OPTIMIZER_NAME: 'Adam'
  MAX_EPOCHS: 60
  BASE_LR: 0.00035
  WARMUP_METHOD: 'linear'
  WARMUP_EPOCHS: 10
  WARMUP_FACTOR: 0.01
  IMS_PER_BATCH: 64
  LARGE_FC_LR: False
  CHECKPOINT_PERIOD: 20    # save ep30 + ep60 only — disk discipline
  LOG_PERIOD: 60
  EVAL_PERIOD: 20
  WEIGHT_DECAY: 1e-4
  WEIGHT_DECAY_BIAS: 1e-4
  BIAS_LR_FACTOR: 2
  SEED: 2500
  GRAD_CLIP: 1.0

TEST:
  EVAL: True
  IMS_PER_BATCH: 64
  RE_RANKING: False
  WEIGHT: ''
  NECK_FEAT: 'before'
  FEAT_NORM: True

LOG_ROOT: 'models/'
TB_LOG_ROOT: './tb_log/'
LOG_NAME: './model_vitlarge_camadv_merged_heavyaug_seed2500'

2026-05-03 14:48:41,936 PAT INFO: Running with config:
DATALOADER:
  CAMERA_TO_DOMAIN: False
  DELETE_REM: False
  DROP_LAST: False
  INDIVIDUAL: False
  NAIVE_WAY: True
  NUM_INSTANCE: 4
  NUM_WORKERS: 8
  SAMPLER: softmax_triplet
DATASETS:
  COMBINEALL: False
  ROOT_DIR: /workspace/Urban2026_merged/
  TEST: ('UrbanElementsReID_test',)
  TRAIN: ('UrbanElementsReID',)
INPUT:
  CJ:
    BRIGHTNESS: 0.3
    CONTRAST: 0.3
    ENABLED: True
    HUE: 0.1
    PROB: 0.5
    SATURATION: 0.3
  DO_AUGMIX: False
  DO_AUTOAUG: False
  DO_FLIP: False
  DO_PAD: True
  FLIP_PROB: 0.5
  LGT:
    DO_LGT: True
    PROB: 0.5
  PADDING: 10
  PADDING_MODE: constant
  PERSPECTIVE:
    DISTORTION: 0.2
    ENABLED: True
    PROB: 0.5
  PIXEL_MEAN: [0.5, 0.5, 0.5]
  PIXEL_STD: [0.5, 0.5, 0.5]
  REA:
    ENABLED: True
    MEAN: [123.675, 116.28, 103.53]
    PROB: 0.5
  ROTATION:
    DEGREES: 10
    ENABLED: True
    PROB: 0.5
  RPT:
    ENABLED: False
    PROB: 0.5
  SIZE_TEST: [256, 128]
  SIZE_TRAIN: [256, 128]
LOG_NAME: ./model_vitlarge_camadv_merged_heavyaug_seed2500
LOG_ROOT: models/
MODEL:
  ARCFACE_M: 0.5
  ARCFACE_S: 64.0
  ATT_DROP_RATE: 0.0
  AUX_LOSS_WEIGHT: 0.1
  CAM_ADV: True
  CAM_ADV_LAMBDA: 0.1
  CAM_ADV_WEIGHT: 1.0
  CIRCLE_GAMMA: 256.0
  CIRCLE_MARGIN: 0.25
  CLUSTER_K: 10
  COS_LAYER: False
  DEEP_SUP: False
  DEVICE: cuda
  DEVICE_ID: 0
  DIST_TRAIN: False
  DROP_OUT: 0.0
  DROP_PATH: 0.1
  FINETUNE_FROM: 
  FREEZE_PATCH_EMBED: True
  ID_LOSS_TYPE: softmax
  ID_LOSS_WEIGHT: 1.0
  IF_LABELSMOOTH: on
  IF_WITH_CENTER: no
  LAST_STRIDE: 1
  METRIC_LOSS_TYPE: triplet
  NAME: part_attention_vit
  NECK: bnneck
  NO_MARGIN: True
  NUM_AUX_LAYERS: 5
  NUM_CAMERAS: 4
  PATCH_EMBED_TYPE: 
  PC_LOSS: True
  PC_LR: 1.0
  PC_SCALE: 0.02
  PRETRAIN_CHOICE: imagenet
  PRETRAIN_PATH: /workspace/miuam_challenge_diff/pretrained
  SOFT_LABEL: True
  SOFT_LAMBDA: 0.5
  SOFT_WEIGHT: 0.5
  STRIDE_SIZE: [16, 16]
  TRANSFORMER_TYPE: vit_large_patch16_224_TransReID
  TRIPLET_LOSS_WEIGHT: 1.0
SOLVER:
  BASE_LR: 0.00035
  BIAS_LR_FACTOR: 2
  CENTER_LOSS_WEIGHT: 0.0005
  CENTER_LR: 0.5
  CHECKPOINT_PERIOD: 20
  COSINE_MARGIN: 0.5
  COSINE_SCALE: 30
  EMA_DECAY: 0.0
  EVAL_PERIOD: 20
  GAMMA: 0.1
  GRAD_CLIP: 1.0
  IMS_PER_BATCH: 64
  LARGE_FC_LR: False
  LOG_PERIOD: 60
  MARGIN: 0.3
  MAX_EPOCHS: 60
  MOMENTUM: 0.9
  OPTIMIZER_NAME: Adam
  SEED: 2500
  STEPS: (40, 70)
  WARMUP_EPOCHS: 10
  WARMUP_FACTOR: 0.01
  WARMUP_METHOD: linear
  WEIGHT_DECAY: 0.0001
  WEIGHT_DECAY_BIAS: 0.0001
TB_LOG_ROOT: ./tb_log/
TEST:
  DIST_MAT: dist_mat.npy
  EVAL: True
  FEAT_NORM: True
  IMS_PER_BATCH: 64
  NECK_FEAT: before
  RE_RANKING: False
  WEIGHT: 
2026-05-03 14:48:42,369 PAT INFO: => Loaded UrbanElementsReID
2026-05-03 14:48:42,369 PAT INFO:   ----------------------------------------
2026-05-03 14:48:42,369 PAT INFO:   subset   | # ids | # images | # cameras
2026-05-03 14:48:42,369 PAT INFO:   ----------------------------------------
2026-05-03 14:48:42,369 PAT INFO:   train    |  1567 |    17562 |         4
2026-05-03 14:48:42,369 PAT INFO:   ----------------------------------------
2026-05-03 14:48:42,523 PAT INFO: => Loaded UrbanElementsReID_test
2026-05-03 14:48:42,523 PAT INFO:   ----------------------------------------
2026-05-03 14:48:42,523 PAT INFO:   subset   | # ids | # images | # cameras
2026-05-03 14:48:42,523 PAT INFO:   ----------------------------------------
2026-05-03 14:48:42,523 PAT INFO:   query    |     1 |      928 |         1
2026-05-03 14:48:42,523 PAT INFO:   gallery  |     1 |     2844 |         3
2026-05-03 14:48:42,523 PAT INFO:   ----------------------------------------
using Transformer_type: part token vit as a backbone
using stride: [16, 16], and patch number is num_y16 * num_x8
using drop_out rate is : 0.0
using attn_drop_out rate is : 0.0
using drop_path rate is : 0.1
Resized position embedding from size:torch.Size([1, 197, 1024]) to size: torch.Size([1, 132, 1024]) with height:16 width: 8
Load 297 / 299 layers.
Loading pretrained ImageNet model......from /workspace/miuam_challenge_diff/pretrained/jx_vit_large_p16_224-4ee7a4dc.pth
camera-adversarial ON: classifier over 4 cams, GRL lambda=0.1
===========building our part attention vit===========
2026-05-03 14:48:50,257 PAT.train INFO: Number of parameter: 305.87M
====== freeze patch_embed for stability ======
using soft triplet loss for training
label smooth on, numclasses: 1567
======== using soft label ========
2026-05-03 14:48:50,543 PAT.train INFO: start training
saving tblog to ./tb_log/./model_vitlarge_camadv_merged_heavyaug_seed2500
initialize the centers
initialization done
/workspace/miuam_challenge_diff/loss/myloss.py:29: UserWarning: This overload of addmm_ is deprecated:
	addmm_(Number beta, Number alpha, Tensor mat1, Tensor mat2)
Consider using one of the following signatures instead:
	addmm_(Tensor mat1, Tensor mat2, *, Number beta, Number alpha) (Triggered internally at ../torch/csrc/utils/python_arg_parser.cpp:1519.)
  dist_map.addmm_(1, -2, part_feat, part_centers.t())
2026-05-03 14:50:32,731 PAT.train INFO:   [grad_norm pre-clip: 10.769 / clip_max: 1.0]
2026-05-03 14:50:32,732 PAT.train INFO: Epoch[1] Iteration[60/249] total_loss: 11.448, reid_loss: 10.802, pc_loss: 0.646, Acc: 0.007, Base Lr: 3.81e-05
2026-05-03 14:51:03,162 PAT.train INFO:   [grad_norm pre-clip: 8.817 / clip_max: 1.0]
2026-05-03 14:51:03,163 PAT.train INFO: Epoch[1] Iteration[120/249] total_loss: 10.889, reid_loss: 10.384, pc_loss: 0.505, Acc: 0.022, Base Lr: 3.81e-05
2026-05-03 14:51:35,677 PAT.train INFO:   [grad_norm pre-clip: 6.753 / clip_max: 1.0]
2026-05-03 14:51:35,677 PAT.train INFO: Epoch[1] Iteration[180/249] total_loss: 10.489, reid_loss: 10.104, pc_loss: 0.385, Acc: 0.040, Base Lr: 3.81e-05
2026-05-03 14:52:07,363 PAT.train INFO:   [grad_norm pre-clip: 6.820 / clip_max: 1.0]
2026-05-03 14:52:07,364 PAT.train INFO: Epoch[1] Iteration[240/249] total_loss: 10.222, reid_loss: 9.903, pc_loss: 0.319, Acc: 0.058, Base Lr: 3.81e-05
2026-05-03 14:52:10,095 PAT.train INFO: Epoch 1 done. Time per batch: 0.521[s] Speed: 122.8[samples/s]
2026-05-03 14:52:43,315 PAT.train INFO:   [grad_norm pre-clip: 7.836 / clip_max: 1.0]
2026-05-03 14:52:43,316 PAT.train INFO: Epoch[2] Iteration[60/249] total_loss: 9.323, reid_loss: 9.274, pc_loss: 0.049, Acc: 0.070, Base Lr: 7.28e-05
2026-05-03 14:53:14,486 PAT.train INFO:   [grad_norm pre-clip: 6.886 / clip_max: 1.0]
2026-05-03 14:53:14,486 PAT.train INFO: Epoch[2] Iteration[120/249] total_loss: 9.101, reid_loss: 9.064, pc_loss: 0.037, Acc: 0.069, Base Lr: 7.28e-05
2026-05-03 14:53:45,758 PAT.train INFO:   [grad_norm pre-clip: 6.787 / clip_max: 1.0]
2026-05-03 14:53:45,759 PAT.train INFO: Epoch[2] Iteration[180/249] total_loss: 8.951, reid_loss: 8.922, pc_loss: 0.029, Acc: 0.066, Base Lr: 7.28e-05
2026-05-03 14:54:16,898 PAT.train INFO:   [grad_norm pre-clip: 7.326 / clip_max: 1.0]
2026-05-03 14:54:16,899 PAT.train INFO: Epoch[2] Iteration[240/249] total_loss: 8.778, reid_loss: 8.752, pc_loss: 0.025, Acc: 0.071, Base Lr: 7.28e-05
2026-05-03 14:54:20,192 PAT.train INFO: Epoch 2 done. Time per batch: 0.528[s] Speed: 121.2[samples/s]
2026-05-03 14:54:53,730 PAT.train INFO:   [grad_norm pre-clip: 6.982 / clip_max: 1.0]
2026-05-03 14:54:53,730 PAT.train INFO: Epoch[3] Iteration[60/249] total_loss: 8.218, reid_loss: 8.206, pc_loss: 0.012, Acc: 0.071, Base Lr: 1.07e-04
2026-05-03 14:55:26,103 PAT.train INFO:   [grad_norm pre-clip: 7.138 / clip_max: 1.0]
2026-05-03 14:55:26,104 PAT.train INFO: Epoch[3] Iteration[120/249] total_loss: 8.081, reid_loss: 8.071, pc_loss: 0.009, Acc: 0.074, Base Lr: 1.07e-04
2026-05-03 14:55:57,349 PAT.train INFO:   [grad_norm pre-clip: 7.206 / clip_max: 1.0]
2026-05-03 14:55:57,349 PAT.train INFO: Epoch[3] Iteration[180/249] total_loss: 7.957, reid_loss: 7.946, pc_loss: 0.010, Acc: 0.080, Base Lr: 1.07e-04
2026-05-03 14:56:28,465 PAT.train INFO:   [grad_norm pre-clip: 7.308 / clip_max: 1.0]
2026-05-03 14:56:28,465 PAT.train INFO: Epoch[3] Iteration[240/249] total_loss: 7.739, reid_loss: 7.731, pc_loss: 0.008, Acc: 0.102, Base Lr: 1.07e-04
2026-05-03 14:56:30,106 PAT.train INFO: Epoch 3 done. Time per batch: 0.534[s] Speed: 119.9[samples/s]
2026-05-03 14:57:09,814 PAT.train INFO:   [grad_norm pre-clip: 7.451 / clip_max: 1.0]
2026-05-03 14:57:09,815 PAT.train INFO: Epoch[4] Iteration[60/249] total_loss: 7.401, reid_loss: 7.396, pc_loss: 0.005, Acc: 0.104, Base Lr: 1.42e-04
2026-05-03 14:57:42,607 PAT.train INFO:   [grad_norm pre-clip: 7.226 / clip_max: 1.0]
2026-05-03 14:57:42,608 PAT.train INFO: Epoch[4] Iteration[120/249] total_loss: 7.285, reid_loss: 7.281, pc_loss: 0.004, Acc: 0.115, Base Lr: 1.42e-04
2026-05-03 14:58:15,502 PAT.train INFO:   [grad_norm pre-clip: 7.193 / clip_max: 1.0]
2026-05-03 14:58:15,502 PAT.train INFO: Epoch[4] Iteration[180/249] total_loss: 7.150, reid_loss: 7.144, pc_loss: 0.006, Acc: 0.134, Base Lr: 1.42e-04
2026-05-03 14:58:48,697 PAT.train INFO:   [grad_norm pre-clip: 6.841 / clip_max: 1.0]
2026-05-03 14:58:48,698 PAT.train INFO: Epoch[4] Iteration[240/249] total_loss: 6.923, reid_loss: 6.918, pc_loss: 0.005, Acc: 0.165, Base Lr: 1.42e-04
2026-05-03 14:58:51,517 PAT.train INFO: Epoch 4 done. Time per batch: 0.568[s] Speed: 112.7[samples/s]
2026-05-03 14:59:29,799 PAT.train INFO:   [grad_norm pre-clip: 7.273 / clip_max: 1.0]
2026-05-03 14:59:29,800 PAT.train INFO: Epoch[5] Iteration[60/249] total_loss: 6.802, reid_loss: 6.794, pc_loss: 0.009, Acc: 0.159, Base Lr: 1.77e-04
2026-05-03 15:00:02,490 PAT.train INFO:   [grad_norm pre-clip: 7.394 / clip_max: 1.0]
2026-05-03 15:00:02,490 PAT.train INFO: Epoch[5] Iteration[120/249] total_loss: 6.706, reid_loss: 6.701, pc_loss: 0.005, Acc: 0.177, Base Lr: 1.77e-04
2026-05-03 15:00:34,494 PAT.train INFO:   [grad_norm pre-clip: 7.312 / clip_max: 1.0]
2026-05-03 15:00:34,494 PAT.train INFO: Epoch[5] Iteration[180/249] total_loss: 6.575, reid_loss: 6.570, pc_loss: 0.004, Acc: 0.197, Base Lr: 1.77e-04
2026-05-03 15:01:08,441 PAT.train INFO:   [grad_norm pre-clip: 6.637 / clip_max: 1.0]
2026-05-03 15:01:08,442 PAT.train INFO: Epoch[5] Iteration[240/249] total_loss: 6.342, reid_loss: 6.339, pc_loss: 0.004, Acc: 0.236, Base Lr: 1.77e-04
2026-05-03 15:01:11,750 PAT.train INFO: Epoch 5 done. Time per batch: 0.558[s] Speed: 114.8[samples/s]
2026-05-03 15:01:45,895 PAT.train INFO:   [grad_norm pre-clip: 7.354 / clip_max: 1.0]
2026-05-03 15:01:45,896 PAT.train INFO: Epoch[6] Iteration[60/249] total_loss: 6.387, reid_loss: 6.380, pc_loss: 0.007, Acc: 0.218, Base Lr: 2.11e-04
2026-05-03 15:02:18,561 PAT.train INFO:   [grad_norm pre-clip: 7.483 / clip_max: 1.0]
2026-05-03 15:02:18,562 PAT.train INFO: Epoch[6] Iteration[120/249] total_loss: 6.232, reid_loss: 6.226, pc_loss: 0.006, Acc: 0.247, Base Lr: 2.11e-04
2026-05-03 15:02:51,052 PAT.train INFO:   [grad_norm pre-clip: 7.079 / clip_max: 1.0]
2026-05-03 15:02:51,053 PAT.train INFO: Epoch[6] Iteration[180/249] total_loss: 6.134, reid_loss: 6.129, pc_loss: 0.005, Acc: 0.261, Base Lr: 2.11e-04
2026-05-03 15:03:23,624 PAT.train INFO:   [grad_norm pre-clip: 6.624 / clip_max: 1.0]
2026-05-03 15:03:23,625 PAT.train INFO: Epoch[6] Iteration[240/249] total_loss: 5.917, reid_loss: 5.913, pc_loss: 0.004, Acc: 0.307, Base Lr: 2.11e-04
2026-05-03 15:03:26,015 PAT.train INFO: Epoch 6 done. Time per batch: 0.550[s] Speed: 116.5[samples/s]
2026-05-03 15:04:00,064 PAT.train INFO:   [grad_norm pre-clip: 7.440 / clip_max: 1.0]
2026-05-03 15:04:00,064 PAT.train INFO: Epoch[7] Iteration[60/249] total_loss: 6.009, reid_loss: 6.001, pc_loss: 0.008, Acc: 0.274, Base Lr: 2.46e-04
2026-05-03 15:04:33,119 PAT.train INFO:   [grad_norm pre-clip: 7.149 / clip_max: 1.0]
2026-05-03 15:04:33,119 PAT.train INFO: Epoch[7] Iteration[120/249] total_loss: 5.907, reid_loss: 5.897, pc_loss: 0.010, Acc: 0.302, Base Lr: 2.46e-04
2026-05-03 15:05:05,506 PAT.train INFO:   [grad_norm pre-clip: 7.410 / clip_max: 1.0]
2026-05-03 15:05:05,506 PAT.train INFO: Epoch[7] Iteration[180/249] total_loss: 5.812, reid_loss: 5.803, pc_loss: 0.010, Acc: 0.318, Base Lr: 2.46e-04
2026-05-03 15:05:38,107 PAT.train INFO:   [grad_norm pre-clip: 6.441 / clip_max: 1.0]
2026-05-03 15:05:38,108 PAT.train INFO: Epoch[7] Iteration[240/249] total_loss: 5.656, reid_loss: 5.647, pc_loss: 0.009, Acc: 0.359, Base Lr: 2.46e-04
2026-05-03 15:05:41,033 PAT.train INFO: Epoch 7 done. Time per batch: 0.550[s] Speed: 116.3[samples/s]
2026-05-03 15:06:14,947 PAT.train INFO:   [grad_norm pre-clip: 7.293 / clip_max: 1.0]
2026-05-03 15:06:14,947 PAT.train INFO: Epoch[8] Iteration[60/249] total_loss: 5.733, reid_loss: 5.694, pc_loss: 0.038, Acc: 0.342, Base Lr: 2.81e-04
2026-05-03 15:06:47,976 PAT.train INFO:   [grad_norm pre-clip: 7.355 / clip_max: 1.0]
2026-05-03 15:06:47,976 PAT.train INFO: Epoch[8] Iteration[120/249] total_loss: 5.681, reid_loss: 5.636, pc_loss: 0.044, Acc: 0.356, Base Lr: 2.81e-04
2026-05-03 15:07:21,023 PAT.train INFO:   [grad_norm pre-clip: 6.958 / clip_max: 1.0]
2026-05-03 15:07:21,024 PAT.train INFO: Epoch[8] Iteration[180/249] total_loss: 5.621, reid_loss: 5.583, pc_loss: 0.038, Acc: 0.373, Base Lr: 2.81e-04
2026-05-03 15:07:53,869 PAT.train INFO:   [grad_norm pre-clip: 5.819 / clip_max: 1.0]
2026-05-03 15:07:53,869 PAT.train INFO: Epoch[8] Iteration[240/249] total_loss: 5.482, reid_loss: 5.449, pc_loss: 0.033, Acc: 0.405, Base Lr: 2.81e-04
2026-05-03 15:07:56,763 PAT.train INFO: Epoch 8 done. Time per batch: 0.553[s] Speed: 115.7[samples/s]
2026-05-03 15:08:31,294 PAT.train INFO:   [grad_norm pre-clip: 6.665 / clip_max: 1.0]
2026-05-03 15:08:31,295 PAT.train INFO: Epoch[9] Iteration[60/249] total_loss: 5.590, reid_loss: 5.491, pc_loss: 0.099, Acc: 0.382, Base Lr: 3.15e-04
2026-05-03 15:09:04,505 PAT.train INFO:   [grad_norm pre-clip: 6.545 / clip_max: 1.0]
2026-05-03 15:09:04,506 PAT.train INFO: Epoch[9] Iteration[120/249] total_loss: 5.563, reid_loss: 5.436, pc_loss: 0.127, Acc: 0.400, Base Lr: 3.15e-04
2026-05-03 15:09:37,078 PAT.train INFO:   [grad_norm pre-clip: 6.950 / clip_max: 1.0]
2026-05-03 15:09:37,079 PAT.train INFO: Epoch[9] Iteration[180/249] total_loss: 5.497, reid_loss: 5.372, pc_loss: 0.125, Acc: 0.415, Base Lr: 3.15e-04
2026-05-03 15:10:09,759 PAT.train INFO:   [grad_norm pre-clip: 5.454 / clip_max: 1.0]
2026-05-03 15:10:09,759 PAT.train INFO: Epoch[9] Iteration[240/249] total_loss: 5.375, reid_loss: 5.264, pc_loss: 0.112, Acc: 0.446, Base Lr: 3.15e-04
2026-05-03 15:10:12,767 PAT.train INFO: Epoch 9 done. Time per batch: 0.554[s] Speed: 115.5[samples/s]
2026-05-03 15:10:46,469 PAT.train INFO:   [grad_norm pre-clip: 6.383 / clip_max: 1.0]
2026-05-03 15:10:46,470 PAT.train INFO: Epoch[10] Iteration[60/249] total_loss: 5.459, reid_loss: 5.290, pc_loss: 0.169, Acc: 0.438, Base Lr: 3.44e-04
2026-05-03 15:11:18,948 PAT.train INFO:   [grad_norm pre-clip: 6.692 / clip_max: 1.0]
2026-05-03 15:11:18,949 PAT.train INFO: Epoch[10] Iteration[120/249] total_loss: 5.395, reid_loss: 5.303, pc_loss: 0.093, Acc: 0.438, Base Lr: 3.44e-04
2026-05-03 15:11:51,767 PAT.train INFO:   [grad_norm pre-clip: 6.538 / clip_max: 1.0]
2026-05-03 15:11:51,768 PAT.train INFO: Epoch[10] Iteration[180/249] total_loss: 5.328, reid_loss: 5.237, pc_loss: 0.091, Acc: 0.454, Base Lr: 3.44e-04
2026-05-03 15:12:24,315 PAT.train INFO:   [grad_norm pre-clip: 6.039 / clip_max: 1.0]
2026-05-03 15:12:24,315 PAT.train INFO: Epoch[10] Iteration[240/249] total_loss: 5.230, reid_loss: 5.159, pc_loss: 0.070, Acc: 0.474, Base Lr: 3.44e-04
2026-05-03 15:12:26,650 PAT.train INFO: Epoch 10 done. Time per batch: 0.548[s] Speed: 116.8[samples/s]
2026-05-03 15:12:59,901 PAT.train INFO:   [grad_norm pre-clip: 6.360 / clip_max: 1.0]
2026-05-03 15:12:59,902 PAT.train INFO: Epoch[11] Iteration[60/249] total_loss: 5.094, reid_loss: 5.064, pc_loss: 0.030, Acc: 0.493, Base Lr: 3.43e-04
2026-05-03 15:13:32,018 PAT.train INFO:   [grad_norm pre-clip: 6.592 / clip_max: 1.0]
2026-05-03 15:13:32,018 PAT.train INFO: Epoch[11] Iteration[120/249] total_loss: 5.077, reid_loss: 5.041, pc_loss: 0.036, Acc: 0.502, Base Lr: 3.43e-04
2026-05-03 15:14:04,469 PAT.train INFO:   [grad_norm pre-clip: 6.567 / clip_max: 1.0]
2026-05-03 15:14:04,469 PAT.train INFO: Epoch[11] Iteration[180/249] total_loss: 5.056, reid_loss: 5.011, pc_loss: 0.045, Acc: 0.510, Base Lr: 3.43e-04
2026-05-03 15:14:36,823 PAT.train INFO:   [grad_norm pre-clip: 5.303 / clip_max: 1.0]
2026-05-03 15:14:36,824 PAT.train INFO: Epoch[11] Iteration[240/249] total_loss: 4.983, reid_loss: 4.933, pc_loss: 0.050, Acc: 0.535, Base Lr: 3.43e-04
2026-05-03 15:14:39,188 PAT.train INFO: Epoch 11 done. Time per batch: 0.542[s] Speed: 118.0[samples/s]
2026-05-03 15:15:13,379 PAT.train INFO:   [grad_norm pre-clip: 5.974 / clip_max: 1.0]
2026-05-03 15:15:13,380 PAT.train INFO: Epoch[12] Iteration[60/249] total_loss: 4.901, reid_loss: 4.874, pc_loss: 0.028, Acc: 0.543, Base Lr: 3.41e-04
2026-05-03 15:15:46,313 PAT.train INFO:   [grad_norm pre-clip: 5.813 / clip_max: 1.0]
2026-05-03 15:15:46,314 PAT.train INFO: Epoch[12] Iteration[120/249] total_loss: 4.847, reid_loss: 4.825, pc_loss: 0.022, Acc: 0.559, Base Lr: 3.41e-04
2026-05-03 15:16:18,866 PAT.train INFO:   [grad_norm pre-clip: 6.648 / clip_max: 1.0]
2026-05-03 15:16:18,866 PAT.train INFO: Epoch[12] Iteration[180/249] total_loss: 4.826, reid_loss: 4.805, pc_loss: 0.021, Acc: 0.568, Base Lr: 3.41e-04
2026-05-03 15:16:51,689 PAT.train INFO:   [grad_norm pre-clip: 5.455 / clip_max: 1.0]
2026-05-03 15:16:51,690 PAT.train INFO: Epoch[12] Iteration[240/249] total_loss: 4.770, reid_loss: 4.749, pc_loss: 0.021, Acc: 0.584, Base Lr: 3.41e-04
2026-05-03 15:16:54,565 PAT.train INFO: Epoch 12 done. Time per batch: 0.552[s] Speed: 116.0[samples/s]
2026-05-03 15:17:33,633 PAT.train INFO:   [grad_norm pre-clip: 6.045 / clip_max: 1.0]
2026-05-03 15:17:33,634 PAT.train INFO: Epoch[13] Iteration[60/249] total_loss: 4.737, reid_loss: 4.732, pc_loss: 0.005, Acc: 0.587, Base Lr: 3.40e-04
2026-05-03 15:18:06,309 PAT.train INFO:   [grad_norm pre-clip: 5.548 / clip_max: 1.0]
2026-05-03 15:18:06,310 PAT.train INFO: Epoch[13] Iteration[120/249] total_loss: 4.699, reid_loss: 4.694, pc_loss: 0.006, Acc: 0.601, Base Lr: 3.40e-04
2026-05-03 15:18:39,014 PAT.train INFO:   [grad_norm pre-clip: 6.421 / clip_max: 1.0]
2026-05-03 15:18:39,015 PAT.train INFO: Epoch[13] Iteration[180/249] total_loss: 4.675, reid_loss: 4.671, pc_loss: 0.004, Acc: 0.602, Base Lr: 3.40e-04
2026-05-03 15:19:11,732 PAT.train INFO:   [grad_norm pre-clip: 4.868 / clip_max: 1.0]
2026-05-03 15:19:11,732 PAT.train INFO: Epoch[13] Iteration[240/249] total_loss: 4.610, reid_loss: 4.606, pc_loss: 0.003, Acc: 0.623, Base Lr: 3.40e-04
2026-05-03 15:19:14,663 PAT.train INFO: Epoch 13 done. Time per batch: 0.551[s] Speed: 116.1[samples/s]
2026-05-03 15:19:51,367 PAT.train INFO:   [grad_norm pre-clip: 5.464 / clip_max: 1.0]
2026-05-03 15:19:51,367 PAT.train INFO: Epoch[14] Iteration[60/249] total_loss: 4.546, reid_loss: 4.544, pc_loss: 0.003, Acc: 0.635, Base Lr: 3.38e-04
2026-05-03 15:20:24,633 PAT.train INFO:   [grad_norm pre-clip: 5.860 / clip_max: 1.0]
2026-05-03 15:20:24,634 PAT.train INFO: Epoch[14] Iteration[120/249] total_loss: 4.512, reid_loss: 4.510, pc_loss: 0.002, Acc: 0.640, Base Lr: 3.38e-04
2026-05-03 15:20:57,435 PAT.train INFO:   [grad_norm pre-clip: 5.372 / clip_max: 1.0]
2026-05-03 15:20:57,435 PAT.train INFO: Epoch[14] Iteration[180/249] total_loss: 4.494, reid_loss: 4.491, pc_loss: 0.002, Acc: 0.646, Base Lr: 3.38e-04
2026-05-03 15:21:30,094 PAT.train INFO:   [grad_norm pre-clip: 5.151 / clip_max: 1.0]
2026-05-03 15:21:30,094 PAT.train INFO: Epoch[14] Iteration[240/249] total_loss: 4.448, reid_loss: 4.446, pc_loss: 0.002, Acc: 0.662, Base Lr: 3.38e-04
2026-05-03 15:21:32,934 PAT.train INFO: Epoch 14 done. Time per batch: 0.555[s] Speed: 115.4[samples/s]
2026-05-03 15:22:11,374 PAT.train INFO:   [grad_norm pre-clip: 6.036 / clip_max: 1.0]
2026-05-03 15:22:11,375 PAT.train INFO: Epoch[15] Iteration[60/249] total_loss: 4.441, reid_loss: 4.440, pc_loss: 0.001, Acc: 0.666, Base Lr: 3.37e-04
2026-05-03 15:22:43,625 PAT.train INFO:   [grad_norm pre-clip: 5.985 / clip_max: 1.0]
2026-05-03 15:22:43,625 PAT.train INFO: Epoch[15] Iteration[120/249] total_loss: 4.420, reid_loss: 4.418, pc_loss: 0.001, Acc: 0.676, Base Lr: 3.37e-04
2026-05-03 15:23:16,407 PAT.train INFO:   [grad_norm pre-clip: 5.590 / clip_max: 1.0]
2026-05-03 15:23:16,408 PAT.train INFO: Epoch[15] Iteration[180/249] total_loss: 4.412, reid_loss: 4.410, pc_loss: 0.002, Acc: 0.678, Base Lr: 3.37e-04
2026-05-03 15:23:49,095 PAT.train INFO:   [grad_norm pre-clip: 5.156 / clip_max: 1.0]
2026-05-03 15:23:49,095 PAT.train INFO: Epoch[15] Iteration[240/249] total_loss: 4.359, reid_loss: 4.357, pc_loss: 0.002, Acc: 0.693, Base Lr: 3.37e-04
2026-05-03 15:23:51,994 PAT.train INFO: Epoch 15 done. Time per batch: 0.567[s] Speed: 112.9[samples/s]
2026-05-03 15:24:29,499 PAT.train INFO:   [grad_norm pre-clip: 5.454 / clip_max: 1.0]
2026-05-03 15:24:29,500 PAT.train INFO: Epoch[16] Iteration[60/249] total_loss: 4.288, reid_loss: 4.287, pc_loss: 0.001, Acc: 0.704, Base Lr: 3.35e-04
2026-05-03 15:25:01,814 PAT.train INFO:   [grad_norm pre-clip: 5.912 / clip_max: 1.0]
2026-05-03 15:25:01,814 PAT.train INFO: Epoch[16] Iteration[120/249] total_loss: 4.292, reid_loss: 4.290, pc_loss: 0.003, Acc: 0.707, Base Lr: 3.35e-04
2026-05-03 15:25:34,470 PAT.train INFO:   [grad_norm pre-clip: 5.574 / clip_max: 1.0]
2026-05-03 15:25:34,470 PAT.train INFO: Epoch[16] Iteration[180/249] total_loss: 4.298, reid_loss: 4.295, pc_loss: 0.003, Acc: 0.704, Base Lr: 3.35e-04
2026-05-03 15:26:07,414 PAT.train INFO:   [grad_norm pre-clip: 4.857 / clip_max: 1.0]
2026-05-03 15:26:07,415 PAT.train INFO: Epoch[16] Iteration[240/249] total_loss: 4.276, reid_loss: 4.273, pc_loss: 0.002, Acc: 0.716, Base Lr: 3.35e-04
2026-05-03 15:26:10,192 PAT.train INFO: Epoch 16 done. Time per batch: 0.563[s] Speed: 113.6[samples/s]
2026-05-03 15:26:44,155 PAT.train INFO:   [grad_norm pre-clip: 5.501 / clip_max: 1.0]
2026-05-03 15:26:44,156 PAT.train INFO: Epoch[17] Iteration[60/249] total_loss: 4.223, reid_loss: 4.221, pc_loss: 0.002, Acc: 0.730, Base Lr: 3.33e-04
2026-05-03 15:27:16,496 PAT.train INFO:   [grad_norm pre-clip: 5.537 / clip_max: 1.0]
2026-05-03 15:27:16,497 PAT.train INFO: Epoch[17] Iteration[120/249] total_loss: 4.192, reid_loss: 4.191, pc_loss: 0.002, Acc: 0.738, Base Lr: 3.33e-04
2026-05-03 15:27:48,912 PAT.train INFO:   [grad_norm pre-clip: 5.296 / clip_max: 1.0]
2026-05-03 15:27:48,912 PAT.train INFO: Epoch[17] Iteration[180/249] total_loss: 4.186, reid_loss: 4.185, pc_loss: 0.001, Acc: 0.737, Base Lr: 3.33e-04
2026-05-03 15:28:21,673 PAT.train INFO:   [grad_norm pre-clip: 5.188 / clip_max: 1.0]
2026-05-03 15:28:21,673 PAT.train INFO: Epoch[17] Iteration[240/249] total_loss: 4.174, reid_loss: 4.172, pc_loss: 0.001, Acc: 0.742, Base Lr: 3.33e-04
2026-05-03 15:28:24,578 PAT.train INFO: Epoch 17 done. Time per batch: 0.548[s] Speed: 116.8[samples/s]
2026-05-03 15:29:02,933 PAT.train INFO:   [grad_norm pre-clip: 5.285 / clip_max: 1.0]
2026-05-03 15:29:02,934 PAT.train INFO: Epoch[18] Iteration[60/249] total_loss: 4.099, reid_loss: 4.095, pc_loss: 0.005, Acc: 0.752, Base Lr: 3.31e-04
2026-05-03 15:29:35,246 PAT.train INFO:   [grad_norm pre-clip: 5.903 / clip_max: 1.0]
2026-05-03 15:29:35,247 PAT.train INFO: Epoch[18] Iteration[120/249] total_loss: 4.108, reid_loss: 4.105, pc_loss: 0.003, Acc: 0.754, Base Lr: 3.31e-04
2026-05-03 15:30:07,623 PAT.train INFO:   [grad_norm pre-clip: 5.153 / clip_max: 1.0]
2026-05-03 15:30:07,624 PAT.train INFO: Epoch[18] Iteration[180/249] total_loss: 4.117, reid_loss: 4.115, pc_loss: 0.003, Acc: 0.751, Base Lr: 3.31e-04
2026-05-03 15:30:40,290 PAT.train INFO:   [grad_norm pre-clip: 4.410 / clip_max: 1.0]
2026-05-03 15:30:40,291 PAT.train INFO: Epoch[18] Iteration[240/249] total_loss: 4.107, reid_loss: 4.104, pc_loss: 0.003, Acc: 0.758, Base Lr: 3.31e-04
2026-05-03 15:30:43,302 PAT.train INFO: Epoch 18 done. Time per batch: 0.566[s] Speed: 113.2[samples/s]
2026-05-03 15:31:17,174 PAT.train INFO:   [grad_norm pre-clip: 5.088 / clip_max: 1.0]
2026-05-03 15:31:17,175 PAT.train INFO: Epoch[19] Iteration[60/249] total_loss: 4.035, reid_loss: 4.033, pc_loss: 0.002, Acc: 0.770, Base Lr: 3.29e-04
2026-05-03 15:31:49,557 PAT.train INFO:   [grad_norm pre-clip: 5.136 / clip_max: 1.0]
2026-05-03 15:31:49,557 PAT.train INFO: Epoch[19] Iteration[120/249] total_loss: 4.030, reid_loss: 4.025, pc_loss: 0.005, Acc: 0.776, Base Lr: 3.29e-04
2026-05-03 15:32:21,619 PAT.train INFO:   [grad_norm pre-clip: 5.448 / clip_max: 1.0]
2026-05-03 15:32:21,620 PAT.train INFO: Epoch[19] Iteration[180/249] total_loss: 4.033, reid_loss: 4.029, pc_loss: 0.004, Acc: 0.779, Base Lr: 3.29e-04
2026-05-03 15:32:53,567 PAT.train INFO:   [grad_norm pre-clip: 5.349 / clip_max: 1.0]
2026-05-03 15:32:53,567 PAT.train INFO: Epoch[19] Iteration[240/249] total_loss: 4.024, reid_loss: 4.020, pc_loss: 0.004, Acc: 0.782, Base Lr: 3.29e-04
2026-05-03 15:32:56,459 PAT.train INFO: Epoch 19 done. Time per batch: 0.543[s] Speed: 117.9[samples/s]
2026-05-03 15:33:32,308 PAT.train INFO:   [grad_norm pre-clip: 4.539 / clip_max: 1.0]
2026-05-03 15:33:32,308 PAT.train INFO: Epoch[20] Iteration[60/249] total_loss: 3.949, reid_loss: 3.947, pc_loss: 0.003, Acc: 0.804, Base Lr: 3.27e-04
2026-05-03 15:34:05,552 PAT.train INFO:   [grad_norm pre-clip: 5.092 / clip_max: 1.0]
2026-05-03 15:34:05,552 PAT.train INFO: Epoch[20] Iteration[120/249] total_loss: 3.965, reid_loss: 3.962, pc_loss: 0.003, Acc: 0.798, Base Lr: 3.27e-04
2026-05-03 15:34:38,440 PAT.train INFO:   [grad_norm pre-clip: 5.307 / clip_max: 1.0]
2026-05-03 15:34:38,441 PAT.train INFO: Epoch[20] Iteration[180/249] total_loss: 3.994, reid_loss: 3.991, pc_loss: 0.003, Acc: 0.789, Base Lr: 3.27e-04
2026-05-03 15:35:10,902 PAT.train INFO:   [grad_norm pre-clip: 4.778 / clip_max: 1.0]
2026-05-03 15:35:10,902 PAT.train INFO: Epoch[20] Iteration[240/249] total_loss: 3.975, reid_loss: 3.972, pc_loss: 0.003, Acc: 0.796, Base Lr: 3.27e-04
2026-05-03 15:35:13,239 PAT.train INFO: Epoch 20 done. Time per batch: 0.560[s] Speed: 114.3[samples/s]
2026-05-03 15:35:13,241 PAT.test INFO: Enter inferencing
2026-05-03 15:35:25,687 PAT.test INFO: Validation Results 
2026-05-03 15:35:25,688 PAT.test INFO: mAP: 100.0%
2026-05-03 15:35:25,688 PAT.test INFO: CMC curve, Rank-1  :100.0%
2026-05-03 15:35:25,688 PAT.test INFO: CMC curve, Rank-5  :100.0%
2026-05-03 15:35:25,688 PAT.test INFO: CMC curve, Rank-10 :100.0%
2026-05-03 15:35:25,688 PAT.test INFO: total inference time: 12.44
2026-05-03 15:35:25,696 PAT.train INFO: =====best epoch: 20=====
2026-05-03 15:35:59,599 PAT.train INFO:   [grad_norm pre-clip: 4.939 / clip_max: 1.0]
2026-05-03 15:35:59,600 PAT.train INFO: Epoch[21] Iteration[60/249] total_loss: 3.919, reid_loss: 3.917, pc_loss: 0.002, Acc: 0.803, Base Lr: 3.24e-04
2026-05-03 15:36:31,821 PAT.train INFO:   [grad_norm pre-clip: 5.114 / clip_max: 1.0]
2026-05-03 15:36:31,821 PAT.train INFO: Epoch[21] Iteration[120/249] total_loss: 3.923, reid_loss: 3.916, pc_loss: 0.007, Acc: 0.808, Base Lr: 3.24e-04
2026-05-03 15:37:04,843 PAT.train INFO:   [grad_norm pre-clip: 5.068 / clip_max: 1.0]
2026-05-03 15:37:04,843 PAT.train INFO: Epoch[21] Iteration[180/249] total_loss: 3.928, reid_loss: 3.922, pc_loss: 0.007, Acc: 0.803, Base Lr: 3.24e-04
2026-05-03 15:37:37,433 PAT.train INFO:   [grad_norm pre-clip: 5.128 / clip_max: 1.0]
2026-05-03 15:37:37,433 PAT.train INFO: Epoch[21] Iteration[240/249] total_loss: 3.933, reid_loss: 3.927, pc_loss: 0.006, Acc: 0.804, Base Lr: 3.24e-04
2026-05-03 15:37:40,266 PAT.train INFO: Epoch 21 done. Time per batch: 0.546[s] Speed: 117.1[samples/s]
2026-05-03 15:38:17,475 PAT.train INFO:   [grad_norm pre-clip: 5.695 / clip_max: 1.0]
2026-05-03 15:38:17,475 PAT.train INFO: Epoch[22] Iteration[60/249] total_loss: 3.855, reid_loss: 3.846, pc_loss: 0.009, Acc: 0.819, Base Lr: 3.22e-04
2026-05-03 15:38:49,554 PAT.train INFO:   [grad_norm pre-clip: 5.139 / clip_max: 1.0]
2026-05-03 15:38:49,555 PAT.train INFO: Epoch[22] Iteration[120/249] total_loss: 3.852, reid_loss: 3.845, pc_loss: 0.007, Acc: 0.820, Base Lr: 3.22e-04
2026-05-03 15:39:21,835 PAT.train INFO:   [grad_norm pre-clip: 4.884 / clip_max: 1.0]
2026-05-03 15:39:21,836 PAT.train INFO: Epoch[22] Iteration[180/249] total_loss: 3.880, reid_loss: 3.874, pc_loss: 0.005, Acc: 0.816, Base Lr: 3.22e-04
2026-05-03 15:39:54,522 PAT.train INFO:   [grad_norm pre-clip: 4.983 / clip_max: 1.0]
2026-05-03 15:39:54,523 PAT.train INFO: Epoch[22] Iteration[240/249] total_loss: 3.875, reid_loss: 3.870, pc_loss: 0.005, Acc: 0.821, Base Lr: 3.22e-04
2026-05-03 15:39:57,350 PAT.train INFO: Epoch 22 done. Time per batch: 0.542[s] Speed: 118.0[samples/s]
2026-05-03 15:40:31,518 PAT.train INFO:   [grad_norm pre-clip: 5.421 / clip_max: 1.0]
2026-05-03 15:40:31,519 PAT.train INFO: Epoch[23] Iteration[60/249] total_loss: 3.837, reid_loss: 3.825, pc_loss: 0.012, Acc: 0.826, Base Lr: 3.19e-04
2026-05-03 15:41:04,238 PAT.train INFO:   [grad_norm pre-clip: 5.807 / clip_max: 1.0]
2026-05-03 15:41:04,238 PAT.train INFO: Epoch[23] Iteration[120/249] total_loss: 3.842, reid_loss: 3.832, pc_loss: 0.009, Acc: 0.827, Base Lr: 3.19e-04
2026-05-03 15:41:36,645 PAT.train INFO:   [grad_norm pre-clip: 4.606 / clip_max: 1.0]
2026-05-03 15:41:36,646 PAT.train INFO: Epoch[23] Iteration[180/249] total_loss: 3.845, reid_loss: 3.835, pc_loss: 0.010, Acc: 0.827, Base Lr: 3.19e-04
2026-05-03 15:42:09,235 PAT.train INFO:   [grad_norm pre-clip: 4.861 / clip_max: 1.0]
2026-05-03 15:42:09,235 PAT.train INFO: Epoch[23] Iteration[240/249] total_loss: 3.829, reid_loss: 3.818, pc_loss: 0.011, Acc: 0.833, Base Lr: 3.19e-04
2026-05-03 15:42:11,550 PAT.train INFO: Epoch 23 done. Time per batch: 0.549[s] Speed: 116.5[samples/s]
2026-05-03 15:42:47,912 PAT.train INFO:   [grad_norm pre-clip: 4.609 / clip_max: 1.0]
2026-05-03 15:42:47,912 PAT.train INFO: Epoch[24] Iteration[60/249] total_loss: 3.757, reid_loss: 3.746, pc_loss: 0.011, Acc: 0.842, Base Lr: 3.17e-04
2026-05-03 15:43:19,950 PAT.train INFO:   [grad_norm pre-clip: 5.278 / clip_max: 1.0]
2026-05-03 15:43:19,951 PAT.train INFO: Epoch[24] Iteration[120/249] total_loss: 3.774, reid_loss: 3.764, pc_loss: 0.010, Acc: 0.843, Base Lr: 3.17e-04
2026-05-03 15:43:52,334 PAT.train INFO:   [grad_norm pre-clip: 5.468 / clip_max: 1.0]
2026-05-03 15:43:52,335 PAT.train INFO: Epoch[24] Iteration[180/249] total_loss: 3.814, reid_loss: 3.804, pc_loss: 0.010, Acc: 0.833, Base Lr: 3.17e-04
2026-05-03 15:44:24,598 PAT.train INFO:   [grad_norm pre-clip: 5.019 / clip_max: 1.0]
2026-05-03 15:44:24,599 PAT.train INFO: Epoch[24] Iteration[240/249] total_loss: 3.810, reid_loss: 3.798, pc_loss: 0.011, Acc: 0.838, Base Lr: 3.17e-04
2026-05-03 15:44:27,506 PAT.train INFO: Epoch 24 done. Time per batch: 0.554[s] Speed: 115.5[samples/s]
2026-05-03 15:45:01,853 PAT.train INFO:   [grad_norm pre-clip: 5.537 / clip_max: 1.0]
2026-05-03 15:45:01,853 PAT.train INFO: Epoch[25] Iteration[60/249] total_loss: 3.776, reid_loss: 3.770, pc_loss: 0.006, Acc: 0.845, Base Lr: 3.14e-04
2026-05-03 15:45:34,266 PAT.train INFO:   [grad_norm pre-clip: 4.766 / clip_max: 1.0]
2026-05-03 15:45:34,267 PAT.train INFO: Epoch[25] Iteration[120/249] total_loss: 3.788, reid_loss: 3.775, pc_loss: 0.013, Acc: 0.849, Base Lr: 3.14e-04
2026-05-03 15:46:07,245 PAT.train INFO:   [grad_norm pre-clip: 5.544 / clip_max: 1.0]
2026-05-03 15:46:07,246 PAT.train INFO: Epoch[25] Iteration[180/249] total_loss: 3.793, reid_loss: 3.781, pc_loss: 0.013, Acc: 0.849, Base Lr: 3.14e-04
2026-05-03 15:46:39,780 PAT.train INFO:   [grad_norm pre-clip: 4.712 / clip_max: 1.0]
2026-05-03 15:46:39,781 PAT.train INFO: Epoch[25] Iteration[240/249] total_loss: 3.781, reid_loss: 3.770, pc_loss: 0.011, Acc: 0.852, Base Lr: 3.14e-04
2026-05-03 15:46:43,217 PAT.train INFO: Epoch 25 done. Time per batch: 0.547[s] Speed: 117.0[samples/s]
2026-05-03 15:47:16,784 PAT.train INFO:   [grad_norm pre-clip: 4.695 / clip_max: 1.0]
2026-05-03 15:47:16,785 PAT.train INFO: Epoch[26] Iteration[60/249] total_loss: 3.679, reid_loss: 3.673, pc_loss: 0.006, Acc: 0.864, Base Lr: 3.11e-04
2026-05-03 15:47:48,950 PAT.train INFO:   [grad_norm pre-clip: 4.885 / clip_max: 1.0]
2026-05-03 15:47:48,951 PAT.train INFO: Epoch[26] Iteration[120/249] total_loss: 3.693, reid_loss: 3.687, pc_loss: 0.006, Acc: 0.863, Base Lr: 3.11e-04
2026-05-03 15:48:21,036 PAT.train INFO:   [grad_norm pre-clip: 5.136 / clip_max: 1.0]
2026-05-03 15:48:21,036 PAT.train INFO: Epoch[26] Iteration[180/249] total_loss: 3.718, reid_loss: 3.713, pc_loss: 0.006, Acc: 0.857, Base Lr: 3.11e-04
2026-05-03 15:48:53,701 PAT.train INFO:   [grad_norm pre-clip: 4.443 / clip_max: 1.0]
2026-05-03 15:48:53,701 PAT.train INFO: Epoch[26] Iteration[240/249] total_loss: 3.725, reid_loss: 3.719, pc_loss: 0.006, Acc: 0.856, Base Lr: 3.11e-04
2026-05-03 15:48:56,078 PAT.train INFO: Epoch 26 done. Time per batch: 0.544[s] Speed: 117.7[samples/s]
2026-05-03 15:49:29,958 PAT.train INFO:   [grad_norm pre-clip: 5.281 / clip_max: 1.0]
2026-05-03 15:49:29,959 PAT.train INFO: Epoch[27] Iteration[60/249] total_loss: 3.670, reid_loss: 3.667, pc_loss: 0.003, Acc: 0.868, Base Lr: 3.08e-04
2026-05-03 15:50:02,712 PAT.train INFO:   [grad_norm pre-clip: 5.226 / clip_max: 1.0]
2026-05-03 15:50:02,713 PAT.train INFO: Epoch[27] Iteration[120/249] total_loss: 3.694, reid_loss: 3.691, pc_loss: 0.003, Acc: 0.865, Base Lr: 3.08e-04
2026-05-03 15:50:36,410 PAT.train INFO:   [grad_norm pre-clip: 5.473 / clip_max: 1.0]
2026-05-03 15:50:36,411 PAT.train INFO: Epoch[27] Iteration[180/249] total_loss: 3.708, reid_loss: 3.705, pc_loss: 0.003, Acc: 0.863, Base Lr: 3.08e-04
2026-05-03 15:51:09,064 PAT.train INFO:   [grad_norm pre-clip: 4.961 / clip_max: 1.0]
2026-05-03 15:51:09,064 PAT.train INFO: Epoch[27] Iteration[240/249] total_loss: 3.700, reid_loss: 3.697, pc_loss: 0.003, Acc: 0.868, Base Lr: 3.08e-04
2026-05-03 15:51:11,376 PAT.train INFO: Epoch 27 done. Time per batch: 0.554[s] Speed: 115.6[samples/s]
2026-05-03 15:51:45,275 PAT.train INFO:   [grad_norm pre-clip: 4.995 / clip_max: 1.0]
2026-05-03 15:51:45,276 PAT.train INFO: Epoch[28] Iteration[60/249] total_loss: 3.673, reid_loss: 3.670, pc_loss: 0.003, Acc: 0.858, Base Lr: 3.05e-04
2026-05-03 15:52:17,632 PAT.train INFO:   [grad_norm pre-clip: 5.124 / clip_max: 1.0]
2026-05-03 15:52:17,632 PAT.train INFO: Epoch[28] Iteration[120/249] total_loss: 3.669, reid_loss: 3.664, pc_loss: 0.005, Acc: 0.866, Base Lr: 3.05e-04
2026-05-03 15:52:49,942 PAT.train INFO:   [grad_norm pre-clip: 5.371 / clip_max: 1.0]
2026-05-03 15:52:49,943 PAT.train INFO: Epoch[28] Iteration[180/249] total_loss: 3.681, reid_loss: 3.678, pc_loss: 0.003, Acc: 0.867, Base Lr: 3.05e-04
2026-05-03 15:53:22,411 PAT.train INFO:   [grad_norm pre-clip: 4.831 / clip_max: 1.0]
2026-05-03 15:53:22,412 PAT.train INFO: Epoch[28] Iteration[240/249] total_loss: 3.673, reid_loss: 3.670, pc_loss: 0.003, Acc: 0.869, Base Lr: 3.05e-04
2026-05-03 15:53:24,737 PAT.train INFO: Epoch 28 done. Time per batch: 0.546[s] Speed: 117.3[samples/s]
2026-05-03 15:53:58,437 PAT.train INFO:   [grad_norm pre-clip: 5.529 / clip_max: 1.0]
2026-05-03 15:53:58,438 PAT.train INFO: Epoch[29] Iteration[60/249] total_loss: 3.625, reid_loss: 3.623, pc_loss: 0.001, Acc: 0.880, Base Lr: 3.02e-04
2026-05-03 15:54:30,682 PAT.train INFO:   [grad_norm pre-clip: 5.176 / clip_max: 1.0]
2026-05-03 15:54:30,682 PAT.train INFO: Epoch[29] Iteration[120/249] total_loss: 3.619, reid_loss: 3.616, pc_loss: 0.003, Acc: 0.880, Base Lr: 3.02e-04
2026-05-03 15:55:03,200 PAT.train INFO:   [grad_norm pre-clip: 5.078 / clip_max: 1.0]
2026-05-03 15:55:03,200 PAT.train INFO: Epoch[29] Iteration[180/249] total_loss: 3.629, reid_loss: 3.627, pc_loss: 0.002, Acc: 0.874, Base Lr: 3.02e-04
2026-05-03 15:55:35,791 PAT.train INFO:   [grad_norm pre-clip: 4.968 / clip_max: 1.0]
2026-05-03 15:55:35,792 PAT.train INFO: Epoch[29] Iteration[240/249] total_loss: 3.629, reid_loss: 3.628, pc_loss: 0.002, Acc: 0.877, Base Lr: 3.02e-04
2026-05-03 15:55:38,759 PAT.train INFO: Epoch 29 done. Time per batch: 0.546[s] Speed: 117.2[samples/s]
2026-05-03 15:56:15,082 PAT.train INFO:   [grad_norm pre-clip: 5.443 / clip_max: 1.0]
2026-05-03 15:56:15,083 PAT.train INFO: Epoch[30] Iteration[60/249] total_loss: 3.621, reid_loss: 3.619, pc_loss: 0.001, Acc: 0.874, Base Lr: 2.99e-04
2026-05-03 15:56:48,385 PAT.train INFO:   [grad_norm pre-clip: 5.632 / clip_max: 1.0]
2026-05-03 15:56:48,386 PAT.train INFO: Epoch[30] Iteration[120/249] total_loss: 3.603, reid_loss: 3.602, pc_loss: 0.001, Acc: 0.877, Base Lr: 2.99e-04
2026-05-03 15:57:21,320 PAT.train INFO:   [grad_norm pre-clip: 4.516 / clip_max: 1.0]
2026-05-03 15:57:21,320 PAT.train INFO: Epoch[30] Iteration[180/249] total_loss: 3.605, reid_loss: 3.604, pc_loss: 0.001, Acc: 0.877, Base Lr: 2.99e-04
2026-05-03 15:57:54,193 PAT.train INFO:   [grad_norm pre-clip: 4.979 / clip_max: 1.0]
2026-05-03 15:57:54,193 PAT.train INFO: Epoch[30] Iteration[240/249] total_loss: 3.601, reid_loss: 3.600, pc_loss: 0.001, Acc: 0.879, Base Lr: 2.99e-04
2026-05-03 15:57:57,676 PAT.train INFO: Epoch 30 done. Time per batch: 0.558[s] Speed: 114.8[samples/s]
2026-05-03 15:58:31,033 PAT.train INFO:   [grad_norm pre-clip: 5.306 / clip_max: 1.0]
2026-05-03 15:58:31,034 PAT.train INFO: Epoch[31] Iteration[60/249] total_loss: 3.546, reid_loss: 3.543, pc_loss: 0.003, Acc: 0.898, Base Lr: 2.96e-04
2026-05-03 15:59:03,286 PAT.train INFO:   [grad_norm pre-clip: 5.316 / clip_max: 1.0]
2026-05-03 15:59:03,286 PAT.train INFO: Epoch[31] Iteration[120/249] total_loss: 3.552, reid_loss: 3.549, pc_loss: 0.003, Acc: 0.892, Base Lr: 2.96e-04
2026-05-03 15:59:35,877 PAT.train INFO:   [grad_norm pre-clip: 4.676 / clip_max: 1.0]
2026-05-03 15:59:35,877 PAT.train INFO: Epoch[31] Iteration[180/249] total_loss: 3.557, reid_loss: 3.555, pc_loss: 0.002, Acc: 0.891, Base Lr: 2.96e-04
2026-05-03 16:00:09,071 PAT.train INFO:   [grad_norm pre-clip: 5.623 / clip_max: 1.0]
2026-05-03 16:00:09,071 PAT.train INFO: Epoch[31] Iteration[240/249] total_loss: 3.566, reid_loss: 3.564, pc_loss: 0.002, Acc: 0.891, Base Lr: 2.96e-04
2026-05-03 16:00:12,050 PAT.train INFO: Epoch 31 done. Time per batch: 0.548[s] Speed: 116.9[samples/s]
2026-05-03 16:00:45,679 PAT.train INFO:   [grad_norm pre-clip: 5.019 / clip_max: 1.0]
2026-05-03 16:00:45,680 PAT.train INFO: Epoch[32] Iteration[60/249] total_loss: 3.560, reid_loss: 3.557, pc_loss: 0.003, Acc: 0.894, Base Lr: 2.92e-04
2026-05-03 16:01:19,570 PAT.train INFO:   [grad_norm pre-clip: 5.101 / clip_max: 1.0]
2026-05-03 16:01:19,570 PAT.train INFO: Epoch[32] Iteration[120/249] total_loss: 3.537, reid_loss: 3.534, pc_loss: 0.003, Acc: 0.896, Base Lr: 2.92e-04
2026-05-03 16:01:53,370 PAT.train INFO:   [grad_norm pre-clip: 5.146 / clip_max: 1.0]
2026-05-03 16:01:53,372 PAT.train INFO: Epoch[32] Iteration[180/249] total_loss: 3.556, reid_loss: 3.554, pc_loss: 0.002, Acc: 0.893, Base Lr: 2.92e-04
2026-05-03 16:02:26,122 PAT.train INFO:   [grad_norm pre-clip: 5.474 / clip_max: 1.0]
2026-05-03 16:02:26,123 PAT.train INFO: Epoch[32] Iteration[240/249] total_loss: 3.560, reid_loss: 3.558, pc_loss: 0.002, Acc: 0.894, Base Lr: 2.92e-04
2026-05-03 16:02:28,478 PAT.train INFO: Epoch 32 done. Time per batch: 0.558[s] Speed: 114.6[samples/s]
2026-05-03 16:03:02,777 PAT.train INFO:   [grad_norm pre-clip: 4.828 / clip_max: 1.0]
2026-05-03 16:03:02,778 PAT.train INFO: Epoch[33] Iteration[60/249] total_loss: 3.481, reid_loss: 3.480, pc_loss: 0.001, Acc: 0.901, Base Lr: 2.89e-04
2026-05-03 16:03:34,902 PAT.train INFO:   [grad_norm pre-clip: 6.175 / clip_max: 1.0]
2026-05-03 16:03:34,903 PAT.train INFO: Epoch[33] Iteration[120/249] total_loss: 3.478, reid_loss: 3.477, pc_loss: 0.001, Acc: 0.904, Base Lr: 2.89e-04
2026-05-03 16:04:07,163 PAT.train INFO:   [grad_norm pre-clip: 5.050 / clip_max: 1.0]
2026-05-03 16:04:07,163 PAT.train INFO: Epoch[33] Iteration[180/249] total_loss: 3.501, reid_loss: 3.500, pc_loss: 0.001, Acc: 0.900, Base Lr: 2.89e-04
2026-05-03 16:04:39,635 PAT.train INFO:   [grad_norm pre-clip: 4.669 / clip_max: 1.0]
2026-05-03 16:04:39,635 PAT.train INFO: Epoch[33] Iteration[240/249] total_loss: 3.507, reid_loss: 3.506, pc_loss: 0.001, Acc: 0.901, Base Lr: 2.89e-04
2026-05-03 16:04:42,549 PAT.train INFO: Epoch 33 done. Time per batch: 0.546[s] Speed: 117.1[samples/s]
2026-05-03 16:05:17,394 PAT.train INFO:   [grad_norm pre-clip: 4.657 / clip_max: 1.0]
2026-05-03 16:05:17,395 PAT.train INFO: Epoch[34] Iteration[60/249] total_loss: 3.495, reid_loss: 3.492, pc_loss: 0.002, Acc: 0.903, Base Lr: 2.85e-04
2026-05-03 16:05:49,730 PAT.train INFO:   [grad_norm pre-clip: 4.390 / clip_max: 1.0]
2026-05-03 16:05:49,730 PAT.train INFO: Epoch[34] Iteration[120/249] total_loss: 3.501, reid_loss: 3.499, pc_loss: 0.003, Acc: 0.901, Base Lr: 2.85e-04
2026-05-03 16:06:21,954 PAT.train INFO:   [grad_norm pre-clip: 4.825 / clip_max: 1.0]
2026-05-03 16:06:21,954 PAT.train INFO: Epoch[34] Iteration[180/249] total_loss: 3.509, reid_loss: 3.507, pc_loss: 0.002, Acc: 0.897, Base Lr: 2.85e-04
2026-05-03 16:06:54,239 PAT.train INFO:   [grad_norm pre-clip: 5.322 / clip_max: 1.0]
2026-05-03 16:06:54,240 PAT.train INFO: Epoch[34] Iteration[240/249] total_loss: 3.509, reid_loss: 3.508, pc_loss: 0.002, Acc: 0.899, Base Lr: 2.85e-04
2026-05-03 16:06:57,080 PAT.train INFO: Epoch 34 done. Time per batch: 0.543[s] Speed: 117.8[samples/s]
2026-05-03 16:07:32,158 PAT.train INFO:   [grad_norm pre-clip: 5.105 / clip_max: 1.0]
2026-05-03 16:07:32,158 PAT.train INFO: Epoch[35] Iteration[60/249] total_loss: 3.459, reid_loss: 3.456, pc_loss: 0.003, Acc: 0.912, Base Lr: 2.82e-04
2026-05-03 16:08:04,199 PAT.train INFO:   [grad_norm pre-clip: 5.279 / clip_max: 1.0]
2026-05-03 16:08:04,200 PAT.train INFO: Epoch[35] Iteration[120/249] total_loss: 3.485, reid_loss: 3.481, pc_loss: 0.004, Acc: 0.910, Base Lr: 2.82e-04
2026-05-03 16:08:36,410 PAT.train INFO:   [grad_norm pre-clip: 4.890 / clip_max: 1.0]
2026-05-03 16:08:36,411 PAT.train INFO: Epoch[35] Iteration[180/249] total_loss: 3.500, reid_loss: 3.496, pc_loss: 0.004, Acc: 0.904, Base Lr: 2.82e-04
2026-05-03 16:09:09,228 PAT.train INFO:   [grad_norm pre-clip: 5.262 / clip_max: 1.0]
2026-05-03 16:09:09,228 PAT.train INFO: Epoch[35] Iteration[240/249] total_loss: 3.498, reid_loss: 3.495, pc_loss: 0.003, Acc: 0.906, Base Lr: 2.82e-04
2026-05-03 16:09:12,343 PAT.train INFO: Epoch 35 done. Time per batch: 0.546[s] Speed: 117.3[samples/s]
2026-05-03 16:09:46,802 PAT.train INFO:   [grad_norm pre-clip: 5.432 / clip_max: 1.0]
2026-05-03 16:09:46,803 PAT.train INFO: Epoch[36] Iteration[60/249] total_loss: 3.457, reid_loss: 3.455, pc_loss: 0.002, Acc: 0.907, Base Lr: 2.78e-04
2026-05-03 16:10:18,867 PAT.train INFO:   [grad_norm pre-clip: 5.436 / clip_max: 1.0]
2026-05-03 16:10:18,868 PAT.train INFO: Epoch[36] Iteration[120/249] total_loss: 3.466, reid_loss: 3.462, pc_loss: 0.004, Acc: 0.909, Base Lr: 2.78e-04
2026-05-03 16:10:51,334 PAT.train INFO:   [grad_norm pre-clip: 4.775 / clip_max: 1.0]
2026-05-03 16:10:51,334 PAT.train INFO: Epoch[36] Iteration[180/249] total_loss: 3.472, reid_loss: 3.469, pc_loss: 0.003, Acc: 0.910, Base Lr: 2.78e-04
2026-05-03 16:11:23,298 PAT.train INFO:   [grad_norm pre-clip: 4.811 / clip_max: 1.0]
2026-05-03 16:11:23,298 PAT.train INFO: Epoch[36] Iteration[240/249] total_loss: 3.472, reid_loss: 3.469, pc_loss: 0.003, Acc: 0.909, Base Lr: 2.78e-04
2026-05-03 16:11:26,127 PAT.train INFO: Epoch 36 done. Time per batch: 0.545[s] Speed: 117.4[samples/s]
2026-05-03 16:12:00,111 PAT.train INFO:   [grad_norm pre-clip: 5.274 / clip_max: 1.0]
2026-05-03 16:12:00,112 PAT.train INFO: Epoch[37] Iteration[60/249] total_loss: 3.406, reid_loss: 3.402, pc_loss: 0.003, Acc: 0.920, Base Lr: 2.74e-04
2026-05-03 16:12:32,567 PAT.train INFO:   [grad_norm pre-clip: 5.423 / clip_max: 1.0]
2026-05-03 16:12:32,567 PAT.train INFO: Epoch[37] Iteration[120/249] total_loss: 3.426, reid_loss: 3.423, pc_loss: 0.003, Acc: 0.914, Base Lr: 2.74e-04
2026-05-03 16:13:05,445 PAT.train INFO:   [grad_norm pre-clip: 4.888 / clip_max: 1.0]
2026-05-03 16:13:05,446 PAT.train INFO: Epoch[37] Iteration[180/249] total_loss: 3.450, reid_loss: 3.447, pc_loss: 0.003, Acc: 0.913, Base Lr: 2.74e-04
2026-05-03 16:13:38,278 PAT.train INFO:   [grad_norm pre-clip: 4.456 / clip_max: 1.0]
2026-05-03 16:13:38,279 PAT.train INFO: Epoch[37] Iteration[240/249] total_loss: 3.444, reid_loss: 3.441, pc_loss: 0.003, Acc: 0.915, Base Lr: 2.74e-04
2026-05-03 16:13:40,558 PAT.train INFO: Epoch 37 done. Time per batch: 0.550[s] Speed: 116.3[samples/s]
2026-05-03 16:14:17,754 PAT.train INFO:   [grad_norm pre-clip: 4.702 / clip_max: 1.0]
2026-05-03 16:14:17,755 PAT.train INFO: Epoch[38] Iteration[60/249] total_loss: 3.438, reid_loss: 3.435, pc_loss: 0.003, Acc: 0.919, Base Lr: 2.70e-04
2026-05-03 16:14:49,977 PAT.train INFO:   [grad_norm pre-clip: 4.790 / clip_max: 1.0]
2026-05-03 16:14:49,978 PAT.train INFO: Epoch[38] Iteration[120/249] total_loss: 3.427, reid_loss: 3.418, pc_loss: 0.010, Acc: 0.921, Base Lr: 2.70e-04
2026-05-03 16:15:22,361 PAT.train INFO:   [grad_norm pre-clip: 5.437 / clip_max: 1.0]
2026-05-03 16:15:22,362 PAT.train INFO: Epoch[38] Iteration[180/249] total_loss: 3.432, reid_loss: 3.423, pc_loss: 0.009, Acc: 0.921, Base Lr: 2.70e-04
2026-05-03 16:15:54,509 PAT.train INFO:   [grad_norm pre-clip: 5.008 / clip_max: 1.0]
2026-05-03 16:15:54,510 PAT.train INFO: Epoch[38] Iteration[240/249] total_loss: 3.433, reid_loss: 3.426, pc_loss: 0.007, Acc: 0.920, Base Lr: 2.70e-04
2026-05-03 16:15:57,417 PAT.train INFO: Epoch 38 done. Time per batch: 0.546[s] Speed: 117.2[samples/s]
2026-05-03 16:16:31,934 PAT.train INFO:   [grad_norm pre-clip: 4.905 / clip_max: 1.0]
2026-05-03 16:16:31,935 PAT.train INFO: Epoch[39] Iteration[60/249] total_loss: 3.366, reid_loss: 3.363, pc_loss: 0.003, Acc: 0.919, Base Lr: 2.67e-04
2026-05-03 16:17:06,914 PAT.train INFO:   [grad_norm pre-clip: 5.349 / clip_max: 1.0]
2026-05-03 16:17:06,914 PAT.train INFO: Epoch[39] Iteration[120/249] total_loss: 3.403, reid_loss: 3.400, pc_loss: 0.003, Acc: 0.920, Base Lr: 2.67e-04
2026-05-03 16:17:41,382 PAT.train INFO:   [grad_norm pre-clip: 5.184 / clip_max: 1.0]
2026-05-03 16:17:41,384 PAT.train INFO: Epoch[39] Iteration[180/249] total_loss: 3.421, reid_loss: 3.418, pc_loss: 0.003, Acc: 0.915, Base Lr: 2.67e-04
2026-05-03 16:18:13,829 PAT.train INFO:   [grad_norm pre-clip: 4.929 / clip_max: 1.0]
2026-05-03 16:18:13,829 PAT.train INFO: Epoch[39] Iteration[240/249] total_loss: 3.419, reid_loss: 3.416, pc_loss: 0.003, Acc: 0.916, Base Lr: 2.67e-04
2026-05-03 16:18:16,155 PAT.train INFO: Epoch 39 done. Time per batch: 0.568[s] Speed: 112.7[samples/s]
2026-05-03 16:18:50,092 PAT.train INFO:   [grad_norm pre-clip: 5.070 / clip_max: 1.0]
2026-05-03 16:18:50,092 PAT.train INFO: Epoch[40] Iteration[60/249] total_loss: 3.329, reid_loss: 3.326, pc_loss: 0.003, Acc: 0.920, Base Lr: 2.63e-04
2026-05-03 16:19:22,972 PAT.train INFO:   [grad_norm pre-clip: 4.644 / clip_max: 1.0]
2026-05-03 16:19:22,972 PAT.train INFO: Epoch[40] Iteration[120/249] total_loss: 3.351, reid_loss: 3.346, pc_loss: 0.005, Acc: 0.924, Base Lr: 2.63e-04
2026-05-03 16:19:55,096 PAT.train INFO:   [grad_norm pre-clip: 5.191 / clip_max: 1.0]
2026-05-03 16:19:55,097 PAT.train INFO: Epoch[40] Iteration[180/249] total_loss: 3.378, reid_loss: 3.372, pc_loss: 0.007, Acc: 0.925, Base Lr: 2.63e-04
2026-05-03 16:20:27,406 PAT.train INFO:   [grad_norm pre-clip: 4.779 / clip_max: 1.0]
2026-05-03 16:20:27,407 PAT.train INFO: Epoch[40] Iteration[240/249] total_loss: 3.381, reid_loss: 3.375, pc_loss: 0.005, Acc: 0.924, Base Lr: 2.63e-04
2026-05-03 16:20:30,275 PAT.train INFO: Epoch 40 done. Time per batch: 0.547[s] Speed: 117.1[samples/s]
2026-05-03 16:20:30,277 PAT.test INFO: Enter inferencing
2026-05-03 16:20:42,446 PAT.test INFO: Validation Results 
2026-05-03 16:20:42,446 PAT.test INFO: mAP: 100.0%
2026-05-03 16:20:42,446 PAT.test INFO: CMC curve, Rank-1  :100.0%
2026-05-03 16:20:42,446 PAT.test INFO: CMC curve, Rank-5  :100.0%
2026-05-03 16:20:42,446 PAT.test INFO: CMC curve, Rank-10 :100.0%
2026-05-03 16:20:42,446 PAT.test INFO: total inference time: 12.16
2026-05-03 16:21:16,636 PAT.train INFO:   [grad_norm pre-clip: 4.691 / clip_max: 1.0]
2026-05-03 16:21:16,637 PAT.train INFO: Epoch[41] Iteration[60/249] total_loss: 3.384, reid_loss: 3.381, pc_loss: 0.003, Acc: 0.919, Base Lr: 2.59e-04
2026-05-03 16:21:48,833 PAT.train INFO:   [grad_norm pre-clip: 5.637 / clip_max: 1.0]
2026-05-03 16:21:48,834 PAT.train INFO: Epoch[41] Iteration[120/249] total_loss: 3.372, reid_loss: 3.367, pc_loss: 0.005, Acc: 0.927, Base Lr: 2.59e-04
2026-05-03 16:22:20,893 PAT.train INFO:   [grad_norm pre-clip: 4.944 / clip_max: 1.0]
2026-05-03 16:22:20,893 PAT.train INFO: Epoch[41] Iteration[180/249] total_loss: 3.368, reid_loss: 3.364, pc_loss: 0.004, Acc: 0.926, Base Lr: 2.59e-04
2026-05-03 16:22:53,001 PAT.train INFO:   [grad_norm pre-clip: 5.297 / clip_max: 1.0]
2026-05-03 16:22:53,002 PAT.train INFO: Epoch[41] Iteration[240/249] total_loss: 3.364, reid_loss: 3.360, pc_loss: 0.004, Acc: 0.927, Base Lr: 2.59e-04
2026-05-03 16:22:55,827 PAT.train INFO: Epoch 41 done. Time per batch: 0.541[s] Speed: 118.3[samples/s]
2026-05-03 16:23:34,246 PAT.train INFO:   [grad_norm pre-clip: 5.397 / clip_max: 1.0]
2026-05-03 16:23:34,247 PAT.train INFO: Epoch[42] Iteration[60/249] total_loss: 3.329, reid_loss: 3.327, pc_loss: 0.002, Acc: 0.926, Base Lr: 2.55e-04
2026-05-03 16:24:07,120 PAT.train INFO:   [grad_norm pre-clip: 4.909 / clip_max: 1.0]
2026-05-03 16:24:07,120 PAT.train INFO: Epoch[42] Iteration[120/249] total_loss: 3.349, reid_loss: 3.338, pc_loss: 0.010, Acc: 0.925, Base Lr: 2.55e-04
2026-05-03 16:24:40,200 PAT.train INFO:   [grad_norm pre-clip: 6.420 / clip_max: 1.0]
2026-05-03 16:24:40,200 PAT.train INFO: Epoch[42] Iteration[180/249] total_loss: 3.359, reid_loss: 3.351, pc_loss: 0.008, Acc: 0.926, Base Lr: 2.55e-04
2026-05-03 16:25:12,944 PAT.train INFO:   [grad_norm pre-clip: 4.924 / clip_max: 1.0]
2026-05-03 16:25:12,944 PAT.train INFO: Epoch[42] Iteration[240/249] total_loss: 3.361, reid_loss: 3.355, pc_loss: 0.006, Acc: 0.928, Base Lr: 2.55e-04
2026-05-03 16:25:15,837 PAT.train INFO: Epoch 42 done. Time per batch: 0.571[s] Speed: 112.1[samples/s]
2026-05-03 16:25:55,063 PAT.train INFO:   [grad_norm pre-clip: 5.325 / clip_max: 1.0]
2026-05-03 16:25:55,064 PAT.train INFO: Epoch[43] Iteration[60/249] total_loss: 3.297, reid_loss: 3.295, pc_loss: 0.002, Acc: 0.936, Base Lr: 2.51e-04
2026-05-03 16:26:27,663 PAT.train INFO:   [grad_norm pre-clip: 5.533 / clip_max: 1.0]
2026-05-03 16:26:27,663 PAT.train INFO: Epoch[43] Iteration[120/249] total_loss: 3.314, reid_loss: 3.309, pc_loss: 0.004, Acc: 0.933, Base Lr: 2.51e-04
2026-05-03 16:27:00,366 PAT.train INFO:   [grad_norm pre-clip: 6.440 / clip_max: 1.0]
2026-05-03 16:27:00,367 PAT.train INFO: Epoch[43] Iteration[180/249] total_loss: 3.331, reid_loss: 3.325, pc_loss: 0.006, Acc: 0.932, Base Lr: 2.51e-04
2026-05-03 16:27:33,112 PAT.train INFO:   [grad_norm pre-clip: 5.297 / clip_max: 1.0]
2026-05-03 16:27:33,113 PAT.train INFO: Epoch[43] Iteration[240/249] total_loss: 3.338, reid_loss: 3.334, pc_loss: 0.005, Acc: 0.931, Base Lr: 2.51e-04
2026-05-03 16:27:36,095 PAT.train INFO: Epoch 43 done. Time per batch: 0.555[s] Speed: 115.4[samples/s]
2026-05-03 16:28:10,193 PAT.train INFO:   [grad_norm pre-clip: 5.323 / clip_max: 1.0]
2026-05-03 16:28:10,193 PAT.train INFO: Epoch[44] Iteration[60/249] total_loss: 3.290, reid_loss: 3.287, pc_loss: 0.003, Acc: 0.927, Base Lr: 2.46e-04
2026-05-03 16:28:44,840 PAT.train INFO:   [grad_norm pre-clip: 5.335 / clip_max: 1.0]
2026-05-03 16:28:44,841 PAT.train INFO: Epoch[44] Iteration[120/249] total_loss: 3.306, reid_loss: 3.304, pc_loss: 0.002, Acc: 0.929, Base Lr: 2.46e-04
2026-05-03 16:29:17,412 PAT.train INFO:   [grad_norm pre-clip: 4.381 / clip_max: 1.0]
2026-05-03 16:29:17,413 PAT.train INFO: Epoch[44] Iteration[180/249] total_loss: 3.301, reid_loss: 3.299, pc_loss: 0.003, Acc: 0.933, Base Lr: 2.46e-04
2026-05-03 16:29:50,286 PAT.train INFO:   [grad_norm pre-clip: 5.096 / clip_max: 1.0]
2026-05-03 16:29:50,286 PAT.train INFO: Epoch[44] Iteration[240/249] total_loss: 3.319, reid_loss: 3.316, pc_loss: 0.003, Acc: 0.933, Base Lr: 2.46e-04
2026-05-03 16:29:52,645 PAT.train INFO: Epoch 44 done. Time per batch: 0.559[s] Speed: 114.5[samples/s]
2026-05-03 16:30:26,889 PAT.train INFO:   [grad_norm pre-clip: 5.373 / clip_max: 1.0]
2026-05-03 16:30:26,890 PAT.train INFO: Epoch[45] Iteration[60/249] total_loss: 3.289, reid_loss: 3.288, pc_loss: 0.001, Acc: 0.934, Base Lr: 2.42e-04
2026-05-03 16:30:59,609 PAT.train INFO:   [grad_norm pre-clip: 4.591 / clip_max: 1.0]
2026-05-03 16:30:59,610 PAT.train INFO: Epoch[45] Iteration[120/249] total_loss: 3.291, reid_loss: 3.290, pc_loss: 0.001, Acc: 0.938, Base Lr: 2.42e-04
2026-05-03 16:31:31,841 PAT.train INFO:   [grad_norm pre-clip: 5.047 / clip_max: 1.0]
2026-05-03 16:31:31,842 PAT.train INFO: Epoch[45] Iteration[180/249] total_loss: 3.294, reid_loss: 3.292, pc_loss: 0.001, Acc: 0.937, Base Lr: 2.42e-04
2026-05-03 16:32:04,500 PAT.train INFO:   [grad_norm pre-clip: 5.087 / clip_max: 1.0]
2026-05-03 16:32:04,500 PAT.train INFO: Epoch[45] Iteration[240/249] total_loss: 3.298, reid_loss: 3.297, pc_loss: 0.001, Acc: 0.935, Base Lr: 2.42e-04
2026-05-03 16:32:07,992 PAT.train INFO: Epoch 45 done. Time per batch: 0.549[s] Speed: 116.5[samples/s]
2026-05-03 16:32:41,876 PAT.train INFO:   [grad_norm pre-clip: 5.032 / clip_max: 1.0]
2026-05-03 16:32:41,877 PAT.train INFO: Epoch[46] Iteration[60/249] total_loss: 3.258, reid_loss: 3.257, pc_loss: 0.001, Acc: 0.929, Base Lr: 2.38e-04
2026-05-03 16:33:14,344 PAT.train INFO:   [grad_norm pre-clip: 4.970 / clip_max: 1.0]
2026-05-03 16:33:14,344 PAT.train INFO: Epoch[46] Iteration[120/249] total_loss: 3.283, reid_loss: 3.280, pc_loss: 0.003, Acc: 0.929, Base Lr: 2.38e-04
2026-05-03 16:33:46,494 PAT.train INFO:   [grad_norm pre-clip: 5.455 / clip_max: 1.0]
2026-05-03 16:33:46,495 PAT.train INFO: Epoch[46] Iteration[180/249] total_loss: 3.290, reid_loss: 3.288, pc_loss: 0.002, Acc: 0.930, Base Lr: 2.38e-04
2026-05-03 16:34:18,648 PAT.train INFO:   [grad_norm pre-clip: 4.857 / clip_max: 1.0]
2026-05-03 16:34:18,648 PAT.train INFO: Epoch[46] Iteration[240/249] total_loss: 3.290, reid_loss: 3.288, pc_loss: 0.002, Acc: 0.932, Base Lr: 2.38e-04
2026-05-03 16:34:21,481 PAT.train INFO: Epoch 46 done. Time per batch: 0.544[s] Speed: 117.6[samples/s]
2026-05-03 16:34:56,280 PAT.train INFO:   [grad_norm pre-clip: 4.954 / clip_max: 1.0]
2026-05-03 16:34:56,281 PAT.train INFO: Epoch[47] Iteration[60/249] total_loss: 3.248, reid_loss: 3.247, pc_loss: 0.001, Acc: 0.941, Base Lr: 2.34e-04
2026-05-03 16:35:29,368 PAT.train INFO:   [grad_norm pre-clip: 5.621 / clip_max: 1.0]
2026-05-03 16:35:29,369 PAT.train INFO: Epoch[47] Iteration[120/249] total_loss: 3.267, reid_loss: 3.265, pc_loss: 0.002, Acc: 0.937, Base Lr: 2.34e-04
2026-05-03 16:36:01,738 PAT.train INFO:   [grad_norm pre-clip: 5.179 / clip_max: 1.0]
2026-05-03 16:36:01,738 PAT.train INFO: Epoch[47] Iteration[180/249] total_loss: 3.273, reid_loss: 3.271, pc_loss: 0.002, Acc: 0.936, Base Lr: 2.34e-04
2026-05-03 16:36:34,540 PAT.train INFO:   [grad_norm pre-clip: 5.257 / clip_max: 1.0]
2026-05-03 16:36:34,541 PAT.train INFO: Epoch[47] Iteration[240/249] total_loss: 3.280, reid_loss: 3.278, pc_loss: 0.002, Acc: 0.936, Base Lr: 2.34e-04
2026-05-03 16:36:36,874 PAT.train INFO: Epoch 47 done. Time per batch: 0.554[s] Speed: 115.6[samples/s]
2026-05-03 16:37:12,304 PAT.train INFO:   [grad_norm pre-clip: 5.516 / clip_max: 1.0]
2026-05-03 16:37:12,305 PAT.train INFO: Epoch[48] Iteration[60/249] total_loss: 3.255, reid_loss: 3.253, pc_loss: 0.002, Acc: 0.950, Base Lr: 2.29e-04
2026-05-03 16:37:44,689 PAT.train INFO:   [grad_norm pre-clip: 4.452 / clip_max: 1.0]
2026-05-03 16:37:44,690 PAT.train INFO: Epoch[48] Iteration[120/249] total_loss: 3.240, reid_loss: 3.238, pc_loss: 0.002, Acc: 0.946, Base Lr: 2.29e-04
2026-05-03 16:38:16,343 PAT.train INFO:   [grad_norm pre-clip: 4.864 / clip_max: 1.0]
2026-05-03 16:38:16,343 PAT.train INFO: Epoch[48] Iteration[180/249] total_loss: 3.250, reid_loss: 3.248, pc_loss: 0.002, Acc: 0.943, Base Lr: 2.29e-04
2026-05-03 16:38:48,147 PAT.train INFO:   [grad_norm pre-clip: 5.354 / clip_max: 1.0]
2026-05-03 16:38:48,148 PAT.train INFO: Epoch[48] Iteration[240/249] total_loss: 3.250, reid_loss: 3.248, pc_loss: 0.002, Acc: 0.944, Base Lr: 2.29e-04
2026-05-03 16:38:50,445 PAT.train INFO: Epoch 48 done. Time per batch: 0.540[s] Speed: 118.6[samples/s]
2026-05-03 16:39:24,188 PAT.train INFO:   [grad_norm pre-clip: 5.634 / clip_max: 1.0]
2026-05-03 16:39:24,189 PAT.train INFO: Epoch[49] Iteration[60/249] total_loss: 3.193, reid_loss: 3.190, pc_loss: 0.003, Acc: 0.952, Base Lr: 2.25e-04
2026-05-03 16:39:56,757 PAT.train INFO:   [grad_norm pre-clip: 4.567 / clip_max: 1.0]
2026-05-03 16:39:56,757 PAT.train INFO: Epoch[49] Iteration[120/249] total_loss: 3.211, reid_loss: 3.209, pc_loss: 0.002, Acc: 0.950, Base Lr: 2.25e-04
2026-05-03 16:40:29,595 PAT.train INFO:   [grad_norm pre-clip: 5.704 / clip_max: 1.0]
2026-05-03 16:40:29,596 PAT.train INFO: Epoch[49] Iteration[180/249] total_loss: 3.227, reid_loss: 3.224, pc_loss: 0.002, Acc: 0.948, Base Lr: 2.25e-04
2026-05-03 16:41:01,705 PAT.train INFO:   [grad_norm pre-clip: 5.404 / clip_max: 1.0]
2026-05-03 16:41:01,706 PAT.train INFO: Epoch[49] Iteration[240/249] total_loss: 3.238, reid_loss: 3.236, pc_loss: 0.002, Acc: 0.948, Base Lr: 2.25e-04
2026-05-03 16:41:04,519 PAT.train INFO: Epoch 49 done. Time per batch: 0.547[s] Speed: 117.1[samples/s]
2026-05-03 16:41:38,236 PAT.train INFO:   [grad_norm pre-clip: 5.841 / clip_max: 1.0]
2026-05-03 16:41:38,237 PAT.train INFO: Epoch[50] Iteration[60/249] total_loss: 3.213, reid_loss: 3.211, pc_loss: 0.002, Acc: 0.951, Base Lr: 2.21e-04
2026-05-03 16:42:10,526 PAT.train INFO:   [grad_norm pre-clip: 4.589 / clip_max: 1.0]
2026-05-03 16:42:10,526 PAT.train INFO: Epoch[50] Iteration[120/249] total_loss: 3.212, reid_loss: 3.210, pc_loss: 0.002, Acc: 0.949, Base Lr: 2.21e-04
2026-05-03 16:42:42,810 PAT.train INFO:   [grad_norm pre-clip: 5.253 / clip_max: 1.0]
2026-05-03 16:42:42,811 PAT.train INFO: Epoch[50] Iteration[180/249] total_loss: 3.215, reid_loss: 3.213, pc_loss: 0.002, Acc: 0.948, Base Lr: 2.21e-04
2026-05-03 16:43:15,281 PAT.train INFO:   [grad_norm pre-clip: 5.569 / clip_max: 1.0]
2026-05-03 16:43:15,282 PAT.train INFO: Epoch[50] Iteration[240/249] total_loss: 3.231, reid_loss: 3.229, pc_loss: 0.002, Acc: 0.948, Base Lr: 2.21e-04
2026-05-03 16:43:18,164 PAT.train INFO: Epoch 50 done. Time per batch: 0.545[s] Speed: 117.5[samples/s]
2026-05-03 16:43:58,792 PAT.train INFO:   [grad_norm pre-clip: 5.252 / clip_max: 1.0]
2026-05-03 16:43:58,793 PAT.train INFO: Epoch[51] Iteration[60/249] total_loss: 3.190, reid_loss: 3.189, pc_loss: 0.001, Acc: 0.952, Base Lr: 2.16e-04
2026-05-03 16:44:32,230 PAT.train INFO:   [grad_norm pre-clip: 5.110 / clip_max: 1.0]
2026-05-03 16:44:32,230 PAT.train INFO: Epoch[51] Iteration[120/249] total_loss: 3.197, reid_loss: 3.195, pc_loss: 0.001, Acc: 0.950, Base Lr: 2.16e-04
2026-05-03 16:45:05,180 PAT.train INFO:   [grad_norm pre-clip: 5.885 / clip_max: 1.0]
2026-05-03 16:45:05,181 PAT.train INFO: Epoch[51] Iteration[180/249] total_loss: 3.217, reid_loss: 3.216, pc_loss: 0.002, Acc: 0.948, Base Lr: 2.16e-04
2026-05-03 16:45:37,782 PAT.train INFO:   [grad_norm pre-clip: 7.186 / clip_max: 1.0]
2026-05-03 16:45:37,783 PAT.train INFO: Epoch[51] Iteration[240/249] total_loss: 3.214, reid_loss: 3.212, pc_loss: 0.002, Acc: 0.949, Base Lr: 2.16e-04
2026-05-03 16:45:40,642 PAT.train INFO: Epoch 51 done. Time per batch: 0.559[s] Speed: 114.4[samples/s]
2026-05-03 16:46:14,502 PAT.train INFO:   [grad_norm pre-clip: 4.744 / clip_max: 1.0]
2026-05-03 16:46:14,503 PAT.train INFO: Epoch[52] Iteration[60/249] total_loss: 3.189, reid_loss: 3.187, pc_loss: 0.002, Acc: 0.952, Base Lr: 2.12e-04
2026-05-03 16:46:46,767 PAT.train INFO:   [grad_norm pre-clip: 6.220 / clip_max: 1.0]
2026-05-03 16:46:46,767 PAT.train INFO: Epoch[52] Iteration[120/249] total_loss: 3.204, reid_loss: 3.202, pc_loss: 0.002, Acc: 0.951, Base Lr: 2.12e-04
2026-05-03 16:47:19,247 PAT.train INFO:   [grad_norm pre-clip: 5.130 / clip_max: 1.0]
2026-05-03 16:47:19,248 PAT.train INFO: Epoch[52] Iteration[180/249] total_loss: 3.200, reid_loss: 3.199, pc_loss: 0.002, Acc: 0.949, Base Lr: 2.12e-04
2026-05-03 16:47:51,903 PAT.train INFO:   [grad_norm pre-clip: 4.192 / clip_max: 1.0]
2026-05-03 16:47:51,904 PAT.train INFO: Epoch[52] Iteration[240/249] total_loss: 3.197, reid_loss: 3.196, pc_loss: 0.002, Acc: 0.951, Base Lr: 2.12e-04
2026-05-03 16:47:54,245 PAT.train INFO: Epoch 52 done. Time per batch: 0.547[s] Speed: 117.0[samples/s]
2026-05-03 16:48:27,939 PAT.train INFO:   [grad_norm pre-clip: 4.866 / clip_max: 1.0]
2026-05-03 16:48:27,940 PAT.train INFO: Epoch[53] Iteration[60/249] total_loss: 3.177, reid_loss: 3.176, pc_loss: 0.001, Acc: 0.949, Base Lr: 2.07e-04
2026-05-03 16:49:00,307 PAT.train INFO:   [grad_norm pre-clip: 5.410 / clip_max: 1.0]
2026-05-03 16:49:00,307 PAT.train INFO: Epoch[53] Iteration[120/249] total_loss: 3.175, reid_loss: 3.173, pc_loss: 0.002, Acc: 0.950, Base Lr: 2.07e-04
2026-05-03 16:49:33,082 PAT.train INFO:   [grad_norm pre-clip: 5.203 / clip_max: 1.0]
2026-05-03 16:49:33,082 PAT.train INFO: Epoch[53] Iteration[180/249] total_loss: 3.193, reid_loss: 3.191, pc_loss: 0.001, Acc: 0.948, Base Lr: 2.07e-04
2026-05-03 16:50:06,072 PAT.train INFO:   [grad_norm pre-clip: 5.291 / clip_max: 1.0]
2026-05-03 16:50:06,073 PAT.train INFO: Epoch[53] Iteration[240/249] total_loss: 3.175, reid_loss: 3.173, pc_loss: 0.001, Acc: 0.950, Base Lr: 2.07e-04
2026-05-03 16:50:09,042 PAT.train INFO: Epoch 53 done. Time per batch: 0.549[s] Speed: 116.5[samples/s]
2026-05-03 16:50:43,016 PAT.train INFO:   [grad_norm pre-clip: 6.039 / clip_max: 1.0]
2026-05-03 16:50:43,016 PAT.train INFO: Epoch[54] Iteration[60/249] total_loss: 3.164, reid_loss: 3.163, pc_loss: 0.001, Acc: 0.953, Base Lr: 2.03e-04
2026-05-03 16:51:15,755 PAT.train INFO:   [grad_norm pre-clip: 6.027 / clip_max: 1.0]
2026-05-03 16:51:15,756 PAT.train INFO: Epoch[54] Iteration[120/249] total_loss: 3.182, reid_loss: 3.180, pc_loss: 0.003, Acc: 0.954, Base Lr: 2.03e-04
2026-05-03 16:51:48,262 PAT.train INFO:   [grad_norm pre-clip: 3.799 / clip_max: 1.0]
2026-05-03 16:51:48,263 PAT.train INFO: Epoch[54] Iteration[180/249] total_loss: 3.170, reid_loss: 3.169, pc_loss: 0.002, Acc: 0.955, Base Lr: 2.03e-04
2026-05-03 16:52:20,645 PAT.train INFO:   [grad_norm pre-clip: 6.325 / clip_max: 1.0]
2026-05-03 16:52:20,645 PAT.train INFO: Epoch[54] Iteration[240/249] total_loss: 3.179, reid_loss: 3.177, pc_loss: 0.002, Acc: 0.953, Base Lr: 2.03e-04
2026-05-03 16:52:23,434 PAT.train INFO: Epoch 54 done. Time per batch: 0.548[s] Speed: 116.8[samples/s]
2026-05-03 16:52:58,392 PAT.train INFO:   [grad_norm pre-clip: 4.369 / clip_max: 1.0]
2026-05-03 16:52:58,393 PAT.train INFO: Epoch[55] Iteration[60/249] total_loss: 3.160, reid_loss: 3.159, pc_loss: 0.001, Acc: 0.955, Base Lr: 1.98e-04
2026-05-03 16:53:31,125 PAT.train INFO:   [grad_norm pre-clip: 4.867 / clip_max: 1.0]
2026-05-03 16:53:31,125 PAT.train INFO: Epoch[55] Iteration[120/249] total_loss: 3.146, reid_loss: 3.144, pc_loss: 0.002, Acc: 0.957, Base Lr: 1.98e-04
2026-05-03 16:54:03,509 PAT.train INFO:   [grad_norm pre-clip: 5.813 / clip_max: 1.0]
2026-05-03 16:54:03,510 PAT.train INFO: Epoch[55] Iteration[180/249] total_loss: 3.152, reid_loss: 3.150, pc_loss: 0.002, Acc: 0.955, Base Lr: 1.98e-04
2026-05-03 16:54:36,309 PAT.train INFO:   [grad_norm pre-clip: 5.737 / clip_max: 1.0]
2026-05-03 16:54:36,309 PAT.train INFO: Epoch[55] Iteration[240/249] total_loss: 3.157, reid_loss: 3.156, pc_loss: 0.002, Acc: 0.955, Base Lr: 1.98e-04
2026-05-03 16:54:38,665 PAT.train INFO: Epoch 55 done. Time per batch: 0.550[s] Speed: 116.5[samples/s]
2026-05-03 16:55:12,267 PAT.train INFO:   [grad_norm pre-clip: 5.411 / clip_max: 1.0]
2026-05-03 16:55:12,268 PAT.train INFO: Epoch[56] Iteration[60/249] total_loss: 3.144, reid_loss: 3.143, pc_loss: 0.001, Acc: 0.955, Base Lr: 1.94e-04
2026-05-03 16:55:44,688 PAT.train INFO:   [grad_norm pre-clip: 4.078 / clip_max: 1.0]
2026-05-03 16:55:44,689 PAT.train INFO: Epoch[56] Iteration[120/249] total_loss: 3.134, reid_loss: 3.131, pc_loss: 0.003, Acc: 0.957, Base Lr: 1.94e-04
2026-05-03 16:56:17,145 PAT.train INFO:   [grad_norm pre-clip: 5.180 / clip_max: 1.0]
2026-05-03 16:56:17,145 PAT.train INFO: Epoch[56] Iteration[180/249] total_loss: 3.145, reid_loss: 3.143, pc_loss: 0.002, Acc: 0.956, Base Lr: 1.94e-04
2026-05-03 16:56:49,369 PAT.train INFO:   [grad_norm pre-clip: 7.613 / clip_max: 1.0]
2026-05-03 16:56:49,370 PAT.train INFO: Epoch[56] Iteration[240/249] total_loss: 3.157, reid_loss: 3.155, pc_loss: 0.002, Acc: 0.956, Base Lr: 1.94e-04
2026-05-03 16:56:52,151 PAT.train INFO: Epoch 56 done. Time per batch: 0.544[s] Speed: 117.6[samples/s]
2026-05-03 16:57:30,809 PAT.train INFO:   [grad_norm pre-clip: 4.697 / clip_max: 1.0]
2026-05-03 16:57:30,810 PAT.train INFO: Epoch[57] Iteration[60/249] total_loss: 3.098, reid_loss: 3.095, pc_loss: 0.004, Acc: 0.958, Base Lr: 1.89e-04
2026-05-03 16:58:03,329 PAT.train INFO:   [grad_norm pre-clip: 6.089 / clip_max: 1.0]
2026-05-03 16:58:03,330 PAT.train INFO: Epoch[57] Iteration[120/249] total_loss: 3.131, reid_loss: 3.129, pc_loss: 0.002, Acc: 0.957, Base Lr: 1.89e-04
2026-05-03 16:58:35,984 PAT.train INFO:   [grad_norm pre-clip: 5.812 / clip_max: 1.0]
2026-05-03 16:58:35,985 PAT.train INFO: Epoch[57] Iteration[180/249] total_loss: 3.147, reid_loss: 3.145, pc_loss: 0.003, Acc: 0.957, Base Lr: 1.89e-04
2026-05-03 16:59:09,704 PAT.train INFO:   [grad_norm pre-clip: 5.676 / clip_max: 1.0]
2026-05-03 16:59:09,704 PAT.train INFO: Epoch[57] Iteration[240/249] total_loss: 3.153, reid_loss: 3.151, pc_loss: 0.003, Acc: 0.958, Base Lr: 1.89e-04
2026-05-03 16:59:12,614 PAT.train INFO: Epoch 57 done. Time per batch: 0.558[s] Speed: 114.8[samples/s]
2026-05-03 16:59:46,369 PAT.train INFO:   [grad_norm pre-clip: 5.277 / clip_max: 1.0]
2026-05-03 16:59:46,369 PAT.train INFO: Epoch[58] Iteration[60/249] total_loss: 3.101, reid_loss: 3.100, pc_loss: 0.001, Acc: 0.964, Base Lr: 1.84e-04
2026-05-03 17:00:18,472 PAT.train INFO:   [grad_norm pre-clip: 5.014 / clip_max: 1.0]
2026-05-03 17:00:18,472 PAT.train INFO: Epoch[58] Iteration[120/249] total_loss: 3.105, reid_loss: 3.103, pc_loss: 0.001, Acc: 0.961, Base Lr: 1.84e-04
2026-05-03 17:00:51,322 PAT.train INFO:   [grad_norm pre-clip: 5.973 / clip_max: 1.0]
2026-05-03 17:00:51,322 PAT.train INFO: Epoch[58] Iteration[180/249] total_loss: 3.109, reid_loss: 3.107, pc_loss: 0.002, Acc: 0.962, Base Lr: 1.84e-04
2026-05-03 17:01:23,454 PAT.train INFO:   [grad_norm pre-clip: 4.054 / clip_max: 1.0]
2026-05-03 17:01:23,454 PAT.train INFO: Epoch[58] Iteration[240/249] total_loss: 3.125, reid_loss: 3.123, pc_loss: 0.002, Acc: 0.959, Base Lr: 1.84e-04
2026-05-03 17:01:25,721 PAT.train INFO: Epoch 58 done. Time per batch: 0.545[s] Speed: 117.5[samples/s]
2026-05-03 17:02:04,428 PAT.train INFO:   [grad_norm pre-clip: 4.773 / clip_max: 1.0]
2026-05-03 17:02:04,428 PAT.train INFO: Epoch[59] Iteration[60/249] total_loss: 3.093, reid_loss: 3.089, pc_loss: 0.004, Acc: 0.961, Base Lr: 1.80e-04
2026-05-03 17:02:36,346 PAT.train INFO:   [grad_norm pre-clip: 5.925 / clip_max: 1.0]
2026-05-03 17:02:36,346 PAT.train INFO: Epoch[59] Iteration[120/249] total_loss: 3.108, reid_loss: 3.105, pc_loss: 0.003, Acc: 0.961, Base Lr: 1.80e-04
2026-05-03 17:03:08,603 PAT.train INFO:   [grad_norm pre-clip: 5.465 / clip_max: 1.0]
2026-05-03 17:03:08,604 PAT.train INFO: Epoch[59] Iteration[180/249] total_loss: 3.117, reid_loss: 3.115, pc_loss: 0.003, Acc: 0.958, Base Lr: 1.80e-04
2026-05-03 17:03:40,814 PAT.train INFO:   [grad_norm pre-clip: 5.714 / clip_max: 1.0]
2026-05-03 17:03:40,815 PAT.train INFO: Epoch[59] Iteration[240/249] total_loss: 3.120, reid_loss: 3.117, pc_loss: 0.003, Acc: 0.960, Base Lr: 1.80e-04
2026-05-03 17:03:44,160 PAT.train INFO: Epoch 59 done. Time per batch: 0.556[s] Speed: 115.1[samples/s]
2026-05-03 17:04:16,859 PAT.train INFO:   [grad_norm pre-clip: 4.363 / clip_max: 1.0]
2026-05-03 17:04:16,860 PAT.train INFO: Epoch[60] Iteration[60/249] total_loss: 3.104, reid_loss: 3.102, pc_loss: 0.002, Acc: 0.956, Base Lr: 1.75e-04
2026-05-03 17:04:48,485 PAT.train INFO:   [grad_norm pre-clip: 5.452 / clip_max: 1.0]
2026-05-03 17:04:48,486 PAT.train INFO: Epoch[60] Iteration[120/249] total_loss: 3.092, reid_loss: 3.089, pc_loss: 0.003, Acc: 0.961, Base Lr: 1.75e-04
2026-05-03 17:05:19,900 PAT.train INFO:   [grad_norm pre-clip: 5.193 / clip_max: 1.0]
2026-05-03 17:05:19,901 PAT.train INFO: Epoch[60] Iteration[180/249] total_loss: 3.108, reid_loss: 3.105, pc_loss: 0.002, Acc: 0.960, Base Lr: 1.75e-04
2026-05-03 17:05:51,454 PAT.train INFO:   [grad_norm pre-clip: 5.696 / clip_max: 1.0]
2026-05-03 17:05:51,455 PAT.train INFO: Epoch[60] Iteration[240/249] total_loss: 3.108, reid_loss: 3.106, pc_loss: 0.002, Acc: 0.960, Base Lr: 1.75e-04
2026-05-03 17:05:54,279 PAT.train INFO: Epoch 60 done. Time per batch: 0.530[s] Speed: 120.7[samples/s]
2026-05-03 17:05:54,281 PAT.test INFO: Enter inferencing
2026-05-03 17:06:06,572 PAT.test INFO: Validation Results 
2026-05-03 17:06:06,572 PAT.test INFO: mAP: 100.0%
2026-05-03 17:06:06,572 PAT.test INFO: CMC curve, Rank-1  :100.0%
2026-05-03 17:06:06,572 PAT.test INFO: CMC curve, Rank-5  :100.0%
2026-05-03 17:06:06,572 PAT.test INFO: CMC curve, Rank-10 :100.0%
2026-05-03 17:06:06,572 PAT.test INFO: total inference time: 12.29
using Transformer_type: part token vit as a backbone
using stride: [16, 16], and patch number is num_y16 * num_x8
using drop_out rate is : 0.0
using attn_drop_out rate is : 0.0
using drop_path rate is : 0.1
Resized position embedding from size:torch.Size([1, 197, 1024]) to size: torch.Size([1, 132, 1024]) with height:16 width: 8
Load 297 / 299 layers.
Loading pretrained ImageNet model......from /workspace/miuam_challenge_diff/pretrained/jx_vit_large_p16_224-4ee7a4dc.pth
/workspace/miuam_challenge_diff/.venv/lib/python3.10/site-packages/torch/nn/init.py:412: UserWarning: Initializing zero-element tensors is a no-op
  warnings.warn("Initializing zero-element tensors is a no-op")
camera-adversarial ON: classifier over 4 cams, GRL lambda=0.1
===========building our part attention vit===========
2026-05-03 17:06:14,855 PAT.train INFO: Number of parameter: 304.27M
Loading trained model from models/./model_vitlarge_camadv_merged_heavyaug_seed2500/part_attention_vit_20.pth
load weights from part_attention_vit_20.pth
2026-05-03 17:06:16,498 PAT INFO: => Loaded UrbanElementsReID_test
2026-05-03 17:06:16,498 PAT INFO:   ----------------------------------------
2026-05-03 17:06:16,498 PAT INFO:   subset   | # ids | # images | # cameras
2026-05-03 17:06:16,498 PAT INFO:   ----------------------------------------
2026-05-03 17:06:16,498 PAT INFO:   query    |     1 |      928 |         1
2026-05-03 17:06:16,498 PAT INFO:   gallery  |     1 |     2844 |         3
2026-05-03 17:06:16,498 PAT INFO:   ----------------------------------------
2026-05-03 17:06:16,499 PAT.test INFO: Enter inferencing
2026-05-03 17:06:28,566 PAT.test INFO: Validation Results 
2026-05-03 17:06:28,566 PAT.test INFO: mAP: 100.0%
2026-05-03 17:06:28,566 PAT.test INFO: CMC curve, Rank-1  :100.0%
2026-05-03 17:06:28,567 PAT.test INFO: CMC curve, Rank-5  :100.0%
2026-05-03 17:06:28,567 PAT.test INFO: CMC curve, Rank-10 :100.0%
2026-05-03 17:06:28,567 PAT.test INFO: total inference time: 11.86
saving final checkpoint (best epoch re-saved, per-epoch checkpoints retained).
done!
