2026-04-20 21:27:17,274 PAT INFO: Saving model to: models/./model_vitlarge_256x128_60ep_deepsup
2026-04-20 21:27:17,274 PAT INFO: Namespace(config_file='config/UrbanElementsReID_train_deepsup.yml', opts=[], local_rank=0)
2026-04-20 21:27:17,274 PAT INFO: Loaded configuration file config/UrbanElementsReID_train_deepsup.yml
2026-04-20 21:27:17,274 PAT INFO: 
MODEL:
  PRETRAIN_CHOICE: 'imagenet'
  PRETRAIN_PATH: '/workspace/miuam_challenge_diff/pretrained'
  IF_LABELSMOOTH: 'on'
  IF_WITH_CENTER: 'no'
  NAME: 'part_attention_vit'
  NO_MARGIN: True
  DEVICE_ID: ('0')
  TRANSFORMER_TYPE: 'vit_large_patch16_224_TransReID'
  STRIDE_SIZE: [16, 16]
  DEEP_SUP: True
  NUM_AUX_LAYERS: 5
  AUX_LOSS_WEIGHT: 0.1

INPUT:
  SIZE_TRAIN: [256, 128]
  SIZE_TEST: [256, 128]
  REA:
    ENABLED: False
  PIXEL_MEAN: [0.5, 0.5, 0.5]
  PIXEL_STD: [0.5, 0.5, 0.5]
  LGT:
    DO_LGT: True
    PROB: 0.5

DATASETS:
  TRAIN: ('UrbanElementsReID',)
  TEST: ('UrbanElementsReID_test',)
  ROOT_DIR: '/workspace/Urban2026/'

DATALOADER:
  SAMPLER: 'softmax_triplet'
  NUM_INSTANCE: 4
  NUM_WORKERS: 8

SOLVER:
  OPTIMIZER_NAME: 'Adam'
  MAX_EPOCHS: 60
  BASE_LR: 0.00035
  WARMUP_METHOD: 'linear'
  WARMUP_EPOCHS: 10
  WARMUP_FACTOR: 0.01
  IMS_PER_BATCH: 64
  LARGE_FC_LR: False
  CHECKPOINT_PERIOD: 10
  LOG_PERIOD: 60
  EVAL_PERIOD: 10
  WEIGHT_DECAY: 1e-4
  WEIGHT_DECAY_BIAS: 1e-4
  BIAS_LR_FACTOR: 2
  SEED: 1234

TEST:
  EVAL: True
  IMS_PER_BATCH: 64
  RE_RANKING: False
  WEIGHT: ''
  NECK_FEAT: 'before'
  FEAT_NORM: True

LOG_ROOT: 'models/'
TB_LOG_ROOT: './tb_log/'
LOG_NAME: './model_vitlarge_256x128_60ep_deepsup'
2026-04-20 21:27:17,275 PAT INFO: Running with config:
DATALOADER:
  CAMERA_TO_DOMAIN: False
  DELETE_REM: False
  DROP_LAST: False
  INDIVIDUAL: False
  NAIVE_WAY: True
  NUM_INSTANCE: 4
  NUM_WORKERS: 8
  SAMPLER: softmax_triplet
DATASETS:
  COMBINEALL: False
  ROOT_DIR: /workspace/Urban2026/
  TEST: ('UrbanElementsReID_test',)
  TRAIN: ('UrbanElementsReID',)
INPUT:
  CJ:
    BRIGHTNESS: 0.15
    CONTRAST: 0.15
    ENABLED: False
    HUE: 0.1
    PROB: 1.0
    SATURATION: 0.1
  DO_AUGMIX: False
  DO_AUTOAUG: False
  DO_FLIP: True
  DO_PAD: True
  FLIP_PROB: 0.5
  LGT:
    DO_LGT: True
    PROB: 0.5
  PADDING: 10
  PADDING_MODE: constant
  PIXEL_MEAN: [0.5, 0.5, 0.5]
  PIXEL_STD: [0.5, 0.5, 0.5]
  REA:
    ENABLED: False
    MEAN: [123.675, 116.28, 103.53]
    PROB: 0.5
  RPT:
    ENABLED: False
    PROB: 0.5
  SIZE_TEST: [256, 128]
  SIZE_TRAIN: [256, 128]
LOG_NAME: ./model_vitlarge_256x128_60ep_deepsup
LOG_ROOT: models/
MODEL:
  ATT_DROP_RATE: 0.0
  AUX_LOSS_WEIGHT: 0.1
  CLUSTER_K: 10
  COS_LAYER: False
  DEEP_SUP: True
  DEVICE: cuda
  DEVICE_ID: 0
  DIST_TRAIN: False
  DROP_OUT: 0.0
  DROP_PATH: 0.1
  FREEZE_PATCH_EMBED: True
  ID_LOSS_TYPE: softmax
  ID_LOSS_WEIGHT: 1.0
  IF_LABELSMOOTH: on
  IF_WITH_CENTER: no
  LAST_STRIDE: 1
  METRIC_LOSS_TYPE: triplet
  NAME: part_attention_vit
  NECK: bnneck
  NO_MARGIN: True
  NUM_AUX_LAYERS: 5
  PATCH_EMBED_TYPE: 
  PC_LOSS: True
  PC_LR: 1.0
  PC_SCALE: 0.02
  PRETRAIN_CHOICE: imagenet
  PRETRAIN_PATH: /workspace/miuam_challenge_diff/pretrained
  SOFT_LABEL: True
  SOFT_LAMBDA: 0.5
  SOFT_WEIGHT: 0.5
  STRIDE_SIZE: [16, 16]
  TRANSFORMER_TYPE: vit_large_patch16_224_TransReID
  TRIPLET_LOSS_WEIGHT: 1.0
SOLVER:
  BASE_LR: 0.00035
  BIAS_LR_FACTOR: 2
  CENTER_LOSS_WEIGHT: 0.0005
  CENTER_LR: 0.5
  CHECKPOINT_PERIOD: 10
  COSINE_MARGIN: 0.5
  COSINE_SCALE: 30
  EVAL_PERIOD: 10
  GAMMA: 0.1
  IMS_PER_BATCH: 64
  LARGE_FC_LR: False
  LOG_PERIOD: 60
  MARGIN: 0.3
  MAX_EPOCHS: 60
  MOMENTUM: 0.9
  OPTIMIZER_NAME: Adam
  SEED: 1234
  STEPS: (40, 70)
  WARMUP_EPOCHS: 10
  WARMUP_FACTOR: 0.01
  WARMUP_METHOD: linear
  WEIGHT_DECAY: 0.0001
  WEIGHT_DECAY_BIAS: 0.0001
TB_LOG_ROOT: ./tb_log/
TEST:
  DIST_MAT: dist_mat.npy
  EVAL: True
  FEAT_NORM: True
  IMS_PER_BATCH: 64
  NECK_FEAT: before
  RE_RANKING: False
  WEIGHT: 
2026-04-20 21:27:17,339 PAT INFO: => Loaded UrbanElementsReID
2026-04-20 21:27:17,339 PAT INFO:   ----------------------------------------
2026-04-20 21:27:17,339 PAT INFO:   subset   | # ids | # images | # cameras
2026-04-20 21:27:17,339 PAT INFO:   ----------------------------------------
2026-04-20 21:27:17,339 PAT INFO:   train    |  1088 |    11175 |         3
2026-04-20 21:27:17,339 PAT INFO:   ----------------------------------------
2026-04-20 21:27:17,416 PAT INFO: => Loaded UrbanElementsReID_test
2026-04-20 21:27:17,416 PAT INFO:   ----------------------------------------
2026-04-20 21:27:17,416 PAT INFO:   subset   | # ids | # images | # cameras
2026-04-20 21:27:17,416 PAT INFO:   ----------------------------------------
2026-04-20 21:27:17,416 PAT INFO:   query    |     1 |      928 |         1
2026-04-20 21:27:17,416 PAT INFO:   gallery  |     1 |     2844 |         3
2026-04-20 21:27:17,416 PAT INFO:   ----------------------------------------
using Transformer_type: part token vit as a backbone
using stride: [16, 16], and patch number is num_y16 * num_x8
using drop_out rate is : 0.0
using attn_drop_out rate is : 0.0
using drop_path rate is : 0.1
Resized position embedding from size:torch.Size([1, 197, 1024]) to size: torch.Size([1, 132, 1024]) with height:16 width: 8
Load 297 / 299 layers.
Loading pretrained ImageNet model......from /workspace/miuam_challenge_diff/pretrained/jx_vit_large_p16_224-4ee7a4dc.pth
deep supervision ON: 5 aux heads on layers -2..-6
===========building our part attention vit===========
2026-04-20 21:27:25,293 PAT.train INFO: Number of parameter: 310.96M
====== freeze patch_embed for stability ======
using soft triplet loss for training
label smooth on, numclasses: 1088
======== using soft label ========
2026-04-20 21:27:26,115 PAT.train INFO: start training
saving tblog to ./tb_log/./model_vitlarge_256x128_60ep_deepsup
initialize the centers
initialization done
/workspace/miuam_challenge_diff/loss/myloss.py:29: UserWarning: This overload of addmm_ is deprecated:
	addmm_(Number beta, Number alpha, Tensor mat1, Tensor mat2)
Consider using one of the following signatures instead:
	addmm_(Tensor mat1, Tensor mat2, *, Number beta, Number alpha) (Triggered internally at ../torch/csrc/utils/python_arg_parser.cpp:1519.)
  dist_map.addmm_(1, -2, part_feat, part_centers.t())
2026-04-20 21:28:33,538 PAT.train INFO: Epoch[1] Iteration[60/159] total_loss: 9.730, reid_loss: 9.139, pc_loss: 0.591, Acc: 0.028, Base Lr: 3.81e-05
2026-04-20 21:29:01,204 PAT.train INFO: Epoch[1] Iteration[120/159] total_loss: 9.351, reid_loss: 8.900, pc_loss: 0.452, Acc: 0.053, Base Lr: 3.81e-05
2026-04-20 21:29:18,573 PAT.train INFO: Epoch 1 done. Time per batch: 0.466[s] Speed: 137.5[samples/s]
2026-04-20 21:29:47,504 PAT.train INFO: Epoch[2] Iteration[60/159] total_loss: 8.060, reid_loss: 7.927, pc_loss: 0.133, Acc: 0.098, Base Lr: 7.28e-05
2026-04-20 21:30:15,642 PAT.train INFO: Epoch[2] Iteration[120/159] total_loss: 7.921, reid_loss: 7.818, pc_loss: 0.103, Acc: 0.105, Base Lr: 7.28e-05
2026-04-20 21:30:33,599 PAT.train INFO: Epoch 2 done. Time per batch: 0.477[s] Speed: 134.3[samples/s]
2026-04-20 21:31:17,238 PAT.train INFO: Epoch[3] Iteration[60/159] total_loss: 7.005, reid_loss: 6.974, pc_loss: 0.030, Acc: 0.116, Base Lr: 1.07e-04
2026-04-20 21:31:46,933 PAT.train INFO: Epoch[3] Iteration[120/159] total_loss: 6.831, reid_loss: 6.804, pc_loss: 0.027, Acc: 0.124, Base Lr: 1.07e-04
2026-04-20 21:32:04,414 PAT.train INFO: Epoch 3 done. Time per batch: 0.577[s] Speed: 110.9[samples/s]
2026-04-20 21:32:36,236 PAT.train INFO: Epoch[4] Iteration[60/159] total_loss: 5.963, reid_loss: 5.956, pc_loss: 0.007, Acc: 0.168, Base Lr: 1.42e-04
2026-04-20 21:33:05,087 PAT.train INFO: Epoch[4] Iteration[120/159] total_loss: 5.728, reid_loss: 5.724, pc_loss: 0.005, Acc: 0.191, Base Lr: 1.42e-04
2026-04-20 21:33:23,109 PAT.train INFO: Epoch 4 done. Time per batch: 0.489[s] Speed: 130.9[samples/s]
2026-04-20 21:33:52,597 PAT.train INFO: Epoch[5] Iteration[60/159] total_loss: 5.047, reid_loss: 5.043, pc_loss: 0.005, Acc: 0.228, Base Lr: 1.77e-04
2026-04-20 21:34:20,279 PAT.train INFO: Epoch[5] Iteration[120/159] total_loss: 4.731, reid_loss: 4.727, pc_loss: 0.004, Acc: 0.294, Base Lr: 1.77e-04
2026-04-20 21:34:37,488 PAT.train INFO: Epoch 5 done. Time per batch: 0.470[s] Speed: 136.2[samples/s]
2026-04-20 21:35:08,376 PAT.train INFO: Epoch[6] Iteration[60/159] total_loss: 4.174, reid_loss: 4.158, pc_loss: 0.016, Acc: 0.361, Base Lr: 2.11e-04
2026-04-20 21:35:36,010 PAT.train INFO: Epoch[6] Iteration[120/159] total_loss: 3.961, reid_loss: 3.949, pc_loss: 0.012, Acc: 0.418, Base Lr: 2.11e-04
2026-04-20 21:35:52,844 PAT.train INFO: Epoch 6 done. Time per batch: 0.479[s] Speed: 133.7[samples/s]
2026-04-20 21:36:23,452 PAT.train INFO: Epoch[7] Iteration[60/159] total_loss: 3.420, reid_loss: 3.417, pc_loss: 0.003, Acc: 0.499, Base Lr: 2.46e-04
2026-04-20 21:36:50,055 PAT.train INFO: Epoch[7] Iteration[120/159] total_loss: 3.289, reid_loss: 3.282, pc_loss: 0.006, Acc: 0.534, Base Lr: 2.46e-04
2026-04-20 21:37:06,751 PAT.train INFO: Epoch 7 done. Time per batch: 0.470[s] Speed: 136.3[samples/s]
2026-04-20 21:37:35,354 PAT.train INFO: Epoch[8] Iteration[60/159] total_loss: 2.963, reid_loss: 2.950, pc_loss: 0.013, Acc: 0.597, Base Lr: 2.81e-04
2026-04-20 21:38:02,663 PAT.train INFO: Epoch[8] Iteration[120/159] total_loss: 2.837, reid_loss: 2.821, pc_loss: 0.017, Acc: 0.626, Base Lr: 2.81e-04
2026-04-20 21:38:19,300 PAT.train INFO: Epoch 8 done. Time per batch: 0.464[s] Speed: 138.0[samples/s]
2026-04-20 21:38:47,477 PAT.train INFO: Epoch[9] Iteration[60/159] total_loss: 2.590, reid_loss: 2.516, pc_loss: 0.074, Acc: 0.710, Base Lr: 3.15e-04
2026-04-20 21:39:14,393 PAT.train INFO: Epoch[9] Iteration[120/159] total_loss: 2.592, reid_loss: 2.501, pc_loss: 0.090, Acc: 0.715, Base Lr: 3.15e-04
2026-04-20 21:39:31,295 PAT.train INFO: Epoch 9 done. Time per batch: 0.457[s] Speed: 139.9[samples/s]
2026-04-20 21:39:59,469 PAT.train INFO: Epoch[10] Iteration[60/159] total_loss: 2.283, reid_loss: 2.236, pc_loss: 0.048, Acc: 0.765, Base Lr: 3.44e-04
2026-04-20 21:40:26,329 PAT.train INFO: Epoch[10] Iteration[120/159] total_loss: 2.288, reid_loss: 2.252, pc_loss: 0.036, Acc: 0.765, Base Lr: 3.44e-04
2026-04-20 21:40:43,132 PAT.train INFO: Epoch 10 done. Time per batch: 0.456[s] Speed: 140.2[samples/s]
2026-04-20 21:40:43,133 PAT.test INFO: Enter inferencing
2026-04-20 21:40:55,804 PAT.test INFO: Validation Results 
2026-04-20 21:40:55,804 PAT.test INFO: mAP: 100.0%
2026-04-20 21:40:55,804 PAT.test INFO: CMC curve, Rank-1  :100.0%
2026-04-20 21:40:55,805 PAT.test INFO: CMC curve, Rank-5  :100.0%
2026-04-20 21:40:55,805 PAT.test INFO: CMC curve, Rank-10 :100.0%
2026-04-20 21:40:55,805 PAT.test INFO: total inference time: 12.67
2026-04-20 21:40:55,811 PAT.train INFO: =====best epoch: 10=====
2026-04-20 21:41:24,117 PAT.train INFO: Epoch[11] Iteration[60/159] total_loss: 2.382, reid_loss: 2.361, pc_loss: 0.021, Acc: 0.768, Base Lr: 3.43e-04
2026-04-20 21:41:51,096 PAT.train INFO: Epoch[11] Iteration[120/159] total_loss: 2.350, reid_loss: 2.334, pc_loss: 0.015, Acc: 0.769, Base Lr: 3.43e-04
2026-04-20 21:42:07,536 PAT.train INFO: Epoch 11 done. Time per batch: 0.456[s] Speed: 140.4[samples/s]
2026-04-20 21:42:37,527 PAT.train INFO: Epoch[12] Iteration[60/159] total_loss: 2.194, reid_loss: 2.171, pc_loss: 0.023, Acc: 0.812, Base Lr: 3.41e-04
2026-04-20 21:43:03,995 PAT.train INFO: Epoch[12] Iteration[120/159] total_loss: 2.135, reid_loss: 2.101, pc_loss: 0.034, Acc: 0.827, Base Lr: 3.41e-04
2026-04-20 21:43:20,948 PAT.train INFO: Epoch 12 done. Time per batch: 0.466[s] Speed: 137.2[samples/s]
2026-04-20 21:43:52,098 PAT.train INFO: Epoch[13] Iteration[60/159] total_loss: 1.895, reid_loss: 1.860, pc_loss: 0.035, Acc: 0.877, Base Lr: 3.40e-04
2026-04-20 21:44:19,249 PAT.train INFO: Epoch[13] Iteration[120/159] total_loss: 1.891, reid_loss: 1.843, pc_loss: 0.048, Acc: 0.877, Base Lr: 3.40e-04
2026-04-20 21:44:36,179 PAT.train INFO: Epoch 13 done. Time per batch: 0.457[s] Speed: 139.9[samples/s]
2026-04-20 21:45:11,434 PAT.train INFO: Epoch[14] Iteration[60/159] total_loss: 1.806, reid_loss: 1.787, pc_loss: 0.019, Acc: 0.895, Base Lr: 3.38e-04
2026-04-20 21:45:38,551 PAT.train INFO: Epoch[14] Iteration[120/159] total_loss: 1.818, reid_loss: 1.798, pc_loss: 0.020, Acc: 0.894, Base Lr: 3.38e-04
2026-04-20 21:45:55,653 PAT.train INFO: Epoch 14 done. Time per batch: 0.495[s] Speed: 129.2[samples/s]
2026-04-20 21:46:24,837 PAT.train INFO: Epoch[15] Iteration[60/159] total_loss: 1.752, reid_loss: 1.731, pc_loss: 0.021, Acc: 0.912, Base Lr: 3.37e-04
2026-04-20 21:46:51,581 PAT.train INFO: Epoch[15] Iteration[120/159] total_loss: 1.709, reid_loss: 1.694, pc_loss: 0.016, Acc: 0.917, Base Lr: 3.37e-04
2026-04-20 21:47:08,370 PAT.train INFO: Epoch 15 done. Time per batch: 0.454[s] Speed: 140.9[samples/s]
2026-04-20 21:47:37,001 PAT.train INFO: Epoch[16] Iteration[60/159] total_loss: 1.645, reid_loss: 1.635, pc_loss: 0.010, Acc: 0.929, Base Lr: 3.35e-04
2026-04-20 21:48:04,822 PAT.train INFO: Epoch[16] Iteration[120/159] total_loss: 1.650, reid_loss: 1.641, pc_loss: 0.009, Acc: 0.928, Base Lr: 3.35e-04
2026-04-20 21:48:22,103 PAT.train INFO: Epoch 16 done. Time per batch: 0.468[s] Speed: 136.6[samples/s]
2026-04-20 21:48:50,876 PAT.train INFO: Epoch[17] Iteration[60/159] total_loss: 1.726, reid_loss: 1.723, pc_loss: 0.003, Acc: 0.923, Base Lr: 3.33e-04
2026-04-20 21:49:18,961 PAT.train INFO: Epoch[17] Iteration[120/159] total_loss: 1.710, reid_loss: 1.706, pc_loss: 0.004, Acc: 0.927, Base Lr: 3.33e-04
2026-04-20 21:49:36,229 PAT.train INFO: Epoch 17 done. Time per batch: 0.471[s] Speed: 135.9[samples/s]
2026-04-20 21:50:05,628 PAT.train INFO: Epoch[18] Iteration[60/159] total_loss: 1.649, reid_loss: 1.644, pc_loss: 0.005, Acc: 0.929, Base Lr: 3.31e-04
2026-04-20 21:50:33,754 PAT.train INFO: Epoch[18] Iteration[120/159] total_loss: 1.648, reid_loss: 1.630, pc_loss: 0.018, Acc: 0.936, Base Lr: 3.31e-04
2026-04-20 21:50:50,083 PAT.train INFO: Epoch 18 done. Time per batch: 0.472[s] Speed: 135.5[samples/s]
2026-04-20 21:51:32,385 PAT.train INFO: Epoch[19] Iteration[60/159] total_loss: 1.625, reid_loss: 1.620, pc_loss: 0.006, Acc: 0.937, Base Lr: 3.29e-04
2026-04-20 21:51:59,560 PAT.train INFO: Epoch[19] Iteration[120/159] total_loss: 1.622, reid_loss: 1.619, pc_loss: 0.004, Acc: 0.940, Base Lr: 3.29e-04
2026-04-20 21:52:16,561 PAT.train INFO: Epoch 19 done. Time per batch: 0.493[s] Speed: 129.8[samples/s]
2026-04-20 21:52:48,368 PAT.train INFO: Epoch[20] Iteration[60/159] total_loss: 1.559, reid_loss: 1.558, pc_loss: 0.000, Acc: 0.951, Base Lr: 3.27e-04
2026-04-20 21:53:15,559 PAT.train INFO: Epoch[20] Iteration[120/159] total_loss: 1.592, reid_loss: 1.592, pc_loss: 0.001, Acc: 0.950, Base Lr: 3.27e-04
2026-04-20 21:53:31,965 PAT.train INFO: Epoch 20 done. Time per batch: 0.482[s] Speed: 132.7[samples/s]
2026-04-20 21:53:31,965 PAT.test INFO: Enter inferencing
2026-04-20 21:53:43,485 PAT.test INFO: Validation Results 
2026-04-20 21:53:43,486 PAT.test INFO: mAP: 100.0%
2026-04-20 21:53:43,486 PAT.test INFO: CMC curve, Rank-1  :100.0%
2026-04-20 21:53:43,486 PAT.test INFO: CMC curve, Rank-5  :100.0%
2026-04-20 21:53:43,486 PAT.test INFO: CMC curve, Rank-10 :100.0%
2026-04-20 21:53:43,486 PAT.test INFO: total inference time: 11.52
2026-04-20 21:54:12,201 PAT.train INFO: Epoch[21] Iteration[60/159] total_loss: 1.610, reid_loss: 1.609, pc_loss: 0.001, Acc: 0.946, Base Lr: 3.24e-04
2026-04-20 21:54:39,248 PAT.train INFO: Epoch[21] Iteration[120/159] total_loss: 1.589, reid_loss: 1.586, pc_loss: 0.003, Acc: 0.952, Base Lr: 3.24e-04
2026-04-20 21:54:55,612 PAT.train INFO: Epoch 21 done. Time per batch: 0.453[s] Speed: 141.2[samples/s]
2026-04-20 21:55:26,794 PAT.train INFO: Epoch[22] Iteration[60/159] total_loss: 1.611, reid_loss: 1.607, pc_loss: 0.005, Acc: 0.949, Base Lr: 3.22e-04
2026-04-20 21:55:54,077 PAT.train INFO: Epoch[22] Iteration[120/159] total_loss: 1.601, reid_loss: 1.597, pc_loss: 0.003, Acc: 0.949, Base Lr: 3.22e-04
2026-04-20 21:56:10,857 PAT.train INFO: Epoch 22 done. Time per batch: 0.478[s] Speed: 133.9[samples/s]
2026-04-20 21:56:39,228 PAT.train INFO: Epoch[23] Iteration[60/159] total_loss: 1.640, reid_loss: 1.623, pc_loss: 0.017, Acc: 0.953, Base Lr: 3.19e-04
2026-04-20 21:57:07,932 PAT.train INFO: Epoch[23] Iteration[120/159] total_loss: 1.577, reid_loss: 1.566, pc_loss: 0.010, Acc: 0.958, Base Lr: 3.19e-04
2026-04-20 21:57:25,499 PAT.train INFO: Epoch 23 done. Time per batch: 0.474[s] Speed: 135.0[samples/s]
2026-04-20 21:58:10,484 PAT.train INFO: Epoch[24] Iteration[60/159] total_loss: 1.601, reid_loss: 1.594, pc_loss: 0.006, Acc: 0.958, Base Lr: 3.17e-04
2026-04-20 21:58:38,847 PAT.train INFO: Epoch[24] Iteration[120/159] total_loss: 1.590, reid_loss: 1.585, pc_loss: 0.005, Acc: 0.956, Base Lr: 3.17e-04
2026-04-20 21:58:56,253 PAT.train INFO: Epoch 24 done. Time per batch: 0.476[s] Speed: 134.3[samples/s]
2026-04-20 21:59:27,592 PAT.train INFO: Epoch[25] Iteration[60/159] total_loss: 1.619, reid_loss: 1.615, pc_loss: 0.004, Acc: 0.947, Base Lr: 3.14e-04
2026-04-20 21:59:55,100 PAT.train INFO: Epoch[25] Iteration[120/159] total_loss: 1.593, reid_loss: 1.589, pc_loss: 0.004, Acc: 0.954, Base Lr: 3.14e-04
2026-04-20 22:00:12,108 PAT.train INFO: Epoch 25 done. Time per batch: 0.485[s] Speed: 131.9[samples/s]
2026-04-20 22:00:40,850 PAT.train INFO: Epoch[26] Iteration[60/159] total_loss: 1.551, reid_loss: 1.546, pc_loss: 0.005, Acc: 0.964, Base Lr: 3.11e-04
2026-04-20 22:01:08,512 PAT.train INFO: Epoch[26] Iteration[120/159] total_loss: 1.547, reid_loss: 1.538, pc_loss: 0.008, Acc: 0.963, Base Lr: 3.11e-04
2026-04-20 22:01:25,437 PAT.train INFO: Epoch 26 done. Time per batch: 0.466[s] Speed: 137.4[samples/s]
2026-04-20 22:01:53,415 PAT.train INFO: Epoch[27] Iteration[60/159] total_loss: 1.595, reid_loss: 1.594, pc_loss: 0.001, Acc: 0.959, Base Lr: 3.08e-04
2026-04-20 22:02:20,258 PAT.train INFO: Epoch[27] Iteration[120/159] total_loss: 1.582, reid_loss: 1.580, pc_loss: 0.002, Acc: 0.960, Base Lr: 3.08e-04
2026-04-20 22:02:36,798 PAT.train INFO: Epoch 27 done. Time per batch: 0.453[s] Speed: 141.2[samples/s]
2026-04-20 22:03:07,242 PAT.train INFO: Epoch[28] Iteration[60/159] total_loss: 1.545, reid_loss: 1.543, pc_loss: 0.002, Acc: 0.963, Base Lr: 3.05e-04
2026-04-20 22:03:34,413 PAT.train INFO: Epoch[28] Iteration[120/159] total_loss: 1.545, reid_loss: 1.544, pc_loss: 0.001, Acc: 0.964, Base Lr: 3.05e-04
2026-04-20 22:03:51,193 PAT.train INFO: Epoch 28 done. Time per batch: 0.457[s] Speed: 140.0[samples/s]
2026-04-20 22:04:20,169 PAT.train INFO: Epoch[29] Iteration[60/159] total_loss: 1.587, reid_loss: 1.584, pc_loss: 0.002, Acc: 0.963, Base Lr: 3.02e-04
2026-04-20 22:04:47,714 PAT.train INFO: Epoch[29] Iteration[120/159] total_loss: 1.551, reid_loss: 1.548, pc_loss: 0.004, Acc: 0.965, Base Lr: 3.02e-04
2026-04-20 22:05:04,816 PAT.train INFO: Epoch 29 done. Time per batch: 0.468[s] Speed: 136.8[samples/s]
2026-04-20 22:05:33,363 PAT.train INFO: Epoch[30] Iteration[60/159] total_loss: 1.570, reid_loss: 1.549, pc_loss: 0.021, Acc: 0.960, Base Lr: 2.99e-04
2026-04-20 22:06:01,226 PAT.train INFO: Epoch[30] Iteration[120/159] total_loss: 1.535, reid_loss: 1.522, pc_loss: 0.013, Acc: 0.962, Base Lr: 2.99e-04
2026-04-20 22:06:18,364 PAT.train INFO: Epoch 30 done. Time per batch: 0.467[s] Speed: 137.0[samples/s]
2026-04-20 22:06:18,365 PAT.test INFO: Enter inferencing
2026-04-20 22:06:29,798 PAT.test INFO: Validation Results 
2026-04-20 22:06:29,798 PAT.test INFO: mAP: 100.0%
2026-04-20 22:06:29,798 PAT.test INFO: CMC curve, Rank-1  :100.0%
2026-04-20 22:06:29,798 PAT.test INFO: CMC curve, Rank-5  :100.0%
2026-04-20 22:06:29,798 PAT.test INFO: CMC curve, Rank-10 :100.0%
2026-04-20 22:06:29,798 PAT.test INFO: total inference time: 11.43
2026-04-20 22:06:58,637 PAT.train INFO: Epoch[31] Iteration[60/159] total_loss: 1.615, reid_loss: 1.606, pc_loss: 0.009, Acc: 0.960, Base Lr: 2.96e-04
2026-04-20 22:07:25,978 PAT.train INFO: Epoch[31] Iteration[120/159] total_loss: 1.603, reid_loss: 1.594, pc_loss: 0.009, Acc: 0.960, Base Lr: 2.96e-04
2026-04-20 22:07:42,895 PAT.train INFO: Epoch 31 done. Time per batch: 0.460[s] Speed: 139.0[samples/s]
2026-04-20 22:08:11,467 PAT.train INFO: Epoch[32] Iteration[60/159] total_loss: 1.515, reid_loss: 1.511, pc_loss: 0.004, Acc: 0.973, Base Lr: 2.92e-04
2026-04-20 22:08:39,021 PAT.train INFO: Epoch[32] Iteration[120/159] total_loss: 1.527, reid_loss: 1.524, pc_loss: 0.003, Acc: 0.966, Base Lr: 2.92e-04
2026-04-20 22:08:56,048 PAT.train INFO: Epoch 32 done. Time per batch: 0.465[s] Speed: 137.7[samples/s]
2026-04-20 22:09:24,221 PAT.train INFO: Epoch[33] Iteration[60/159] total_loss: 1.561, reid_loss: 1.560, pc_loss: 0.001, Acc: 0.966, Base Lr: 2.89e-04
2026-04-20 22:09:51,253 PAT.train INFO: Epoch[33] Iteration[120/159] total_loss: 1.536, reid_loss: 1.535, pc_loss: 0.002, Acc: 0.968, Base Lr: 2.89e-04
2026-04-20 22:10:08,032 PAT.train INFO: Epoch 33 done. Time per batch: 0.457[s] Speed: 139.9[samples/s]
2026-04-20 22:10:35,847 PAT.train INFO: Epoch[34] Iteration[60/159] total_loss: 1.545, reid_loss: 1.542, pc_loss: 0.003, Acc: 0.965, Base Lr: 2.85e-04
2026-04-20 22:11:02,878 PAT.train INFO: Epoch[34] Iteration[120/159] total_loss: 1.529, reid_loss: 1.527, pc_loss: 0.002, Acc: 0.967, Base Lr: 2.85e-04
2026-04-20 22:11:19,152 PAT.train INFO: Epoch 34 done. Time per batch: 0.455[s] Speed: 140.8[samples/s]
2026-04-20 22:11:47,031 PAT.train INFO: Epoch[35] Iteration[60/159] total_loss: 1.490, reid_loss: 1.490, pc_loss: 0.001, Acc: 0.977, Base Lr: 2.82e-04
2026-04-20 22:12:14,260 PAT.train INFO: Epoch[35] Iteration[120/159] total_loss: 1.478, reid_loss: 1.477, pc_loss: 0.001, Acc: 0.977, Base Lr: 2.82e-04
2026-04-20 22:12:30,943 PAT.train INFO: Epoch 35 done. Time per batch: 0.456[s] Speed: 140.3[samples/s]
2026-04-20 22:13:09,594 PAT.train INFO: Epoch[36] Iteration[60/159] total_loss: 1.417, reid_loss: 1.416, pc_loss: 0.001, Acc: 0.980, Base Lr: 2.78e-04
2026-04-20 22:13:38,123 PAT.train INFO: Epoch[36] Iteration[120/159] total_loss: 1.420, reid_loss: 1.419, pc_loss: 0.001, Acc: 0.982, Base Lr: 2.78e-04
2026-04-20 22:13:55,244 PAT.train INFO: Epoch 36 done. Time per batch: 0.467[s] Speed: 137.0[samples/s]
2026-04-20 22:14:24,420 PAT.train INFO: Epoch[37] Iteration[60/159] total_loss: 1.445, reid_loss: 1.444, pc_loss: 0.001, Acc: 0.978, Base Lr: 2.74e-04
2026-04-20 22:14:51,783 PAT.train INFO: Epoch[37] Iteration[120/159] total_loss: 1.425, reid_loss: 1.424, pc_loss: 0.001, Acc: 0.981, Base Lr: 2.74e-04
2026-04-20 22:15:08,217 PAT.train INFO: Epoch 37 done. Time per batch: 0.467[s] Speed: 137.2[samples/s]
2026-04-20 22:15:35,869 PAT.train INFO: Epoch[38] Iteration[60/159] total_loss: 1.425, reid_loss: 1.424, pc_loss: 0.001, Acc: 0.984, Base Lr: 2.70e-04
2026-04-20 22:16:02,988 PAT.train INFO: Epoch[38] Iteration[120/159] total_loss: 1.437, reid_loss: 1.435, pc_loss: 0.002, Acc: 0.983, Base Lr: 2.70e-04
2026-04-20 22:16:20,002 PAT.train INFO: Epoch 38 done. Time per batch: 0.459[s] Speed: 139.4[samples/s]
2026-04-20 22:16:48,023 PAT.train INFO: Epoch[39] Iteration[60/159] total_loss: 1.442, reid_loss: 1.437, pc_loss: 0.005, Acc: 0.978, Base Lr: 2.67e-04
2026-04-20 22:17:14,942 PAT.train INFO: Epoch[39] Iteration[120/159] total_loss: 1.441, reid_loss: 1.432, pc_loss: 0.009, Acc: 0.980, Base Lr: 2.67e-04
2026-04-20 22:17:31,689 PAT.train INFO: Epoch 39 done. Time per batch: 0.455[s] Speed: 140.5[samples/s]
2026-04-20 22:18:11,511 PAT.train INFO: Epoch[40] Iteration[60/159] total_loss: 1.434, reid_loss: 1.428, pc_loss: 0.005, Acc: 0.980, Base Lr: 2.63e-04
2026-04-20 22:18:38,623 PAT.train INFO: Epoch[40] Iteration[120/159] total_loss: 1.412, reid_loss: 1.403, pc_loss: 0.009, Acc: 0.984, Base Lr: 2.63e-04
2026-04-20 22:18:55,592 PAT.train INFO: Epoch 40 done. Time per batch: 0.456[s] Speed: 140.5[samples/s]
2026-04-20 22:18:55,592 PAT.test INFO: Enter inferencing
2026-04-20 22:19:07,198 PAT.test INFO: Validation Results 
2026-04-20 22:19:07,199 PAT.test INFO: mAP: 100.0%
2026-04-20 22:19:07,199 PAT.test INFO: CMC curve, Rank-1  :100.0%
2026-04-20 22:19:07,199 PAT.test INFO: CMC curve, Rank-5  :100.0%
2026-04-20 22:19:07,199 PAT.test INFO: CMC curve, Rank-10 :100.0%
2026-04-20 22:19:07,199 PAT.test INFO: total inference time: 11.60
2026-04-20 22:19:36,000 PAT.train INFO: Epoch[41] Iteration[60/159] total_loss: 1.420, reid_loss: 1.417, pc_loss: 0.003, Acc: 0.984, Base Lr: 2.59e-04
2026-04-20 22:20:03,032 PAT.train INFO: Epoch[41] Iteration[120/159] total_loss: 1.411, reid_loss: 1.409, pc_loss: 0.002, Acc: 0.983, Base Lr: 2.59e-04
2026-04-20 22:20:19,680 PAT.train INFO: Epoch 41 done. Time per batch: 0.456[s] Speed: 140.3[samples/s]
2026-04-20 22:20:47,441 PAT.train INFO: Epoch[42] Iteration[60/159] total_loss: 1.468, reid_loss: 1.466, pc_loss: 0.002, Acc: 0.980, Base Lr: 2.55e-04
2026-04-20 22:21:14,200 PAT.train INFO: Epoch[42] Iteration[120/159] total_loss: 1.475, reid_loss: 1.470, pc_loss: 0.005, Acc: 0.977, Base Lr: 2.55e-04
2026-04-20 22:21:31,031 PAT.train INFO: Epoch 42 done. Time per batch: 0.453[s] Speed: 141.2[samples/s]
2026-04-20 22:21:59,681 PAT.train INFO: Epoch[43] Iteration[60/159] total_loss: 1.531, reid_loss: 1.530, pc_loss: 0.001, Acc: 0.963, Base Lr: 2.51e-04
2026-04-20 22:22:27,343 PAT.train INFO: Epoch[43] Iteration[120/159] total_loss: 1.503, reid_loss: 1.502, pc_loss: 0.001, Acc: 0.969, Base Lr: 2.51e-04
2026-04-20 22:22:44,028 PAT.train INFO: Epoch 43 done. Time per batch: 0.464[s] Speed: 138.0[samples/s]
2026-04-20 22:23:13,999 PAT.train INFO: Epoch[44] Iteration[60/159] total_loss: 1.480, reid_loss: 1.478, pc_loss: 0.001, Acc: 0.975, Base Lr: 2.46e-04
2026-04-20 22:23:41,775 PAT.train INFO: Epoch[44] Iteration[120/159] total_loss: 1.448, reid_loss: 1.447, pc_loss: 0.001, Acc: 0.981, Base Lr: 2.46e-04
2026-04-20 22:23:58,821 PAT.train INFO: Epoch 44 done. Time per batch: 0.464[s] Speed: 138.0[samples/s]
2026-04-20 22:24:26,864 PAT.train INFO: Epoch[45] Iteration[60/159] total_loss: 1.385, reid_loss: 1.382, pc_loss: 0.003, Acc: 0.986, Base Lr: 2.42e-04
2026-04-20 22:24:53,610 PAT.train INFO: Epoch[45] Iteration[120/159] total_loss: 1.381, reid_loss: 1.379, pc_loss: 0.002, Acc: 0.986, Base Lr: 2.42e-04
2026-04-20 22:25:10,126 PAT.train INFO: Epoch 45 done. Time per batch: 0.456[s] Speed: 140.4[samples/s]
2026-04-20 22:25:38,439 PAT.train INFO: Epoch[46] Iteration[60/159] total_loss: 1.417, reid_loss: 1.415, pc_loss: 0.002, Acc: 0.987, Base Lr: 2.38e-04
2026-04-20 22:26:06,237 PAT.train INFO: Epoch[46] Iteration[120/159] total_loss: 1.402, reid_loss: 1.401, pc_loss: 0.001, Acc: 0.987, Base Lr: 2.38e-04
2026-04-20 22:26:23,482 PAT.train INFO: Epoch 46 done. Time per batch: 0.466[s] Speed: 137.3[samples/s]
2026-04-20 22:26:51,590 PAT.train INFO: Epoch[47] Iteration[60/159] total_loss: 1.368, reid_loss: 1.367, pc_loss: 0.001, Acc: 0.990, Base Lr: 2.34e-04
2026-04-20 22:27:18,764 PAT.train INFO: Epoch[47] Iteration[120/159] total_loss: 1.355, reid_loss: 1.354, pc_loss: 0.001, Acc: 0.990, Base Lr: 2.34e-04
2026-04-20 22:27:35,152 PAT.train INFO: Epoch 47 done. Time per batch: 0.458[s] Speed: 139.7[samples/s]
2026-04-20 22:28:15,438 PAT.train INFO: Epoch[48] Iteration[60/159] total_loss: 1.379, reid_loss: 1.378, pc_loss: 0.001, Acc: 0.991, Base Lr: 2.29e-04
2026-04-20 22:28:42,180 PAT.train INFO: Epoch[48] Iteration[120/159] total_loss: 1.378, reid_loss: 1.376, pc_loss: 0.001, Acc: 0.990, Base Lr: 2.29e-04
2026-04-20 22:28:58,613 PAT.train INFO: Epoch 48 done. Time per batch: 0.458[s] Speed: 139.7[samples/s]
2026-04-20 22:29:26,878 PAT.train INFO: Epoch[49] Iteration[60/159] total_loss: 1.378, reid_loss: 1.376, pc_loss: 0.002, Acc: 0.988, Base Lr: 2.25e-04
2026-04-20 22:29:54,361 PAT.train INFO: Epoch[49] Iteration[120/159] total_loss: 1.370, reid_loss: 1.369, pc_loss: 0.001, Acc: 0.988, Base Lr: 2.25e-04
2026-04-20 22:30:11,172 PAT.train INFO: Epoch 49 done. Time per batch: 0.461[s] Speed: 138.8[samples/s]
2026-04-20 22:30:39,240 PAT.train INFO: Epoch[50] Iteration[60/159] total_loss: 1.362, reid_loss: 1.361, pc_loss: 0.001, Acc: 0.990, Base Lr: 2.21e-04
2026-04-20 22:31:06,699 PAT.train INFO: Epoch[50] Iteration[120/159] total_loss: 1.360, reid_loss: 1.359, pc_loss: 0.001, Acc: 0.990, Base Lr: 2.21e-04
2026-04-20 22:31:23,868 PAT.train INFO: Epoch 50 done. Time per batch: 0.462[s] Speed: 138.6[samples/s]
2026-04-20 22:31:23,868 PAT.test INFO: Enter inferencing
2026-04-20 22:31:35,458 PAT.test INFO: Validation Results 
2026-04-20 22:31:35,459 PAT.test INFO: mAP: 100.0%
2026-04-20 22:31:35,459 PAT.test INFO: CMC curve, Rank-1  :100.0%
2026-04-20 22:31:35,459 PAT.test INFO: CMC curve, Rank-5  :100.0%
2026-04-20 22:31:35,459 PAT.test INFO: CMC curve, Rank-10 :100.0%
2026-04-20 22:31:35,459 PAT.test INFO: total inference time: 11.59
2026-04-20 22:32:04,111 PAT.train INFO: Epoch[51] Iteration[60/159] total_loss: 1.349, reid_loss: 1.348, pc_loss: 0.001, Acc: 0.992, Base Lr: 2.16e-04
2026-04-20 22:32:31,241 PAT.train INFO: Epoch[51] Iteration[120/159] total_loss: 1.347, reid_loss: 1.347, pc_loss: 0.001, Acc: 0.990, Base Lr: 2.16e-04
2026-04-20 22:32:48,070 PAT.train INFO: Epoch 51 done. Time per batch: 0.457[s] Speed: 140.2[samples/s]
2026-04-20 22:33:21,910 PAT.train INFO: Epoch[52] Iteration[60/159] total_loss: 1.342, reid_loss: 1.341, pc_loss: 0.001, Acc: 0.992, Base Lr: 2.12e-04
2026-04-20 22:33:48,837 PAT.train INFO: Epoch[52] Iteration[120/159] total_loss: 1.341, reid_loss: 1.340, pc_loss: 0.001, Acc: 0.990, Base Lr: 2.12e-04
2026-04-20 22:34:05,124 PAT.train INFO: Epoch 52 done. Time per batch: 0.455[s] Speed: 140.7[samples/s]
2026-04-20 22:34:33,011 PAT.train INFO: Epoch[53] Iteration[60/159] total_loss: 1.390, reid_loss: 1.390, pc_loss: 0.001, Acc: 0.987, Base Lr: 2.07e-04
2026-04-20 22:34:59,845 PAT.train INFO: Epoch[53] Iteration[120/159] total_loss: 1.382, reid_loss: 1.382, pc_loss: 0.000, Acc: 0.990, Base Lr: 2.07e-04
2026-04-20 22:35:16,003 PAT.train INFO: Epoch 53 done. Time per batch: 0.453[s] Speed: 141.2[samples/s]
2026-04-20 22:35:46,526 PAT.train INFO: Epoch[54] Iteration[60/159] total_loss: 1.344, reid_loss: 1.343, pc_loss: 0.000, Acc: 0.990, Base Lr: 2.03e-04
2026-04-20 22:36:14,001 PAT.train INFO: Epoch[54] Iteration[120/159] total_loss: 1.354, reid_loss: 1.353, pc_loss: 0.001, Acc: 0.991, Base Lr: 2.03e-04
2026-04-20 22:36:30,900 PAT.train INFO: Epoch 54 done. Time per batch: 0.476[s] Speed: 134.5[samples/s]
2026-04-20 22:37:01,959 PAT.train INFO: Epoch[55] Iteration[60/159] total_loss: 1.357, reid_loss: 1.355, pc_loss: 0.002, Acc: 0.994, Base Lr: 1.98e-04
2026-04-20 22:37:29,286 PAT.train INFO: Epoch[55] Iteration[120/159] total_loss: 1.346, reid_loss: 1.344, pc_loss: 0.002, Acc: 0.994, Base Lr: 1.98e-04
2026-04-20 22:37:46,654 PAT.train INFO: Epoch 55 done. Time per batch: 0.481[s] Speed: 133.0[samples/s]
2026-04-20 22:38:24,491 PAT.train INFO: Epoch[56] Iteration[60/159] total_loss: 1.342, reid_loss: 1.341, pc_loss: 0.001, Acc: 0.992, Base Lr: 1.94e-04
2026-04-20 22:38:51,973 PAT.train INFO: Epoch[56] Iteration[120/159] total_loss: 1.349, reid_loss: 1.346, pc_loss: 0.002, Acc: 0.993, Base Lr: 1.94e-04
2026-04-20 22:39:08,815 PAT.train INFO: Epoch 56 done. Time per batch: 0.471[s] Speed: 135.8[samples/s]
2026-04-20 22:39:40,146 PAT.train INFO: Epoch[57] Iteration[60/159] total_loss: 1.327, reid_loss: 1.327, pc_loss: 0.001, Acc: 0.993, Base Lr: 1.89e-04
2026-04-20 22:40:07,808 PAT.train INFO: Epoch[57] Iteration[120/159] total_loss: 1.321, reid_loss: 1.320, pc_loss: 0.001, Acc: 0.995, Base Lr: 1.89e-04
2026-04-20 22:40:24,755 PAT.train INFO: Epoch 57 done. Time per batch: 0.465[s] Speed: 137.6[samples/s]
2026-04-20 22:40:56,911 PAT.train INFO: Epoch[58] Iteration[60/159] total_loss: 1.303, reid_loss: 1.302, pc_loss: 0.001, Acc: 0.991, Base Lr: 1.84e-04
2026-04-20 22:41:24,105 PAT.train INFO: Epoch[58] Iteration[120/159] total_loss: 1.314, reid_loss: 1.313, pc_loss: 0.001, Acc: 0.992, Base Lr: 1.84e-04
2026-04-20 22:41:40,263 PAT.train INFO: Epoch 58 done. Time per batch: 0.483[s] Speed: 132.6[samples/s]
2026-04-20 22:42:08,508 PAT.train INFO: Epoch[59] Iteration[60/159] total_loss: 1.326, reid_loss: 1.324, pc_loss: 0.002, Acc: 0.992, Base Lr: 1.80e-04
2026-04-20 22:42:35,162 PAT.train INFO: Epoch[59] Iteration[120/159] total_loss: 1.314, reid_loss: 1.312, pc_loss: 0.001, Acc: 0.993, Base Lr: 1.80e-04
2026-04-20 22:42:51,503 PAT.train INFO: Epoch 59 done. Time per batch: 0.455[s] Speed: 140.5[samples/s]
2026-04-20 22:43:20,988 PAT.train INFO: Epoch[60] Iteration[60/159] total_loss: 1.302, reid_loss: 1.302, pc_loss: 0.000, Acc: 0.994, Base Lr: 1.75e-04
2026-04-20 22:43:47,910 PAT.train INFO: Epoch[60] Iteration[120/159] total_loss: 1.312, reid_loss: 1.311, pc_loss: 0.001, Acc: 0.993, Base Lr: 1.75e-04
2026-04-20 22:44:04,766 PAT.train INFO: Epoch 60 done. Time per batch: 0.457[s] Speed: 139.9[samples/s]
2026-04-20 22:44:04,766 PAT.test INFO: Enter inferencing
2026-04-20 22:44:16,392 PAT.test INFO: Validation Results 
2026-04-20 22:44:16,392 PAT.test INFO: mAP: 100.0%
2026-04-20 22:44:16,392 PAT.test INFO: CMC curve, Rank-1  :100.0%
2026-04-20 22:44:16,392 PAT.test INFO: CMC curve, Rank-5  :100.0%
2026-04-20 22:44:16,392 PAT.test INFO: CMC curve, Rank-10 :100.0%
2026-04-20 22:44:16,392 PAT.test INFO: total inference time: 11.62
using Transformer_type: part token vit as a backbone
using stride: [16, 16], and patch number is num_y16 * num_x8
using drop_out rate is : 0.0
using attn_drop_out rate is : 0.0
using drop_path rate is : 0.1
Resized position embedding from size:torch.Size([1, 197, 1024]) to size: torch.Size([1, 132, 1024]) with height:16 width: 8
Load 297 / 299 layers.
Loading pretrained ImageNet model......from /workspace/miuam_challenge_diff/pretrained/jx_vit_large_p16_224-4ee7a4dc.pth
/workspace/miuam_challenge_diff/.venv/lib/python3.10/site-packages/torch/nn/init.py:412: UserWarning: Initializing zero-element tensors is a no-op
  warnings.warn("Initializing zero-element tensors is a no-op")
deep supervision ON: 5 aux heads on layers -2..-6
===========building our part attention vit===========
2026-04-20 22:44:24,590 PAT.train INFO: Number of parameter: 304.28M
Loading trained model from models/./model_vitlarge_256x128_60ep_deepsup/part_attention_vit_10.pth
load weights from part_attention_vit_10.pth
2026-04-20 22:44:33,618 PAT INFO: => Loaded UrbanElementsReID_test
2026-04-20 22:44:33,618 PAT INFO:   ----------------------------------------
2026-04-20 22:44:33,618 PAT INFO:   subset   | # ids | # images | # cameras
2026-04-20 22:44:33,618 PAT INFO:   ----------------------------------------
2026-04-20 22:44:33,618 PAT INFO:   query    |     1 |      928 |         1
2026-04-20 22:44:33,618 PAT INFO:   gallery  |     1 |     2844 |         3
2026-04-20 22:44:33,618 PAT INFO:   ----------------------------------------
2026-04-20 22:44:33,618 PAT.test INFO: Enter inferencing
2026-04-20 22:44:45,178 PAT.test INFO: Validation Results 
2026-04-20 22:44:45,179 PAT.test INFO: mAP: 100.0%
2026-04-20 22:44:45,179 PAT.test INFO: CMC curve, Rank-1  :100.0%
2026-04-20 22:44:45,179 PAT.test INFO: CMC curve, Rank-5  :100.0%
2026-04-20 22:44:45,179 PAT.test INFO: CMC curve, Rank-10 :100.0%
2026-04-20 22:44:45,179 PAT.test INFO: total inference time: 11.35
saving final checkpoint (best epoch re-saved, per-epoch checkpoints retained).
done!
