2026-04-26 10:47:52,187 PAT INFO: Saving model to: models/./model_vitlarge_256x128_60ep_seed200
2026-04-26 10:47:52,187 PAT INFO: Namespace(config_file='config/UrbanElementsReID_train_seed200.yml', opts=[], local_rank=0)
2026-04-26 10:47:52,187 PAT INFO: Loaded configuration file config/UrbanElementsReID_train_seed200.yml
2026-04-26 10:47:52,188 PAT INFO: 
MODEL:
  PRETRAIN_CHOICE: 'imagenet'
  PRETRAIN_PATH: '/workspace/miuam_challenge_diff/pretrained'
  IF_LABELSMOOTH: 'on'
  IF_WITH_CENTER: 'no'
  NAME: 'part_attention_vit'
  NO_MARGIN: True
  DEVICE_ID: ('0')
  TRANSFORMER_TYPE: 'vit_large_patch16_224_TransReID'
  STRIDE_SIZE: [16, 16]

INPUT:
  SIZE_TRAIN: [256, 128]
  SIZE_TEST: [256, 128]
  REA:
    ENABLED: False
  PIXEL_MEAN: [0.5, 0.5, 0.5]
  PIXEL_STD: [0.5, 0.5, 0.5]
  LGT:
    DO_LGT: True
    PROB: 0.5

DATASETS:
  TRAIN: ('UrbanElementsReID',)
  TEST: ('UrbanElementsReID_test',)
  ROOT_DIR: '/workspace/Urban2026/'

DATALOADER:
  SAMPLER: 'softmax_triplet'
  NUM_INSTANCE: 4
  NUM_WORKERS: 8

SOLVER:
  OPTIMIZER_NAME: 'Adam'
  MAX_EPOCHS: 60
  BASE_LR: 0.00035
  WARMUP_METHOD: 'linear'
  WARMUP_EPOCHS: 10
  WARMUP_FACTOR: 0.01
  IMS_PER_BATCH: 64
  LARGE_FC_LR: False
  CHECKPOINT_PERIOD: 10
  LOG_PERIOD: 60
  EVAL_PERIOD: 10
  WEIGHT_DECAY: 1e-4
  WEIGHT_DECAY_BIAS: 1e-4
  BIAS_LR_FACTOR: 2
  SEED: 200
  GRAD_CLIP: 1.0                         # safety: AMP loss-scaler missed a NaN in the seed=200 first attempt at ep38

TEST:
  EVAL: True
  IMS_PER_BATCH: 64
  RE_RANKING: False
  WEIGHT: ''
  NECK_FEAT: 'before'
  FEAT_NORM: True

LOG_ROOT: 'models/'
TB_LOG_ROOT: './tb_log/'
LOG_NAME: './model_vitlarge_256x128_60ep_seed200'
2026-04-26 10:47:52,188 PAT INFO: Running with config:
DATALOADER:
  CAMERA_TO_DOMAIN: False
  DELETE_REM: False
  DROP_LAST: False
  INDIVIDUAL: False
  NAIVE_WAY: True
  NUM_INSTANCE: 4
  NUM_WORKERS: 8
  SAMPLER: softmax_triplet
DATASETS:
  COMBINEALL: False
  ROOT_DIR: /workspace/Urban2026/
  TEST: ('UrbanElementsReID_test',)
  TRAIN: ('UrbanElementsReID',)
INPUT:
  CJ:
    BRIGHTNESS: 0.15
    CONTRAST: 0.15
    ENABLED: False
    HUE: 0.1
    PROB: 1.0
    SATURATION: 0.1
  DO_AUGMIX: False
  DO_AUTOAUG: False
  DO_FLIP: True
  DO_PAD: True
  FLIP_PROB: 0.5
  LGT:
    DO_LGT: True
    PROB: 0.5
  PADDING: 10
  PADDING_MODE: constant
  PIXEL_MEAN: [0.5, 0.5, 0.5]
  PIXEL_STD: [0.5, 0.5, 0.5]
  REA:
    ENABLED: False
    MEAN: [123.675, 116.28, 103.53]
    PROB: 0.5
  RPT:
    ENABLED: False
    PROB: 0.5
  SIZE_TEST: [256, 128]
  SIZE_TRAIN: [256, 128]
LOG_NAME: ./model_vitlarge_256x128_60ep_seed200
LOG_ROOT: models/
MODEL:
  ARCFACE_M: 0.5
  ARCFACE_S: 64.0
  ATT_DROP_RATE: 0.0
  AUX_LOSS_WEIGHT: 0.1
  CIRCLE_GAMMA: 256.0
  CIRCLE_MARGIN: 0.25
  CLUSTER_K: 10
  COS_LAYER: False
  DEEP_SUP: False
  DEVICE: cuda
  DEVICE_ID: 0
  DIST_TRAIN: False
  DROP_OUT: 0.0
  DROP_PATH: 0.1
  FINETUNE_FROM: 
  FREEZE_PATCH_EMBED: True
  ID_LOSS_TYPE: softmax
  ID_LOSS_WEIGHT: 1.0
  IF_LABELSMOOTH: on
  IF_WITH_CENTER: no
  LAST_STRIDE: 1
  METRIC_LOSS_TYPE: triplet
  NAME: part_attention_vit
  NECK: bnneck
  NO_MARGIN: True
  NUM_AUX_LAYERS: 5
  PATCH_EMBED_TYPE: 
  PC_LOSS: True
  PC_LR: 1.0
  PC_SCALE: 0.02
  PRETRAIN_CHOICE: imagenet
  PRETRAIN_PATH: /workspace/miuam_challenge_diff/pretrained
  SOFT_LABEL: True
  SOFT_LAMBDA: 0.5
  SOFT_WEIGHT: 0.5
  STRIDE_SIZE: [16, 16]
  TRANSFORMER_TYPE: vit_large_patch16_224_TransReID
  TRIPLET_LOSS_WEIGHT: 1.0
SOLVER:
  BASE_LR: 0.00035
  BIAS_LR_FACTOR: 2
  CENTER_LOSS_WEIGHT: 0.0005
  CENTER_LR: 0.5
  CHECKPOINT_PERIOD: 10
  COSINE_MARGIN: 0.5
  COSINE_SCALE: 30
  EMA_DECAY: 0.0
  EVAL_PERIOD: 10
  GAMMA: 0.1
  GRAD_CLIP: 1.0
  IMS_PER_BATCH: 64
  LARGE_FC_LR: False
  LOG_PERIOD: 60
  MARGIN: 0.3
  MAX_EPOCHS: 60
  MOMENTUM: 0.9
  OPTIMIZER_NAME: Adam
  SEED: 200
  STEPS: (40, 70)
  WARMUP_EPOCHS: 10
  WARMUP_FACTOR: 0.01
  WARMUP_METHOD: linear
  WEIGHT_DECAY: 0.0001
  WEIGHT_DECAY_BIAS: 0.0001
TB_LOG_ROOT: ./tb_log/
TEST:
  DIST_MAT: dist_mat.npy
  EVAL: True
  FEAT_NORM: True
  IMS_PER_BATCH: 64
  NECK_FEAT: before
  RE_RANKING: False
  WEIGHT: 
2026-04-26 10:47:52,252 PAT INFO: => Loaded UrbanElementsReID
2026-04-26 10:47:52,252 PAT INFO:   ----------------------------------------
2026-04-26 10:47:52,252 PAT INFO:   subset   | # ids | # images | # cameras
2026-04-26 10:47:52,252 PAT INFO:   ----------------------------------------
2026-04-26 10:47:52,252 PAT INFO:   train    |  1088 |    11175 |         3
2026-04-26 10:47:52,252 PAT INFO:   ----------------------------------------
2026-04-26 10:47:52,328 PAT INFO: => Loaded UrbanElementsReID_test
2026-04-26 10:47:52,328 PAT INFO:   ----------------------------------------
2026-04-26 10:47:52,328 PAT INFO:   subset   | # ids | # images | # cameras
2026-04-26 10:47:52,328 PAT INFO:   ----------------------------------------
2026-04-26 10:47:52,328 PAT INFO:   query    |     1 |      928 |         1
2026-04-26 10:47:52,328 PAT INFO:   gallery  |     1 |     2844 |         3
2026-04-26 10:47:52,328 PAT INFO:   ----------------------------------------
using Transformer_type: part token vit as a backbone
using stride: [16, 16], and patch number is num_y16 * num_x8
using drop_out rate is : 0.0
using attn_drop_out rate is : 0.0
using drop_path rate is : 0.1
Resized position embedding from size:torch.Size([1, 197, 1024]) to size: torch.Size([1, 132, 1024]) with height:16 width: 8
Load 297 / 299 layers.
Loading pretrained ImageNet model......from /workspace/miuam_challenge_diff/pretrained/jx_vit_large_p16_224-4ee7a4dc.pth
===========building our part attention vit===========
2026-04-26 10:48:00,229 PAT.train INFO: Number of parameter: 305.38M
====== freeze patch_embed for stability ======
using soft triplet loss for training
label smooth on, numclasses: 1088
======== using soft label ========
2026-04-26 10:48:00,513 PAT.train INFO: start training
saving tblog to ./tb_log/./model_vitlarge_256x128_60ep_seed200
initialize the centers
initialization done
/workspace/miuam_challenge_diff/loss/myloss.py:29: UserWarning: This overload of addmm_ is deprecated:
	addmm_(Number beta, Number alpha, Tensor mat1, Tensor mat2)
Consider using one of the following signatures instead:
	addmm_(Tensor mat1, Tensor mat2, *, Number beta, Number alpha) (Triggered internally at ../torch/csrc/utils/python_arg_parser.cpp:1519.)
  dist_map.addmm_(1, -2, part_feat, part_centers.t())
2026-04-26 10:49:06,767 PAT.train INFO:   [grad_norm pre-clip: 10.236 / clip_max: 1.0]
2026-04-26 10:49:06,767 PAT.train INFO: Epoch[1] Iteration[60/159] total_loss: 9.050, reid_loss: 8.418, pc_loss: 0.632, Acc: 0.029, Base Lr: 3.81e-05
2026-04-26 10:49:32,643 PAT.train INFO:   [grad_norm pre-clip: 8.521 / clip_max: 1.0]
2026-04-26 10:49:32,643 PAT.train INFO: Epoch[1] Iteration[120/159] total_loss: 8.548, reid_loss: 8.092, pc_loss: 0.455, Acc: 0.057, Base Lr: 3.81e-05
2026-04-26 10:49:49,312 PAT.train INFO: Epoch 1 done. Time per batch: 0.442[s] Speed: 144.9[samples/s]
2026-04-26 10:50:17,439 PAT.train INFO:   [grad_norm pre-clip: 6.591 / clip_max: 1.0]
2026-04-26 10:50:17,440 PAT.train INFO: Epoch[2] Iteration[60/159] total_loss: 7.263, reid_loss: 7.172, pc_loss: 0.091, Acc: 0.108, Base Lr: 7.28e-05
2026-04-26 10:50:44,062 PAT.train INFO:   [grad_norm pre-clip: 6.534 / clip_max: 1.0]
2026-04-26 10:50:44,063 PAT.train INFO: Epoch[2] Iteration[120/159] total_loss: 7.130, reid_loss: 7.067, pc_loss: 0.063, Acc: 0.111, Base Lr: 7.28e-05
2026-04-26 10:51:00,214 PAT.train INFO: Epoch 2 done. Time per batch: 0.450[s] Speed: 142.1[samples/s]
2026-04-26 10:51:26,766 PAT.train INFO:   [grad_norm pre-clip: 7.081 / clip_max: 1.0]
2026-04-26 10:51:26,767 PAT.train INFO: Epoch[3] Iteration[60/159] total_loss: 6.354, reid_loss: 6.344, pc_loss: 0.010, Acc: 0.108, Base Lr: 1.07e-04
2026-04-26 10:51:52,675 PAT.train INFO:   [grad_norm pre-clip: 6.856 / clip_max: 1.0]
2026-04-26 10:51:52,675 PAT.train INFO: Epoch[3] Iteration[120/159] total_loss: 6.105, reid_loss: 6.095, pc_loss: 0.010, Acc: 0.124, Base Lr: 1.07e-04
2026-04-26 10:52:08,320 PAT.train INFO: Epoch 3 done. Time per batch: 0.435[s] Speed: 147.0[samples/s]
2026-04-26 10:52:35,539 PAT.train INFO:   [grad_norm pre-clip: 6.521 / clip_max: 1.0]
2026-04-26 10:52:35,539 PAT.train INFO: Epoch[4] Iteration[60/159] total_loss: 5.438, reid_loss: 5.428, pc_loss: 0.010, Acc: 0.165, Base Lr: 1.42e-04
2026-04-26 10:53:01,899 PAT.train INFO:   [grad_norm pre-clip: 7.008 / clip_max: 1.0]
2026-04-26 10:53:01,900 PAT.train INFO: Epoch[4] Iteration[120/159] total_loss: 5.167, reid_loss: 5.160, pc_loss: 0.007, Acc: 0.189, Base Lr: 1.42e-04
2026-04-26 10:53:17,696 PAT.train INFO: Epoch 4 done. Time per batch: 0.444[s] Speed: 144.3[samples/s]
2026-04-26 10:53:45,595 PAT.train INFO:   [grad_norm pre-clip: 6.458 / clip_max: 1.0]
2026-04-26 10:53:45,596 PAT.train INFO: Epoch[5] Iteration[60/159] total_loss: 4.690, reid_loss: 4.680, pc_loss: 0.010, Acc: 0.234, Base Lr: 1.77e-04
2026-04-26 10:54:12,752 PAT.train INFO:   [grad_norm pre-clip: 6.887 / clip_max: 1.0]
2026-04-26 10:54:12,753 PAT.train INFO: Epoch[5] Iteration[120/159] total_loss: 4.473, reid_loss: 4.466, pc_loss: 0.007, Acc: 0.261, Base Lr: 1.77e-04
2026-04-26 10:54:29,065 PAT.train INFO: Epoch 5 done. Time per batch: 0.456[s] Speed: 140.3[samples/s]
2026-04-26 10:54:56,820 PAT.train INFO:   [grad_norm pre-clip: 6.265 / clip_max: 1.0]
2026-04-26 10:54:56,820 PAT.train INFO: Epoch[6] Iteration[60/159] total_loss: 4.090, reid_loss: 4.068, pc_loss: 0.021, Acc: 0.328, Base Lr: 2.11e-04
2026-04-26 10:55:22,982 PAT.train INFO:   [grad_norm pre-clip: 6.829 / clip_max: 1.0]
2026-04-26 10:55:22,982 PAT.train INFO: Epoch[6] Iteration[120/159] total_loss: 3.913, reid_loss: 3.885, pc_loss: 0.028, Acc: 0.370, Base Lr: 2.11e-04
2026-04-26 10:55:39,055 PAT.train INFO: Epoch 6 done. Time per batch: 0.445[s] Speed: 143.9[samples/s]
2026-04-26 10:56:05,873 PAT.train INFO:   [grad_norm pre-clip: 6.185 / clip_max: 1.0]
2026-04-26 10:56:05,873 PAT.train INFO: Epoch[7] Iteration[60/159] total_loss: 3.666, reid_loss: 3.625, pc_loss: 0.041, Acc: 0.399, Base Lr: 2.46e-04
2026-04-26 10:56:31,673 PAT.train INFO:   [grad_norm pre-clip: 5.906 / clip_max: 1.0]
2026-04-26 10:56:31,674 PAT.train INFO: Epoch[7] Iteration[120/159] total_loss: 3.577, reid_loss: 3.531, pc_loss: 0.046, Acc: 0.428, Base Lr: 2.46e-04
2026-04-26 10:56:48,002 PAT.train INFO: Epoch 7 done. Time per batch: 0.438[s] Speed: 146.3[samples/s]
2026-04-26 10:57:14,855 PAT.train INFO:   [grad_norm pre-clip: 6.016 / clip_max: 1.0]
2026-04-26 10:57:14,855 PAT.train INFO: Epoch[8] Iteration[60/159] total_loss: 3.502, reid_loss: 3.390, pc_loss: 0.112, Acc: 0.462, Base Lr: 2.81e-04
2026-04-26 10:57:40,588 PAT.train INFO:   [grad_norm pre-clip: 5.621 / clip_max: 1.0]
2026-04-26 10:57:40,588 PAT.train INFO: Epoch[8] Iteration[120/159] total_loss: 3.314, reid_loss: 3.244, pc_loss: 0.069, Acc: 0.495, Base Lr: 2.81e-04
2026-04-26 10:57:56,868 PAT.train INFO: Epoch 8 done. Time per batch: 0.440[s] Speed: 145.4[samples/s]
2026-04-26 10:58:25,321 PAT.train INFO:   [grad_norm pre-clip: 5.736 / clip_max: 1.0]
2026-04-26 10:58:25,322 PAT.train INFO: Epoch[9] Iteration[60/159] total_loss: 3.248, reid_loss: 3.209, pc_loss: 0.040, Acc: 0.510, Base Lr: 3.15e-04
2026-04-26 10:58:52,112 PAT.train INFO:   [grad_norm pre-clip: 5.002 / clip_max: 1.0]
2026-04-26 10:58:52,113 PAT.train INFO: Epoch[9] Iteration[120/159] total_loss: 3.151, reid_loss: 3.118, pc_loss: 0.034, Acc: 0.542, Base Lr: 3.15e-04
2026-04-26 10:59:08,511 PAT.train INFO: Epoch 9 done. Time per batch: 0.455[s] Speed: 140.6[samples/s]
2026-04-26 10:59:35,590 PAT.train INFO:   [grad_norm pre-clip: 5.665 / clip_max: 1.0]
2026-04-26 10:59:35,591 PAT.train INFO: Epoch[10] Iteration[60/159] total_loss: 3.048, reid_loss: 3.021, pc_loss: 0.027, Acc: 0.572, Base Lr: 3.44e-04
2026-04-26 11:00:02,654 PAT.train INFO:   [grad_norm pre-clip: 5.687 / clip_max: 1.0]
2026-04-26 11:00:02,654 PAT.train INFO: Epoch[10] Iteration[120/159] total_loss: 3.001, reid_loss: 2.962, pc_loss: 0.040, Acc: 0.585, Base Lr: 3.44e-04
2026-04-26 11:00:19,586 PAT.train INFO: Epoch 10 done. Time per batch: 0.452[s] Speed: 141.7[samples/s]
2026-04-26 11:00:19,586 PAT.test INFO: Enter inferencing
2026-04-26 11:00:31,658 PAT.test INFO: Validation Results 
2026-04-26 11:00:31,658 PAT.test INFO: mAP: 100.0%
2026-04-26 11:00:31,658 PAT.test INFO: CMC curve, Rank-1  :100.0%
2026-04-26 11:00:31,658 PAT.test INFO: CMC curve, Rank-5  :100.0%
2026-04-26 11:00:31,658 PAT.test INFO: CMC curve, Rank-10 :100.0%
2026-04-26 11:00:31,658 PAT.test INFO: total inference time: 12.07
2026-04-26 11:00:31,665 PAT.train INFO: =====best epoch: 10=====
2026-04-26 11:01:00,751 PAT.train INFO:   [grad_norm pre-clip: 5.018 / clip_max: 1.0]
2026-04-26 11:01:00,752 PAT.train INFO: Epoch[11] Iteration[60/159] total_loss: 2.858, reid_loss: 2.833, pc_loss: 0.025, Acc: 0.618, Base Lr: 3.43e-04
2026-04-26 11:01:28,366 PAT.train INFO:   [grad_norm pre-clip: 4.374 / clip_max: 1.0]
2026-04-26 11:01:28,367 PAT.train INFO: Epoch[11] Iteration[120/159] total_loss: 2.800, reid_loss: 2.784, pc_loss: 0.016, Acc: 0.637, Base Lr: 3.43e-04
2026-04-26 11:01:45,291 PAT.train INFO: Epoch 11 done. Time per batch: 0.467[s] Speed: 136.9[samples/s]
2026-04-26 11:02:13,882 PAT.train INFO:   [grad_norm pre-clip: 4.351 / clip_max: 1.0]
2026-04-26 11:02:13,883 PAT.train INFO: Epoch[12] Iteration[60/159] total_loss: 2.643, reid_loss: 2.638, pc_loss: 0.005, Acc: 0.672, Base Lr: 3.41e-04
2026-04-26 11:02:41,371 PAT.train INFO:   [grad_norm pre-clip: 4.457 / clip_max: 1.0]
2026-04-26 11:02:41,371 PAT.train INFO: Epoch[12] Iteration[120/159] total_loss: 2.605, reid_loss: 2.600, pc_loss: 0.005, Acc: 0.684, Base Lr: 3.41e-04
2026-04-26 11:02:58,657 PAT.train INFO: Epoch 12 done. Time per batch: 0.466[s] Speed: 137.3[samples/s]
2026-04-26 11:03:27,201 PAT.train INFO:   [grad_norm pre-clip: 4.649 / clip_max: 1.0]
2026-04-26 11:03:27,201 PAT.train INFO: Epoch[13] Iteration[60/159] total_loss: 2.525, reid_loss: 2.519, pc_loss: 0.006, Acc: 0.705, Base Lr: 3.40e-04
2026-04-26 11:03:54,833 PAT.train INFO:   [grad_norm pre-clip: 4.993 / clip_max: 1.0]
2026-04-26 11:03:54,833 PAT.train INFO: Epoch[13] Iteration[120/159] total_loss: 2.482, reid_loss: 2.478, pc_loss: 0.004, Acc: 0.718, Base Lr: 3.40e-04
2026-04-26 11:04:12,174 PAT.train INFO: Epoch 13 done. Time per batch: 0.467[s] Speed: 137.0[samples/s]
2026-04-26 11:04:40,963 PAT.train INFO:   [grad_norm pre-clip: 4.571 / clip_max: 1.0]
2026-04-26 11:04:40,964 PAT.train INFO: Epoch[14] Iteration[60/159] total_loss: 2.455, reid_loss: 2.452, pc_loss: 0.003, Acc: 0.734, Base Lr: 3.38e-04
2026-04-26 11:05:08,751 PAT.train INFO:   [grad_norm pre-clip: 3.652 / clip_max: 1.0]
2026-04-26 11:05:08,751 PAT.train INFO: Epoch[14] Iteration[120/159] total_loss: 2.421, reid_loss: 2.413, pc_loss: 0.008, Acc: 0.746, Base Lr: 3.38e-04
2026-04-26 11:05:25,463 PAT.train INFO: Epoch 14 done. Time per batch: 0.469[s] Speed: 136.6[samples/s]
2026-04-26 11:05:54,073 PAT.train INFO:   [grad_norm pre-clip: 4.561 / clip_max: 1.0]
2026-04-26 11:05:54,074 PAT.train INFO: Epoch[15] Iteration[60/159] total_loss: 2.278, reid_loss: 2.258, pc_loss: 0.020, Acc: 0.786, Base Lr: 3.37e-04
2026-04-26 11:06:22,058 PAT.train INFO:   [grad_norm pre-clip: 3.826 / clip_max: 1.0]
2026-04-26 11:06:22,059 PAT.train INFO: Epoch[15] Iteration[120/159] total_loss: 2.281, reid_loss: 2.268, pc_loss: 0.013, Acc: 0.786, Base Lr: 3.37e-04
2026-04-26 11:06:38,942 PAT.train INFO: Epoch 15 done. Time per batch: 0.470[s] Speed: 136.2[samples/s]
2026-04-26 11:07:07,799 PAT.train INFO:   [grad_norm pre-clip: 3.524 / clip_max: 1.0]
2026-04-26 11:07:07,799 PAT.train INFO: Epoch[16] Iteration[60/159] total_loss: 2.195, reid_loss: 2.188, pc_loss: 0.007, Acc: 0.801, Base Lr: 3.35e-04
2026-04-26 11:07:35,716 PAT.train INFO:   [grad_norm pre-clip: 4.131 / clip_max: 1.0]
2026-04-26 11:07:35,716 PAT.train INFO: Epoch[16] Iteration[120/159] total_loss: 2.196, reid_loss: 2.186, pc_loss: 0.009, Acc: 0.803, Base Lr: 3.35e-04
2026-04-26 11:07:53,341 PAT.train INFO: Epoch 16 done. Time per batch: 0.473[s] Speed: 135.4[samples/s]
2026-04-26 11:08:21,973 PAT.train INFO:   [grad_norm pre-clip: 3.866 / clip_max: 1.0]
2026-04-26 11:08:21,973 PAT.train INFO: Epoch[17] Iteration[60/159] total_loss: 2.136, reid_loss: 2.133, pc_loss: 0.004, Acc: 0.823, Base Lr: 3.33e-04
2026-04-26 11:08:49,637 PAT.train INFO:   [grad_norm pre-clip: 4.552 / clip_max: 1.0]
2026-04-26 11:08:49,638 PAT.train INFO: Epoch[17] Iteration[120/159] total_loss: 2.146, reid_loss: 2.142, pc_loss: 0.005, Acc: 0.823, Base Lr: 3.33e-04
2026-04-26 11:09:07,323 PAT.train INFO: Epoch 17 done. Time per batch: 0.470[s] Speed: 136.2[samples/s]
2026-04-26 11:09:36,235 PAT.train INFO:   [grad_norm pre-clip: 3.959 / clip_max: 1.0]
2026-04-26 11:09:36,236 PAT.train INFO: Epoch[18] Iteration[60/159] total_loss: 2.052, reid_loss: 2.046, pc_loss: 0.007, Acc: 0.834, Base Lr: 3.31e-04
2026-04-26 11:10:04,019 PAT.train INFO:   [grad_norm pre-clip: 3.422 / clip_max: 1.0]
2026-04-26 11:10:04,019 PAT.train INFO: Epoch[18] Iteration[120/159] total_loss: 2.044, reid_loss: 2.040, pc_loss: 0.004, Acc: 0.843, Base Lr: 3.31e-04
2026-04-26 11:10:20,647 PAT.train INFO: Epoch 18 done. Time per batch: 0.469[s] Speed: 136.5[samples/s]
2026-04-26 11:10:48,976 PAT.train INFO:   [grad_norm pre-clip: 3.567 / clip_max: 1.0]
2026-04-26 11:10:48,977 PAT.train INFO: Epoch[19] Iteration[60/159] total_loss: 1.964, reid_loss: 1.955, pc_loss: 0.009, Acc: 0.861, Base Lr: 3.29e-04
2026-04-26 11:11:16,425 PAT.train INFO:   [grad_norm pre-clip: 4.086 / clip_max: 1.0]
2026-04-26 11:11:16,425 PAT.train INFO: Epoch[19] Iteration[120/159] total_loss: 1.967, reid_loss: 1.959, pc_loss: 0.007, Acc: 0.864, Base Lr: 3.29e-04
2026-04-26 11:11:33,721 PAT.train INFO: Epoch 19 done. Time per batch: 0.464[s] Speed: 137.8[samples/s]
2026-04-26 11:12:02,287 PAT.train INFO:   [grad_norm pre-clip: 3.770 / clip_max: 1.0]
2026-04-26 11:12:02,288 PAT.train INFO: Epoch[20] Iteration[60/159] total_loss: 1.911, reid_loss: 1.901, pc_loss: 0.010, Acc: 0.889, Base Lr: 3.27e-04
2026-04-26 11:12:30,116 PAT.train INFO:   [grad_norm pre-clip: 3.030 / clip_max: 1.0]
2026-04-26 11:12:30,117 PAT.train INFO: Epoch[20] Iteration[120/159] total_loss: 1.922, reid_loss: 1.916, pc_loss: 0.006, Acc: 0.877, Base Lr: 3.27e-04
2026-04-26 11:12:47,564 PAT.train INFO: Epoch 20 done. Time per batch: 0.469[s] Speed: 136.4[samples/s]
2026-04-26 11:12:47,565 PAT.test INFO: Enter inferencing
2026-04-26 11:12:59,546 PAT.test INFO: Validation Results 
2026-04-26 11:12:59,546 PAT.test INFO: mAP: 100.0%
2026-04-26 11:12:59,546 PAT.test INFO: CMC curve, Rank-1  :100.0%
2026-04-26 11:12:59,546 PAT.test INFO: CMC curve, Rank-5  :100.0%
2026-04-26 11:12:59,546 PAT.test INFO: CMC curve, Rank-10 :100.0%
2026-04-26 11:12:59,546 PAT.test INFO: total inference time: 11.98
2026-04-26 11:13:29,177 PAT.train INFO:   [grad_norm pre-clip: 3.910 / clip_max: 1.0]
2026-04-26 11:13:29,177 PAT.train INFO: Epoch[21] Iteration[60/159] total_loss: 1.890, reid_loss: 1.884, pc_loss: 0.006, Acc: 0.881, Base Lr: 3.24e-04
2026-04-26 11:13:56,932 PAT.train INFO:   [grad_norm pre-clip: 2.793 / clip_max: 1.0]
2026-04-26 11:13:56,932 PAT.train INFO: Epoch[21] Iteration[120/159] total_loss: 1.862, reid_loss: 1.857, pc_loss: 0.005, Acc: 0.891, Base Lr: 3.24e-04
2026-04-26 11:14:13,773 PAT.train INFO: Epoch 21 done. Time per batch: 0.470[s] Speed: 136.2[samples/s]
2026-04-26 11:14:42,511 PAT.train INFO:   [grad_norm pre-clip: 3.641 / clip_max: 1.0]
2026-04-26 11:14:42,512 PAT.train INFO: Epoch[22] Iteration[60/159] total_loss: 1.833, reid_loss: 1.826, pc_loss: 0.007, Acc: 0.893, Base Lr: 3.22e-04
2026-04-26 11:15:10,021 PAT.train INFO:   [grad_norm pre-clip: 2.630 / clip_max: 1.0]
2026-04-26 11:15:10,022 PAT.train INFO: Epoch[22] Iteration[120/159] total_loss: 1.834, reid_loss: 1.826, pc_loss: 0.008, Acc: 0.902, Base Lr: 3.22e-04
2026-04-26 11:15:27,328 PAT.train INFO: Epoch 22 done. Time per batch: 0.467[s] Speed: 137.0[samples/s]
2026-04-26 11:15:56,287 PAT.train INFO:   [grad_norm pre-clip: 1.742 / clip_max: 1.0]
2026-04-26 11:15:56,287 PAT.train INFO: Epoch[23] Iteration[60/159] total_loss: 1.799, reid_loss: 1.790, pc_loss: 0.009, Acc: 0.897, Base Lr: 3.19e-04
2026-04-26 11:16:24,532 PAT.train INFO:   [grad_norm pre-clip: 2.552 / clip_max: 1.0]
2026-04-26 11:16:24,532 PAT.train INFO: Epoch[23] Iteration[120/159] total_loss: 1.802, reid_loss: 1.796, pc_loss: 0.006, Acc: 0.901, Base Lr: 3.19e-04
2026-04-26 11:16:42,144 PAT.train INFO: Epoch 23 done. Time per batch: 0.475[s] Speed: 134.6[samples/s]
2026-04-26 11:17:11,178 PAT.train INFO:   [grad_norm pre-clip: 3.301 / clip_max: 1.0]
2026-04-26 11:17:11,179 PAT.train INFO: Epoch[24] Iteration[60/159] total_loss: 1.771, reid_loss: 1.767, pc_loss: 0.005, Acc: 0.910, Base Lr: 3.17e-04
2026-04-26 11:17:39,300 PAT.train INFO:   [grad_norm pre-clip: 2.007 / clip_max: 1.0]
2026-04-26 11:17:39,300 PAT.train INFO: Epoch[24] Iteration[120/159] total_loss: 1.784, reid_loss: 1.775, pc_loss: 0.009, Acc: 0.914, Base Lr: 3.17e-04
2026-04-26 11:17:56,142 PAT.train INFO: Epoch 24 done. Time per batch: 0.473[s] Speed: 135.3[samples/s]
2026-04-26 11:18:25,028 PAT.train INFO:   [grad_norm pre-clip: 1.551 / clip_max: 1.0]
2026-04-26 11:18:25,028 PAT.train INFO: Epoch[25] Iteration[60/159] total_loss: 1.687, reid_loss: 1.682, pc_loss: 0.005, Acc: 0.924, Base Lr: 3.14e-04
2026-04-26 11:18:53,332 PAT.train INFO:   [grad_norm pre-clip: 3.047 / clip_max: 1.0]
2026-04-26 11:18:53,333 PAT.train INFO: Epoch[25] Iteration[120/159] total_loss: 1.710, reid_loss: 1.707, pc_loss: 0.003, Acc: 0.923, Base Lr: 3.14e-04
2026-04-26 11:19:10,333 PAT.train INFO: Epoch 25 done. Time per batch: 0.474[s] Speed: 134.9[samples/s]
2026-04-26 11:19:39,186 PAT.train INFO:   [grad_norm pre-clip: 2.380 / clip_max: 1.0]
2026-04-26 11:19:39,187 PAT.train INFO: Epoch[26] Iteration[60/159] total_loss: 1.659, reid_loss: 1.656, pc_loss: 0.003, Acc: 0.926, Base Lr: 3.11e-04
2026-04-26 11:20:06,993 PAT.train INFO:   [grad_norm pre-clip: 3.630 / clip_max: 1.0]
2026-04-26 11:20:06,993 PAT.train INFO: Epoch[26] Iteration[120/159] total_loss: 1.680, reid_loss: 1.676, pc_loss: 0.004, Acc: 0.929, Base Lr: 3.11e-04
2026-04-26 11:20:24,192 PAT.train INFO: Epoch 26 done. Time per batch: 0.469[s] Speed: 136.4[samples/s]
2026-04-26 11:20:53,113 PAT.train INFO:   [grad_norm pre-clip: 2.495 / clip_max: 1.0]
2026-04-26 11:20:53,114 PAT.train INFO: Epoch[27] Iteration[60/159] total_loss: 1.679, reid_loss: 1.674, pc_loss: 0.004, Acc: 0.940, Base Lr: 3.08e-04
2026-04-26 11:21:20,914 PAT.train INFO:   [grad_norm pre-clip: 2.966 / clip_max: 1.0]
2026-04-26 11:21:20,915 PAT.train INFO: Epoch[27] Iteration[120/159] total_loss: 1.659, reid_loss: 1.656, pc_loss: 0.003, Acc: 0.937, Base Lr: 3.08e-04
2026-04-26 11:21:38,138 PAT.train INFO: Epoch 27 done. Time per batch: 0.470[s] Speed: 136.2[samples/s]
2026-04-26 11:22:07,045 PAT.train INFO:   [grad_norm pre-clip: 2.894 / clip_max: 1.0]
2026-04-26 11:22:07,045 PAT.train INFO: Epoch[28] Iteration[60/159] total_loss: 1.626, reid_loss: 1.622, pc_loss: 0.005, Acc: 0.949, Base Lr: 3.05e-04
2026-04-26 11:22:34,963 PAT.train INFO:   [grad_norm pre-clip: 4.016 / clip_max: 1.0]
2026-04-26 11:22:34,964 PAT.train INFO: Epoch[28] Iteration[120/159] total_loss: 1.636, reid_loss: 1.632, pc_loss: 0.004, Acc: 0.942, Base Lr: 3.05e-04
2026-04-26 11:22:52,286 PAT.train INFO: Epoch 28 done. Time per batch: 0.471[s] Speed: 135.8[samples/s]
2026-04-26 11:23:21,081 PAT.train INFO:   [grad_norm pre-clip: 2.753 / clip_max: 1.0]
2026-04-26 11:23:21,082 PAT.train INFO: Epoch[29] Iteration[60/159] total_loss: 1.578, reid_loss: 1.576, pc_loss: 0.002, Acc: 0.949, Base Lr: 3.02e-04
2026-04-26 11:23:49,024 PAT.train INFO:   [grad_norm pre-clip: 3.227 / clip_max: 1.0]
2026-04-26 11:23:49,025 PAT.train INFO: Epoch[29] Iteration[120/159] total_loss: 1.614, reid_loss: 1.611, pc_loss: 0.003, Acc: 0.945, Base Lr: 3.02e-04
2026-04-26 11:24:05,777 PAT.train INFO: Epoch 29 done. Time per batch: 0.470[s] Speed: 136.2[samples/s]
2026-04-26 11:24:34,418 PAT.train INFO:   [grad_norm pre-clip: 2.529 / clip_max: 1.0]
2026-04-26 11:24:34,419 PAT.train INFO: Epoch[30] Iteration[60/159] total_loss: 1.595, reid_loss: 1.592, pc_loss: 0.003, Acc: 0.945, Base Lr: 2.99e-04
2026-04-26 11:25:01,913 PAT.train INFO:   [grad_norm pre-clip: 3.779 / clip_max: 1.0]
2026-04-26 11:25:01,913 PAT.train INFO: Epoch[30] Iteration[120/159] total_loss: 1.594, reid_loss: 1.588, pc_loss: 0.007, Acc: 0.950, Base Lr: 2.99e-04
2026-04-26 11:25:18,800 PAT.train INFO: Epoch 30 done. Time per batch: 0.464[s] Speed: 137.9[samples/s]
2026-04-26 11:25:18,801 PAT.test INFO: Enter inferencing
2026-04-26 11:25:30,963 PAT.test INFO: Validation Results 
2026-04-26 11:25:30,964 PAT.test INFO: mAP: 100.0%
2026-04-26 11:25:30,964 PAT.test INFO: CMC curve, Rank-1  :100.0%
2026-04-26 11:25:30,964 PAT.test INFO: CMC curve, Rank-5  :100.0%
2026-04-26 11:25:30,964 PAT.test INFO: CMC curve, Rank-10 :100.0%
2026-04-26 11:25:30,964 PAT.test INFO: total inference time: 12.16
2026-04-26 11:26:00,295 PAT.train INFO:   [grad_norm pre-clip: 2.491 / clip_max: 1.0]
2026-04-26 11:26:00,296 PAT.train INFO: Epoch[31] Iteration[60/159] total_loss: 1.527, reid_loss: 1.524, pc_loss: 0.003, Acc: 0.952, Base Lr: 2.96e-04
2026-04-26 11:26:27,982 PAT.train INFO:   [grad_norm pre-clip: 4.476 / clip_max: 1.0]
2026-04-26 11:26:27,983 PAT.train INFO: Epoch[31] Iteration[120/159] total_loss: 1.567, reid_loss: 1.565, pc_loss: 0.002, Acc: 0.951, Base Lr: 2.96e-04
2026-04-26 11:26:45,210 PAT.train INFO: Epoch 31 done. Time per batch: 0.467[s] Speed: 137.0[samples/s]
2026-04-26 11:27:13,725 PAT.train INFO:   [grad_norm pre-clip: 2.933 / clip_max: 1.0]
2026-04-26 11:27:13,726 PAT.train INFO: Epoch[32] Iteration[60/159] total_loss: 1.558, reid_loss: 1.556, pc_loss: 0.001, Acc: 0.961, Base Lr: 2.92e-04
2026-04-26 11:27:41,147 PAT.train INFO:   [grad_norm pre-clip: 3.234 / clip_max: 1.0]
2026-04-26 11:27:41,147 PAT.train INFO: Epoch[32] Iteration[120/159] total_loss: 1.556, reid_loss: 1.555, pc_loss: 0.001, Acc: 0.953, Base Lr: 2.92e-04
2026-04-26 11:27:58,385 PAT.train INFO: Epoch 32 done. Time per batch: 0.465[s] Speed: 137.6[samples/s]
2026-04-26 11:28:27,333 PAT.train INFO:   [grad_norm pre-clip: 2.546 / clip_max: 1.0]
2026-04-26 11:28:27,333 PAT.train INFO: Epoch[33] Iteration[60/159] total_loss: 1.482, reid_loss: 1.480, pc_loss: 0.002, Acc: 0.961, Base Lr: 2.89e-04
2026-04-26 11:28:55,374 PAT.train INFO:   [grad_norm pre-clip: 2.248 / clip_max: 1.0]
2026-04-26 11:28:55,375 PAT.train INFO: Epoch[33] Iteration[120/159] total_loss: 1.510, reid_loss: 1.509, pc_loss: 0.002, Acc: 0.960, Base Lr: 2.89e-04
2026-04-26 11:29:12,983 PAT.train INFO: Epoch 33 done. Time per batch: 0.474[s] Speed: 135.0[samples/s]
2026-04-26 11:29:41,930 PAT.train INFO:   [grad_norm pre-clip: 2.067 / clip_max: 1.0]
2026-04-26 11:29:41,931 PAT.train INFO: Epoch[34] Iteration[60/159] total_loss: 1.493, reid_loss: 1.490, pc_loss: 0.003, Acc: 0.968, Base Lr: 2.85e-04
2026-04-26 11:30:09,734 PAT.train INFO:   [grad_norm pre-clip: 2.427 / clip_max: 1.0]
2026-04-26 11:30:09,734 PAT.train INFO: Epoch[34] Iteration[120/159] total_loss: 1.491, reid_loss: 1.490, pc_loss: 0.002, Acc: 0.964, Base Lr: 2.85e-04
2026-04-26 11:30:26,798 PAT.train INFO: Epoch 34 done. Time per batch: 0.469[s] Speed: 136.5[samples/s]
2026-04-26 11:30:56,666 PAT.train INFO:   [grad_norm pre-clip: 2.409 / clip_max: 1.0]
2026-04-26 11:30:56,667 PAT.train INFO: Epoch[35] Iteration[60/159] total_loss: 1.488, reid_loss: 1.486, pc_loss: 0.002, Acc: 0.966, Base Lr: 2.82e-04
2026-04-26 11:31:25,598 PAT.train INFO:   [grad_norm pre-clip: 1.477 / clip_max: 1.0]
2026-04-26 11:31:25,599 PAT.train INFO: Epoch[35] Iteration[120/159] total_loss: 1.482, reid_loss: 1.480, pc_loss: 0.001, Acc: 0.967, Base Lr: 2.82e-04
2026-04-26 11:31:43,738 PAT.train INFO: Epoch 35 done. Time per batch: 0.489[s] Speed: 130.9[samples/s]
2026-04-26 11:32:13,540 PAT.train INFO:   [grad_norm pre-clip: 1.742 / clip_max: 1.0]
2026-04-26 11:32:13,541 PAT.train INFO: Epoch[36] Iteration[60/159] total_loss: 1.477, reid_loss: 1.475, pc_loss: 0.002, Acc: 0.963, Base Lr: 2.78e-04
2026-04-26 11:32:41,947 PAT.train INFO:   [grad_norm pre-clip: 2.153 / clip_max: 1.0]
2026-04-26 11:32:41,948 PAT.train INFO: Epoch[36] Iteration[120/159] total_loss: 1.485, reid_loss: 1.482, pc_loss: 0.002, Acc: 0.964, Base Lr: 2.78e-04
2026-04-26 11:32:59,663 PAT.train INFO: Epoch 36 done. Time per batch: 0.482[s] Speed: 132.6[samples/s]
2026-04-26 11:33:28,935 PAT.train INFO:   [grad_norm pre-clip: 1.812 / clip_max: 1.0]
2026-04-26 11:33:28,936 PAT.train INFO: Epoch[37] Iteration[60/159] total_loss: 1.433, reid_loss: 1.432, pc_loss: 0.001, Acc: 0.966, Base Lr: 2.74e-04
2026-04-26 11:33:57,716 PAT.train INFO:   [grad_norm pre-clip: 2.046 / clip_max: 1.0]
2026-04-26 11:33:57,716 PAT.train INFO: Epoch[37] Iteration[120/159] total_loss: 1.450, reid_loss: 1.446, pc_loss: 0.005, Acc: 0.967, Base Lr: 2.74e-04
2026-04-26 11:34:15,979 PAT.train INFO: Epoch 37 done. Time per batch: 0.485[s] Speed: 132.0[samples/s]
2026-04-26 11:34:45,412 PAT.train INFO:   [grad_norm pre-clip: 2.588 / clip_max: 1.0]
2026-04-26 11:34:45,413 PAT.train INFO: Epoch[38] Iteration[60/159] total_loss: 1.453, reid_loss: 1.453, pc_loss: 0.001, Acc: 0.970, Base Lr: 2.70e-04
2026-04-26 11:35:13,788 PAT.train INFO:   [grad_norm pre-clip: 2.690 / clip_max: 1.0]
2026-04-26 11:35:13,789 PAT.train INFO: Epoch[38] Iteration[120/159] total_loss: 1.473, reid_loss: 1.471, pc_loss: 0.001, Acc: 0.966, Base Lr: 2.70e-04
2026-04-26 11:35:31,954 PAT.train INFO: Epoch 38 done. Time per batch: 0.483[s] Speed: 132.6[samples/s]
2026-04-26 11:36:01,998 PAT.train INFO:   [grad_norm pre-clip: 1.235 / clip_max: 1.0]
2026-04-26 11:36:01,999 PAT.train INFO: Epoch[39] Iteration[60/159] total_loss: 1.441, reid_loss: 1.439, pc_loss: 0.002, Acc: 0.972, Base Lr: 2.67e-04
2026-04-26 11:36:30,699 PAT.train INFO:   [grad_norm pre-clip: 2.500 / clip_max: 1.0]
2026-04-26 11:36:30,700 PAT.train INFO: Epoch[39] Iteration[120/159] total_loss: 1.428, reid_loss: 1.426, pc_loss: 0.003, Acc: 0.972, Base Lr: 2.67e-04
2026-04-26 11:36:48,407 PAT.train INFO: Epoch 39 done. Time per batch: 0.486[s] Speed: 131.7[samples/s]
2026-04-26 11:37:17,850 PAT.train INFO:   [grad_norm pre-clip: 1.573 / clip_max: 1.0]
2026-04-26 11:37:17,851 PAT.train INFO: Epoch[40] Iteration[60/159] total_loss: 1.396, reid_loss: 1.394, pc_loss: 0.002, Acc: 0.975, Base Lr: 2.63e-04
2026-04-26 11:37:45,834 PAT.train INFO:   [grad_norm pre-clip: 1.899 / clip_max: 1.0]
2026-04-26 11:37:45,834 PAT.train INFO: Epoch[40] Iteration[120/159] total_loss: 1.387, reid_loss: 1.385, pc_loss: 0.001, Acc: 0.975, Base Lr: 2.63e-04
2026-04-26 11:38:03,046 PAT.train INFO: Epoch 40 done. Time per batch: 0.477[s] Speed: 134.1[samples/s]
2026-04-26 11:38:03,049 PAT.test INFO: Enter inferencing
2026-04-26 11:38:14,830 PAT.test INFO: Validation Results 
2026-04-26 11:38:14,830 PAT.test INFO: mAP: 100.0%
2026-04-26 11:38:14,831 PAT.test INFO: CMC curve, Rank-1  :100.0%
2026-04-26 11:38:14,831 PAT.test INFO: CMC curve, Rank-5  :100.0%
2026-04-26 11:38:14,831 PAT.test INFO: CMC curve, Rank-10 :100.0%
2026-04-26 11:38:14,831 PAT.test INFO: total inference time: 11.77
2026-04-26 11:38:44,970 PAT.train INFO:   [grad_norm pre-clip: 2.086 / clip_max: 1.0]
2026-04-26 11:38:44,971 PAT.train INFO: Epoch[41] Iteration[60/159] total_loss: 1.381, reid_loss: 1.380, pc_loss: 0.001, Acc: 0.980, Base Lr: 2.59e-04
2026-04-26 11:39:13,402 PAT.train INFO:   [grad_norm pre-clip: 1.284 / clip_max: 1.0]
2026-04-26 11:39:13,402 PAT.train INFO: Epoch[41] Iteration[120/159] total_loss: 1.397, reid_loss: 1.396, pc_loss: 0.001, Acc: 0.979, Base Lr: 2.59e-04
2026-04-26 11:39:30,451 PAT.train INFO: Epoch 41 done. Time per batch: 0.479[s] Speed: 133.7[samples/s]
2026-04-26 11:39:59,364 PAT.train INFO:   [grad_norm pre-clip: 1.177 / clip_max: 1.0]
2026-04-26 11:39:59,365 PAT.train INFO: Epoch[42] Iteration[60/159] total_loss: 1.424, reid_loss: 1.421, pc_loss: 0.003, Acc: 0.975, Base Lr: 2.55e-04
2026-04-26 11:40:27,707 PAT.train INFO:   [grad_norm pre-clip: 2.511 / clip_max: 1.0]
2026-04-26 11:40:27,707 PAT.train INFO: Epoch[42] Iteration[120/159] total_loss: 1.405, reid_loss: 1.403, pc_loss: 0.003, Acc: 0.978, Base Lr: 2.55e-04
2026-04-26 11:40:45,888 PAT.train INFO: Epoch 42 done. Time per batch: 0.479[s] Speed: 133.6[samples/s]
2026-04-26 11:41:15,501 PAT.train INFO:   [grad_norm pre-clip: 1.859 / clip_max: 1.0]
2026-04-26 11:41:15,502 PAT.train INFO: Epoch[43] Iteration[60/159] total_loss: 1.376, reid_loss: 1.374, pc_loss: 0.002, Acc: 0.979, Base Lr: 2.51e-04
2026-04-26 11:41:44,132 PAT.train INFO:   [grad_norm pre-clip: 2.768 / clip_max: 1.0]
2026-04-26 11:41:44,132 PAT.train INFO: Epoch[43] Iteration[120/159] total_loss: 1.389, reid_loss: 1.387, pc_loss: 0.002, Acc: 0.974, Base Lr: 2.51e-04
2026-04-26 11:42:01,765 PAT.train INFO: Epoch 43 done. Time per batch: 0.482[s] Speed: 132.7[samples/s]
2026-04-26 11:42:31,057 PAT.train INFO:   [grad_norm pre-clip: 2.077 / clip_max: 1.0]
2026-04-26 11:42:31,058 PAT.train INFO: Epoch[44] Iteration[60/159] total_loss: 1.344, reid_loss: 1.343, pc_loss: 0.001, Acc: 0.980, Base Lr: 2.46e-04
2026-04-26 11:42:59,393 PAT.train INFO:   [grad_norm pre-clip: 3.117 / clip_max: 1.0]
2026-04-26 11:42:59,394 PAT.train INFO: Epoch[44] Iteration[120/159] total_loss: 1.359, reid_loss: 1.358, pc_loss: 0.001, Acc: 0.979, Base Lr: 2.46e-04
2026-04-26 11:43:16,921 PAT.train INFO: Epoch 44 done. Time per batch: 0.481[s] Speed: 133.2[samples/s]
2026-04-26 11:43:46,610 PAT.train INFO:   [grad_norm pre-clip: 2.659 / clip_max: 1.0]
2026-04-26 11:43:46,611 PAT.train INFO: Epoch[45] Iteration[60/159] total_loss: 1.350, reid_loss: 1.349, pc_loss: 0.001, Acc: 0.977, Base Lr: 2.42e-04
2026-04-26 11:44:15,042 PAT.train INFO:   [grad_norm pre-clip: 1.362 / clip_max: 1.0]
2026-04-26 11:44:15,043 PAT.train INFO: Epoch[45] Iteration[120/159] total_loss: 1.359, reid_loss: 1.357, pc_loss: 0.001, Acc: 0.977, Base Lr: 2.42e-04
2026-04-26 11:44:32,718 PAT.train INFO: Epoch 45 done. Time per batch: 0.482[s] Speed: 132.9[samples/s]
2026-04-26 11:45:02,032 PAT.train INFO:   [grad_norm pre-clip: 2.994 / clip_max: 1.0]
2026-04-26 11:45:02,033 PAT.train INFO: Epoch[46] Iteration[60/159] total_loss: 1.355, reid_loss: 1.354, pc_loss: 0.001, Acc: 0.982, Base Lr: 2.38e-04
2026-04-26 11:45:30,534 PAT.train INFO:   [grad_norm pre-clip: 1.335 / clip_max: 1.0]
2026-04-26 11:45:30,535 PAT.train INFO: Epoch[46] Iteration[120/159] total_loss: 1.360, reid_loss: 1.359, pc_loss: 0.001, Acc: 0.984, Base Lr: 2.38e-04
2026-04-26 11:45:48,174 PAT.train INFO: Epoch 46 done. Time per batch: 0.479[s] Speed: 133.5[samples/s]
2026-04-26 11:46:17,696 PAT.train INFO:   [grad_norm pre-clip: 3.279 / clip_max: 1.0]
2026-04-26 11:46:17,697 PAT.train INFO: Epoch[47] Iteration[60/159] total_loss: 1.311, reid_loss: 1.309, pc_loss: 0.001, Acc: 0.988, Base Lr: 2.34e-04
2026-04-26 11:46:46,267 PAT.train INFO:   [grad_norm pre-clip: 1.533 / clip_max: 1.0]
2026-04-26 11:46:46,268 PAT.train INFO: Epoch[47] Iteration[120/159] total_loss: 1.326, reid_loss: 1.325, pc_loss: 0.001, Acc: 0.985, Base Lr: 2.34e-04
2026-04-26 11:47:04,066 PAT.train INFO: Epoch 47 done. Time per batch: 0.482[s] Speed: 132.7[samples/s]
2026-04-26 11:47:33,453 PAT.train INFO:   [grad_norm pre-clip: 2.271 / clip_max: 1.0]
2026-04-26 11:47:33,454 PAT.train INFO: Epoch[48] Iteration[60/159] total_loss: 1.315, reid_loss: 1.314, pc_loss: 0.000, Acc: 0.982, Base Lr: 2.29e-04
2026-04-26 11:48:01,911 PAT.train INFO:   [grad_norm pre-clip: 2.220 / clip_max: 1.0]
2026-04-26 11:48:01,912 PAT.train INFO: Epoch[48] Iteration[120/159] total_loss: 1.321, reid_loss: 1.321, pc_loss: 0.000, Acc: 0.981, Base Lr: 2.29e-04
2026-04-26 11:48:19,930 PAT.train INFO: Epoch 48 done. Time per batch: 0.479[s] Speed: 133.6[samples/s]
2026-04-26 11:48:49,083 PAT.train INFO:   [grad_norm pre-clip: 1.759 / clip_max: 1.0]
2026-04-26 11:48:49,083 PAT.train INFO: Epoch[49] Iteration[60/159] total_loss: 1.312, reid_loss: 1.312, pc_loss: 0.000, Acc: 0.987, Base Lr: 2.25e-04
2026-04-26 11:49:18,501 PAT.train INFO:   [grad_norm pre-clip: 2.151 / clip_max: 1.0]
2026-04-26 11:49:18,502 PAT.train INFO: Epoch[49] Iteration[120/159] total_loss: 1.323, reid_loss: 1.322, pc_loss: 0.001, Acc: 0.984, Base Lr: 2.25e-04
2026-04-26 11:49:36,505 PAT.train INFO: Epoch 49 done. Time per batch: 0.490[s] Speed: 130.7[samples/s]
2026-04-26 11:50:06,352 PAT.train INFO:   [grad_norm pre-clip: 2.611 / clip_max: 1.0]
2026-04-26 11:50:06,353 PAT.train INFO: Epoch[50] Iteration[60/159] total_loss: 1.311, reid_loss: 1.310, pc_loss: 0.001, Acc: 0.987, Base Lr: 2.21e-04
2026-04-26 11:50:35,364 PAT.train INFO:   [grad_norm pre-clip: 2.073 / clip_max: 1.0]
2026-04-26 11:50:35,364 PAT.train INFO: Epoch[50] Iteration[120/159] total_loss: 1.316, reid_loss: 1.316, pc_loss: 0.001, Acc: 0.988, Base Lr: 2.21e-04
2026-04-26 11:50:53,788 PAT.train INFO: Epoch 50 done. Time per batch: 0.491[s] Speed: 130.3[samples/s]
2026-04-26 11:50:53,788 PAT.test INFO: Enter inferencing
2026-04-26 11:51:06,294 PAT.test INFO: Validation Results 
2026-04-26 11:51:06,294 PAT.test INFO: mAP: 100.0%
2026-04-26 11:51:06,294 PAT.test INFO: CMC curve, Rank-1  :100.0%
2026-04-26 11:51:06,294 PAT.test INFO: CMC curve, Rank-5  :100.0%
2026-04-26 11:51:06,294 PAT.test INFO: CMC curve, Rank-10 :100.0%
2026-04-26 11:51:06,294 PAT.test INFO: total inference time: 12.50
2026-04-26 11:51:36,742 PAT.train INFO:   [grad_norm pre-clip: 1.743 / clip_max: 1.0]
2026-04-26 11:51:36,743 PAT.train INFO: Epoch[51] Iteration[60/159] total_loss: 1.291, reid_loss: 1.291, pc_loss: 0.000, Acc: 0.988, Base Lr: 2.16e-04
2026-04-26 11:52:05,346 PAT.train INFO:   [grad_norm pre-clip: 4.159 / clip_max: 1.0]
2026-04-26 11:52:05,347 PAT.train INFO: Epoch[51] Iteration[120/159] total_loss: 1.295, reid_loss: 1.294, pc_loss: 0.001, Acc: 0.988, Base Lr: 2.16e-04
2026-04-26 11:52:22,855 PAT.train INFO: Epoch 51 done. Time per batch: 0.484[s] Speed: 132.1[samples/s]
2026-04-26 11:52:51,978 PAT.train INFO:   [grad_norm pre-clip: 1.543 / clip_max: 1.0]
2026-04-26 11:52:51,978 PAT.train INFO: Epoch[52] Iteration[60/159] total_loss: 1.294, reid_loss: 1.292, pc_loss: 0.002, Acc: 0.986, Base Lr: 2.12e-04
2026-04-26 11:53:19,526 PAT.train INFO:   [grad_norm pre-clip: 1.115 / clip_max: 1.0]
2026-04-26 11:53:19,526 PAT.train INFO: Epoch[52] Iteration[120/159] total_loss: 1.307, reid_loss: 1.304, pc_loss: 0.003, Acc: 0.986, Base Lr: 2.12e-04
2026-04-26 11:53:36,941 PAT.train INFO: Epoch 52 done. Time per batch: 0.471[s] Speed: 136.0[samples/s]
2026-04-26 11:54:06,083 PAT.train INFO:   [grad_norm pre-clip: 1.569 / clip_max: 1.0]
2026-04-26 11:54:06,084 PAT.train INFO: Epoch[53] Iteration[60/159] total_loss: 1.276, reid_loss: 1.276, pc_loss: 0.001, Acc: 0.987, Base Lr: 2.07e-04
2026-04-26 11:54:33,685 PAT.train INFO:   [grad_norm pre-clip: 1.326 / clip_max: 1.0]
2026-04-26 11:54:33,685 PAT.train INFO: Epoch[53] Iteration[120/159] total_loss: 1.284, reid_loss: 1.283, pc_loss: 0.001, Acc: 0.985, Base Lr: 2.07e-04
2026-04-26 11:54:51,176 PAT.train INFO: Epoch 53 done. Time per batch: 0.475[s] Speed: 134.8[samples/s]
2026-04-26 11:55:20,080 PAT.train INFO:   [grad_norm pre-clip: 2.548 / clip_max: 1.0]
2026-04-26 11:55:20,081 PAT.train INFO: Epoch[54] Iteration[60/159] total_loss: 1.276, reid_loss: 1.272, pc_loss: 0.004, Acc: 0.989, Base Lr: 2.03e-04
2026-04-26 11:55:47,818 PAT.train INFO:   [grad_norm pre-clip: 2.066 / clip_max: 1.0]
2026-04-26 11:55:47,819 PAT.train INFO: Epoch[54] Iteration[120/159] total_loss: 1.287, reid_loss: 1.283, pc_loss: 0.004, Acc: 0.987, Base Lr: 2.03e-04
2026-04-26 11:56:05,270 PAT.train INFO: Epoch 54 done. Time per batch: 0.471[s] Speed: 135.9[samples/s]
2026-04-26 11:56:33,977 PAT.train INFO:   [grad_norm pre-clip: 3.313 / clip_max: 1.0]
2026-04-26 11:56:33,977 PAT.train INFO: Epoch[55] Iteration[60/159] total_loss: 1.277, reid_loss: 1.274, pc_loss: 0.003, Acc: 0.990, Base Lr: 1.98e-04
2026-04-26 11:57:01,960 PAT.train INFO:   [grad_norm pre-clip: 1.456 / clip_max: 1.0]
2026-04-26 11:57:01,960 PAT.train INFO: Epoch[55] Iteration[120/159] total_loss: 1.275, reid_loss: 1.272, pc_loss: 0.003, Acc: 0.990, Base Lr: 1.98e-04
2026-04-26 11:57:19,362 PAT.train INFO: Epoch 55 done. Time per batch: 0.471[s] Speed: 136.0[samples/s]
2026-04-26 11:57:48,318 PAT.train INFO:   [grad_norm pre-clip: 0.810 / clip_max: 1.0]
2026-04-26 11:57:48,319 PAT.train INFO: Epoch[56] Iteration[60/159] total_loss: 1.260, reid_loss: 1.258, pc_loss: 0.002, Acc: 0.990, Base Lr: 1.94e-04
2026-04-26 11:58:16,787 PAT.train INFO:   [grad_norm pre-clip: 1.352 / clip_max: 1.0]
2026-04-26 11:58:16,787 PAT.train INFO: Epoch[56] Iteration[120/159] total_loss: 1.262, reid_loss: 1.261, pc_loss: 0.001, Acc: 0.990, Base Lr: 1.94e-04
2026-04-26 11:58:34,742 PAT.train INFO: Epoch 56 done. Time per batch: 0.482[s] Speed: 132.8[samples/s]
2026-04-26 11:59:04,452 PAT.train INFO:   [grad_norm pre-clip: 4.100 / clip_max: 1.0]
2026-04-26 11:59:04,454 PAT.train INFO: Epoch[57] Iteration[60/159] total_loss: 1.273, reid_loss: 1.273, pc_loss: 0.001, Acc: 0.987, Base Lr: 1.89e-04
2026-04-26 11:59:33,867 PAT.train INFO:   [grad_norm pre-clip: 1.140 / clip_max: 1.0]
2026-04-26 11:59:33,868 PAT.train INFO: Epoch[57] Iteration[120/159] total_loss: 1.264, reid_loss: 1.263, pc_loss: 0.001, Acc: 0.988, Base Lr: 1.89e-04
2026-04-26 11:59:51,929 PAT.train INFO: Epoch 57 done. Time per batch: 0.490[s] Speed: 130.5[samples/s]
2026-04-26 12:00:22,185 PAT.train INFO:   [grad_norm pre-clip: 2.193 / clip_max: 1.0]
2026-04-26 12:00:22,186 PAT.train INFO: Epoch[58] Iteration[60/159] total_loss: 1.254, reid_loss: 1.254, pc_loss: 0.001, Acc: 0.992, Base Lr: 1.84e-04
2026-04-26 12:00:50,689 PAT.train INFO:   [grad_norm pre-clip: 2.645 / clip_max: 1.0]
2026-04-26 12:00:50,690 PAT.train INFO: Epoch[58] Iteration[120/159] total_loss: 1.257, reid_loss: 1.257, pc_loss: 0.001, Acc: 0.992, Base Lr: 1.84e-04
2026-04-26 12:01:08,417 PAT.train INFO: Epoch 58 done. Time per batch: 0.486[s] Speed: 131.7[samples/s]
2026-04-26 12:01:37,163 PAT.train INFO:   [grad_norm pre-clip: 2.238 / clip_max: 1.0]
2026-04-26 12:01:37,163 PAT.train INFO: Epoch[59] Iteration[60/159] total_loss: 1.246, reid_loss: 1.245, pc_loss: 0.001, Acc: 0.992, Base Lr: 1.80e-04
2026-04-26 12:02:04,995 PAT.train INFO:   [grad_norm pre-clip: 0.995 / clip_max: 1.0]
2026-04-26 12:02:04,995 PAT.train INFO: Epoch[59] Iteration[120/159] total_loss: 1.259, reid_loss: 1.257, pc_loss: 0.002, Acc: 0.991, Base Lr: 1.80e-04
2026-04-26 12:02:22,951 PAT.train INFO: Epoch 59 done. Time per batch: 0.474[s] Speed: 135.1[samples/s]
2026-04-26 12:02:52,971 PAT.train INFO:   [grad_norm pre-clip: 3.811 / clip_max: 1.0]
2026-04-26 12:02:52,972 PAT.train INFO: Epoch[60] Iteration[60/159] total_loss: 1.234, reid_loss: 1.233, pc_loss: 0.001, Acc: 0.993, Base Lr: 1.75e-04
2026-04-26 12:03:22,166 PAT.train INFO:   [grad_norm pre-clip: 4.106 / clip_max: 1.0]
2026-04-26 12:03:22,167 PAT.train INFO: Epoch[60] Iteration[120/159] total_loss: 1.243, reid_loss: 1.242, pc_loss: 0.001, Acc: 0.993, Base Lr: 1.75e-04
2026-04-26 12:03:40,008 PAT.train INFO: Epoch 60 done. Time per batch: 0.493[s] Speed: 129.9[samples/s]
2026-04-26 12:03:40,010 PAT.test INFO: Enter inferencing
2026-04-26 12:03:51,744 PAT.test INFO: Validation Results 
2026-04-26 12:03:51,745 PAT.test INFO: mAP: 100.0%
2026-04-26 12:03:51,745 PAT.test INFO: CMC curve, Rank-1  :100.0%
2026-04-26 12:03:51,745 PAT.test INFO: CMC curve, Rank-5  :100.0%
2026-04-26 12:03:51,745 PAT.test INFO: CMC curve, Rank-10 :100.0%
2026-04-26 12:03:51,745 PAT.test INFO: total inference time: 11.73
using Transformer_type: part token vit as a backbone
using stride: [16, 16], and patch number is num_y16 * num_x8
using drop_out rate is : 0.0
using attn_drop_out rate is : 0.0
using drop_path rate is : 0.1
Resized position embedding from size:torch.Size([1, 197, 1024]) to size: torch.Size([1, 132, 1024]) with height:16 width: 8
Load 297 / 299 layers.
Loading pretrained ImageNet model......from /workspace/miuam_challenge_diff/pretrained/jx_vit_large_p16_224-4ee7a4dc.pth
/workspace/miuam_challenge_diff/.venv/lib/python3.10/site-packages/torch/nn/init.py:412: UserWarning: Initializing zero-element tensors is a no-op
  warnings.warn("Initializing zero-element tensors is a no-op")
===========building our part attention vit===========
2026-04-26 12:04:00,400 PAT.train INFO: Number of parameter: 304.27M
Loading trained model from models/./model_vitlarge_256x128_60ep_seed200/part_attention_vit_10.pth
load weights from part_attention_vit_10.pth
2026-04-26 12:04:01,264 PAT INFO: => Loaded UrbanElementsReID_test
2026-04-26 12:04:01,264 PAT INFO:   ----------------------------------------
2026-04-26 12:04:01,264 PAT INFO:   subset   | # ids | # images | # cameras
2026-04-26 12:04:01,264 PAT INFO:   ----------------------------------------
2026-04-26 12:04:01,264 PAT INFO:   query    |     1 |      928 |         1
2026-04-26 12:04:01,264 PAT INFO:   gallery  |     1 |     2844 |         3
2026-04-26 12:04:01,264 PAT INFO:   ----------------------------------------
2026-04-26 12:04:01,265 PAT.test INFO: Enter inferencing
2026-04-26 12:04:13,842 PAT.test INFO: Validation Results 
2026-04-26 12:04:13,842 PAT.test INFO: mAP: 100.0%
2026-04-26 12:04:13,842 PAT.test INFO: CMC curve, Rank-1  :100.0%
2026-04-26 12:04:13,842 PAT.test INFO: CMC curve, Rank-5  :100.0%
2026-04-26 12:04:13,842 PAT.test INFO: CMC curve, Rank-10 :100.0%
2026-04-26 12:04:13,842 PAT.test INFO: total inference time: 12.33
saving final checkpoint (best epoch re-saved, per-epoch checkpoints retained).
done!
