2026-05-03 09:30:34,180 PAT INFO: Saving model to: models/./model_vitlarge_256x128_60ep_seed2300
2026-05-03 09:30:34,180 PAT INFO: Namespace(config_file='config/UrbanElementsReID_train_seed2300.yml', opts=[], local_rank=0)
2026-05-03 09:30:34,180 PAT INFO: Loaded configuration file config/UrbanElementsReID_train_seed2300.yml
2026-05-03 09:30:34,180 PAT INFO: 
MODEL:
  PRETRAIN_CHOICE: 'imagenet'
  PRETRAIN_PATH: '/workspace/miuam_challenge_diff/pretrained'
  IF_LABELSMOOTH: 'on'
  IF_WITH_CENTER: 'no'
  NAME: 'part_attention_vit'
  NO_MARGIN: True
  DEVICE_ID: ('0')
  TRANSFORMER_TYPE: 'vit_large_patch16_224_TransReID'
  STRIDE_SIZE: [16, 16]

INPUT:
  SIZE_TRAIN: [256, 128]
  SIZE_TEST: [256, 128]
  REA:
    ENABLED: False
  PIXEL_MEAN: [0.5, 0.5, 0.5]
  PIXEL_STD: [0.5, 0.5, 0.5]
  LGT:
    DO_LGT: True
    PROB: 0.5

DATASETS:
  TRAIN: ('UrbanElementsReID',)
  TEST: ('UrbanElementsReID_test',)
  ROOT_DIR: '/workspace/Urban2026/'

DATALOADER:
  SAMPLER: 'softmax_triplet'
  NUM_INSTANCE: 4
  NUM_WORKERS: 8

SOLVER:
  OPTIMIZER_NAME: 'Adam'
  MAX_EPOCHS: 60
  BASE_LR: 0.00035
  WARMUP_METHOD: 'linear'
  WARMUP_EPOCHS: 10
  WARMUP_FACTOR: 0.01
  IMS_PER_BATCH: 64
  LARGE_FC_LR: False
  CHECKPOINT_PERIOD: 20
  LOG_PERIOD: 60
  EVAL_PERIOD: 20
  WEIGHT_DECAY: 1e-4
  WEIGHT_DECAY_BIAS: 1e-4
  BIAS_LR_FACTOR: 2
  SEED: 2300

TEST:
  EVAL: True
  IMS_PER_BATCH: 64
  RE_RANKING: False
  WEIGHT: ''
  NECK_FEAT: 'before'
  FEAT_NORM: True

LOG_ROOT: 'models/'
TB_LOG_ROOT: './tb_log/'
LOG_NAME: './model_vitlarge_256x128_60ep_seed2300'
2026-05-03 09:30:34,180 PAT INFO: Running with config:
DATALOADER:
  CAMERA_TO_DOMAIN: False
  DELETE_REM: False
  DROP_LAST: False
  INDIVIDUAL: False
  NAIVE_WAY: True
  NUM_INSTANCE: 4
  NUM_WORKERS: 8
  SAMPLER: softmax_triplet
DATASETS:
  COMBINEALL: False
  ROOT_DIR: /workspace/Urban2026/
  TEST: ('UrbanElementsReID_test',)
  TRAIN: ('UrbanElementsReID',)
INPUT:
  CJ:
    BRIGHTNESS: 0.15
    CONTRAST: 0.15
    ENABLED: False
    HUE: 0.1
    PROB: 1.0
    SATURATION: 0.1
  DO_AUGMIX: False
  DO_AUTOAUG: False
  DO_FLIP: True
  DO_PAD: True
  FLIP_PROB: 0.5
  LGT:
    DO_LGT: True
    PROB: 0.5
  PADDING: 10
  PADDING_MODE: constant
  PERSPECTIVE:
    DISTORTION: 0.2
    ENABLED: False
    PROB: 0.5
  PIXEL_MEAN: [0.5, 0.5, 0.5]
  PIXEL_STD: [0.5, 0.5, 0.5]
  REA:
    ENABLED: False
    MEAN: [123.675, 116.28, 103.53]
    PROB: 0.5
  ROTATION:
    DEGREES: 10
    ENABLED: False
    PROB: 0.5
  RPT:
    ENABLED: False
    PROB: 0.5
  SIZE_TEST: [256, 128]
  SIZE_TRAIN: [256, 128]
LOG_NAME: ./model_vitlarge_256x128_60ep_seed2300
LOG_ROOT: models/
MODEL:
  ARCFACE_M: 0.5
  ARCFACE_S: 64.0
  ATT_DROP_RATE: 0.0
  AUX_LOSS_WEIGHT: 0.1
  CAM_ADV: False
  CAM_ADV_LAMBDA: 0.1
  CAM_ADV_WEIGHT: 1.0
  CIRCLE_GAMMA: 256.0
  CIRCLE_MARGIN: 0.25
  CLUSTER_K: 10
  COS_LAYER: False
  DEEP_SUP: False
  DEVICE: cuda
  DEVICE_ID: 0
  DIST_TRAIN: False
  DROP_OUT: 0.0
  DROP_PATH: 0.1
  FINETUNE_FROM: 
  FREEZE_PATCH_EMBED: True
  ID_LOSS_TYPE: softmax
  ID_LOSS_WEIGHT: 1.0
  IF_LABELSMOOTH: on
  IF_WITH_CENTER: no
  LAST_STRIDE: 1
  METRIC_LOSS_TYPE: triplet
  NAME: part_attention_vit
  NECK: bnneck
  NO_MARGIN: True
  NUM_AUX_LAYERS: 5
  NUM_CAMERAS: 3
  PATCH_EMBED_TYPE: 
  PC_LOSS: True
  PC_LR: 1.0
  PC_SCALE: 0.02
  PRETRAIN_CHOICE: imagenet
  PRETRAIN_PATH: /workspace/miuam_challenge_diff/pretrained
  SOFT_LABEL: True
  SOFT_LAMBDA: 0.5
  SOFT_WEIGHT: 0.5
  STRIDE_SIZE: [16, 16]
  TRANSFORMER_TYPE: vit_large_patch16_224_TransReID
  TRIPLET_LOSS_WEIGHT: 1.0
SOLVER:
  BASE_LR: 0.00035
  BIAS_LR_FACTOR: 2
  CENTER_LOSS_WEIGHT: 0.0005
  CENTER_LR: 0.5
  CHECKPOINT_PERIOD: 20
  COSINE_MARGIN: 0.5
  COSINE_SCALE: 30
  EMA_DECAY: 0.0
  EVAL_PERIOD: 20
  GAMMA: 0.1
  GRAD_CLIP: 0.0
  IMS_PER_BATCH: 64
  LARGE_FC_LR: False
  LOG_PERIOD: 60
  MARGIN: 0.3
  MAX_EPOCHS: 60
  MOMENTUM: 0.9
  OPTIMIZER_NAME: Adam
  SEED: 2300
  STEPS: (40, 70)
  WARMUP_EPOCHS: 10
  WARMUP_FACTOR: 0.01
  WARMUP_METHOD: linear
  WEIGHT_DECAY: 0.0001
  WEIGHT_DECAY_BIAS: 0.0001
TB_LOG_ROOT: ./tb_log/
TEST:
  DIST_MAT: dist_mat.npy
  EVAL: True
  FEAT_NORM: True
  IMS_PER_BATCH: 64
  NECK_FEAT: before
  RE_RANKING: False
  WEIGHT: 
2026-05-03 09:30:34,245 PAT INFO: => Loaded UrbanElementsReID
2026-05-03 09:30:34,245 PAT INFO:   ----------------------------------------
2026-05-03 09:30:34,245 PAT INFO:   subset   | # ids | # images | # cameras
2026-05-03 09:30:34,245 PAT INFO:   ----------------------------------------
2026-05-03 09:30:34,245 PAT INFO:   train    |  1088 |    11175 |         3
2026-05-03 09:30:34,245 PAT INFO:   ----------------------------------------
2026-05-03 09:30:34,321 PAT INFO: => Loaded UrbanElementsReID_test
2026-05-03 09:30:34,321 PAT INFO:   ----------------------------------------
2026-05-03 09:30:34,321 PAT INFO:   subset   | # ids | # images | # cameras
2026-05-03 09:30:34,321 PAT INFO:   ----------------------------------------
2026-05-03 09:30:34,321 PAT INFO:   query    |     1 |      928 |         1
2026-05-03 09:30:34,321 PAT INFO:   gallery  |     1 |     2844 |         3
2026-05-03 09:30:34,321 PAT INFO:   ----------------------------------------
using Transformer_type: part token vit as a backbone
using stride: [16, 16], and patch number is num_y16 * num_x8
using drop_out rate is : 0.0
using attn_drop_out rate is : 0.0
using drop_path rate is : 0.1
Resized position embedding from size:torch.Size([1, 197, 1024]) to size: torch.Size([1, 132, 1024]) with height:16 width: 8
Load 297 / 299 layers.
Loading pretrained ImageNet model......from /workspace/miuam_challenge_diff/pretrained/jx_vit_large_p16_224-4ee7a4dc.pth
===========building our part attention vit===========
2026-05-03 09:30:42,395 PAT.train INFO: Number of parameter: 305.38M
====== freeze patch_embed for stability ======
using soft triplet loss for training
label smooth on, numclasses: 1088
======== using soft label ========
2026-05-03 09:30:42,693 PAT.train INFO: start training
saving tblog to ./tb_log/./model_vitlarge_256x128_60ep_seed2300
initialize the centers
initialization done
/workspace/miuam_challenge_diff/loss/myloss.py:29: UserWarning: This overload of addmm_ is deprecated:
	addmm_(Number beta, Number alpha, Tensor mat1, Tensor mat2)
Consider using one of the following signatures instead:
	addmm_(Tensor mat1, Tensor mat2, *, Number beta, Number alpha) (Triggered internally at ../torch/csrc/utils/python_arg_parser.cpp:1519.)
  dist_map.addmm_(1, -2, part_feat, part_centers.t())
2026-05-03 09:31:51,187 PAT.train INFO: Epoch[1] Iteration[60/159] total_loss: 9.103, reid_loss: 8.534, pc_loss: 0.569, Acc: 0.023, Base Lr: 3.81e-05
2026-05-03 09:32:22,129 PAT.train INFO: Epoch[1] Iteration[120/159] total_loss: 8.801, reid_loss: 8.213, pc_loss: 0.589, Acc: 0.054, Base Lr: 3.81e-05
2026-05-03 09:32:38,289 PAT.train INFO: Epoch 1 done. Time per batch: 0.486[s] Speed: 131.6[samples/s]
2026-05-03 09:33:05,383 PAT.train INFO: Epoch[2] Iteration[60/159] total_loss: 7.474, reid_loss: 7.368, pc_loss: 0.106, Acc: 0.106, Base Lr: 7.28e-05
2026-05-03 09:33:31,706 PAT.train INFO: Epoch[2] Iteration[120/159] total_loss: 7.318, reid_loss: 7.228, pc_loss: 0.091, Acc: 0.107, Base Lr: 7.28e-05
2026-05-03 09:33:48,148 PAT.train INFO: Epoch 2 done. Time per batch: 0.447[s] Speed: 143.3[samples/s]
2026-05-03 09:34:19,325 PAT.train INFO: Epoch[3] Iteration[60/159] total_loss: 6.454, reid_loss: 6.436, pc_loss: 0.018, Acc: 0.116, Base Lr: 1.07e-04
2026-05-03 09:34:46,050 PAT.train INFO: Epoch[3] Iteration[120/159] total_loss: 6.243, reid_loss: 6.229, pc_loss: 0.014, Acc: 0.128, Base Lr: 1.07e-04
2026-05-03 09:35:02,829 PAT.train INFO: Epoch 3 done. Time per batch: 0.460[s] Speed: 139.3[samples/s]
2026-05-03 09:35:36,296 PAT.train INFO: Epoch[4] Iteration[60/159] total_loss: 6.402, reid_loss: 6.278, pc_loss: 0.124, Acc: 0.132, Base Lr: 1.42e-04
2026-05-03 09:36:02,923 PAT.train INFO: Epoch[4] Iteration[120/159] total_loss: 5.873, reid_loss: 5.802, pc_loss: 0.071, Acc: 0.168, Base Lr: 1.42e-04
2026-05-03 09:36:19,621 PAT.train INFO: Epoch 4 done. Time per batch: 0.458[s] Speed: 139.7[samples/s]
2026-05-03 09:36:51,428 PAT.train INFO: Epoch[5] Iteration[60/159] total_loss: 4.799, reid_loss: 4.750, pc_loss: 0.049, Acc: 0.235, Base Lr: 1.77e-04
2026-05-03 09:37:17,608 PAT.train INFO: Epoch[5] Iteration[120/159] total_loss: 4.509, reid_loss: 4.482, pc_loss: 0.027, Acc: 0.276, Base Lr: 1.77e-04
2026-05-03 09:37:33,887 PAT.train INFO: Epoch 5 done. Time per batch: 0.472[s] Speed: 135.6[samples/s]
2026-05-03 09:38:00,987 PAT.train INFO: Epoch[6] Iteration[60/159] total_loss: 3.934, reid_loss: 3.916, pc_loss: 0.018, Acc: 0.345, Base Lr: 2.11e-04
2026-05-03 09:38:27,744 PAT.train INFO: Epoch[6] Iteration[120/159] total_loss: 3.683, reid_loss: 3.671, pc_loss: 0.012, Acc: 0.401, Base Lr: 2.11e-04
2026-05-03 09:38:44,319 PAT.train INFO: Epoch 6 done. Time per batch: 0.448[s] Speed: 143.0[samples/s]
2026-05-03 09:39:11,929 PAT.train INFO: Epoch[7] Iteration[60/159] total_loss: 3.181, reid_loss: 3.153, pc_loss: 0.028, Acc: 0.483, Base Lr: 2.46e-04
2026-05-03 09:39:38,712 PAT.train INFO: Epoch[7] Iteration[120/159] total_loss: 2.993, reid_loss: 2.975, pc_loss: 0.018, Acc: 0.530, Base Lr: 2.46e-04
2026-05-03 09:39:55,551 PAT.train INFO: Epoch 7 done. Time per batch: 0.453[s] Speed: 141.4[samples/s]
2026-05-03 09:40:23,980 PAT.train INFO: Epoch[8] Iteration[60/159] total_loss: 2.663, reid_loss: 2.584, pc_loss: 0.079, Acc: 0.620, Base Lr: 2.81e-04
2026-05-03 09:40:51,022 PAT.train INFO: Epoch[8] Iteration[120/159] total_loss: 2.565, reid_loss: 2.460, pc_loss: 0.105, Acc: 0.655, Base Lr: 2.81e-04
2026-05-03 09:41:07,573 PAT.train INFO: Epoch 8 done. Time per batch: 0.458[s] Speed: 139.9[samples/s]
2026-05-03 09:41:35,745 PAT.train INFO: Epoch[9] Iteration[60/159] total_loss: 2.294, reid_loss: 2.171, pc_loss: 0.123, Acc: 0.716, Base Lr: 3.15e-04
2026-05-03 09:42:02,469 PAT.train INFO: Epoch[9] Iteration[120/159] total_loss: 2.198, reid_loss: 2.119, pc_loss: 0.079, Acc: 0.739, Base Lr: 3.15e-04
2026-05-03 09:42:19,226 PAT.train INFO: Epoch 9 done. Time per batch: 0.455[s] Speed: 140.6[samples/s]
2026-05-03 09:42:47,104 PAT.train INFO: Epoch[10] Iteration[60/159] total_loss: 1.907, reid_loss: 1.848, pc_loss: 0.060, Acc: 0.819, Base Lr: 3.44e-04
2026-05-03 09:43:14,122 PAT.train INFO: Epoch[10] Iteration[120/159] total_loss: 1.906, reid_loss: 1.864, pc_loss: 0.042, Acc: 0.813, Base Lr: 3.44e-04
2026-05-03 09:43:31,229 PAT.train INFO: Epoch 10 done. Time per batch: 0.458[s] Speed: 139.9[samples/s]
2026-05-03 09:43:59,101 PAT.train INFO: Epoch[11] Iteration[60/159] total_loss: 1.770, reid_loss: 1.742, pc_loss: 0.029, Acc: 0.844, Base Lr: 3.43e-04
2026-05-03 09:44:25,769 PAT.train INFO: Epoch[11] Iteration[120/159] total_loss: 1.791, reid_loss: 1.743, pc_loss: 0.048, Acc: 0.850, Base Lr: 3.43e-04
2026-05-03 09:44:42,498 PAT.train INFO: Epoch 11 done. Time per batch: 0.453[s] Speed: 141.3[samples/s]
2026-05-03 09:45:10,506 PAT.train INFO: Epoch[12] Iteration[60/159] total_loss: 1.649, reid_loss: 1.626, pc_loss: 0.023, Acc: 0.889, Base Lr: 3.41e-04
2026-05-03 09:45:37,446 PAT.train INFO: Epoch[12] Iteration[120/159] total_loss: 1.696, reid_loss: 1.641, pc_loss: 0.054, Acc: 0.885, Base Lr: 3.41e-04
2026-05-03 09:45:55,357 PAT.train INFO: Epoch 12 done. Time per batch: 0.463[s] Speed: 138.2[samples/s]
2026-05-03 09:46:23,438 PAT.train INFO: Epoch[13] Iteration[60/159] total_loss: 1.608, reid_loss: 1.571, pc_loss: 0.037, Acc: 0.910, Base Lr: 3.40e-04
2026-05-03 09:46:49,947 PAT.train INFO: Epoch[13] Iteration[120/159] total_loss: 1.572, reid_loss: 1.548, pc_loss: 0.023, Acc: 0.906, Base Lr: 3.40e-04
2026-05-03 09:47:06,182 PAT.train INFO: Epoch 13 done. Time per batch: 0.453[s] Speed: 141.3[samples/s]
2026-05-03 09:47:34,277 PAT.train INFO: Epoch[14] Iteration[60/159] total_loss: 1.516, reid_loss: 1.515, pc_loss: 0.001, Acc: 0.921, Base Lr: 3.38e-04
2026-05-03 09:48:01,360 PAT.train INFO: Epoch[14] Iteration[120/159] total_loss: 1.504, reid_loss: 1.503, pc_loss: 0.001, Acc: 0.922, Base Lr: 3.38e-04
2026-05-03 09:48:18,313 PAT.train INFO: Epoch 14 done. Time per batch: 0.458[s] Speed: 139.6[samples/s]
2026-05-03 09:48:46,373 PAT.train INFO: Epoch[15] Iteration[60/159] total_loss: 1.501, reid_loss: 1.498, pc_loss: 0.003, Acc: 0.926, Base Lr: 3.37e-04
2026-05-03 09:49:13,182 PAT.train INFO: Epoch[15] Iteration[120/159] total_loss: 1.472, reid_loss: 1.471, pc_loss: 0.002, Acc: 0.930, Base Lr: 3.37e-04
2026-05-03 09:49:30,017 PAT.train INFO: Epoch 15 done. Time per batch: 0.459[s] Speed: 139.6[samples/s]
2026-05-03 09:49:58,081 PAT.train INFO: Epoch[16] Iteration[60/159] total_loss: 1.391, reid_loss: 1.389, pc_loss: 0.002, Acc: 0.948, Base Lr: 3.35e-04
2026-05-03 09:50:24,861 PAT.train INFO: Epoch[16] Iteration[120/159] total_loss: 1.372, reid_loss: 1.370, pc_loss: 0.002, Acc: 0.951, Base Lr: 3.35e-04
2026-05-03 09:50:41,818 PAT.train INFO: Epoch 16 done. Time per batch: 0.456[s] Speed: 140.3[samples/s]
2026-05-03 09:51:09,269 PAT.train INFO: Epoch[17] Iteration[60/159] total_loss: 1.420, reid_loss: 1.377, pc_loss: 0.043, Acc: 0.959, Base Lr: 3.33e-04
2026-05-03 09:51:36,069 PAT.train INFO: Epoch[17] Iteration[120/159] total_loss: 1.478, reid_loss: 1.455, pc_loss: 0.023, Acc: 0.946, Base Lr: 3.33e-04
2026-05-03 09:51:53,288 PAT.train INFO: Epoch 17 done. Time per batch: 0.454[s] Speed: 140.9[samples/s]
2026-05-03 09:52:22,580 PAT.train INFO: Epoch[18] Iteration[60/159] total_loss: 1.450, reid_loss: 1.448, pc_loss: 0.002, Acc: 0.954, Base Lr: 3.31e-04
2026-05-03 09:52:49,306 PAT.train INFO: Epoch[18] Iteration[120/159] total_loss: 1.449, reid_loss: 1.446, pc_loss: 0.003, Acc: 0.950, Base Lr: 3.31e-04
2026-05-03 09:53:06,084 PAT.train INFO: Epoch 18 done. Time per batch: 0.457[s] Speed: 140.0[samples/s]
2026-05-03 09:53:38,231 PAT.train INFO: Epoch[19] Iteration[60/159] total_loss: 1.414, reid_loss: 1.408, pc_loss: 0.006, Acc: 0.949, Base Lr: 3.29e-04
2026-05-03 09:54:04,871 PAT.train INFO: Epoch[19] Iteration[120/159] total_loss: 1.399, reid_loss: 1.394, pc_loss: 0.006, Acc: 0.952, Base Lr: 3.29e-04
2026-05-03 09:54:21,217 PAT.train INFO: Epoch 19 done. Time per batch: 0.481[s] Speed: 133.2[samples/s]
2026-05-03 09:54:52,290 PAT.train INFO: Epoch[20] Iteration[60/159] total_loss: 1.395, reid_loss: 1.394, pc_loss: 0.002, Acc: 0.953, Base Lr: 3.27e-04
2026-05-03 09:55:18,964 PAT.train INFO: Epoch[20] Iteration[120/159] total_loss: 1.386, reid_loss: 1.384, pc_loss: 0.002, Acc: 0.955, Base Lr: 3.27e-04
2026-05-03 09:55:35,308 PAT.train INFO: Epoch 20 done. Time per batch: 0.474[s] Speed: 135.1[samples/s]
2026-05-03 09:55:35,308 PAT.test INFO: Enter inferencing
2026-05-03 09:55:47,291 PAT.test INFO: Validation Results 
2026-05-03 09:55:47,292 PAT.test INFO: mAP: 100.0%
2026-05-03 09:55:47,292 PAT.test INFO: CMC curve, Rank-1  :100.0%
2026-05-03 09:55:47,292 PAT.test INFO: CMC curve, Rank-5  :100.0%
2026-05-03 09:55:47,292 PAT.test INFO: CMC curve, Rank-10 :100.0%
2026-05-03 09:55:47,292 PAT.test INFO: total inference time: 11.98
2026-05-03 09:55:47,300 PAT.train INFO: =====best epoch: 20=====
2026-05-03 09:56:16,603 PAT.train INFO: Epoch[21] Iteration[60/159] total_loss: 1.334, reid_loss: 1.330, pc_loss: 0.004, Acc: 0.966, Base Lr: 3.24e-04
2026-05-03 09:56:44,390 PAT.train INFO: Epoch[21] Iteration[120/159] total_loss: 1.345, reid_loss: 1.342, pc_loss: 0.003, Acc: 0.962, Base Lr: 3.24e-04
2026-05-03 09:57:02,003 PAT.train INFO: Epoch 21 done. Time per batch: 0.470[s] Speed: 136.2[samples/s]
2026-05-03 09:57:33,087 PAT.train INFO: Epoch[22] Iteration[60/159] total_loss: 1.348, reid_loss: 1.344, pc_loss: 0.004, Acc: 0.963, Base Lr: 3.22e-04
2026-05-03 09:58:00,727 PAT.train INFO: Epoch[22] Iteration[120/159] total_loss: 1.346, reid_loss: 1.342, pc_loss: 0.004, Acc: 0.966, Base Lr: 3.22e-04
2026-05-03 09:58:17,927 PAT.train INFO: Epoch 22 done. Time per batch: 0.472[s] Speed: 135.7[samples/s]
2026-05-03 09:58:50,736 PAT.train INFO: Epoch[23] Iteration[60/159] total_loss: 1.475, reid_loss: 1.460, pc_loss: 0.015, Acc: 0.952, Base Lr: 3.19e-04
2026-05-03 09:59:18,312 PAT.train INFO: Epoch[23] Iteration[120/159] total_loss: 1.476, reid_loss: 1.468, pc_loss: 0.008, Acc: 0.951, Base Lr: 3.19e-04
2026-05-03 09:59:35,471 PAT.train INFO: Epoch 23 done. Time per batch: 0.473[s] Speed: 135.3[samples/s]
2026-05-03 10:00:06,826 PAT.train INFO: Epoch[24] Iteration[60/159] total_loss: 1.458, reid_loss: 1.453, pc_loss: 0.005, Acc: 0.947, Base Lr: 3.17e-04
2026-05-03 10:00:34,309 PAT.train INFO: Epoch[24] Iteration[120/159] total_loss: 1.403, reid_loss: 1.400, pc_loss: 0.003, Acc: 0.955, Base Lr: 3.17e-04
2026-05-03 10:00:51,229 PAT.train INFO: Epoch 24 done. Time per batch: 0.467[s] Speed: 136.9[samples/s]
2026-05-03 10:01:24,807 PAT.train INFO: Epoch[25] Iteration[60/159] total_loss: 1.349, reid_loss: 1.342, pc_loss: 0.007, Acc: 0.964, Base Lr: 3.14e-04
2026-05-03 10:01:51,996 PAT.train INFO: Epoch[25] Iteration[120/159] total_loss: 1.368, reid_loss: 1.356, pc_loss: 0.013, Acc: 0.962, Base Lr: 3.14e-04
2026-05-03 10:02:08,931 PAT.train INFO: Epoch 25 done. Time per batch: 0.465[s] Speed: 137.6[samples/s]
2026-05-03 10:02:45,270 PAT.train INFO: Epoch[26] Iteration[60/159] total_loss: 1.375, reid_loss: 1.366, pc_loss: 0.010, Acc: 0.963, Base Lr: 3.11e-04
2026-05-03 10:03:12,922 PAT.train INFO: Epoch[26] Iteration[120/159] total_loss: 1.368, reid_loss: 1.361, pc_loss: 0.007, Acc: 0.963, Base Lr: 3.11e-04
2026-05-03 10:03:29,555 PAT.train INFO: Epoch 26 done. Time per batch: 0.488[s] Speed: 131.2[samples/s]
2026-05-03 10:03:58,994 PAT.train INFO: Epoch[27] Iteration[60/159] total_loss: 1.384, reid_loss: 1.380, pc_loss: 0.004, Acc: 0.971, Base Lr: 3.08e-04
2026-05-03 10:04:26,549 PAT.train INFO: Epoch[27] Iteration[120/159] total_loss: 1.380, reid_loss: 1.376, pc_loss: 0.004, Acc: 0.970, Base Lr: 3.08e-04
2026-05-03 10:04:43,744 PAT.train INFO: Epoch 27 done. Time per batch: 0.470[s] Speed: 136.1[samples/s]
2026-05-03 10:05:17,599 PAT.train INFO: Epoch[28] Iteration[60/159] total_loss: 1.368, reid_loss: 1.366, pc_loss: 0.002, Acc: 0.961, Base Lr: 3.05e-04
2026-05-03 10:05:45,081 PAT.train INFO: Epoch[28] Iteration[120/159] total_loss: 1.376, reid_loss: 1.375, pc_loss: 0.001, Acc: 0.962, Base Lr: 3.05e-04
2026-05-03 10:06:02,254 PAT.train INFO: Epoch 28 done. Time per batch: 0.472[s] Speed: 135.6[samples/s]
2026-05-03 10:06:33,009 PAT.train INFO: Epoch[29] Iteration[60/159] total_loss: 1.447, reid_loss: 1.445, pc_loss: 0.002, Acc: 0.956, Base Lr: 3.02e-04
2026-05-03 10:07:01,086 PAT.train INFO: Epoch[29] Iteration[120/159] total_loss: 1.411, reid_loss: 1.408, pc_loss: 0.003, Acc: 0.960, Base Lr: 3.02e-04
2026-05-03 10:07:18,474 PAT.train INFO: Epoch 29 done. Time per batch: 0.478[s] Speed: 133.9[samples/s]
2026-05-03 10:07:52,239 PAT.train INFO: Epoch[30] Iteration[60/159] total_loss: 1.360, reid_loss: 1.350, pc_loss: 0.010, Acc: 0.968, Base Lr: 2.99e-04
2026-05-03 10:08:19,544 PAT.train INFO: Epoch[30] Iteration[120/159] total_loss: 1.380, reid_loss: 1.371, pc_loss: 0.009, Acc: 0.966, Base Lr: 2.99e-04
2026-05-03 10:08:36,755 PAT.train INFO: Epoch 30 done. Time per batch: 0.469[s] Speed: 136.3[samples/s]
2026-05-03 10:09:09,562 PAT.train INFO: Epoch[31] Iteration[60/159] total_loss: 1.386, reid_loss: 1.379, pc_loss: 0.007, Acc: 0.963, Base Lr: 2.96e-04
2026-05-03 10:09:37,418 PAT.train INFO: Epoch[31] Iteration[120/159] total_loss: 1.365, reid_loss: 1.353, pc_loss: 0.013, Acc: 0.970, Base Lr: 2.96e-04
2026-05-03 10:09:54,532 PAT.train INFO: Epoch 31 done. Time per batch: 0.471[s] Speed: 135.8[samples/s]
2026-05-03 10:10:27,977 PAT.train INFO: Epoch[32] Iteration[60/159] total_loss: 1.362, reid_loss: 1.361, pc_loss: 0.001, Acc: 0.972, Base Lr: 2.92e-04
2026-05-03 10:10:56,148 PAT.train INFO: Epoch[32] Iteration[120/159] total_loss: 1.361, reid_loss: 1.361, pc_loss: 0.001, Acc: 0.971, Base Lr: 2.92e-04
2026-05-03 10:11:13,450 PAT.train INFO: Epoch 32 done. Time per batch: 0.481[s] Speed: 133.1[samples/s]
2026-05-03 10:11:44,630 PAT.train INFO: Epoch[33] Iteration[60/159] total_loss: 1.408, reid_loss: 1.407, pc_loss: 0.001, Acc: 0.963, Base Lr: 2.89e-04
2026-05-03 10:12:12,498 PAT.train INFO: Epoch[33] Iteration[120/159] total_loss: 1.391, reid_loss: 1.390, pc_loss: 0.001, Acc: 0.966, Base Lr: 2.89e-04
2026-05-03 10:12:29,149 PAT.train INFO: Epoch 33 done. Time per batch: 0.473[s] Speed: 135.3[samples/s]
2026-05-03 10:13:02,531 PAT.train INFO: Epoch[34] Iteration[60/159] total_loss: 1.363, reid_loss: 1.362, pc_loss: 0.001, Acc: 0.968, Base Lr: 2.85e-04
2026-05-03 10:13:29,477 PAT.train INFO: Epoch[34] Iteration[120/159] total_loss: 1.349, reid_loss: 1.348, pc_loss: 0.001, Acc: 0.971, Base Lr: 2.85e-04
2026-05-03 10:13:46,827 PAT.train INFO: Epoch 34 done. Time per batch: 0.467[s] Speed: 137.2[samples/s]
2026-05-03 10:14:19,414 PAT.train INFO: Epoch[35] Iteration[60/159] total_loss: 1.371, reid_loss: 1.370, pc_loss: 0.001, Acc: 0.972, Base Lr: 2.82e-04
2026-05-03 10:14:47,499 PAT.train INFO: Epoch[35] Iteration[120/159] total_loss: 1.361, reid_loss: 1.358, pc_loss: 0.003, Acc: 0.973, Base Lr: 2.82e-04
2026-05-03 10:15:04,158 PAT.train INFO: Epoch 35 done. Time per batch: 0.480[s] Speed: 133.2[samples/s]
2026-05-03 10:15:36,700 PAT.train INFO: Epoch[36] Iteration[60/159] total_loss: 1.358, reid_loss: 1.357, pc_loss: 0.002, Acc: 0.967, Base Lr: 2.78e-04
2026-05-03 10:16:04,423 PAT.train INFO: Epoch[36] Iteration[120/159] total_loss: 1.350, reid_loss: 1.349, pc_loss: 0.001, Acc: 0.971, Base Lr: 2.78e-04
2026-05-03 10:16:21,742 PAT.train INFO: Epoch 36 done. Time per batch: 0.474[s] Speed: 135.2[samples/s]
2026-05-03 10:16:53,782 PAT.train INFO: Epoch[37] Iteration[60/159] total_loss: 1.360, reid_loss: 1.355, pc_loss: 0.005, Acc: 0.975, Base Lr: 2.74e-04
2026-05-03 10:17:21,079 PAT.train INFO: Epoch[37] Iteration[120/159] total_loss: 1.337, reid_loss: 1.330, pc_loss: 0.007, Acc: 0.978, Base Lr: 2.74e-04
2026-05-03 10:17:38,266 PAT.train INFO: Epoch 37 done. Time per batch: 0.468[s] Speed: 136.7[samples/s]
2026-05-03 10:18:11,108 PAT.train INFO: Epoch[38] Iteration[60/159] total_loss: 1.349, reid_loss: 1.347, pc_loss: 0.002, Acc: 0.975, Base Lr: 2.70e-04
2026-05-03 10:18:38,673 PAT.train INFO: Epoch[38] Iteration[120/159] total_loss: 1.330, reid_loss: 1.327, pc_loss: 0.003, Acc: 0.978, Base Lr: 2.70e-04
2026-05-03 10:18:55,323 PAT.train INFO: Epoch 38 done. Time per batch: 0.469[s] Speed: 136.4[samples/s]
2026-05-03 10:19:32,723 PAT.train INFO: Epoch[39] Iteration[60/159] total_loss: 1.320, reid_loss: 1.320, pc_loss: 0.001, Acc: 0.973, Base Lr: 2.67e-04
2026-05-03 10:20:00,352 PAT.train INFO: Epoch[39] Iteration[120/159] total_loss: 1.303, reid_loss: 1.302, pc_loss: 0.001, Acc: 0.977, Base Lr: 2.67e-04
2026-05-03 10:20:17,406 PAT.train INFO: Epoch 39 done. Time per batch: 0.495[s] Speed: 129.3[samples/s]
2026-05-03 10:20:47,005 PAT.train INFO: Epoch[40] Iteration[60/159] total_loss: 2.008, reid_loss: 1.999, pc_loss: 0.009, Acc: 0.870, Base Lr: 2.63e-04
2026-05-03 10:21:14,693 PAT.train INFO: Epoch[40] Iteration[120/159] total_loss: 1.821, reid_loss: 1.811, pc_loss: 0.010, Acc: 0.900, Base Lr: 2.63e-04
2026-05-03 10:21:31,424 PAT.train INFO: Epoch 40 done. Time per batch: 0.465[s] Speed: 137.5[samples/s]
2026-05-03 10:21:31,425 PAT.test INFO: Enter inferencing
2026-05-03 10:21:43,230 PAT.test INFO: Validation Results 
2026-05-03 10:21:43,230 PAT.test INFO: mAP: 100.0%
2026-05-03 10:21:43,231 PAT.test INFO: CMC curve, Rank-1  :100.0%
2026-05-03 10:21:43,231 PAT.test INFO: CMC curve, Rank-5  :100.0%
2026-05-03 10:21:43,231 PAT.test INFO: CMC curve, Rank-10 :100.0%
2026-05-03 10:21:43,231 PAT.test INFO: total inference time: 11.80
2026-05-03 10:22:12,166 PAT.train INFO: Epoch[41] Iteration[60/159] total_loss: 1.417, reid_loss: 1.414, pc_loss: 0.003, Acc: 0.962, Base Lr: 2.59e-04
2026-05-03 10:22:39,594 PAT.train INFO: Epoch[41] Iteration[120/159] total_loss: 1.409, reid_loss: 1.403, pc_loss: 0.006, Acc: 0.966, Base Lr: 2.59e-04
2026-05-03 10:22:56,724 PAT.train INFO: Epoch 41 done. Time per batch: 0.463[s] Speed: 138.3[samples/s]
2026-05-03 10:23:31,643 PAT.train INFO: Epoch[42] Iteration[60/159] total_loss: 1.340, reid_loss: 1.337, pc_loss: 0.003, Acc: 0.973, Base Lr: 2.55e-04
2026-05-03 10:23:59,121 PAT.train INFO: Epoch[42] Iteration[120/159] total_loss: 1.322, reid_loss: 1.320, pc_loss: 0.002, Acc: 0.978, Base Lr: 2.55e-04
2026-05-03 10:24:16,245 PAT.train INFO: Epoch 42 done. Time per batch: 0.505[s] Speed: 126.6[samples/s]
2026-05-03 10:24:44,429 PAT.train INFO: Epoch[43] Iteration[60/159] total_loss: 1.267, reid_loss: 1.266, pc_loss: 0.001, Acc: 0.984, Base Lr: 2.51e-04
2026-05-03 10:25:11,930 PAT.train INFO: Epoch[43] Iteration[120/159] total_loss: 1.270, reid_loss: 1.269, pc_loss: 0.001, Acc: 0.985, Base Lr: 2.51e-04
2026-05-03 10:25:28,551 PAT.train INFO: Epoch 43 done. Time per batch: 0.462[s] Speed: 138.4[samples/s]
2026-05-03 10:25:57,544 PAT.train INFO: Epoch[44] Iteration[60/159] total_loss: 1.267, reid_loss: 1.266, pc_loss: 0.001, Acc: 0.987, Base Lr: 2.46e-04
2026-05-03 10:26:25,243 PAT.train INFO: Epoch[44] Iteration[120/159] total_loss: 1.281, reid_loss: 1.279, pc_loss: 0.002, Acc: 0.985, Base Lr: 2.46e-04
2026-05-03 10:26:41,859 PAT.train INFO: Epoch 44 done. Time per batch: 0.469[s] Speed: 136.5[samples/s]
2026-05-03 10:27:13,434 PAT.train INFO: Epoch[45] Iteration[60/159] total_loss: 1.250, reid_loss: 1.247, pc_loss: 0.003, Acc: 0.992, Base Lr: 2.42e-04
2026-05-03 10:27:41,046 PAT.train INFO: Epoch[45] Iteration[120/159] total_loss: 1.257, reid_loss: 1.253, pc_loss: 0.004, Acc: 0.990, Base Lr: 2.42e-04
2026-05-03 10:27:58,358 PAT.train INFO: Epoch 45 done. Time per batch: 0.473[s] Speed: 135.2[samples/s]
2026-05-03 10:28:30,842 PAT.train INFO: Epoch[46] Iteration[60/159] total_loss: 1.256, reid_loss: 1.252, pc_loss: 0.004, Acc: 0.990, Base Lr: 2.38e-04
2026-05-03 10:28:58,532 PAT.train INFO: Epoch[46] Iteration[120/159] total_loss: 1.255, reid_loss: 1.253, pc_loss: 0.003, Acc: 0.990, Base Lr: 2.38e-04
2026-05-03 10:29:15,488 PAT.train INFO: Epoch 46 done. Time per batch: 0.472[s] Speed: 135.7[samples/s]
2026-05-03 10:29:47,892 PAT.train INFO: Epoch[47] Iteration[60/159] total_loss: 1.265, reid_loss: 1.259, pc_loss: 0.006, Acc: 0.992, Base Lr: 2.34e-04
2026-05-03 10:30:14,585 PAT.train INFO: Epoch[47] Iteration[120/159] total_loss: 1.264, reid_loss: 1.259, pc_loss: 0.005, Acc: 0.987, Base Lr: 2.34e-04
2026-05-03 10:30:31,101 PAT.train INFO: Epoch 47 done. Time per batch: 0.460[s] Speed: 139.0[samples/s]
2026-05-03 10:31:02,235 PAT.train INFO: Epoch[48] Iteration[60/159] total_loss: 1.248, reid_loss: 1.247, pc_loss: 0.001, Acc: 0.990, Base Lr: 2.29e-04
2026-05-03 10:31:28,775 PAT.train INFO: Epoch[48] Iteration[120/159] total_loss: 1.249, reid_loss: 1.247, pc_loss: 0.002, Acc: 0.989, Base Lr: 2.29e-04
2026-05-03 10:31:45,685 PAT.train INFO: Epoch 48 done. Time per batch: 0.477[s] Speed: 134.2[samples/s]
2026-05-03 10:32:14,059 PAT.train INFO: Epoch[49] Iteration[60/159] total_loss: 1.253, reid_loss: 1.248, pc_loss: 0.005, Acc: 0.988, Base Lr: 2.25e-04
2026-05-03 10:32:41,399 PAT.train INFO: Epoch[49] Iteration[120/159] total_loss: 1.242, reid_loss: 1.236, pc_loss: 0.006, Acc: 0.990, Base Lr: 2.25e-04
2026-05-03 10:32:58,109 PAT.train INFO: Epoch 49 done. Time per batch: 0.463[s] Speed: 138.2[samples/s]
2026-05-03 10:33:26,562 PAT.train INFO: Epoch[50] Iteration[60/159] total_loss: 1.237, reid_loss: 1.232, pc_loss: 0.005, Acc: 0.989, Base Lr: 2.21e-04
2026-05-03 10:33:53,831 PAT.train INFO: Epoch[50] Iteration[120/159] total_loss: 1.238, reid_loss: 1.232, pc_loss: 0.006, Acc: 0.991, Base Lr: 2.21e-04
2026-05-03 10:34:10,384 PAT.train INFO: Epoch 50 done. Time per batch: 0.462[s] Speed: 138.5[samples/s]
2026-05-03 10:34:43,157 PAT.train INFO: Epoch[51] Iteration[60/159] total_loss: 1.284, reid_loss: 1.283, pc_loss: 0.002, Acc: 0.983, Base Lr: 2.16e-04
2026-05-03 10:35:10,628 PAT.train INFO: Epoch[51] Iteration[120/159] total_loss: 1.270, reid_loss: 1.266, pc_loss: 0.003, Acc: 0.986, Base Lr: 2.16e-04
2026-05-03 10:35:27,666 PAT.train INFO: Epoch 51 done. Time per batch: 0.463[s] Speed: 138.2[samples/s]
2026-05-03 10:35:56,249 PAT.train INFO: Epoch[52] Iteration[60/159] total_loss: 1.225, reid_loss: 1.222, pc_loss: 0.003, Acc: 0.990, Base Lr: 2.12e-04
2026-05-03 10:36:23,725 PAT.train INFO: Epoch[52] Iteration[120/159] total_loss: 1.229, reid_loss: 1.227, pc_loss: 0.002, Acc: 0.990, Base Lr: 2.12e-04
2026-05-03 10:36:40,794 PAT.train INFO: Epoch 52 done. Time per batch: 0.465[s] Speed: 137.7[samples/s]
2026-05-03 10:37:09,699 PAT.train INFO: Epoch[53] Iteration[60/159] total_loss: 1.222, reid_loss: 1.222, pc_loss: 0.000, Acc: 0.991, Base Lr: 2.07e-04
2026-05-03 10:37:37,430 PAT.train INFO: Epoch[53] Iteration[120/159] total_loss: 1.220, reid_loss: 1.220, pc_loss: 0.000, Acc: 0.991, Base Lr: 2.07e-04
2026-05-03 10:37:54,592 PAT.train INFO: Epoch 53 done. Time per batch: 0.469[s] Speed: 136.5[samples/s]
2026-05-03 10:38:22,929 PAT.train INFO: Epoch[54] Iteration[60/159] total_loss: 1.234, reid_loss: 1.233, pc_loss: 0.001, Acc: 0.993, Base Lr: 2.03e-04
2026-05-03 10:38:50,699 PAT.train INFO: Epoch[54] Iteration[120/159] total_loss: 1.227, reid_loss: 1.225, pc_loss: 0.002, Acc: 0.991, Base Lr: 2.03e-04
2026-05-03 10:39:07,631 PAT.train INFO: Epoch 54 done. Time per batch: 0.464[s] Speed: 137.9[samples/s]
2026-05-03 10:39:38,417 PAT.train INFO: Epoch[55] Iteration[60/159] total_loss: 1.220, reid_loss: 1.220, pc_loss: 0.001, Acc: 0.993, Base Lr: 1.98e-04
2026-05-03 10:40:05,613 PAT.train INFO: Epoch[55] Iteration[120/159] total_loss: 1.235, reid_loss: 1.235, pc_loss: 0.000, Acc: 0.989, Base Lr: 1.98e-04
2026-05-03 10:40:22,693 PAT.train INFO: Epoch 55 done. Time per batch: 0.477[s] Speed: 134.2[samples/s]
2026-05-03 10:40:50,353 PAT.train INFO: Epoch[56] Iteration[60/159] total_loss: 1.255, reid_loss: 1.255, pc_loss: 0.000, Acc: 0.987, Base Lr: 1.94e-04
2026-05-03 10:41:16,727 PAT.train INFO: Epoch[56] Iteration[120/159] total_loss: 1.234, reid_loss: 1.233, pc_loss: 0.000, Acc: 0.989, Base Lr: 1.94e-04
2026-05-03 10:41:33,670 PAT.train INFO: Epoch 56 done. Time per batch: 0.451[s] Speed: 141.9[samples/s]
2026-05-03 10:42:08,174 PAT.train INFO: Epoch[57] Iteration[60/159] total_loss: 1.219, reid_loss: 1.218, pc_loss: 0.001, Acc: 0.990, Base Lr: 1.89e-04
2026-05-03 10:42:35,535 PAT.train INFO: Epoch[57] Iteration[120/159] total_loss: 1.218, reid_loss: 1.217, pc_loss: 0.001, Acc: 0.990, Base Lr: 1.89e-04
2026-05-03 10:42:52,619 PAT.train INFO: Epoch 57 done. Time per batch: 0.471[s] Speed: 135.8[samples/s]
2026-05-03 10:43:22,199 PAT.train INFO: Epoch[58] Iteration[60/159] total_loss: 1.217, reid_loss: 1.217, pc_loss: 0.001, Acc: 0.987, Base Lr: 1.84e-04
2026-05-03 10:43:49,541 PAT.train INFO: Epoch[58] Iteration[120/159] total_loss: 1.230, reid_loss: 1.229, pc_loss: 0.001, Acc: 0.985, Base Lr: 1.84e-04
2026-05-03 10:44:06,136 PAT.train INFO: Epoch 58 done. Time per batch: 0.467[s] Speed: 137.1[samples/s]
2026-05-03 10:44:34,621 PAT.train INFO: Epoch[59] Iteration[60/159] total_loss: 1.215, reid_loss: 1.214, pc_loss: 0.001, Acc: 0.991, Base Lr: 1.80e-04
2026-05-03 10:45:02,556 PAT.train INFO: Epoch[59] Iteration[120/159] total_loss: 1.221, reid_loss: 1.219, pc_loss: 0.001, Acc: 0.991, Base Lr: 1.80e-04
2026-05-03 10:45:19,314 PAT.train INFO: Epoch 59 done. Time per batch: 0.468[s] Speed: 136.8[samples/s]
2026-05-03 10:45:47,545 PAT.train INFO: Epoch[60] Iteration[60/159] total_loss: 1.208, reid_loss: 1.207, pc_loss: 0.002, Acc: 0.992, Base Lr: 1.75e-04
2026-05-03 10:46:15,147 PAT.train INFO: Epoch[60] Iteration[120/159] total_loss: 1.196, reid_loss: 1.195, pc_loss: 0.001, Acc: 0.992, Base Lr: 1.75e-04
2026-05-03 10:46:32,301 PAT.train INFO: Epoch 60 done. Time per batch: 0.464[s] Speed: 138.0[samples/s]
2026-05-03 10:46:32,302 PAT.test INFO: Enter inferencing
2026-05-03 10:46:44,405 PAT.test INFO: Validation Results 
2026-05-03 10:46:44,405 PAT.test INFO: mAP: 100.0%
2026-05-03 10:46:44,405 PAT.test INFO: CMC curve, Rank-1  :100.0%
2026-05-03 10:46:44,405 PAT.test INFO: CMC curve, Rank-5  :100.0%
2026-05-03 10:46:44,405 PAT.test INFO: CMC curve, Rank-10 :100.0%
2026-05-03 10:46:44,405 PAT.test INFO: total inference time: 12.10
using Transformer_type: part token vit as a backbone
using stride: [16, 16], and patch number is num_y16 * num_x8
using drop_out rate is : 0.0
using attn_drop_out rate is : 0.0
using drop_path rate is : 0.1
Resized position embedding from size:torch.Size([1, 197, 1024]) to size: torch.Size([1, 132, 1024]) with height:16 width: 8
Load 297 / 299 layers.
Loading pretrained ImageNet model......from /workspace/miuam_challenge_diff/pretrained/jx_vit_large_p16_224-4ee7a4dc.pth
/workspace/miuam_challenge_diff/.venv/lib/python3.10/site-packages/torch/nn/init.py:412: UserWarning: Initializing zero-element tensors is a no-op
  warnings.warn("Initializing zero-element tensors is a no-op")
===========building our part attention vit===========
2026-05-03 10:46:53,633 PAT.train INFO: Number of parameter: 304.27M
Loading trained model from models/./model_vitlarge_256x128_60ep_seed2300/part_attention_vit_20.pth
load weights from part_attention_vit_20.pth
2026-05-03 10:46:54,503 PAT INFO: => Loaded UrbanElementsReID_test
2026-05-03 10:46:54,503 PAT INFO:   ----------------------------------------
2026-05-03 10:46:54,503 PAT INFO:   subset   | # ids | # images | # cameras
2026-05-03 10:46:54,503 PAT INFO:   ----------------------------------------
2026-05-03 10:46:54,503 PAT INFO:   query    |     1 |      928 |         1
2026-05-03 10:46:54,503 PAT INFO:   gallery  |     1 |     2844 |         3
2026-05-03 10:46:54,503 PAT INFO:   ----------------------------------------
2026-05-03 10:46:54,503 PAT.test INFO: Enter inferencing
2026-05-03 10:47:06,422 PAT.test INFO: Validation Results 
2026-05-03 10:47:06,423 PAT.test INFO: mAP: 100.0%
2026-05-03 10:47:06,423 PAT.test INFO: CMC curve, Rank-1  :100.0%
2026-05-03 10:47:06,423 PAT.test INFO: CMC curve, Rank-5  :100.0%
2026-05-03 10:47:06,423 PAT.test INFO: CMC curve, Rank-10 :100.0%
2026-05-03 10:47:06,423 PAT.test INFO: total inference time: 11.73
saving final checkpoint (best epoch re-saved, per-epoch checkpoints retained).
done!
