2026-04-28 07:19:11,045 PAT INFO: Saving model to: models/./model_vitlarge_trafficsignal_seed800
2026-04-28 07:19:11,045 PAT INFO: Namespace(config_file='config/UrbanElementsReID_train_trafficsignal.yml', opts=[], local_rank=0)
2026-04-28 07:19:11,045 PAT INFO: Loaded configuration file config/UrbanElementsReID_train_trafficsignal.yml
2026-04-28 07:19:11,045 PAT INFO: 
MODEL:
  PRETRAIN_CHOICE: 'imagenet'
  PRETRAIN_PATH: '/workspace/miuam_challenge_diff/pretrained'
  IF_LABELSMOOTH: 'on'
  IF_WITH_CENTER: 'no'
  NAME: 'part_attention_vit'
  NO_MARGIN: True
  DEVICE_ID: ('0')
  TRANSFORMER_TYPE: 'vit_large_patch16_224_TransReID'
  STRIDE_SIZE: [16, 16]

INPUT:
  SIZE_TRAIN: [256, 128]
  SIZE_TEST: [256, 128]
  REA:
    ENABLED: False
  PIXEL_MEAN: [0.5, 0.5, 0.5]
  PIXEL_STD: [0.5, 0.5, 0.5]
  LGT:
    DO_LGT: True
    PROB: 0.5

DATASETS:
  TRAIN: ('UrbanElementsReID',)
  TEST: ('UrbanElementsReID_test',)
  ROOT_DIR: '/workspace/Urban2026_trafficsignal/'

DATALOADER:
  SAMPLER: 'softmax_triplet'
  NUM_INSTANCE: 4
  NUM_WORKERS: 8

SOLVER:
  OPTIMIZER_NAME: 'Adam'
  MAX_EPOCHS: 60
  BASE_LR: 0.00035
  WARMUP_METHOD: 'linear'
  WARMUP_EPOCHS: 10
  WARMUP_FACTOR: 0.01
  IMS_PER_BATCH: 64
  LARGE_FC_LR: False
  CHECKPOINT_PERIOD: 10
  LOG_PERIOD: 60
  EVAL_PERIOD: 10
  WEIGHT_DECAY: 1e-4
  WEIGHT_DECAY_BIAS: 1e-4
  BIAS_LR_FACTOR: 2
  SEED: 800
  GRAD_CLIP: 1.0

TEST:
  EVAL: True
  IMS_PER_BATCH: 64
  RE_RANKING: False
  WEIGHT: ''
  NECK_FEAT: 'before'
  FEAT_NORM: True

LOG_ROOT: 'models/'
TB_LOG_ROOT: './tb_log/'
LOG_NAME: './model_vitlarge_trafficsignal_seed800'

2026-04-28 07:19:11,045 PAT INFO: Running with config:
DATALOADER:
  CAMERA_TO_DOMAIN: False
  DELETE_REM: False
  DROP_LAST: False
  INDIVIDUAL: False
  NAIVE_WAY: True
  NUM_INSTANCE: 4
  NUM_WORKERS: 8
  SAMPLER: softmax_triplet
DATASETS:
  COMBINEALL: False
  ROOT_DIR: /workspace/Urban2026_trafficsignal/
  TEST: ('UrbanElementsReID_test',)
  TRAIN: ('UrbanElementsReID',)
INPUT:
  CJ:
    BRIGHTNESS: 0.15
    CONTRAST: 0.15
    ENABLED: False
    HUE: 0.1
    PROB: 1.0
    SATURATION: 0.1
  DO_AUGMIX: False
  DO_AUTOAUG: False
  DO_FLIP: True
  DO_PAD: True
  FLIP_PROB: 0.5
  LGT:
    DO_LGT: True
    PROB: 0.5
  PADDING: 10
  PADDING_MODE: constant
  PIXEL_MEAN: [0.5, 0.5, 0.5]
  PIXEL_STD: [0.5, 0.5, 0.5]
  REA:
    ENABLED: False
    MEAN: [123.675, 116.28, 103.53]
    PROB: 0.5
  RPT:
    ENABLED: False
    PROB: 0.5
  SIZE_TEST: [256, 128]
  SIZE_TRAIN: [256, 128]
LOG_NAME: ./model_vitlarge_trafficsignal_seed800
LOG_ROOT: models/
MODEL:
  ARCFACE_M: 0.5
  ARCFACE_S: 64.0
  ATT_DROP_RATE: 0.0
  AUX_LOSS_WEIGHT: 0.1
  CAM_ADV: False
  CAM_ADV_LAMBDA: 0.1
  CAM_ADV_WEIGHT: 1.0
  CIRCLE_GAMMA: 256.0
  CIRCLE_MARGIN: 0.25
  CLUSTER_K: 10
  COS_LAYER: False
  DEEP_SUP: False
  DEVICE: cuda
  DEVICE_ID: 0
  DIST_TRAIN: False
  DROP_OUT: 0.0
  DROP_PATH: 0.1
  FINETUNE_FROM: 
  FREEZE_PATCH_EMBED: True
  ID_LOSS_TYPE: softmax
  ID_LOSS_WEIGHT: 1.0
  IF_LABELSMOOTH: on
  IF_WITH_CENTER: no
  LAST_STRIDE: 1
  METRIC_LOSS_TYPE: triplet
  NAME: part_attention_vit
  NECK: bnneck
  NO_MARGIN: True
  NUM_AUX_LAYERS: 5
  NUM_CAMERAS: 3
  PATCH_EMBED_TYPE: 
  PC_LOSS: True
  PC_LR: 1.0
  PC_SCALE: 0.02
  PRETRAIN_CHOICE: imagenet
  PRETRAIN_PATH: /workspace/miuam_challenge_diff/pretrained
  SOFT_LABEL: True
  SOFT_LAMBDA: 0.5
  SOFT_WEIGHT: 0.5
  STRIDE_SIZE: [16, 16]
  TRANSFORMER_TYPE: vit_large_patch16_224_TransReID
  TRIPLET_LOSS_WEIGHT: 1.0
SOLVER:
  BASE_LR: 0.00035
  BIAS_LR_FACTOR: 2
  CENTER_LOSS_WEIGHT: 0.0005
  CENTER_LR: 0.5
  CHECKPOINT_PERIOD: 10
  COSINE_MARGIN: 0.5
  COSINE_SCALE: 30
  EMA_DECAY: 0.0
  EVAL_PERIOD: 10
  GAMMA: 0.1
  GRAD_CLIP: 1.0
  IMS_PER_BATCH: 64
  LARGE_FC_LR: False
  LOG_PERIOD: 60
  MARGIN: 0.3
  MAX_EPOCHS: 60
  MOMENTUM: 0.9
  OPTIMIZER_NAME: Adam
  SEED: 800
  STEPS: (40, 70)
  WARMUP_EPOCHS: 10
  WARMUP_FACTOR: 0.01
  WARMUP_METHOD: linear
  WEIGHT_DECAY: 0.0001
  WEIGHT_DECAY_BIAS: 0.0001
TB_LOG_ROOT: ./tb_log/
TEST:
  DIST_MAT: dist_mat.npy
  EVAL: True
  FEAT_NORM: True
  IMS_PER_BATCH: 64
  NECK_FEAT: before
  RE_RANKING: False
  WEIGHT: 
2026-04-28 07:19:11,093 PAT INFO: => Loaded UrbanElementsReID
2026-04-28 07:19:11,093 PAT INFO:   ----------------------------------------
2026-04-28 07:19:11,093 PAT INFO:   subset   | # ids | # images | # cameras
2026-04-28 07:19:11,094 PAT INFO:   ----------------------------------------
2026-04-28 07:19:11,094 PAT INFO:   train    |   800 |     7568 |         3
2026-04-28 07:19:11,094 PAT INFO:   ----------------------------------------
2026-04-28 07:19:11,145 PAT INFO: => Loaded UrbanElementsReID_test
2026-04-28 07:19:11,145 PAT INFO:   ----------------------------------------
2026-04-28 07:19:11,145 PAT INFO:   subset   | # ids | # images | # cameras
2026-04-28 07:19:11,145 PAT INFO:   ----------------------------------------
2026-04-28 07:19:11,145 PAT INFO:   query    |     1 |      928 |         1
2026-04-28 07:19:11,145 PAT INFO:   gallery  |     1 |     2844 |         3
2026-04-28 07:19:11,145 PAT INFO:   ----------------------------------------
using Transformer_type: part token vit as a backbone
using stride: [16, 16], and patch number is num_y16 * num_x8
using drop_out rate is : 0.0
using attn_drop_out rate is : 0.0
using drop_path rate is : 0.1
Resized position embedding from size:torch.Size([1, 197, 1024]) to size: torch.Size([1, 132, 1024]) with height:16 width: 8
Load 297 / 299 layers.
Loading pretrained ImageNet model......from /workspace/miuam_challenge_diff/pretrained/jx_vit_large_p16_224-4ee7a4dc.pth
===========building our part attention vit===========
2026-04-28 07:19:18,616 PAT.train INFO: Number of parameter: 305.08M
====== freeze patch_embed for stability ======
using soft triplet loss for training
label smooth on, numclasses: 800
======== using soft label ========
2026-04-28 07:19:21,428 PAT.train INFO: start training
saving tblog to ./tb_log/./model_vitlarge_trafficsignal_seed800
initialize the centers
initialization done
/workspace/miuam_challenge_diff/loss/myloss.py:29: UserWarning: This overload of addmm_ is deprecated:
	addmm_(Number beta, Number alpha, Tensor mat1, Tensor mat2)
Consider using one of the following signatures instead:
	addmm_(Tensor mat1, Tensor mat2, *, Number beta, Number alpha) (Triggered internally at ../torch/csrc/utils/python_arg_parser.cpp:1519.)
  dist_map.addmm_(1, -2, part_feat, part_centers.t())
2026-04-28 07:20:32,100 PAT.train INFO:   [grad_norm pre-clip: 7.942 / clip_max: 1.0]
2026-04-28 07:20:32,101 PAT.train INFO: Epoch[1] Iteration[60/108] total_loss: 8.756, reid_loss: 8.215, pc_loss: 0.540, Acc: 0.028, Base Lr: 3.81e-05
2026-04-28 07:20:50,351 PAT.train INFO: Epoch 1 done. Time per batch: 0.501[s] Speed: 127.6[samples/s]
2026-04-28 07:21:23,996 PAT.train INFO:   [grad_norm pre-clip: 6.662 / clip_max: 1.0]
2026-04-28 07:21:23,997 PAT.train INFO: Epoch[2] Iteration[60/108] total_loss: 7.184, reid_loss: 7.050, pc_loss: 0.134, Acc: 0.120, Base Lr: 7.28e-05
2026-04-28 07:21:42,449 PAT.train INFO: Epoch 2 done. Time per batch: 0.441[s] Speed: 145.2[samples/s]
2026-04-28 07:22:16,089 PAT.train INFO:   [grad_norm pre-clip: 6.752 / clip_max: 1.0]
2026-04-28 07:22:16,089 PAT.train INFO: Epoch[3] Iteration[60/108] total_loss: 6.251, reid_loss: 6.226, pc_loss: 0.024, Acc: 0.131, Base Lr: 1.07e-04
2026-04-28 07:22:34,448 PAT.train INFO: Epoch 3 done. Time per batch: 0.463[s] Speed: 138.4[samples/s]
2026-04-28 07:23:08,271 PAT.train INFO:   [grad_norm pre-clip: 6.782 / clip_max: 1.0]
2026-04-28 07:23:08,272 PAT.train INFO: Epoch[4] Iteration[60/108] total_loss: 5.363, reid_loss: 5.356, pc_loss: 0.007, Acc: 0.174, Base Lr: 1.42e-04
2026-04-28 07:23:26,226 PAT.train INFO: Epoch 4 done. Time per batch: 0.446[s] Speed: 143.3[samples/s]
2026-04-28 07:24:00,643 PAT.train INFO:   [grad_norm pre-clip: 7.422 / clip_max: 1.0]
2026-04-28 07:24:00,643 PAT.train INFO: Epoch[5] Iteration[60/108] total_loss: 4.643, reid_loss: 4.629, pc_loss: 0.014, Acc: 0.233, Base Lr: 1.77e-04
2026-04-28 07:24:19,395 PAT.train INFO: Epoch 5 done. Time per batch: 0.453[s] Speed: 141.4[samples/s]
2026-04-28 07:24:53,839 PAT.train INFO:   [grad_norm pre-clip: 6.776 / clip_max: 1.0]
2026-04-28 07:24:53,839 PAT.train INFO: Epoch[6] Iteration[60/108] total_loss: 4.101, reid_loss: 4.041, pc_loss: 0.061, Acc: 0.324, Base Lr: 2.11e-04
2026-04-28 07:25:13,093 PAT.train INFO: Epoch 6 done. Time per batch: 0.472[s] Speed: 135.6[samples/s]
2026-04-28 07:25:49,233 PAT.train INFO:   [grad_norm pre-clip: 6.563 / clip_max: 1.0]
2026-04-28 07:25:49,234 PAT.train INFO: Epoch[7] Iteration[60/108] total_loss: 3.668, reid_loss: 3.594, pc_loss: 0.074, Acc: 0.414, Base Lr: 2.46e-04
2026-04-28 07:26:08,103 PAT.train INFO: Epoch 7 done. Time per batch: 0.479[s] Speed: 133.5[samples/s]
2026-04-28 07:26:41,080 PAT.train INFO:   [grad_norm pre-clip: 5.454 / clip_max: 1.0]
2026-04-28 07:26:41,081 PAT.train INFO: Epoch[8] Iteration[60/108] total_loss: 3.264, reid_loss: 3.165, pc_loss: 0.099, Acc: 0.500, Base Lr: 2.81e-04
2026-04-28 07:26:59,600 PAT.train INFO: Epoch 8 done. Time per batch: 0.429[s] Speed: 149.1[samples/s]
2026-04-28 07:27:32,819 PAT.train INFO:   [grad_norm pre-clip: 5.605 / clip_max: 1.0]
2026-04-28 07:27:32,820 PAT.train INFO: Epoch[9] Iteration[60/108] total_loss: 3.196, reid_loss: 3.022, pc_loss: 0.175, Acc: 0.560, Base Lr: 3.15e-04
2026-04-28 07:27:51,558 PAT.train INFO: Epoch 9 done. Time per batch: 0.428[s] Speed: 149.5[samples/s]
2026-04-28 07:28:24,031 PAT.train INFO:   [grad_norm pre-clip: 5.076 / clip_max: 1.0]
2026-04-28 07:28:24,031 PAT.train INFO: Epoch[10] Iteration[60/108] total_loss: 2.842, reid_loss: 2.823, pc_loss: 0.020, Acc: 0.599, Base Lr: 3.44e-04
2026-04-28 07:28:42,449 PAT.train INFO: Epoch 10 done. Time per batch: 0.472[s] Speed: 135.5[samples/s]
2026-04-28 07:28:42,449 PAT.test INFO: Enter inferencing
2026-04-28 07:28:55,395 PAT.test INFO: Validation Results 
2026-04-28 07:28:55,396 PAT.test INFO: mAP: 100.0%
2026-04-28 07:28:55,396 PAT.test INFO: CMC curve, Rank-1  :100.0%
2026-04-28 07:28:55,396 PAT.test INFO: CMC curve, Rank-5  :100.0%
2026-04-28 07:28:55,396 PAT.test INFO: CMC curve, Rank-10 :100.0%
2026-04-28 07:28:55,396 PAT.test INFO: total inference time: 12.94
2026-04-28 07:28:55,404 PAT.train INFO: =====best epoch: 10=====
2026-04-28 07:29:26,628 PAT.train INFO:   [grad_norm pre-clip: 5.111 / clip_max: 1.0]
2026-04-28 07:29:26,629 PAT.train INFO: Epoch[11] Iteration[60/108] total_loss: 2.684, reid_loss: 2.640, pc_loss: 0.044, Acc: 0.671, Base Lr: 3.43e-04
2026-04-28 07:29:44,431 PAT.train INFO: Epoch 11 done. Time per batch: 0.431[s] Speed: 148.5[samples/s]
2026-04-28 07:30:16,448 PAT.train INFO:   [grad_norm pre-clip: 5.135 / clip_max: 1.0]
2026-04-28 07:30:16,449 PAT.train INFO: Epoch[12] Iteration[60/108] total_loss: 2.473, reid_loss: 2.444, pc_loss: 0.030, Acc: 0.698, Base Lr: 3.41e-04
2026-04-28 07:30:35,640 PAT.train INFO: Epoch 12 done. Time per batch: 0.460[s] Speed: 139.2[samples/s]
2026-04-28 07:31:08,407 PAT.train INFO:   [grad_norm pre-clip: 4.578 / clip_max: 1.0]
2026-04-28 07:31:08,408 PAT.train INFO: Epoch[13] Iteration[60/108] total_loss: 2.375, reid_loss: 2.350, pc_loss: 0.025, Acc: 0.748, Base Lr: 3.40e-04
2026-04-28 07:31:27,343 PAT.train INFO: Epoch 13 done. Time per batch: 0.457[s] Speed: 140.0[samples/s]
2026-04-28 07:31:59,944 PAT.train INFO:   [grad_norm pre-clip: 4.958 / clip_max: 1.0]
2026-04-28 07:31:59,944 PAT.train INFO: Epoch[14] Iteration[60/108] total_loss: 2.302, reid_loss: 2.291, pc_loss: 0.010, Acc: 0.759, Base Lr: 3.38e-04
2026-04-28 07:32:18,710 PAT.train INFO: Epoch 14 done. Time per batch: 0.444[s] Speed: 144.2[samples/s]
2026-04-28 07:32:51,946 PAT.train INFO:   [grad_norm pre-clip: 4.412 / clip_max: 1.0]
2026-04-28 07:32:51,947 PAT.train INFO: Epoch[15] Iteration[60/108] total_loss: 2.226, reid_loss: 2.209, pc_loss: 0.017, Acc: 0.777, Base Lr: 3.37e-04
2026-04-28 07:33:10,967 PAT.train INFO: Epoch 15 done. Time per batch: 0.431[s] Speed: 148.6[samples/s]
2026-04-28 07:33:38,645 PAT.train INFO:   [grad_norm pre-clip: 4.110 / clip_max: 1.0]
2026-04-28 07:33:38,646 PAT.train INFO: Epoch[16] Iteration[60/108] total_loss: 2.134, reid_loss: 2.122, pc_loss: 0.012, Acc: 0.809, Base Lr: 3.35e-04
2026-04-28 07:33:56,973 PAT.train INFO: Epoch 16 done. Time per batch: 0.432[s] Speed: 148.2[samples/s]
2026-04-28 07:34:28,261 PAT.train INFO:   [grad_norm pre-clip: 3.942 / clip_max: 1.0]
2026-04-28 07:34:28,261 PAT.train INFO: Epoch[17] Iteration[60/108] total_loss: 2.029, reid_loss: 2.020, pc_loss: 0.010, Acc: 0.830, Base Lr: 3.33e-04
2026-04-28 07:34:46,798 PAT.train INFO: Epoch 17 done. Time per batch: 0.429[s] Speed: 149.1[samples/s]
2026-04-28 07:35:18,613 PAT.train INFO:   [grad_norm pre-clip: 3.654 / clip_max: 1.0]
2026-04-28 07:35:18,613 PAT.train INFO: Epoch[18] Iteration[60/108] total_loss: 1.947, reid_loss: 1.934, pc_loss: 0.013, Acc: 0.848, Base Lr: 3.31e-04
2026-04-28 07:35:37,472 PAT.train INFO: Epoch 18 done. Time per batch: 0.452[s] Speed: 141.6[samples/s]
2026-04-28 07:36:14,040 PAT.train INFO:   [grad_norm pre-clip: 3.168 / clip_max: 1.0]
2026-04-28 07:36:14,040 PAT.train INFO: Epoch[19] Iteration[60/108] total_loss: 1.950, reid_loss: 1.948, pc_loss: 0.002, Acc: 0.861, Base Lr: 3.29e-04
2026-04-28 07:36:32,427 PAT.train INFO: Epoch 19 done. Time per batch: 0.446[s] Speed: 143.5[samples/s]
2026-04-28 07:37:00,196 PAT.train INFO:   [grad_norm pre-clip: 3.262 / clip_max: 1.0]
2026-04-28 07:37:00,197 PAT.train INFO: Epoch[20] Iteration[60/108] total_loss: 1.916, reid_loss: 1.913, pc_loss: 0.003, Acc: 0.873, Base Lr: 3.27e-04
2026-04-28 07:37:18,536 PAT.train INFO: Epoch 20 done. Time per batch: 0.432[s] Speed: 148.0[samples/s]
2026-04-28 07:37:18,537 PAT.test INFO: Enter inferencing
2026-04-28 07:37:32,398 PAT.test INFO: Validation Results 
2026-04-28 07:37:32,399 PAT.test INFO: mAP: 100.0%
2026-04-28 07:37:32,399 PAT.test INFO: CMC curve, Rank-1  :100.0%
2026-04-28 07:37:32,399 PAT.test INFO: CMC curve, Rank-5  :100.0%
2026-04-28 07:37:32,399 PAT.test INFO: CMC curve, Rank-10 :100.0%
2026-04-28 07:37:32,399 PAT.test INFO: total inference time: 13.86
2026-04-28 07:38:09,076 PAT.train INFO:   [grad_norm pre-clip: 4.075 / clip_max: 1.0]
2026-04-28 07:38:09,077 PAT.train INFO: Epoch[21] Iteration[60/108] total_loss: 1.817, reid_loss: 1.816, pc_loss: 0.002, Acc: 0.879, Base Lr: 3.24e-04
2026-04-28 07:38:27,866 PAT.train INFO: Epoch 21 done. Time per batch: 0.476[s] Speed: 134.4[samples/s]
2026-04-28 07:39:01,990 PAT.train INFO:   [grad_norm pre-clip: 3.305 / clip_max: 1.0]
2026-04-28 07:39:01,990 PAT.train INFO: Epoch[22] Iteration[60/108] total_loss: 1.793, reid_loss: 1.790, pc_loss: 0.003, Acc: 0.901, Base Lr: 3.22e-04
2026-04-28 07:39:20,421 PAT.train INFO: Epoch 22 done. Time per batch: 0.441[s] Speed: 145.2[samples/s]
2026-04-28 07:39:53,191 PAT.train INFO:   [grad_norm pre-clip: 2.784 / clip_max: 1.0]
2026-04-28 07:39:53,191 PAT.train INFO: Epoch[23] Iteration[60/108] total_loss: 1.735, reid_loss: 1.725, pc_loss: 0.010, Acc: 0.901, Base Lr: 3.19e-04
2026-04-28 07:40:11,601 PAT.train INFO: Epoch 23 done. Time per batch: 0.452[s] Speed: 141.5[samples/s]
2026-04-28 07:40:44,236 PAT.train INFO:   [grad_norm pre-clip: 2.509 / clip_max: 1.0]
2026-04-28 07:40:44,237 PAT.train INFO: Epoch[24] Iteration[60/108] total_loss: 1.749, reid_loss: 1.742, pc_loss: 0.007, Acc: 0.901, Base Lr: 3.17e-04
2026-04-28 07:41:02,563 PAT.train INFO: Epoch 24 done. Time per batch: 0.455[s] Speed: 140.6[samples/s]
2026-04-28 07:41:33,014 PAT.train INFO:   [grad_norm pre-clip: 2.203 / clip_max: 1.0]
2026-04-28 07:41:33,015 PAT.train INFO: Epoch[25] Iteration[60/108] total_loss: 1.715, reid_loss: 1.694, pc_loss: 0.022, Acc: 0.915, Base Lr: 3.14e-04
2026-04-28 07:41:51,444 PAT.train INFO: Epoch 25 done. Time per batch: 0.439[s] Speed: 145.9[samples/s]
2026-04-28 07:42:22,805 PAT.train INFO:   [grad_norm pre-clip: 2.561 / clip_max: 1.0]
2026-04-28 07:42:22,806 PAT.train INFO: Epoch[26] Iteration[60/108] total_loss: 1.649, reid_loss: 1.635, pc_loss: 0.014, Acc: 0.923, Base Lr: 3.11e-04
2026-04-28 07:42:41,578 PAT.train INFO: Epoch 26 done. Time per batch: 0.450[s] Speed: 142.2[samples/s]
2026-04-28 07:43:14,975 PAT.train INFO:   [grad_norm pre-clip: 1.692 / clip_max: 1.0]
2026-04-28 07:43:14,975 PAT.train INFO: Epoch[27] Iteration[60/108] total_loss: 1.653, reid_loss: 1.644, pc_loss: 0.009, Acc: 0.925, Base Lr: 3.08e-04
2026-04-28 07:43:33,658 PAT.train INFO: Epoch 27 done. Time per batch: 0.447[s] Speed: 143.3[samples/s]
2026-04-28 07:44:06,224 PAT.train INFO:   [grad_norm pre-clip: 2.618 / clip_max: 1.0]
2026-04-28 07:44:06,225 PAT.train INFO: Epoch[28] Iteration[60/108] total_loss: 1.595, reid_loss: 1.592, pc_loss: 0.003, Acc: 0.929, Base Lr: 3.05e-04
2026-04-28 07:44:24,843 PAT.train INFO: Epoch 28 done. Time per batch: 0.476[s] Speed: 134.4[samples/s]
2026-04-28 07:44:57,892 PAT.train INFO:   [grad_norm pre-clip: 3.378 / clip_max: 1.0]
2026-04-28 07:44:57,892 PAT.train INFO: Epoch[29] Iteration[60/108] total_loss: 1.553, reid_loss: 1.548, pc_loss: 0.005, Acc: 0.945, Base Lr: 3.02e-04
2026-04-28 07:45:16,479 PAT.train INFO: Epoch 29 done. Time per batch: 0.447[s] Speed: 143.2[samples/s]
2026-04-28 07:45:45,203 PAT.train INFO:   [grad_norm pre-clip: 2.297 / clip_max: 1.0]
2026-04-28 07:45:45,204 PAT.train INFO: Epoch[30] Iteration[60/108] total_loss: 1.513, reid_loss: 1.509, pc_loss: 0.004, Acc: 0.942, Base Lr: 2.99e-04
2026-04-28 07:46:03,623 PAT.train INFO: Epoch 30 done. Time per batch: 0.423[s] Speed: 151.3[samples/s]
2026-04-28 07:46:03,624 PAT.test INFO: Enter inferencing
2026-04-28 07:46:16,452 PAT.test INFO: Validation Results 
2026-04-28 07:46:16,452 PAT.test INFO: mAP: 100.0%
2026-04-28 07:46:16,452 PAT.test INFO: CMC curve, Rank-1  :100.0%
2026-04-28 07:46:16,452 PAT.test INFO: CMC curve, Rank-5  :100.0%
2026-04-28 07:46:16,452 PAT.test INFO: CMC curve, Rank-10 :100.0%
2026-04-28 07:46:16,452 PAT.test INFO: total inference time: 12.82
2026-04-28 07:46:45,256 PAT.train INFO:   [grad_norm pre-clip: 2.834 / clip_max: 1.0]
2026-04-28 07:46:45,257 PAT.train INFO: Epoch[31] Iteration[60/108] total_loss: 1.525, reid_loss: 1.513, pc_loss: 0.013, Acc: 0.955, Base Lr: 2.96e-04
2026-04-28 07:47:03,955 PAT.train INFO: Epoch 31 done. Time per batch: 0.429[s] Speed: 149.0[samples/s]
2026-04-28 07:47:38,256 PAT.train INFO:   [grad_norm pre-clip: 2.297 / clip_max: 1.0]
2026-04-28 07:47:38,257 PAT.train INFO: Epoch[32] Iteration[60/108] total_loss: 1.517, reid_loss: 1.498, pc_loss: 0.020, Acc: 0.953, Base Lr: 2.92e-04
2026-04-28 07:47:56,743 PAT.train INFO: Epoch 32 done. Time per batch: 0.483[s] Speed: 132.6[samples/s]
2026-04-28 07:48:29,652 PAT.train INFO:   [grad_norm pre-clip: 2.035 / clip_max: 1.0]
2026-04-28 07:48:29,653 PAT.train INFO: Epoch[33] Iteration[60/108] total_loss: 1.454, reid_loss: 1.446, pc_loss: 0.008, Acc: 0.961, Base Lr: 2.89e-04
2026-04-28 07:48:48,127 PAT.train INFO: Epoch 33 done. Time per batch: 0.454[s] Speed: 141.0[samples/s]
2026-04-28 07:49:20,491 PAT.train INFO:   [grad_norm pre-clip: 2.720 / clip_max: 1.0]
2026-04-28 07:49:20,491 PAT.train INFO: Epoch[34] Iteration[60/108] total_loss: 1.461, reid_loss: 1.459, pc_loss: 0.003, Acc: 0.964, Base Lr: 2.85e-04
2026-04-28 07:49:38,957 PAT.train INFO: Epoch 34 done. Time per batch: 0.449[s] Speed: 142.7[samples/s]
2026-04-28 07:50:09,717 PAT.train INFO:   [grad_norm pre-clip: 2.128 / clip_max: 1.0]
2026-04-28 07:50:09,717 PAT.train INFO: Epoch[35] Iteration[60/108] total_loss: 1.450, reid_loss: 1.448, pc_loss: 0.002, Acc: 0.966, Base Lr: 2.82e-04
2026-04-28 07:50:28,097 PAT.train INFO: Epoch 35 done. Time per batch: 0.456[s] Speed: 140.5[samples/s]
2026-04-28 07:50:58,949 PAT.train INFO:   [grad_norm pre-clip: 2.206 / clip_max: 1.0]
2026-04-28 07:50:58,950 PAT.train INFO: Epoch[36] Iteration[60/108] total_loss: 1.400, reid_loss: 1.397, pc_loss: 0.002, Acc: 0.968, Base Lr: 2.78e-04
2026-04-28 07:51:16,995 PAT.train INFO: Epoch 36 done. Time per batch: 0.443[s] Speed: 144.3[samples/s]
2026-04-28 07:51:45,506 PAT.train INFO:   [grad_norm pre-clip: 2.455 / clip_max: 1.0]
2026-04-28 07:51:45,507 PAT.train INFO: Epoch[37] Iteration[60/108] total_loss: 1.426, reid_loss: 1.416, pc_loss: 0.011, Acc: 0.970, Base Lr: 2.74e-04
2026-04-28 07:52:03,503 PAT.train INFO: Epoch 37 done. Time per batch: 0.437[s] Speed: 146.4[samples/s]
2026-04-28 07:52:28,408 PAT.train INFO:   [grad_norm pre-clip: 2.694 / clip_max: 1.0]
2026-04-28 07:52:28,409 PAT.train INFO: Epoch[38] Iteration[60/108] total_loss: 1.362, reid_loss: 1.355, pc_loss: 0.006, Acc: 0.968, Base Lr: 2.70e-04
2026-04-28 07:52:47,335 PAT.train INFO: Epoch 38 done. Time per batch: 0.408[s] Speed: 156.9[samples/s]
2026-04-28 07:53:22,311 PAT.train INFO:   [grad_norm pre-clip: 1.297 / clip_max: 1.0]
2026-04-28 07:53:22,312 PAT.train INFO: Epoch[39] Iteration[60/108] total_loss: 1.354, reid_loss: 1.350, pc_loss: 0.004, Acc: 0.971, Base Lr: 2.67e-04
2026-04-28 07:53:40,779 PAT.train INFO: Epoch 39 done. Time per batch: 0.465[s] Speed: 137.5[samples/s]
2026-04-28 07:54:12,622 PAT.train INFO:   [grad_norm pre-clip: 1.718 / clip_max: 1.0]
2026-04-28 07:54:12,622 PAT.train INFO: Epoch[40] Iteration[60/108] total_loss: 1.370, reid_loss: 1.359, pc_loss: 0.011, Acc: 0.972, Base Lr: 2.63e-04
2026-04-28 07:54:32,208 PAT.train INFO: Epoch 40 done. Time per batch: 0.472[s] Speed: 135.6[samples/s]
2026-04-28 07:54:32,210 PAT.test INFO: Enter inferencing
2026-04-28 07:54:45,966 PAT.test INFO: Validation Results 
2026-04-28 07:54:45,967 PAT.test INFO: mAP: 100.0%
2026-04-28 07:54:45,967 PAT.test INFO: CMC curve, Rank-1  :100.0%
2026-04-28 07:54:45,967 PAT.test INFO: CMC curve, Rank-5  :100.0%
2026-04-28 07:54:45,967 PAT.test INFO: CMC curve, Rank-10 :100.0%
2026-04-28 07:54:45,967 PAT.test INFO: total inference time: 13.75
2026-04-28 07:55:21,918 PAT.train INFO:   [grad_norm pre-clip: 3.037 / clip_max: 1.0]
2026-04-28 07:55:21,919 PAT.train INFO: Epoch[41] Iteration[60/108] total_loss: 1.354, reid_loss: 1.350, pc_loss: 0.004, Acc: 0.974, Base Lr: 2.59e-04
2026-04-28 07:55:40,352 PAT.train INFO: Epoch 41 done. Time per batch: 0.443[s] Speed: 144.4[samples/s]
2026-04-28 07:56:16,759 PAT.train INFO:   [grad_norm pre-clip: 1.453 / clip_max: 1.0]
2026-04-28 07:56:16,760 PAT.train INFO: Epoch[42] Iteration[60/108] total_loss: 1.362, reid_loss: 1.357, pc_loss: 0.005, Acc: 0.979, Base Lr: 2.55e-04
2026-04-28 07:56:35,742 PAT.train INFO: Epoch 42 done. Time per batch: 0.474[s] Speed: 135.0[samples/s]
2026-04-28 07:57:10,265 PAT.train INFO:   [grad_norm pre-clip: 2.850 / clip_max: 1.0]
2026-04-28 07:57:10,266 PAT.train INFO: Epoch[43] Iteration[60/108] total_loss: 1.330, reid_loss: 1.329, pc_loss: 0.001, Acc: 0.977, Base Lr: 2.51e-04
2026-04-28 07:57:29,045 PAT.train INFO: Epoch 43 done. Time per batch: 0.466[s] Speed: 137.2[samples/s]
2026-04-28 07:58:01,094 PAT.train INFO:   [grad_norm pre-clip: 1.615 / clip_max: 1.0]
2026-04-28 07:58:01,094 PAT.train INFO: Epoch[44] Iteration[60/108] total_loss: 1.350, reid_loss: 1.346, pc_loss: 0.004, Acc: 0.975, Base Lr: 2.46e-04
2026-04-28 07:58:19,119 PAT.train INFO: Epoch 44 done. Time per batch: 0.431[s] Speed: 148.6[samples/s]
2026-04-28 07:58:52,115 PAT.train INFO:   [grad_norm pre-clip: 2.588 / clip_max: 1.0]
2026-04-28 07:58:52,116 PAT.train INFO: Epoch[45] Iteration[60/108] total_loss: 1.300, reid_loss: 1.299, pc_loss: 0.001, Acc: 0.983, Base Lr: 2.42e-04
2026-04-28 07:59:10,661 PAT.train INFO: Epoch 45 done. Time per batch: 0.423[s] Speed: 151.1[samples/s]
2026-04-28 07:59:48,557 PAT.train INFO:   [grad_norm pre-clip: 2.215 / clip_max: 1.0]
2026-04-28 07:59:48,558 PAT.train INFO: Epoch[46] Iteration[60/108] total_loss: 1.278, reid_loss: 1.277, pc_loss: 0.001, Acc: 0.984, Base Lr: 2.38e-04
2026-04-28 08:00:07,206 PAT.train INFO: Epoch 46 done. Time per batch: 0.448[s] Speed: 142.8[samples/s]
2026-04-28 08:00:41,792 PAT.train INFO:   [grad_norm pre-clip: 2.035 / clip_max: 1.0]
2026-04-28 08:00:41,793 PAT.train INFO: Epoch[47] Iteration[60/108] total_loss: 1.287, reid_loss: 1.286, pc_loss: 0.002, Acc: 0.987, Base Lr: 2.34e-04
2026-04-28 08:01:00,119 PAT.train INFO: Epoch 47 done. Time per batch: 0.462[s] Speed: 138.6[samples/s]
2026-04-28 08:01:28,992 PAT.train INFO:   [grad_norm pre-clip: 1.243 / clip_max: 1.0]
2026-04-28 08:01:28,992 PAT.train INFO: Epoch[48] Iteration[60/108] total_loss: 1.256, reid_loss: 1.254, pc_loss: 0.002, Acc: 0.986, Base Lr: 2.29e-04
2026-04-28 08:01:47,664 PAT.train INFO: Epoch 48 done. Time per batch: 0.430[s] Speed: 149.0[samples/s]
2026-04-28 08:02:19,002 PAT.train INFO:   [grad_norm pre-clip: 2.161 / clip_max: 1.0]
2026-04-28 08:02:19,002 PAT.train INFO: Epoch[49] Iteration[60/108] total_loss: 1.266, reid_loss: 1.257, pc_loss: 0.009, Acc: 0.984, Base Lr: 2.25e-04
2026-04-28 08:02:37,199 PAT.train INFO: Epoch 49 done. Time per batch: 0.427[s] Speed: 150.0[samples/s]
2026-04-28 08:03:09,872 PAT.train INFO:   [grad_norm pre-clip: 2.722 / clip_max: 1.0]
2026-04-28 08:03:09,872 PAT.train INFO: Epoch[50] Iteration[60/108] total_loss: 1.268, reid_loss: 1.246, pc_loss: 0.022, Acc: 0.988, Base Lr: 2.21e-04
2026-04-28 08:03:28,452 PAT.train INFO: Epoch 50 done. Time per batch: 0.429[s] Speed: 149.1[samples/s]
2026-04-28 08:03:28,452 PAT.test INFO: Enter inferencing
2026-04-28 08:03:43,613 PAT.test INFO: Validation Results 
2026-04-28 08:03:43,614 PAT.test INFO: mAP: 100.0%
2026-04-28 08:03:43,614 PAT.test INFO: CMC curve, Rank-1  :100.0%
2026-04-28 08:03:43,614 PAT.test INFO: CMC curve, Rank-5  :100.0%
2026-04-28 08:03:43,614 PAT.test INFO: CMC curve, Rank-10 :100.0%
2026-04-28 08:03:43,614 PAT.test INFO: total inference time: 15.16
2026-04-28 08:04:12,445 PAT.train INFO:   [grad_norm pre-clip: 1.540 / clip_max: 1.0]
2026-04-28 08:04:12,445 PAT.train INFO: Epoch[51] Iteration[60/108] total_loss: 1.251, reid_loss: 1.244, pc_loss: 0.007, Acc: 0.987, Base Lr: 2.16e-04
2026-04-28 08:04:31,027 PAT.train INFO: Epoch 51 done. Time per batch: 0.426[s] Speed: 150.1[samples/s]
2026-04-28 08:05:04,449 PAT.train INFO:   [grad_norm pre-clip: 1.370 / clip_max: 1.0]
2026-04-28 08:05:04,450 PAT.train INFO: Epoch[52] Iteration[60/108] total_loss: 1.231, reid_loss: 1.230, pc_loss: 0.001, Acc: 0.990, Base Lr: 2.12e-04
2026-04-28 08:05:23,021 PAT.train INFO: Epoch 52 done. Time per batch: 0.473[s] Speed: 135.2[samples/s]
2026-04-28 08:05:58,193 PAT.train INFO:   [grad_norm pre-clip: 1.520 / clip_max: 1.0]
2026-04-28 08:05:58,194 PAT.train INFO: Epoch[53] Iteration[60/108] total_loss: 1.217, reid_loss: 1.215, pc_loss: 0.002, Acc: 0.992, Base Lr: 2.07e-04
2026-04-28 08:06:16,982 PAT.train INFO: Epoch 53 done. Time per batch: 0.475[s] Speed: 134.6[samples/s]
2026-04-28 08:06:46,675 PAT.train INFO:   [grad_norm pre-clip: 3.205 / clip_max: 1.0]
2026-04-28 08:06:46,676 PAT.train INFO: Epoch[54] Iteration[60/108] total_loss: 1.200, reid_loss: 1.199, pc_loss: 0.001, Acc: 0.991, Base Lr: 2.03e-04
2026-04-28 08:07:05,688 PAT.train INFO: Epoch 54 done. Time per batch: 0.447[s] Speed: 143.2[samples/s]
2026-04-28 08:07:40,385 PAT.train INFO:   [grad_norm pre-clip: 1.522 / clip_max: 1.0]
2026-04-28 08:07:40,385 PAT.train INFO: Epoch[55] Iteration[60/108] total_loss: 1.232, reid_loss: 1.230, pc_loss: 0.002, Acc: 0.990, Base Lr: 1.98e-04
2026-04-28 08:07:58,393 PAT.train INFO: Epoch 55 done. Time per batch: 0.431[s] Speed: 148.5[samples/s]
2026-04-28 08:08:29,770 PAT.train INFO:   [grad_norm pre-clip: 2.337 / clip_max: 1.0]
2026-04-28 08:08:29,770 PAT.train INFO: Epoch[56] Iteration[60/108] total_loss: 1.210, reid_loss: 1.210, pc_loss: 0.000, Acc: 0.992, Base Lr: 1.94e-04
2026-04-28 08:08:48,223 PAT.train INFO: Epoch 56 done. Time per batch: 0.432[s] Speed: 148.3[samples/s]
2026-04-28 08:09:14,513 PAT.train INFO:   [grad_norm pre-clip: 1.025 / clip_max: 1.0]
2026-04-28 08:09:14,514 PAT.train INFO: Epoch[57] Iteration[60/108] total_loss: 1.177, reid_loss: 1.176, pc_loss: 0.001, Acc: 0.989, Base Lr: 1.89e-04
2026-04-28 08:09:32,944 PAT.train INFO: Epoch 57 done. Time per batch: 0.420[s] Speed: 152.3[samples/s]
2026-04-28 08:10:10,664 PAT.train INFO:   [grad_norm pre-clip: 1.175 / clip_max: 1.0]
2026-04-28 08:10:10,665 PAT.train INFO: Epoch[58] Iteration[60/108] total_loss: 1.187, reid_loss: 1.187, pc_loss: 0.001, Acc: 0.989, Base Lr: 1.84e-04
2026-04-28 08:10:29,401 PAT.train INFO: Epoch 58 done. Time per batch: 0.460[s] Speed: 139.1[samples/s]
2026-04-28 08:11:04,892 PAT.train INFO:   [grad_norm pre-clip: 1.787 / clip_max: 1.0]
2026-04-28 08:11:04,893 PAT.train INFO: Epoch[59] Iteration[60/108] total_loss: 1.184, reid_loss: 1.183, pc_loss: 0.001, Acc: 0.989, Base Lr: 1.80e-04
2026-04-28 08:11:23,611 PAT.train INFO: Epoch 59 done. Time per batch: 0.458[s] Speed: 139.9[samples/s]
2026-04-28 08:11:48,640 PAT.train INFO:   [grad_norm pre-clip: 0.921 / clip_max: 1.0]
2026-04-28 08:11:48,641 PAT.train INFO: Epoch[60] Iteration[60/108] total_loss: 1.195, reid_loss: 1.184, pc_loss: 0.011, Acc: 0.993, Base Lr: 1.75e-04
2026-04-28 08:12:07,317 PAT.train INFO: Epoch 60 done. Time per batch: 0.407[s] Speed: 157.3[samples/s]
2026-04-28 08:12:07,318 PAT.test INFO: Enter inferencing
2026-04-28 08:12:21,441 PAT.test INFO: Validation Results 
2026-04-28 08:12:21,441 PAT.test INFO: mAP: 100.0%
2026-04-28 08:12:21,441 PAT.test INFO: CMC curve, Rank-1  :100.0%
2026-04-28 08:12:21,442 PAT.test INFO: CMC curve, Rank-5  :100.0%
2026-04-28 08:12:21,442 PAT.test INFO: CMC curve, Rank-10 :100.0%
2026-04-28 08:12:21,442 PAT.test INFO: total inference time: 14.12
using Transformer_type: part token vit as a backbone
using stride: [16, 16], and patch number is num_y16 * num_x8
using drop_out rate is : 0.0
using attn_drop_out rate is : 0.0
using drop_path rate is : 0.1
Resized position embedding from size:torch.Size([1, 197, 1024]) to size: torch.Size([1, 132, 1024]) with height:16 width: 8
Load 297 / 299 layers.
Loading pretrained ImageNet model......from /workspace/miuam_challenge_diff/pretrained/jx_vit_large_p16_224-4ee7a4dc.pth
/workspace/miuam_challenge_diff/.venv/lib/python3.10/site-packages/torch/nn/init.py:412: UserWarning: Initializing zero-element tensors is a no-op
  warnings.warn("Initializing zero-element tensors is a no-op")
===========building our part attention vit===========
2026-04-28 08:12:31,396 PAT.train INFO: Number of parameter: 304.27M
Loading trained model from models/./model_vitlarge_trafficsignal_seed800/part_attention_vit_10.pth
load weights from part_attention_vit_10.pth
2026-04-28 08:12:33,037 PAT INFO: => Loaded UrbanElementsReID_test
2026-04-28 08:12:33,037 PAT INFO:   ----------------------------------------
2026-04-28 08:12:33,037 PAT INFO:   subset   | # ids | # images | # cameras
2026-04-28 08:12:33,037 PAT INFO:   ----------------------------------------
2026-04-28 08:12:33,037 PAT INFO:   query    |     1 |      928 |         1
2026-04-28 08:12:33,037 PAT INFO:   gallery  |     1 |     2844 |         3
2026-04-28 08:12:33,037 PAT INFO:   ----------------------------------------
2026-04-28 08:12:33,038 PAT.test INFO: Enter inferencing
2026-04-28 08:12:46,958 PAT.test INFO: Validation Results 
2026-04-28 08:12:46,959 PAT.test INFO: mAP: 100.0%
2026-04-28 08:12:46,959 PAT.test INFO: CMC curve, Rank-1  :100.0%
2026-04-28 08:12:46,959 PAT.test INFO: CMC curve, Rank-5  :100.0%
2026-04-28 08:12:46,959 PAT.test INFO: CMC curve, Rank-10 :100.0%
2026-04-28 08:12:46,959 PAT.test INFO: total inference time: 13.68
saving final checkpoint (best epoch re-saved, per-epoch checkpoints retained).
done!
