----------------- Options ---------------
               batch_size: 1                             
                    beta1: 0.5                           
          checkpoints_dir: /workspace/cyclegan_checkpoints	[default: ./checkpoints]
           continue_train: False                         
                crop_size: 256                           
                 dataroot: /workspace/cyclegan_data/urban_c4	[default: None]
             dataset_mode: unaligned                     
                direction: AtoB                          
             display_freq: 99999                         	[default: 400]
          display_winsize: 256                           
                    epoch: latest                        
              epoch_count: 1                             
                 gan_mode: lsgan                         
                init_gain: 0.02                          
                init_type: normal                        
                 input_nc: 3                             
                  isTrain: True                          	[default: None]
                 lambda_A: 10.0                          
                 lambda_B: 10.0                          
          lambda_identity: 0.5                           
                load_iter: 0                             	[default: 0]
                load_size: 286                           
                       lr: 0.0002                        
           lr_decay_iters: 50                            
                lr_policy: linear                        
         max_dataset_size: 2000                          	[default: inf]
                    model: cycle_gan                     
                 n_epochs: 30                            	[default: 100]
           n_epochs_decay: 20                            	[default: 100]
               n_layers_D: 3                             
                     name: urban_c003_to_c004            	[default: experiment_name]
                      ndf: 64                            
                     netD: basic                         
                     netG: resnet_9blocks                
                      ngf: 64                            
               no_dropout: True                          
                  no_flip: True                          	[default: False]
                  no_html: False                         
                     norm: instance                      
              num_threads: 0                             	[default: 4]
                output_nc: 3                             
                    phase: train                         
                pool_size: 50                            
               preprocess: none                          	[default: resize_and_crop]
               print_freq: 200                           	[default: 100]
             save_by_iter: False                         
          save_epoch_freq: 10                            	[default: 5]
         save_latest_freq: 5000                          
           serial_batches: False                         
                   suffix:                               
         update_html_freq: 99999                         	[default: 1000]
                use_wandb: False                         
                  verbose: False                         
       wandb_project_name: CycleGAN-and-pix2pix          
----------------- End -------------------
Initialized with device cuda:0
dataset [UnalignedDataset] was created
The number of training images = 2000
model [CycleGANModel] was created
Initialized with device cuda:0
initialize network with normal
Initialized with device cuda:0
initialize network with normal
Initialized with device cuda:0
initialize network with normal
Initialized with device cuda:0
initialize network with normal
---------- Networks initialized -------------
[Network G_A] Total number of parameters : 11.378 M
[Network G_B] Total number of parameters : 11.378 M
[Network D_A] Total number of parameters : 2.765 M
[Network D_B] Total number of parameters : 2.765 M
-----------------------------------------------
create web directory /workspace/cyclegan_checkpoints/urban_c003_to_c004/web...
[Rank 0] (epoch: 1, iters: 200, time: 0.079, data: 0.008) , D_A: 0.375, G_A: 0.472, cycle_A: 1.790, idt_A: 1.100, D_B: 0.246, G_B: 0.370, cycle_B: 1.919, idt_B: 0.935

[Rank 0] (epoch: 1, iters: 400, time: 0.076, data: 0.002) , D_A: 0.274, G_A: 0.399, cycle_A: 3.111, idt_A: 2.372, D_B: 0.248, G_B: 0.423, cycle_B: 4.747, idt_B: 1.593

[Rank 0] (epoch: 1, iters: 600, time: 0.077, data: 0.002) , D_A: 0.323, G_A: 0.323, cycle_A: 1.788, idt_A: 1.379, D_B: 0.560, G_B: 0.813, cycle_B: 2.878, idt_B: 0.499

[Rank 0] (epoch: 1, iters: 800, time: 0.077, data: 0.002) , D_A: 0.226, G_A: 0.458, cycle_A: 3.323, idt_A: 0.879, D_B: 0.165, G_B: 0.413, cycle_B: 1.692, idt_B: 1.530

[Rank 0] (epoch: 1, iters: 1000, time: 0.077, data: 0.002) , D_A: 0.101, G_A: 0.422, cycle_A: 1.651, idt_A: 2.206, D_B: 0.329, G_B: 0.596, cycle_B: 4.687, idt_B: 0.661

[Rank 0] (epoch: 1, iters: 1200, time: 0.077, data: 0.002) , D_A: 0.196, G_A: 0.376, cycle_A: 5.149, idt_A: 2.197, D_B: 0.174, G_B: 0.263, cycle_B: 4.548, idt_B: 2.154

[Rank 0] (epoch: 1, iters: 1400, time: 0.091, data: 0.002) , D_A: 0.372, G_A: 0.261, cycle_A: 2.386, idt_A: 0.612, D_B: 0.484, G_B: 0.769, cycle_B: 1.513, idt_B: 1.023

[Rank 0] (epoch: 1, iters: 1600, time: 0.077, data: 0.002) , D_A: 0.202, G_A: 0.194, cycle_A: 6.200, idt_A: 1.516, D_B: 0.107, G_B: 0.729, cycle_B: 3.641, idt_B: 1.889

[Rank 0] (epoch: 1, iters: 1800, time: 0.084, data: 0.002) , D_A: 0.384, G_A: 0.523, cycle_A: 1.555, idt_A: 0.988, D_B: 0.383, G_B: 0.399, cycle_B: 2.075, idt_B: 0.583

[Rank 0] (epoch: 1, iters: 2000, time: 0.077, data: 0.002) , D_A: 0.237, G_A: 0.476, cycle_A: 3.217, idt_A: 1.237, D_B: 0.129, G_B: 0.478, cycle_B: 2.561, idt_B: 1.549

learning rate 0.0002000 -> 0.0002000
End of epoch 1 / 50 	 Time Taken: 166 sec
[Rank 0] (epoch: 2, iters: 200, time: 0.084, data: 0.002) , D_A: 0.267, G_A: 0.830, cycle_A: 2.082, idt_A: 0.751, D_B: 0.254, G_B: 0.393, cycle_B: 1.654, idt_B: 0.754

[Rank 0] (epoch: 2, iters: 400, time: 0.078, data: 0.002) , D_A: 0.212, G_A: 0.647, cycle_A: 8.872, idt_A: 0.546, D_B: 0.099, G_B: 0.549, cycle_B: 1.388, idt_B: 3.019

[Rank 0] (epoch: 2, iters: 600, time: 0.078, data: 0.002) , D_A: 0.119, G_A: 0.425, cycle_A: 1.705, idt_A: 2.240, D_B: 0.448, G_B: 0.353, cycle_B: 4.984, idt_B: 1.173

[Rank 0] (epoch: 2, iters: 800, time: 0.091, data: 0.002) , D_A: 0.273, G_A: 0.756, cycle_A: 1.620, idt_A: 0.793, D_B: 0.189, G_B: 0.847, cycle_B: 1.389, idt_B: 0.805

[Rank 0] (epoch: 2, iters: 1000, time: 0.093, data: 0.002) , D_A: 0.295, G_A: 0.375, cycle_A: 2.109, idt_A: 0.383, D_B: 0.277, G_B: 0.306, cycle_B: 0.749, idt_B: 0.853

[Rank 0] (epoch: 2, iters: 1200, time: 0.079, data: 0.002) , D_A: 0.236, G_A: 0.301, cycle_A: 1.255, idt_A: 1.544, D_B: 0.237, G_B: 0.456, cycle_B: 3.677, idt_B: 0.550

[Rank 0] (epoch: 2, iters: 1400, time: 0.086, data: 0.002) , D_A: 0.320, G_A: 0.183, cycle_A: 2.748, idt_A: 0.916, D_B: 0.304, G_B: 0.414, cycle_B: 1.788, idt_B: 0.583

[Rank 0] (epoch: 2, iters: 1600, time: 0.092, data: 0.002) , D_A: 0.259, G_A: 0.053, cycle_A: 2.022, idt_A: 2.408, D_B: 0.482, G_B: 0.311, cycle_B: 4.834, idt_B: 1.749

[Rank 0] (epoch: 2, iters: 1800, time: 0.083, data: 0.002) , D_A: 0.156, G_A: 0.388, cycle_A: 1.767, idt_A: 3.801, D_B: 0.050, G_B: 0.736, cycle_B: 8.198, idt_B: 0.977

[Rank 0] (epoch: 2, iters: 2000, time: 0.077, data: 0.002) , D_A: 0.339, G_A: 0.466, cycle_A: 3.406, idt_A: 0.870, D_B: 0.353, G_B: 0.212, cycle_B: 2.787, idt_B: 1.180

learning rate 0.0002000 -> 0.0002000
End of epoch 2 / 50 	 Time Taken: 174 sec
[Rank 0] (epoch: 3, iters: 200, time: 0.079, data: 0.002) , D_A: 0.120, G_A: 0.628, cycle_A: 1.256, idt_A: 2.825, D_B: 0.301, G_B: 0.374, cycle_B: 4.937, idt_B: 0.584

[Rank 0] (epoch: 3, iters: 400, time: 0.077, data: 0.002) , D_A: 0.054, G_A: 0.702, cycle_A: 0.848, idt_A: 2.125, D_B: 0.213, G_B: 0.440, cycle_B: 3.394, idt_B: 0.440

[Rank 0] (epoch: 3, iters: 600, time: 0.083, data: 0.002) , D_A: 0.263, G_A: 0.089, cycle_A: 4.572, idt_A: 1.236, D_B: 0.194, G_B: 0.166, cycle_B: 2.447, idt_B: 0.788

[Rank 0] (epoch: 3, iters: 800, time: 0.097, data: 0.003) , D_A: 0.117, G_A: 0.392, cycle_A: 2.778, idt_A: 2.238, D_B: 0.147, G_B: 0.693, cycle_B: 4.722, idt_B: 0.976

[Rank 0] (epoch: 3, iters: 1000, time: 0.083, data: 0.012) , D_A: 0.214, G_A: 0.297, cycle_A: 5.133, idt_A: 1.662, D_B: 0.172, G_B: 0.395, cycle_B: 3.577, idt_B: 1.998

saving the latest model (epoch 3, total_iters 5000)
[Rank 0] (epoch: 3, iters: 1200, time: 0.077, data: 0.002) , D_A: 0.095, G_A: 0.817, cycle_A: 1.150, idt_A: 1.078, D_B: 0.245, G_B: 0.331, cycle_B: 1.586, idt_B: 0.576

[Rank 0] (epoch: 3, iters: 1400, time: 0.077, data: 0.002) , D_A: 0.351, G_A: 0.469, cycle_A: 1.911, idt_A: 0.519, D_B: 0.284, G_B: 0.521, cycle_B: 1.118, idt_B: 1.007

[Rank 0] (epoch: 3, iters: 1600, time: 0.078, data: 0.002) , D_A: 0.277, G_A: 0.212, cycle_A: 4.703, idt_A: 0.709, D_B: 0.131, G_B: 0.489, cycle_B: 1.251, idt_B: 1.700

[Rank 0] (epoch: 3, iters: 1800, time: 0.108, data: 0.002) , D_A: 0.191, G_A: 0.225, cycle_A: 2.456, idt_A: 0.721, D_B: 0.052, G_B: 0.565, cycle_B: 1.439, idt_B: 1.244

[Rank 0] (epoch: 3, iters: 2000, time: 0.082, data: 0.002) , D_A: 0.207, G_A: 1.106, cycle_A: 4.997, idt_A: 0.964, D_B: 0.326, G_B: 1.014, cycle_B: 3.273, idt_B: 2.162

learning rate 0.0002000 -> 0.0002000
End of epoch 3 / 50 	 Time Taken: 175 sec
[Rank 0] (epoch: 4, iters: 200, time: 0.082, data: 0.002) , D_A: 0.222, G_A: 0.801, cycle_A: 1.221, idt_A: 1.168, D_B: 0.176, G_B: 0.502, cycle_B: 1.651, idt_B: 0.714

[Rank 0] (epoch: 4, iters: 400, time: 0.077, data: 0.002) , D_A: 0.099, G_A: 0.572, cycle_A: 1.439, idt_A: 2.105, D_B: 0.103, G_B: 0.133, cycle_B: 3.835, idt_B: 0.687

[Rank 0] (epoch: 4, iters: 600, time: 0.095, data: 0.002) , D_A: 0.040, G_A: 0.773, cycle_A: 2.999, idt_A: 2.599, D_B: 0.183, G_B: 0.314, cycle_B: 7.001, idt_B: 1.156

[Rank 0] (epoch: 4, iters: 800, time: 0.078, data: 0.002) , D_A: 0.210, G_A: 0.738, cycle_A: 4.508, idt_A: 0.413, D_B: 0.168, G_B: 0.314, cycle_B: 1.218, idt_B: 2.273

[Rank 0] (epoch: 4, iters: 1000, time: 0.086, data: 0.002) , D_A: 0.141, G_A: 0.373, cycle_A: 2.825, idt_A: 0.622, D_B: 0.479, G_B: 0.493, cycle_B: 1.395, idt_B: 0.607

[Rank 0] (epoch: 4, iters: 1200, time: 0.078, data: 0.002) , D_A: 0.202, G_A: 0.816, cycle_A: 1.605, idt_A: 2.075, D_B: 0.203, G_B: 0.495, cycle_B: 4.764, idt_B: 1.052

[Rank 0] (epoch: 4, iters: 1400, time: 0.092, data: 0.002) , D_A: 0.327, G_A: 0.283, cycle_A: 2.363, idt_A: 0.572, D_B: 0.156, G_B: 0.560, cycle_B: 1.687, idt_B: 1.467

[Rank 0] (epoch: 4, iters: 1600, time: 0.079, data: 0.002) , D_A: 0.158, G_A: 0.372, cycle_A: 1.698, idt_A: 0.669, D_B: 0.327, G_B: 0.986, cycle_B: 0.715, idt_B: 0.788

[Rank 0] (epoch: 4, iters: 1800, time: 0.078, data: 0.002) , D_A: 0.290, G_A: 0.430, cycle_A: 3.031, idt_A: 0.950, D_B: 0.256, G_B: 0.445, cycle_B: 1.345, idt_B: 1.242

[Rank 0] (epoch: 4, iters: 2000, time: 0.077, data: 0.002) , D_A: 0.369, G_A: 0.944, cycle_A: 1.985, idt_A: 0.596, D_B: 0.304, G_B: 1.263, cycle_B: 1.648, idt_B: 1.147

learning rate 0.0002000 -> 0.0002000
End of epoch 4 / 50 	 Time Taken: 171 sec
[Rank 0] (epoch: 5, iters: 200, time: 0.085, data: 0.002) , D_A: 0.311, G_A: 0.411, cycle_A: 1.736, idt_A: 0.928, D_B: 0.295, G_B: 0.140, cycle_B: 2.611, idt_B: 0.720

[Rank 0] (epoch: 5, iters: 400, time: 0.079, data: 0.003) , D_A: 0.059, G_A: 0.658, cycle_A: 4.241, idt_A: 1.427, D_B: 0.018, G_B: 0.731, cycle_B: 2.916, idt_B: 2.350

[Rank 0] (epoch: 5, iters: 600, time: 0.078, data: 0.002) , D_A: 0.171, G_A: 0.966, cycle_A: 0.951, idt_A: 1.506, D_B: 0.118, G_B: 0.521, cycle_B: 2.264, idt_B: 0.444

[Rank 0] (epoch: 5, iters: 800, time: 0.091, data: 0.002) , D_A: 0.072, G_A: 0.738, cycle_A: 0.815, idt_A: 0.684, D_B: 0.138, G_B: 0.353, cycle_B: 1.317, idt_B: 1.005

[Rank 0] (epoch: 5, iters: 1000, time: 0.079, data: 0.002) , D_A: 0.059, G_A: 0.915, cycle_A: 0.546, idt_A: 1.622, D_B: 0.065, G_B: 0.446, cycle_B: 3.023, idt_B: 0.455

[Rank 0] (epoch: 5, iters: 1200, time: 0.080, data: 0.002) , D_A: 0.329, G_A: 0.625, cycle_A: 1.845, idt_A: 0.894, D_B: 0.315, G_B: 0.089, cycle_B: 1.634, idt_B: 1.359

[Rank 0] (epoch: 5, iters: 1400, time: 0.092, data: 0.002) , D_A: 0.055, G_A: 0.905, cycle_A: 1.470, idt_A: 0.918, D_B: 0.358, G_B: 0.098, cycle_B: 2.890, idt_B: 1.369

[Rank 0] (epoch: 5, iters: 1600, time: 0.078, data: 0.002) , D_A: 0.053, G_A: 0.050, cycle_A: 3.119, idt_A: 0.780, D_B: 0.236, G_B: 0.421, cycle_B: 1.657, idt_B: 1.564

[Rank 0] (epoch: 5, iters: 1800, time: 0.082, data: 0.002) , D_A: 0.157, G_A: 0.344, cycle_A: 2.062, idt_A: 0.547, D_B: 0.135, G_B: 0.042, cycle_B: 1.269, idt_B: 1.205

[Rank 0] (epoch: 5, iters: 2000, time: 0.077, data: 0.002) , D_A: 0.140, G_A: 0.284, cycle_A: 3.189, idt_A: 1.008, D_B: 0.140, G_B: 0.444, cycle_B: 2.632, idt_B: 1.205

saving the latest model (epoch 5, total_iters 10000)
learning rate 0.0002000 -> 0.0002000
End of epoch 5 / 50 	 Time Taken: 169 sec
[Rank 0] (epoch: 6, iters: 200, time: 0.087, data: 0.002) , D_A: 0.157, G_A: 0.362, cycle_A: 3.589, idt_A: 0.586, D_B: 0.119, G_B: 0.474, cycle_B: 1.564, idt_B: 0.571

[Rank 0] (epoch: 6, iters: 400, time: 0.082, data: 0.002) , D_A: 0.225, G_A: 0.090, cycle_A: 0.914, idt_A: 3.415, D_B: 0.073, G_B: 0.297, cycle_B: 5.011, idt_B: 0.592

[Rank 0] (epoch: 6, iters: 600, time: 0.088, data: 0.002) , D_A: 0.013, G_A: 0.943, cycle_A: 1.590, idt_A: 1.269, D_B: 0.346, G_B: 0.569, cycle_B: 2.110, idt_B: 0.723

[Rank 0] (epoch: 6, iters: 800, time: 0.077, data: 0.002) , D_A: 0.049, G_A: 0.276, cycle_A: 4.640, idt_A: 0.690, D_B: 0.089, G_B: 0.877, cycle_B: 2.044, idt_B: 2.033

[Rank 0] (epoch: 6, iters: 1000, time: 0.078, data: 0.002) , D_A: 0.088, G_A: 0.434, cycle_A: 2.258, idt_A: 0.891, D_B: 0.131, G_B: 0.026, cycle_B: 1.862, idt_B: 1.033

[Rank 0] (epoch: 6, iters: 1200, time: 0.090, data: 0.002) , D_A: 0.042, G_A: 0.856, cycle_A: 3.534, idt_A: 0.791, D_B: 0.089, G_B: 0.184, cycle_B: 1.973, idt_B: 1.519

[Rank 0] (epoch: 6, iters: 1400, time: 0.077, data: 0.002) , D_A: 0.112, G_A: 0.877, cycle_A: 1.153, idt_A: 1.326, D_B: 0.266, G_B: 0.593, cycle_B: 2.561, idt_B: 0.472

[Rank 0] (epoch: 6, iters: 1600, time: 0.086, data: 0.002) , D_A: 0.046, G_A: 0.688, cycle_A: 2.189, idt_A: 0.966, D_B: 0.276, G_B: 0.830, cycle_B: 1.921, idt_B: 0.563

[Rank 0] (epoch: 6, iters: 1800, time: 0.077, data: 0.002) , D_A: 0.085, G_A: 0.628, cycle_A: 2.037, idt_A: 1.448, D_B: 0.138, G_B: 0.660, cycle_B: 2.368, idt_B: 0.509

[Rank 0] (epoch: 6, iters: 2000, time: 0.077, data: 0.002) , D_A: 0.294, G_A: 0.709, cycle_A: 1.254, idt_A: 0.668, D_B: 0.204, G_B: 0.155, cycle_B: 1.720, idt_B: 0.565

learning rate 0.0002000 -> 0.0002000
End of epoch 6 / 50 	 Time Taken: 168 sec
[Rank 0] (epoch: 7, iters: 200, time: 0.097, data: 0.002) , D_A: 0.075, G_A: 0.599, cycle_A: 0.728, idt_A: 0.799, D_B: 0.240, G_B: 0.694, cycle_B: 1.313, idt_B: 0.359

[Rank 0] (epoch: 7, iters: 400, time: 0.078, data: 0.002) , D_A: 0.163, G_A: 0.264, cycle_A: 3.732, idt_A: 1.736, D_B: 0.430, G_B: 0.265, cycle_B: 2.272, idt_B: 1.114

[Rank 0] (epoch: 7, iters: 600, time: 0.079, data: 0.002) , D_A: 0.145, G_A: 0.199, cycle_A: 3.358, idt_A: 0.777, D_B: 0.089, G_B: 0.908, cycle_B: 1.040, idt_B: 1.663

[Rank 0] (epoch: 7, iters: 800, time: 0.085, data: 0.002) , D_A: 0.148, G_A: 0.512, cycle_A: 0.967, idt_A: 0.359, D_B: 0.192, G_B: 0.656, cycle_B: 0.846, idt_B: 0.486

[Rank 0] (epoch: 7, iters: 1000, time: 0.076, data: 0.002) , D_A: 0.038, G_A: 0.674, cycle_A: 3.516, idt_A: 1.502, D_B: 0.080, G_B: 0.560, cycle_B: 1.128, idt_B: 2.218

[Rank 0] (epoch: 7, iters: 1200, time: 0.086, data: 0.002) , D_A: 0.076, G_A: 0.279, cycle_A: 1.756, idt_A: 0.718, D_B: 0.164, G_B: 0.174, cycle_B: 1.938, idt_B: 1.112

[Rank 0] (epoch: 7, iters: 1400, time: 0.077, data: 0.002) , D_A: 0.561, G_A: 0.036, cycle_A: 1.847, idt_A: 0.614, D_B: 0.108, G_B: 0.877, cycle_B: 1.318, idt_B: 0.791

[Rank 0] (epoch: 7, iters: 1600, time: 0.085, data: 0.002) , D_A: 0.059, G_A: 0.600, cycle_A: 2.510, idt_A: 0.878, D_B: 0.184, G_B: 0.960, cycle_B: 1.073, idt_B: 0.814

[Rank 0] (epoch: 7, iters: 1800, time: 0.077, data: 0.002) , D_A: 0.089, G_A: 0.783, cycle_A: 1.203, idt_A: 0.871, D_B: 0.241, G_B: 0.701, cycle_B: 2.412, idt_B: 0.735

[Rank 0] (epoch: 7, iters: 2000, time: 0.094, data: 0.002) , D_A: 0.077, G_A: 0.536, cycle_A: 1.445, idt_A: 1.307, D_B: 0.145, G_B: 0.300, cycle_B: 2.702, idt_B: 0.966

learning rate 0.0002000 -> 0.0002000
End of epoch 7 / 50 	 Time Taken: 168 sec
[Rank 0] (epoch: 8, iters: 200, time: 0.077, data: 0.002) , D_A: 0.069, G_A: 0.577, cycle_A: 2.105, idt_A: 1.118, D_B: 0.194, G_B: 1.267, cycle_B: 2.017, idt_B: 1.872

[Rank 0] (epoch: 8, iters: 400, time: 0.078, data: 0.002) , D_A: 0.062, G_A: 0.907, cycle_A: 1.282, idt_A: 1.394, D_B: 0.103, G_B: 0.245, cycle_B: 3.011, idt_B: 0.589

[Rank 0] (epoch: 8, iters: 600, time: 0.086, data: 0.002) , D_A: 0.060, G_A: 1.232, cycle_A: 6.144, idt_A: 1.603, D_B: 0.053, G_B: 0.785, cycle_B: 2.341, idt_B: 1.450

[Rank 0] (epoch: 8, iters: 800, time: 0.080, data: 0.002) , D_A: 0.287, G_A: 1.368, cycle_A: 1.429, idt_A: 0.524, D_B: 0.226, G_B: 0.351, cycle_B: 1.132, idt_B: 0.962

[Rank 0] (epoch: 8, iters: 1000, time: 0.085, data: 0.002) , D_A: 0.022, G_A: 0.802, cycle_A: 1.355, idt_A: 0.753, D_B: 0.091, G_B: 0.412, cycle_B: 1.129, idt_B: 1.117

saving the latest model (epoch 8, total_iters 15000)
[Rank 0] (epoch: 8, iters: 1200, time: 0.080, data: 0.002) , D_A: 0.104, G_A: 0.627, cycle_A: 1.080, idt_A: 1.135, D_B: 0.191, G_B: 0.531, cycle_B: 4.446, idt_B: 0.527

[Rank 0] (epoch: 8, iters: 1400, time: 0.077, data: 0.002) , D_A: 0.335, G_A: 0.239, cycle_A: 1.779, idt_A: 0.556, D_B: 0.097, G_B: 0.910, cycle_B: 1.125, idt_B: 0.586

[Rank 0] (epoch: 8, iters: 1600, time: 0.077, data: 0.002) , D_A: 0.224, G_A: 1.473, cycle_A: 4.299, idt_A: 0.938, D_B: 0.251, G_B: 0.297, cycle_B: 1.891, idt_B: 2.177

[Rank 0] (epoch: 8, iters: 1800, time: 0.083, data: 0.002) , D_A: 0.306, G_A: 0.704, cycle_A: 3.318, idt_A: 0.688, D_B: 0.241, G_B: 0.488, cycle_B: 1.762, idt_B: 1.658

[Rank 0] (epoch: 8, iters: 2000, time: 0.077, data: 0.002) , D_A: 0.064, G_A: 0.718, cycle_A: 1.504, idt_A: 0.840, D_B: 0.099, G_B: 0.297, cycle_B: 1.296, idt_B: 0.665

learning rate 0.0002000 -> 0.0002000
End of epoch 8 / 50 	 Time Taken: 169 sec
[Rank 0] (epoch: 9, iters: 200, time: 0.087, data: 0.002) , D_A: 0.090, G_A: 1.212, cycle_A: 3.599, idt_A: 0.807, D_B: 0.196, G_B: 0.349, cycle_B: 1.525, idt_B: 1.684

[Rank 0] (epoch: 9, iters: 400, time: 0.097, data: 0.002) , D_A: 0.246, G_A: 0.401, cycle_A: 1.153, idt_A: 0.620, D_B: 0.225, G_B: 0.393, cycle_B: 1.501, idt_B: 0.530

[Rank 0] (epoch: 9, iters: 600, time: 0.077, data: 0.002) , D_A: 0.117, G_A: 0.343, cycle_A: 1.727, idt_A: 0.592, D_B: 0.463, G_B: 0.089, cycle_B: 3.125, idt_B: 0.734

[Rank 0] (epoch: 9, iters: 800, time: 0.084, data: 0.002) , D_A: 0.825, G_A: 0.026, cycle_A: 1.702, idt_A: 0.583, D_B: 0.253, G_B: 0.265, cycle_B: 1.568, idt_B: 0.737

[Rank 0] (epoch: 9, iters: 1000, time: 0.086, data: 0.002) , D_A: 0.015, G_A: 0.917, cycle_A: 1.148, idt_A: 0.759, D_B: 0.318, G_B: 2.130, cycle_B: 1.178, idt_B: 0.547

[Rank 0] (epoch: 9, iters: 1200, time: 0.093, data: 0.002) , D_A: 0.031, G_A: 0.767, cycle_A: 0.962, idt_A: 0.541, D_B: 0.261, G_B: 0.442, cycle_B: 1.282, idt_B: 0.469

[Rank 0] (epoch: 9, iters: 1400, time: 0.077, data: 0.002) , D_A: 0.101, G_A: 0.205, cycle_A: 5.963, idt_A: 1.812, D_B: 0.552, G_B: 1.658, cycle_B: 3.721, idt_B: 1.269

[Rank 0] (epoch: 9, iters: 1600, time: 0.077, data: 0.002) , D_A: 0.125, G_A: 0.326, cycle_A: 3.188, idt_A: 1.047, D_B: 0.040, G_B: 0.885, cycle_B: 1.551, idt_B: 1.052

[Rank 0] (epoch: 9, iters: 1800, time: 0.077, data: 0.002) , D_A: 0.471, G_A: 0.453, cycle_A: 1.822, idt_A: 0.746, D_B: 0.294, G_B: 0.448, cycle_B: 1.633, idt_B: 0.678

[Rank 0] (epoch: 9, iters: 2000, time: 0.093, data: 0.002) , D_A: 0.116, G_A: 0.364, cycle_A: 1.330, idt_A: 2.080, D_B: 0.270, G_B: 0.264, cycle_B: 2.561, idt_B: 0.547

learning rate 0.0002000 -> 0.0002000
End of epoch 9 / 50 	 Time Taken: 168 sec
[Rank 0] (epoch: 10, iters: 200, time: 0.083, data: 0.002) , D_A: 0.079, G_A: 0.645, cycle_A: 1.208, idt_A: 0.834, D_B: 0.298, G_B: 0.658, cycle_B: 1.916, idt_B: 0.687

[Rank 0] (epoch: 10, iters: 400, time: 0.080, data: 0.002) , D_A: 0.136, G_A: 0.816, cycle_A: 6.841, idt_A: 0.547, D_B: 0.222, G_B: 0.827, cycle_B: 1.312, idt_B: 3.135

[Rank 0] (epoch: 10, iters: 600, time: 0.078, data: 0.003) , D_A: 0.148, G_A: 0.330, cycle_A: 2.073, idt_A: 0.681, D_B: 0.256, G_B: 0.148, cycle_B: 1.635, idt_B: 0.703

[Rank 0] (epoch: 10, iters: 800, time: 0.079, data: 0.002) , D_A: 0.199, G_A: 0.344, cycle_A: 0.583, idt_A: 1.628, D_B: 0.034, G_B: 0.362, cycle_B: 3.128, idt_B: 0.313

[Rank 0] (epoch: 10, iters: 1000, time: 0.082, data: 0.002) , D_A: 0.281, G_A: 0.094, cycle_A: 1.668, idt_A: 1.247, D_B: 0.169, G_B: 0.315, cycle_B: 2.139, idt_B: 1.075

[Rank 0] (epoch: 10, iters: 1200, time: 0.077, data: 0.003) , D_A: 0.128, G_A: 0.750, cycle_A: 1.392, idt_A: 1.660, D_B: 0.239, G_B: 0.298, cycle_B: 4.348, idt_B: 0.273

[Rank 0] (epoch: 10, iters: 1400, time: 0.078, data: 0.002) , D_A: 0.085, G_A: 0.153, cycle_A: 5.378, idt_A: 0.918, D_B: 0.302, G_B: 0.110, cycle_B: 1.958, idt_B: 1.830

[Rank 0] (epoch: 10, iters: 1600, time: 0.082, data: 0.002) , D_A: 0.042, G_A: 0.727, cycle_A: 1.554, idt_A: 0.639, D_B: 0.197, G_B: 0.455, cycle_B: 0.974, idt_B: 0.732

[Rank 0] (epoch: 10, iters: 1800, time: 0.082, data: 0.003) , D_A: 0.109, G_A: 0.716, cycle_A: 1.972, idt_A: 0.385, D_B: 0.100, G_B: 0.705, cycle_B: 1.154, idt_B: 0.837

[Rank 0] (epoch: 10, iters: 2000, time: 0.089, data: 0.002) , D_A: 0.149, G_A: 0.628, cycle_A: 3.381, idt_A: 0.414, D_B: 0.092, G_B: 0.748, cycle_B: 0.898, idt_B: 0.844

saving the latest model (epoch 10, total_iters 20000)
learning rate 0.0002000 -> 0.0002000
saving the model at the end of epoch 10, iters 20000
End of epoch 10 / 50 	 Time Taken: 170 sec
[Rank 0] (epoch: 11, iters: 200, time: 0.078, data: 0.002) , D_A: 0.123, G_A: 0.316, cycle_A: 3.164, idt_A: 1.124, D_B: 0.298, G_B: 1.143, cycle_B: 1.198, idt_B: 1.630

[Rank 0] (epoch: 11, iters: 400, time: 0.077, data: 0.003) , D_A: 0.142, G_A: 0.352, cycle_A: 2.416, idt_A: 0.441, D_B: 0.193, G_B: 0.631, cycle_B: 1.122, idt_B: 1.199

[Rank 0] (epoch: 11, iters: 600, time: 0.080, data: 0.002) , D_A: 0.171, G_A: 0.288, cycle_A: 1.897, idt_A: 0.684, D_B: 0.111, G_B: 0.645, cycle_B: 1.557, idt_B: 0.875

[Rank 0] (epoch: 11, iters: 800, time: 0.077, data: 0.003) , D_A: 0.043, G_A: 0.604, cycle_A: 2.855, idt_A: 0.778, D_B: 0.084, G_B: 0.928, cycle_B: 1.203, idt_B: 1.407

[Rank 0] (epoch: 11, iters: 1000, time: 0.078, data: 0.002) , D_A: 0.128, G_A: 0.742, cycle_A: 1.035, idt_A: 0.812, D_B: 0.155, G_B: 0.583, cycle_B: 1.226, idt_B: 0.408

[Rank 0] (epoch: 11, iters: 1200, time: 0.088, data: 0.002) , D_A: 0.038, G_A: 0.918, cycle_A: 1.730, idt_A: 0.780, D_B: 0.201, G_B: 0.316, cycle_B: 1.741, idt_B: 0.557

[Rank 0] (epoch: 11, iters: 1400, time: 0.088, data: 0.002) , D_A: 0.084, G_A: 0.721, cycle_A: 2.434, idt_A: 0.753, D_B: 0.256, G_B: 0.739, cycle_B: 1.987, idt_B: 0.994

[Rank 0] (epoch: 11, iters: 1600, time: 0.078, data: 0.002) , D_A: 0.029, G_A: 0.201, cycle_A: 2.060, idt_A: 1.119, D_B: 0.093, G_B: 0.144, cycle_B: 1.558, idt_B: 1.005

[Rank 0] (epoch: 11, iters: 1800, time: 0.078, data: 0.002) , D_A: 0.264, G_A: 0.135, cycle_A: 0.950, idt_A: 0.674, D_B: 0.116, G_B: 0.571, cycle_B: 1.176, idt_B: 0.415

[Rank 0] (epoch: 11, iters: 2000, time: 0.077, data: 0.002) , D_A: 0.100, G_A: 0.257, cycle_A: 2.083, idt_A: 0.556, D_B: 0.286, G_B: 0.082, cycle_B: 1.018, idt_B: 0.760

learning rate 0.0002000 -> 0.0002000
End of epoch 11 / 50 	 Time Taken: 172 sec
[Rank 0] (epoch: 12, iters: 200, time: 0.085, data: 0.002) , D_A: 0.178, G_A: 0.872, cycle_A: 1.985, idt_A: 1.964, D_B: 0.052, G_B: 0.721, cycle_B: 4.493, idt_B: 0.891

[Rank 0] (epoch: 12, iters: 400, time: 0.099, data: 0.002) , D_A: 0.075, G_A: 1.440, cycle_A: 0.909, idt_A: 0.784, D_B: 0.153, G_B: 0.278, cycle_B: 1.985, idt_B: 0.468

[Rank 0] (epoch: 12, iters: 600, time: 0.080, data: 0.002) , D_A: 0.210, G_A: 0.941, cycle_A: 1.761, idt_A: 0.488, D_B: 0.405, G_B: 0.317, cycle_B: 1.138, idt_B: 1.226

[Rank 0] (epoch: 12, iters: 800, time: 0.079, data: 0.002) , D_A: 0.200, G_A: 0.941, cycle_A: 0.744, idt_A: 0.762, D_B: 0.114, G_B: 0.641, cycle_B: 2.173, idt_B: 0.322

[Rank 0] (epoch: 12, iters: 1000, time: 0.077, data: 0.002) , D_A: 0.167, G_A: 0.323, cycle_A: 2.112, idt_A: 1.189, D_B: 0.079, G_B: 0.639, cycle_B: 1.821, idt_B: 1.164

[Rank 0] (epoch: 12, iters: 1200, time: 0.076, data: 0.002) , D_A: 0.033, G_A: 0.862, cycle_A: 3.564, idt_A: 0.563, D_B: 0.113, G_B: 0.742, cycle_B: 1.586, idt_B: 2.422

[Rank 0] (epoch: 12, iters: 1400, time: 0.085, data: 0.002) , D_A: 0.054, G_A: 0.575, cycle_A: 1.181, idt_A: 0.601, D_B: 0.067, G_B: 0.522, cycle_B: 1.154, idt_B: 0.651

[Rank 0] (epoch: 12, iters: 1600, time: 0.077, data: 0.002) , D_A: 0.052, G_A: 0.667, cycle_A: 1.198, idt_A: 0.754, D_B: 0.229, G_B: 0.250, cycle_B: 1.614, idt_B: 0.589

[Rank 0] (epoch: 12, iters: 1800, time: 0.094, data: 0.002) , D_A: 0.272, G_A: 0.102, cycle_A: 1.356, idt_A: 0.541, D_B: 0.069, G_B: 0.525, cycle_B: 0.711, idt_B: 0.362

[Rank 0] (epoch: 12, iters: 2000, time: 0.077, data: 0.002) , D_A: 0.379, G_A: 1.224, cycle_A: 1.610, idt_A: 0.465, D_B: 0.030, G_B: 0.763, cycle_B: 0.980, idt_B: 0.958

learning rate 0.0002000 -> 0.0002000
End of epoch 12 / 50 	 Time Taken: 169 sec
[Rank 0] (epoch: 13, iters: 200, time: 0.078, data: 0.002) , D_A: 0.146, G_A: 0.679, cycle_A: 2.240, idt_A: 1.034, D_B: 0.067, G_B: 0.461, cycle_B: 2.244, idt_B: 1.254

[Rank 0] (epoch: 13, iters: 400, time: 0.077, data: 0.002) , D_A: 0.024, G_A: 0.663, cycle_A: 1.671, idt_A: 0.564, D_B: 0.053, G_B: 0.570, cycle_B: 0.783, idt_B: 0.681

[Rank 0] (epoch: 13, iters: 600, time: 0.076, data: 0.002) , D_A: 0.082, G_A: 0.617, cycle_A: 3.293, idt_A: 0.938, D_B: 0.069, G_B: 0.488, cycle_B: 3.207, idt_B: 1.521

[Rank 0] (epoch: 13, iters: 800, time: 0.077, data: 0.002) , D_A: 0.152, G_A: 0.387, cycle_A: 1.842, idt_A: 1.612, D_B: 0.046, G_B: 0.454, cycle_B: 1.757, idt_B: 1.376

[Rank 0] (epoch: 13, iters: 1000, time: 0.094, data: 0.002) , D_A: 0.073, G_A: 0.549, cycle_A: 3.148, idt_A: 0.961, D_B: 0.038, G_B: 0.719, cycle_B: 1.200, idt_B: 1.111

saving the latest model (epoch 13, total_iters 25000)
[Rank 0] (epoch: 13, iters: 1200, time: 0.077, data: 0.002) , D_A: 0.177, G_A: 0.215, cycle_A: 3.739, idt_A: 0.764, D_B: 0.043, G_B: 0.216, cycle_B: 0.811, idt_B: 1.544

[Rank 0] (epoch: 13, iters: 1400, time: 0.079, data: 0.002) , D_A: 0.160, G_A: 0.230, cycle_A: 4.685, idt_A: 0.477, D_B: 0.105, G_B: 0.453, cycle_B: 0.783, idt_B: 1.354

[Rank 0] (epoch: 13, iters: 1600, time: 0.082, data: 0.002) , D_A: 0.015, G_A: 0.236, cycle_A: 0.811, idt_A: 0.264, D_B: 0.176, G_B: 0.426, cycle_B: 0.654, idt_B: 0.520

[Rank 0] (epoch: 13, iters: 1800, time: 0.096, data: 0.002) , D_A: 0.043, G_A: 0.406, cycle_A: 1.068, idt_A: 0.551, D_B: 0.174, G_B: 0.735, cycle_B: 1.197, idt_B: 0.348

[Rank 0] (epoch: 13, iters: 2000, time: 0.094, data: 0.002) , D_A: 0.186, G_A: 0.399, cycle_A: 1.472, idt_A: 1.375, D_B: 0.489, G_B: 1.520, cycle_B: 1.253, idt_B: 0.647

learning rate 0.0002000 -> 0.0002000
End of epoch 13 / 50 	 Time Taken: 169 sec
[Rank 0] (epoch: 14, iters: 200, time: 0.102, data: 0.002) , D_A: 0.060, G_A: 0.034, cycle_A: 1.094, idt_A: 0.618, D_B: 0.136, G_B: 0.404, cycle_B: 0.922, idt_B: 0.437

[Rank 0] (epoch: 14, iters: 400, time: 0.077, data: 0.002) , D_A: 0.165, G_A: 0.158, cycle_A: 1.465, idt_A: 1.564, D_B: 0.094, G_B: 0.581, cycle_B: 2.144, idt_B: 0.789

[Rank 0] (epoch: 14, iters: 600, time: 0.085, data: 0.002) , D_A: 0.094, G_A: 0.393, cycle_A: 0.855, idt_A: 2.303, D_B: 0.082, G_B: 0.506, cycle_B: 1.765, idt_B: 0.373

[Rank 0] (epoch: 14, iters: 800, time: 0.077, data: 0.002) , D_A: 0.473, G_A: 0.643, cycle_A: 1.928, idt_A: 0.468, D_B: 0.020, G_B: 0.620, cycle_B: 2.390, idt_B: 0.672

[Rank 0] (epoch: 14, iters: 1000, time: 0.077, data: 0.002) , D_A: 0.051, G_A: 0.483, cycle_A: 1.678, idt_A: 0.401, D_B: 0.025, G_B: 0.241, cycle_B: 1.380, idt_B: 0.935

[Rank 0] (epoch: 14, iters: 1200, time: 0.092, data: 0.002) , D_A: 0.041, G_A: 0.853, cycle_A: 0.872, idt_A: 0.504, D_B: 0.240, G_B: 0.655, cycle_B: 1.242, idt_B: 0.444

[Rank 0] (epoch: 14, iters: 1400, time: 0.077, data: 0.002) , D_A: 0.108, G_A: 0.370, cycle_A: 3.580, idt_A: 0.788, D_B: 0.048, G_B: 1.145, cycle_B: 1.485, idt_B: 1.231

[Rank 0] (epoch: 14, iters: 1600, time: 0.088, data: 0.002) , D_A: 0.065, G_A: 0.696, cycle_A: 2.725, idt_A: 1.225, D_B: 0.244, G_B: 0.216, cycle_B: 1.891, idt_B: 1.212

[Rank 0] (epoch: 14, iters: 1800, time: 0.078, data: 0.002) , D_A: 0.044, G_A: 0.249, cycle_A: 1.050, idt_A: 1.129, D_B: 0.121, G_B: 0.810, cycle_B: 2.022, idt_B: 0.582

[Rank 0] (epoch: 14, iters: 2000, time: 0.081, data: 0.002) , D_A: 0.062, G_A: 0.601, cycle_A: 1.310, idt_A: 0.974, D_B: 0.242, G_B: 0.717, cycle_B: 3.436, idt_B: 0.818

learning rate 0.0002000 -> 0.0002000
End of epoch 14 / 50 	 Time Taken: 168 sec
[Rank 0] (epoch: 15, iters: 200, time: 0.077, data: 0.003) , D_A: 0.070, G_A: 0.704, cycle_A: 2.710, idt_A: 0.830, D_B: 0.288, G_B: 0.401, cycle_B: 1.540, idt_B: 0.963

[Rank 0] (epoch: 15, iters: 400, time: 0.085, data: 0.002) , D_A: 0.139, G_A: 0.413, cycle_A: 0.694, idt_A: 0.623, D_B: 0.292, G_B: 0.401, cycle_B: 1.337, idt_B: 0.343

[Rank 0] (epoch: 15, iters: 600, time: 0.079, data: 0.002) , D_A: 0.112, G_A: 0.425, cycle_A: 3.611, idt_A: 0.611, D_B: 0.032, G_B: 0.117, cycle_B: 1.091, idt_B: 1.692

[Rank 0] (epoch: 15, iters: 800, time: 0.077, data: 0.002) , D_A: 0.066, G_A: 1.110, cycle_A: 1.189, idt_A: 0.719, D_B: 0.214, G_B: 0.785, cycle_B: 1.689, idt_B: 0.732

[Rank 0] (epoch: 15, iters: 1000, time: 0.081, data: 0.021) , D_A: 0.317, G_A: 0.720, cycle_A: 1.068, idt_A: 0.656, D_B: 0.091, G_B: 0.882, cycle_B: 1.765, idt_B: 1.985

[Rank 0] (epoch: 15, iters: 1200, time: 0.084, data: 0.003) , D_A: 0.247, G_A: 0.186, cycle_A: 0.722, idt_A: 0.973, D_B: 0.312, G_B: 0.566, cycle_B: 1.500, idt_B: 0.319

[Rank 0] (epoch: 15, iters: 1400, time: 0.094, data: 0.002) , D_A: 0.079, G_A: 0.605, cycle_A: 1.094, idt_A: 0.802, D_B: 0.106, G_B: 0.523, cycle_B: 1.354, idt_B: 0.647

[Rank 0] (epoch: 15, iters: 1600, time: 0.078, data: 0.002) , D_A: 0.063, G_A: 0.500, cycle_A: 0.790, idt_A: 1.619, D_B: 0.192, G_B: 0.654, cycle_B: 1.519, idt_B: 0.431

[Rank 0] (epoch: 15, iters: 1800, time: 0.096, data: 0.002) , D_A: 0.155, G_A: 0.260, cycle_A: 2.021, idt_A: 0.605, D_B: 0.082, G_B: 0.887, cycle_B: 1.126, idt_B: 1.292

[Rank 0] (epoch: 15, iters: 2000, time: 0.077, data: 0.002) , D_A: 0.067, G_A: 1.431, cycle_A: 0.973, idt_A: 0.777, D_B: 0.197, G_B: 0.256, cycle_B: 1.343, idt_B: 0.299

saving the latest model (epoch 15, total_iters 30000)
learning rate 0.0002000 -> 0.0002000
End of epoch 15 / 50 	 Time Taken: 167 sec
[Rank 0] (epoch: 16, iters: 200, time: 0.079, data: 0.003) , D_A: 0.073, G_A: 0.488, cycle_A: 1.149, idt_A: 1.403, D_B: 0.143, G_B: 0.685, cycle_B: 2.252, idt_B: 0.537

[Rank 0] (epoch: 16, iters: 400, time: 0.094, data: 0.002) , D_A: 0.033, G_A: 0.830, cycle_A: 3.262, idt_A: 0.387, D_B: 0.321, G_B: 0.778, cycle_B: 2.508, idt_B: 0.879

[Rank 0] (epoch: 16, iters: 600, time: 0.077, data: 0.002) , D_A: 0.394, G_A: 0.222, cycle_A: 2.125, idt_A: 0.641, D_B: 0.130, G_B: 0.393, cycle_B: 1.063, idt_B: 0.604

[Rank 0] (epoch: 16, iters: 800, time: 0.084, data: 0.002) , D_A: 0.048, G_A: 0.978, cycle_A: 0.992, idt_A: 0.345, D_B: 0.171, G_B: 0.271, cycle_B: 0.663, idt_B: 0.555

[Rank 0] (epoch: 16, iters: 1000, time: 0.084, data: 0.002) , D_A: 0.087, G_A: 0.669, cycle_A: 1.396, idt_A: 0.725, D_B: 0.092, G_B: 0.512, cycle_B: 1.246, idt_B: 0.852

[Rank 0] (epoch: 16, iters: 1200, time: 0.078, data: 0.002) , D_A: 0.181, G_A: 0.359, cycle_A: 1.634, idt_A: 1.041, D_B: 0.185, G_B: 0.992, cycle_B: 2.182, idt_B: 0.654

[Rank 0] (epoch: 16, iters: 1400, time: 0.099, data: 0.002) , D_A: 0.133, G_A: 0.800, cycle_A: 2.229, idt_A: 0.645, D_B: 0.144, G_B: 0.324, cycle_B: 1.309, idt_B: 0.681

[Rank 0] (epoch: 16, iters: 1600, time: 0.094, data: 0.002) , D_A: 0.126, G_A: 0.332, cycle_A: 3.620, idt_A: 0.456, D_B: 0.161, G_B: 0.350, cycle_B: 1.018, idt_B: 1.218

[Rank 0] (epoch: 16, iters: 1800, time: 0.083, data: 0.002) , D_A: 0.128, G_A: 0.787, cycle_A: 0.971, idt_A: 0.595, D_B: 0.099, G_B: 0.298, cycle_B: 0.852, idt_B: 0.510

[Rank 0] (epoch: 16, iters: 2000, time: 0.077, data: 0.002) , D_A: 0.027, G_A: 1.374, cycle_A: 1.996, idt_A: 1.352, D_B: 0.132, G_B: 0.339, cycle_B: 2.571, idt_B: 0.973

learning rate 0.0002000 -> 0.0002000
End of epoch 16 / 50 	 Time Taken: 168 sec
[Rank 0] (epoch: 17, iters: 200, time: 0.077, data: 0.002) , D_A: 0.072, G_A: 0.706, cycle_A: 2.431, idt_A: 0.347, D_B: 0.027, G_B: 0.751, cycle_B: 1.025, idt_B: 1.204

[Rank 0] (epoch: 17, iters: 400, time: 0.089, data: 0.002) , D_A: 0.157, G_A: 0.284, cycle_A: 1.681, idt_A: 0.394, D_B: 0.667, G_B: 0.977, cycle_B: 1.069, idt_B: 0.506

[Rank 0] (epoch: 17, iters: 600, time: 0.093, data: 0.002) , D_A: 0.292, G_A: 0.485, cycle_A: 0.684, idt_A: 0.558, D_B: 0.231, G_B: 0.177, cycle_B: 0.987, idt_B: 0.477

[Rank 0] (epoch: 17, iters: 800, time: 0.091, data: 0.002) , D_A: 0.222, G_A: 0.619, cycle_A: 1.202, idt_A: 0.731, D_B: 0.314, G_B: 0.094, cycle_B: 1.240, idt_B: 0.646

[Rank 0] (epoch: 17, iters: 1000, time: 0.076, data: 0.002) , D_A: 0.106, G_A: 0.385, cycle_A: 1.345, idt_A: 0.192, D_B: 0.102, G_B: 0.453, cycle_B: 0.351, idt_B: 0.667

[Rank 0] (epoch: 17, iters: 1200, time: 0.079, data: 0.002) , D_A: 0.041, G_A: 0.690, cycle_A: 0.497, idt_A: 0.573, D_B: 0.103, G_B: 0.504, cycle_B: 1.436, idt_B: 0.384

[Rank 0] (epoch: 17, iters: 1400, time: 0.079, data: 0.002) , D_A: 0.109, G_A: 0.587, cycle_A: 1.713, idt_A: 0.565, D_B: 0.112, G_B: 0.392, cycle_B: 1.300, idt_B: 0.813

[Rank 0] (epoch: 17, iters: 1600, time: 0.077, data: 0.002) , D_A: 0.102, G_A: 1.210, cycle_A: 2.541, idt_A: 0.629, D_B: 0.178, G_B: 0.464, cycle_B: 1.073, idt_B: 0.576

[Rank 0] (epoch: 17, iters: 1800, time: 0.077, data: 0.002) , D_A: 0.029, G_A: 0.583, cycle_A: 0.433, idt_A: 2.036, D_B: 0.072, G_B: 0.502, cycle_B: 3.958, idt_B: 0.213

[Rank 0] (epoch: 17, iters: 2000, time: 0.078, data: 0.002) , D_A: 0.083, G_A: 1.241, cycle_A: 0.987, idt_A: 0.788, D_B: 0.251, G_B: 0.139, cycle_B: 1.629, idt_B: 0.483

learning rate 0.0002000 -> 0.0002000
End of epoch 17 / 50 	 Time Taken: 173 sec
[Rank 0] (epoch: 18, iters: 200, time: 0.077, data: 0.002) , D_A: 0.116, G_A: 0.566, cycle_A: 1.607, idt_A: 0.389, D_B: 0.095, G_B: 0.688, cycle_B: 0.624, idt_B: 0.524

[Rank 0] (epoch: 18, iters: 400, time: 0.084, data: 0.002) , D_A: 0.147, G_A: 0.506, cycle_A: 1.652, idt_A: 0.896, D_B: 0.096, G_B: 0.425, cycle_B: 2.207, idt_B: 0.663

[Rank 0] (epoch: 18, iters: 600, time: 0.077, data: 0.002) , D_A: 0.103, G_A: 0.792, cycle_A: 1.538, idt_A: 0.300, D_B: 0.347, G_B: 0.617, cycle_B: 1.012, idt_B: 0.747

[Rank 0] (epoch: 18, iters: 800, time: 0.078, data: 0.002) , D_A: 0.072, G_A: 0.693, cycle_A: 3.828, idt_A: 0.447, D_B: 0.015, G_B: 0.534, cycle_B: 1.266, idt_B: 1.929

[Rank 0] (epoch: 18, iters: 1000, time: 0.092, data: 0.002) , D_A: 0.079, G_A: 0.931, cycle_A: 1.167, idt_A: 1.944, D_B: 0.160, G_B: 0.345, cycle_B: 4.526, idt_B: 0.291

saving the latest model (epoch 18, total_iters 35000)
[Rank 0] (epoch: 18, iters: 1200, time: 0.091, data: 0.002) , D_A: 0.138, G_A: 0.377, cycle_A: 1.176, idt_A: 0.702, D_B: 0.098, G_B: 0.659, cycle_B: 1.047, idt_B: 0.838

[Rank 0] (epoch: 18, iters: 1400, time: 0.094, data: 0.002) , D_A: 0.034, G_A: 0.837, cycle_A: 2.078, idt_A: 0.531, D_B: 0.065, G_B: 1.956, cycle_B: 1.623, idt_B: 0.782

[Rank 0] (epoch: 18, iters: 1600, time: 0.095, data: 0.002) , D_A: 0.106, G_A: 0.967, cycle_A: 1.530, idt_A: 0.353, D_B: 0.101, G_B: 0.638, cycle_B: 1.774, idt_B: 0.563

[Rank 0] (epoch: 18, iters: 1800, time: 0.127, data: 0.002) , D_A: 0.151, G_A: 0.333, cycle_A: 0.343, idt_A: 0.296, D_B: 0.110, G_B: 0.862, cycle_B: 1.103, idt_B: 0.176

[Rank 0] (epoch: 18, iters: 2000, time: 0.084, data: 0.002) , D_A: 0.046, G_A: 0.593, cycle_A: 2.561, idt_A: 0.507, D_B: 0.071, G_B: 0.490, cycle_B: 2.187, idt_B: 1.325

learning rate 0.0002000 -> 0.0002000
End of epoch 18 / 50 	 Time Taken: 174 sec
[Rank 0] (epoch: 19, iters: 200, time: 0.077, data: 0.002) , D_A: 0.044, G_A: 0.611, cycle_A: 1.368, idt_A: 0.649, D_B: 0.115, G_B: 0.791, cycle_B: 1.434, idt_B: 0.713

[Rank 0] (epoch: 19, iters: 400, time: 0.087, data: 0.002) , D_A: 0.233, G_A: 0.376, cycle_A: 1.684, idt_A: 0.835, D_B: 0.297, G_B: 0.856, cycle_B: 2.332, idt_B: 0.463

[Rank 0] (epoch: 19, iters: 600, time: 0.091, data: 0.002) , D_A: 0.075, G_A: 0.677, cycle_A: 3.462, idt_A: 0.565, D_B: 0.103, G_B: 0.847, cycle_B: 1.207, idt_B: 2.717

[Rank 0] (epoch: 19, iters: 800, time: 0.086, data: 0.002) , D_A: 0.094, G_A: 0.457, cycle_A: 0.598, idt_A: 0.627, D_B: 0.308, G_B: 0.433, cycle_B: 2.504, idt_B: 0.328

[Rank 0] (epoch: 19, iters: 1000, time: 0.077, data: 0.002) , D_A: 0.049, G_A: 0.209, cycle_A: 1.299, idt_A: 0.701, D_B: 0.115, G_B: 0.388, cycle_B: 1.002, idt_B: 0.461

[Rank 0] (epoch: 19, iters: 1200, time: 0.077, data: 0.002) , D_A: 0.080, G_A: 0.532, cycle_A: 2.960, idt_A: 0.976, D_B: 0.298, G_B: 0.482, cycle_B: 1.644, idt_B: 1.257

[Rank 0] (epoch: 19, iters: 1400, time: 0.078, data: 0.003) , D_A: 0.088, G_A: 0.447, cycle_A: 1.409, idt_A: 0.838, D_B: 0.042, G_B: 0.531, cycle_B: 1.499, idt_B: 1.017

[Rank 0] (epoch: 19, iters: 1600, time: 0.080, data: 0.002) , D_A: 0.072, G_A: 0.579, cycle_A: 2.448, idt_A: 0.365, D_B: 0.081, G_B: 0.626, cycle_B: 0.717, idt_B: 1.040

[Rank 0] (epoch: 19, iters: 1800, time: 0.097, data: 0.002) , D_A: 0.234, G_A: 0.371, cycle_A: 0.695, idt_A: 0.617, D_B: 0.248, G_B: 0.500, cycle_B: 1.039, idt_B: 0.375

[Rank 0] (epoch: 19, iters: 2000, time: 0.077, data: 0.002) , D_A: 0.047, G_A: 0.511, cycle_A: 1.629, idt_A: 1.925, D_B: 0.248, G_B: 0.809, cycle_B: 1.849, idt_B: 0.657

learning rate 0.0002000 -> 0.0002000
End of epoch 19 / 50 	 Time Taken: 172 sec
[Rank 0] (epoch: 20, iters: 200, time: 0.092, data: 0.002) , D_A: 0.154, G_A: 0.319, cycle_A: 1.045, idt_A: 0.590, D_B: 0.411, G_B: 0.045, cycle_B: 1.368, idt_B: 0.455

[Rank 0] (epoch: 20, iters: 400, time: 0.083, data: 0.002) , D_A: 0.077, G_A: 0.858, cycle_A: 1.284, idt_A: 0.403, D_B: 0.084, G_B: 0.880, cycle_B: 0.896, idt_B: 0.416

[Rank 0] (epoch: 20, iters: 600, time: 0.077, data: 0.002) , D_A: 0.128, G_A: 0.848, cycle_A: 1.025, idt_A: 0.416, D_B: 0.048, G_B: 0.647, cycle_B: 0.785, idt_B: 0.996

[Rank 0] (epoch: 20, iters: 800, time: 0.104, data: 0.003) , D_A: 0.119, G_A: 0.695, cycle_A: 0.592, idt_A: 0.725, D_B: 0.127, G_B: 0.526, cycle_B: 1.535, idt_B: 0.648

[Rank 0] (epoch: 20, iters: 1000, time: 0.077, data: 0.002) , D_A: 0.110, G_A: 0.541, cycle_A: 2.081, idt_A: 0.614, D_B: 0.036, G_B: 0.700, cycle_B: 1.454, idt_B: 1.247

[Rank 0] (epoch: 20, iters: 1200, time: 0.077, data: 0.002) , D_A: 0.029, G_A: 0.989, cycle_A: 2.309, idt_A: 0.693, D_B: 0.112, G_B: 0.608, cycle_B: 1.647, idt_B: 0.443

[Rank 0] (epoch: 20, iters: 1400, time: 0.079, data: 0.002) , D_A: 0.043, G_A: 0.362, cycle_A: 1.116, idt_A: 0.573, D_B: 0.091, G_B: 0.693, cycle_B: 0.862, idt_B: 0.347

[Rank 0] (epoch: 20, iters: 1600, time: 0.080, data: 0.002) , D_A: 0.112, G_A: 0.358, cycle_A: 1.836, idt_A: 1.513, D_B: 0.136, G_B: 0.675, cycle_B: 2.898, idt_B: 1.902

[Rank 0] (epoch: 20, iters: 1800, time: 0.080, data: 0.002) , D_A: 0.065, G_A: 0.832, cycle_A: 1.292, idt_A: 0.435, D_B: 0.234, G_B: 0.337, cycle_B: 1.143, idt_B: 0.584

[Rank 0] (epoch: 20, iters: 2000, time: 0.100, data: 0.002) , D_A: 0.030, G_A: 0.780, cycle_A: 1.082, idt_A: 0.792, D_B: 0.070, G_B: 0.595, cycle_B: 1.748, idt_B: 0.394

saving the latest model (epoch 20, total_iters 40000)
learning rate 0.0002000 -> 0.0002000
saving the model at the end of epoch 20, iters 40000
End of epoch 20 / 50 	 Time Taken: 172 sec
[Rank 0] (epoch: 21, iters: 200, time: 0.083, data: 0.002) , D_A: 0.065, G_A: 1.163, cycle_A: 0.680, idt_A: 0.789, D_B: 0.310, G_B: 0.947, cycle_B: 1.108, idt_B: 0.535

[Rank 0] (epoch: 21, iters: 400, time: 0.077, data: 0.002) , D_A: 0.109, G_A: 0.840, cycle_A: 2.790, idt_A: 0.576, D_B: 0.283, G_B: 0.161, cycle_B: 0.884, idt_B: 0.829

[Rank 0] (epoch: 21, iters: 600, time: 0.077, data: 0.002) , D_A: 0.044, G_A: 0.713, cycle_A: 3.030, idt_A: 1.949, D_B: 0.178, G_B: 0.340, cycle_B: 1.728, idt_B: 1.836

[Rank 0] (epoch: 21, iters: 800, time: 0.122, data: 0.002) , D_A: 0.063, G_A: 0.109, cycle_A: 2.023, idt_A: 0.570, D_B: 0.101, G_B: 0.593, cycle_B: 1.343, idt_B: 0.837

[Rank 0] (epoch: 21, iters: 1000, time: 0.077, data: 0.002) , D_A: 0.026, G_A: 1.045, cycle_A: 0.500, idt_A: 0.412, D_B: 0.163, G_B: 0.223, cycle_B: 1.815, idt_B: 0.229

[Rank 0] (epoch: 21, iters: 1200, time: 0.077, data: 0.003) , D_A: 0.107, G_A: 0.831, cycle_A: 0.830, idt_A: 0.765, D_B: 0.051, G_B: 1.227, cycle_B: 1.449, idt_B: 0.869

[Rank 0] (epoch: 21, iters: 1400, time: 0.077, data: 0.002) , D_A: 0.042, G_A: 0.979, cycle_A: 0.710, idt_A: 0.470, D_B: 0.246, G_B: 0.393, cycle_B: 0.586, idt_B: 0.245

[Rank 0] (epoch: 21, iters: 1600, time: 0.077, data: 0.002) , D_A: 0.152, G_A: 1.568, cycle_A: 3.129, idt_A: 0.822, D_B: 0.026, G_B: 0.276, cycle_B: 1.107, idt_B: 1.059

[Rank 0] (epoch: 21, iters: 1800, time: 0.077, data: 0.002) , D_A: 0.036, G_A: 0.521, cycle_A: 1.338, idt_A: 0.720, D_B: 0.158, G_B: 0.286, cycle_B: 1.257, idt_B: 0.733

[Rank 0] (epoch: 21, iters: 2000, time: 0.080, data: 0.002) , D_A: 0.074, G_A: 0.960, cycle_A: 0.949, idt_A: 0.391, D_B: 0.048, G_B: 1.458, cycle_B: 0.925, idt_B: 0.743

learning rate 0.0002000 -> 0.0002000
End of epoch 21 / 50 	 Time Taken: 167 sec
[Rank 0] (epoch: 22, iters: 200, time: 0.083, data: 0.002) , D_A: 0.295, G_A: 0.852, cycle_A: 2.106, idt_A: 0.799, D_B: 0.188, G_B: 0.563, cycle_B: 1.619, idt_B: 0.410

[Rank 0] (epoch: 22, iters: 400, time: 0.077, data: 0.002) , D_A: 0.074, G_A: 0.509, cycle_A: 1.027, idt_A: 0.590, D_B: 0.276, G_B: 0.639, cycle_B: 0.620, idt_B: 0.338

[Rank 0] (epoch: 22, iters: 600, time: 0.077, data: 0.002) , D_A: 0.111, G_A: 1.331, cycle_A: 1.766, idt_A: 0.871, D_B: 0.093, G_B: 0.680, cycle_B: 1.914, idt_B: 0.894

[Rank 0] (epoch: 22, iters: 800, time: 0.086, data: 0.002) , D_A: 0.174, G_A: 0.295, cycle_A: 1.330, idt_A: 0.549, D_B: 0.075, G_B: 0.673, cycle_B: 1.128, idt_B: 0.621

[Rank 0] (epoch: 22, iters: 1000, time: 0.078, data: 0.002) , D_A: 0.114, G_A: 0.406, cycle_A: 3.194, idt_A: 0.804, D_B: 0.211, G_B: 0.556, cycle_B: 1.629, idt_B: 1.815

[Rank 0] (epoch: 22, iters: 1200, time: 0.080, data: 0.002) , D_A: 0.067, G_A: 0.784, cycle_A: 0.719, idt_A: 0.350, D_B: 0.219, G_B: 0.025, cycle_B: 0.664, idt_B: 0.481

[Rank 0] (epoch: 22, iters: 1400, time: 0.083, data: 0.002) , D_A: 0.122, G_A: 0.457, cycle_A: 0.634, idt_A: 0.413, D_B: 0.157, G_B: 0.170, cycle_B: 0.640, idt_B: 0.403

[Rank 0] (epoch: 22, iters: 1600, time: 0.077, data: 0.002) , D_A: 0.041, G_A: 0.523, cycle_A: 1.185, idt_A: 0.857, D_B: 0.069, G_B: 0.530, cycle_B: 1.897, idt_B: 0.515

[Rank 0] (epoch: 22, iters: 1800, time: 0.103, data: 0.002) , D_A: 0.046, G_A: 0.617, cycle_A: 1.021, idt_A: 0.328, D_B: 0.037, G_B: 0.613, cycle_B: 0.732, idt_B: 0.389

[Rank 0] (epoch: 22, iters: 2000, time: 0.089, data: 0.002) , D_A: 0.054, G_A: 0.842, cycle_A: 1.956, idt_A: 0.773, D_B: 0.096, G_B: 0.209, cycle_B: 1.513, idt_B: 0.387

learning rate 0.0002000 -> 0.0002000
End of epoch 22 / 50 	 Time Taken: 176 sec
[Rank 0] (epoch: 23, iters: 200, time: 0.110, data: 0.002) , D_A: 0.078, G_A: 0.460, cycle_A: 1.432, idt_A: 0.944, D_B: 0.216, G_B: 0.782, cycle_B: 1.894, idt_B: 0.763

[Rank 0] (epoch: 23, iters: 400, time: 0.082, data: 0.002) , D_A: 0.076, G_A: 0.548, cycle_A: 0.862, idt_A: 2.300, D_B: 0.067, G_B: 0.701, cycle_B: 3.053, idt_B: 0.445

[Rank 0] (epoch: 23, iters: 600, time: 0.078, data: 0.002) , D_A: 0.122, G_A: 0.536, cycle_A: 0.941, idt_A: 0.742, D_B: 0.060, G_B: 0.936, cycle_B: 1.241, idt_B: 0.264

[Rank 0] (epoch: 23, iters: 800, time: 0.092, data: 0.002) , D_A: 0.115, G_A: 0.995, cycle_A: 1.301, idt_A: 1.264, D_B: 0.173, G_B: 1.377, cycle_B: 1.591, idt_B: 0.797

[Rank 0] (epoch: 23, iters: 1000, time: 0.087, data: 0.002) , D_A: 0.084, G_A: 0.724, cycle_A: 1.538, idt_A: 0.611, D_B: 0.067, G_B: 0.499, cycle_B: 0.716, idt_B: 1.393

saving the latest model (epoch 23, total_iters 45000)
[Rank 0] (epoch: 23, iters: 1200, time: 0.081, data: 0.002) , D_A: 0.034, G_A: 0.866, cycle_A: 3.328, idt_A: 1.000, D_B: 0.123, G_B: 0.350, cycle_B: 1.746, idt_B: 2.860

[Rank 0] (epoch: 23, iters: 1400, time: 0.077, data: 0.002) , D_A: 0.097, G_A: 0.436, cycle_A: 1.983, idt_A: 0.598, D_B: 0.372, G_B: 0.073, cycle_B: 0.633, idt_B: 0.618

[Rank 0] (epoch: 23, iters: 1600, time: 0.084, data: 0.002) , D_A: 0.097, G_A: 2.197, cycle_A: 1.203, idt_A: 1.024, D_B: 0.065, G_B: 0.930, cycle_B: 2.273, idt_B: 0.607

[Rank 0] (epoch: 23, iters: 1800, time: 0.096, data: 0.002) , D_A: 0.156, G_A: 1.080, cycle_A: 1.312, idt_A: 0.344, D_B: 0.154, G_B: 0.389, cycle_B: 0.680, idt_B: 0.894

[Rank 0] (epoch: 23, iters: 2000, time: 0.079, data: 0.002) , D_A: 0.178, G_A: 0.265, cycle_A: 3.265, idt_A: 0.524, D_B: 0.107, G_B: 0.284, cycle_B: 1.139, idt_B: 1.626

learning rate 0.0002000 -> 0.0002000
End of epoch 23 / 50 	 Time Taken: 171 sec
[Rank 0] (epoch: 24, iters: 200, time: 0.086, data: 0.002) , D_A: 0.242, G_A: 0.599, cycle_A: 2.526, idt_A: 0.566, D_B: 0.161, G_B: 0.386, cycle_B: 1.025, idt_B: 0.885

[Rank 0] (epoch: 24, iters: 400, time: 0.078, data: 0.002) , D_A: 0.055, G_A: 0.574, cycle_A: 0.935, idt_A: 0.277, D_B: 0.036, G_B: 0.930, cycle_B: 0.764, idt_B: 0.493

[Rank 0] (epoch: 24, iters: 600, time: 0.083, data: 0.002) , D_A: 0.318, G_A: 0.123, cycle_A: 0.624, idt_A: 0.805, D_B: 0.115, G_B: 0.647, cycle_B: 0.972, idt_B: 0.377

[Rank 0] (epoch: 24, iters: 800, time: 0.078, data: 0.002) , D_A: 0.156, G_A: 1.182, cycle_A: 0.652, idt_A: 1.074, D_B: 0.102, G_B: 0.390, cycle_B: 0.666, idt_B: 0.411

[Rank 0] (epoch: 24, iters: 1000, time: 0.078, data: 0.003) , D_A: 0.144, G_A: 0.298, cycle_A: 2.608, idt_A: 0.524, D_B: 0.365, G_B: 0.653, cycle_B: 0.754, idt_B: 1.074

[Rank 0] (epoch: 24, iters: 1200, time: 0.092, data: 0.002) , D_A: 0.179, G_A: 0.350, cycle_A: 2.384, idt_A: 0.625, D_B: 0.047, G_B: 0.808, cycle_B: 0.973, idt_B: 0.841

[Rank 0] (epoch: 24, iters: 1400, time: 0.076, data: 0.002) , D_A: 0.041, G_A: 0.995, cycle_A: 1.204, idt_A: 0.439, D_B: 0.111, G_B: 1.518, cycle_B: 1.343, idt_B: 0.482

[Rank 0] (epoch: 24, iters: 1600, time: 0.077, data: 0.002) , D_A: 0.252, G_A: 0.166, cycle_A: 1.269, idt_A: 0.457, D_B: 0.132, G_B: 0.506, cycle_B: 1.883, idt_B: 0.736

[Rank 0] (epoch: 24, iters: 1800, time: 0.077, data: 0.002) , D_A: 0.172, G_A: 0.568, cycle_A: 1.081, idt_A: 0.841, D_B: 0.084, G_B: 0.179, cycle_B: 1.637, idt_B: 0.396

[Rank 0] (epoch: 24, iters: 2000, time: 0.082, data: 0.002) , D_A: 0.147, G_A: 0.649, cycle_A: 1.898, idt_A: 0.577, D_B: 0.083, G_B: 0.531, cycle_B: 0.724, idt_B: 1.052

learning rate 0.0002000 -> 0.0002000
End of epoch 24 / 50 	 Time Taken: 171 sec
[Rank 0] (epoch: 25, iters: 200, time: 0.077, data: 0.002) , D_A: 0.340, G_A: 1.117, cycle_A: 1.693, idt_A: 0.593, D_B: 0.096, G_B: 0.798, cycle_B: 1.374, idt_B: 0.940

[Rank 0] (epoch: 25, iters: 400, time: 0.080, data: 0.002) , D_A: 0.049, G_A: 0.693, cycle_A: 1.924, idt_A: 1.434, D_B: 0.088, G_B: 0.244, cycle_B: 3.003, idt_B: 0.344

[Rank 0] (epoch: 25, iters: 600, time: 0.079, data: 0.002) , D_A: 0.071, G_A: 0.761, cycle_A: 0.961, idt_A: 0.447, D_B: 0.162, G_B: 0.379, cycle_B: 0.932, idt_B: 0.359

[Rank 0] (epoch: 25, iters: 800, time: 0.077, data: 0.002) , D_A: 0.091, G_A: 0.499, cycle_A: 2.864, idt_A: 0.569, D_B: 0.192, G_B: 0.230, cycle_B: 1.234, idt_B: 0.799

[Rank 0] (epoch: 25, iters: 1000, time: 0.085, data: 0.002) , D_A: 0.182, G_A: 0.883, cycle_A: 1.146, idt_A: 0.408, D_B: 0.222, G_B: 0.628, cycle_B: 0.657, idt_B: 0.472

[Rank 0] (epoch: 25, iters: 1200, time: 0.076, data: 0.002) , D_A: 0.055, G_A: 1.339, cycle_A: 0.635, idt_A: 0.734, D_B: 0.108, G_B: 0.742, cycle_B: 1.484, idt_B: 0.343

[Rank 0] (epoch: 25, iters: 1400, time: 0.082, data: 0.002) , D_A: 0.070, G_A: 0.533, cycle_A: 1.926, idt_A: 0.495, D_B: 0.057, G_B: 0.114, cycle_B: 0.492, idt_B: 1.184

[Rank 0] (epoch: 25, iters: 1600, time: 0.077, data: 0.002) , D_A: 0.176, G_A: 1.621, cycle_A: 0.522, idt_A: 1.026, D_B: 0.086, G_B: 0.524, cycle_B: 1.525, idt_B: 1.703

[Rank 0] (epoch: 25, iters: 1800, time: 0.077, data: 0.002) , D_A: 0.083, G_A: 0.944, cycle_A: 1.557, idt_A: 0.492, D_B: 0.079, G_B: 0.529, cycle_B: 1.126, idt_B: 1.220

[Rank 0] (epoch: 25, iters: 2000, time: 0.081, data: 0.002) , D_A: 0.114, G_A: 0.385, cycle_A: 2.068, idt_A: 0.712, D_B: 0.182, G_B: 0.595, cycle_B: 1.876, idt_B: 1.077

saving the latest model (epoch 25, total_iters 50000)
learning rate 0.0002000 -> 0.0002000
End of epoch 25 / 50 	 Time Taken: 172 sec
[Rank 0] (epoch: 26, iters: 200, time: 0.076, data: 0.002) , D_A: 0.092, G_A: 0.890, cycle_A: 2.809, idt_A: 0.551, D_B: 0.144, G_B: 0.266, cycle_B: 0.694, idt_B: 1.809

[Rank 0] (epoch: 26, iters: 400, time: 0.095, data: 0.002) , D_A: 0.171, G_A: 0.265, cycle_A: 2.031, idt_A: 0.518, D_B: 0.067, G_B: 0.400, cycle_B: 1.134, idt_B: 1.948

[Rank 0] (epoch: 26, iters: 600, time: 0.077, data: 0.003) , D_A: 0.020, G_A: 1.233, cycle_A: 0.961, idt_A: 0.559, D_B: 0.121, G_B: 0.616, cycle_B: 1.170, idt_B: 1.272

[Rank 0] (epoch: 26, iters: 800, time: 0.081, data: 0.002) , D_A: 0.077, G_A: 1.147, cycle_A: 0.498, idt_A: 0.768, D_B: 0.254, G_B: 0.633, cycle_B: 0.707, idt_B: 0.223

[Rank 0] (epoch: 26, iters: 1000, time: 0.096, data: 0.002) , D_A: 0.074, G_A: 1.187, cycle_A: 1.271, idt_A: 0.308, D_B: 0.144, G_B: 0.479, cycle_B: 0.524, idt_B: 0.877

[Rank 0] (epoch: 26, iters: 1200, time: 0.078, data: 0.002) , D_A: 0.176, G_A: 0.549, cycle_A: 1.321, idt_A: 0.502, D_B: 0.461, G_B: 0.968, cycle_B: 0.957, idt_B: 0.454

[Rank 0] (epoch: 26, iters: 1400, time: 0.091, data: 0.003) , D_A: 0.042, G_A: 1.062, cycle_A: 1.312, idt_A: 0.382, D_B: 0.090, G_B: 1.104, cycle_B: 1.058, idt_B: 0.305

[Rank 0] (epoch: 26, iters: 1600, time: 0.077, data: 0.002) , D_A: 0.066, G_A: 0.561, cycle_A: 2.192, idt_A: 0.669, D_B: 0.025, G_B: 0.344, cycle_B: 1.926, idt_B: 0.457

[Rank 0] (epoch: 26, iters: 1800, time: 0.081, data: 0.002) , D_A: 0.215, G_A: 0.176, cycle_A: 0.787, idt_A: 1.322, D_B: 0.206, G_B: 0.565, cycle_B: 1.941, idt_B: 0.289

[Rank 0] (epoch: 26, iters: 2000, time: 0.085, data: 0.002) , D_A: 0.039, G_A: 0.688, cycle_A: 1.131, idt_A: 0.274, D_B: 0.170, G_B: 0.211, cycle_B: 1.091, idt_B: 0.829

learning rate 0.0002000 -> 0.0002000
End of epoch 26 / 50 	 Time Taken: 174 sec
[Rank 0] (epoch: 27, iters: 200, time: 0.077, data: 0.002) , D_A: 0.040, G_A: 1.149, cycle_A: 0.904, idt_A: 1.676, D_B: 0.049, G_B: 0.709, cycle_B: 2.515, idt_B: 0.411

[Rank 0] (epoch: 27, iters: 400, time: 0.093, data: 0.002) , D_A: 0.404, G_A: 1.428, cycle_A: 1.599, idt_A: 0.842, D_B: 0.216, G_B: 0.213, cycle_B: 1.848, idt_B: 0.380

[Rank 0] (epoch: 27, iters: 600, time: 0.078, data: 0.002) , D_A: 0.090, G_A: 0.406, cycle_A: 1.917, idt_A: 0.388, D_B: 0.624, G_B: 0.028, cycle_B: 0.658, idt_B: 0.389

[Rank 0] (epoch: 27, iters: 800, time: 0.084, data: 0.002) , D_A: 0.086, G_A: 0.479, cycle_A: 1.723, idt_A: 0.523, D_B: 0.242, G_B: 0.462, cycle_B: 0.540, idt_B: 0.886

[Rank 0] (epoch: 27, iters: 1000, time: 0.115, data: 0.002) , D_A: 0.110, G_A: 0.447, cycle_A: 1.861, idt_A: 0.450, D_B: 0.166, G_B: 0.722, cycle_B: 1.418, idt_B: 0.493

[Rank 0] (epoch: 27, iters: 1200, time: 0.100, data: 0.002) , D_A: 0.127, G_A: 1.256, cycle_A: 1.519, idt_A: 0.637, D_B: 0.210, G_B: 0.926, cycle_B: 1.224, idt_B: 0.708

[Rank 0] (epoch: 27, iters: 1400, time: 0.078, data: 0.002) , D_A: 0.157, G_A: 0.327, cycle_A: 2.738, idt_A: 0.656, D_B: 0.102, G_B: 0.369, cycle_B: 1.333, idt_B: 1.413

[Rank 0] (epoch: 27, iters: 1600, time: 0.077, data: 0.002) , D_A: 0.037, G_A: 0.628, cycle_A: 0.927, idt_A: 0.342, D_B: 0.037, G_B: 0.605, cycle_B: 1.168, idt_B: 0.639

[Rank 0] (epoch: 27, iters: 1800, time: 0.077, data: 0.002) , D_A: 0.058, G_A: 1.093, cycle_A: 3.116, idt_A: 1.571, D_B: 0.060, G_B: 0.435, cycle_B: 1.018, idt_B: 1.834

[Rank 0] (epoch: 27, iters: 2000, time: 0.079, data: 0.002) , D_A: 0.209, G_A: 0.214, cycle_A: 1.118, idt_A: 0.418, D_B: 0.267, G_B: 0.816, cycle_B: 0.872, idt_B: 0.478

learning rate 0.0002000 -> 0.0002000
End of epoch 27 / 50 	 Time Taken: 173 sec
[Rank 0] (epoch: 28, iters: 200, time: 0.075, data: 0.002) , D_A: 0.165, G_A: 0.561, cycle_A: 3.369, idt_A: 0.643, D_B: 0.084, G_B: 0.318, cycle_B: 1.160, idt_B: 1.304

[Rank 0] (epoch: 28, iters: 400, time: 0.077, data: 0.002) , D_A: 0.244, G_A: 0.864, cycle_A: 1.382, idt_A: 0.481, D_B: 0.172, G_B: 0.864, cycle_B: 0.914, idt_B: 0.782

[Rank 0] (epoch: 28, iters: 600, time: 0.077, data: 0.002) , D_A: 0.091, G_A: 0.877, cycle_A: 0.868, idt_A: 0.725, D_B: 0.221, G_B: 1.227, cycle_B: 1.524, idt_B: 0.393

[Rank 0] (epoch: 28, iters: 800, time: 0.077, data: 0.002) , D_A: 0.091, G_A: 1.105, cycle_A: 0.907, idt_A: 0.371, D_B: 0.196, G_B: 0.228, cycle_B: 0.847, idt_B: 0.459

[Rank 0] (epoch: 28, iters: 1000, time: 0.077, data: 0.002) , D_A: 0.047, G_A: 0.676, cycle_A: 1.015, idt_A: 0.124, D_B: 0.161, G_B: 0.656, cycle_B: 0.320, idt_B: 1.138

saving the latest model (epoch 28, total_iters 55000)
[Rank 0] (epoch: 28, iters: 1200, time: 0.077, data: 0.002) , D_A: 0.035, G_A: 0.682, cycle_A: 1.126, idt_A: 0.261, D_B: 0.167, G_B: 0.246, cycle_B: 0.643, idt_B: 0.692

[Rank 0] (epoch: 28, iters: 1400, time: 0.077, data: 0.002) , D_A: 0.041, G_A: 0.685, cycle_A: 0.762, idt_A: 0.317, D_B: 0.106, G_B: 0.616, cycle_B: 0.716, idt_B: 0.372

[Rank 0] (epoch: 28, iters: 1600, time: 0.077, data: 0.002) , D_A: 0.122, G_A: 0.444, cycle_A: 3.541, idt_A: 0.573, D_B: 0.228, G_B: 0.759, cycle_B: 1.025, idt_B: 0.962

[Rank 0] (epoch: 28, iters: 1800, time: 0.085, data: 0.009) , D_A: 0.039, G_A: 0.704, cycle_A: 0.988, idt_A: 0.501, D_B: 0.337, G_B: 0.105, cycle_B: 1.095, idt_B: 0.253

[Rank 0] (epoch: 28, iters: 2000, time: 0.077, data: 0.002) , D_A: 0.044, G_A: 0.658, cycle_A: 1.028, idt_A: 0.354, D_B: 0.071, G_B: 0.598, cycle_B: 1.179, idt_B: 0.376

learning rate 0.0002000 -> 0.0002000
End of epoch 28 / 50 	 Time Taken: 167 sec
[Rank 0] (epoch: 29, iters: 200, time: 0.118, data: 0.002) , D_A: 0.055, G_A: 0.871, cycle_A: 2.173, idt_A: 0.596, D_B: 0.165, G_B: 0.437, cycle_B: 1.194, idt_B: 0.630

[Rank 0] (epoch: 29, iters: 400, time: 0.109, data: 0.002) , D_A: 0.038, G_A: 0.832, cycle_A: 1.892, idt_A: 0.641, D_B: 0.128, G_B: 0.331, cycle_B: 1.460, idt_B: 0.942

[Rank 0] (epoch: 29, iters: 600, time: 0.091, data: 0.002) , D_A: 0.028, G_A: 0.766, cycle_A: 1.522, idt_A: 0.466, D_B: 0.071, G_B: 0.558, cycle_B: 0.887, idt_B: 1.113

[Rank 0] (epoch: 29, iters: 800, time: 0.100, data: 0.003) , D_A: 0.115, G_A: 0.569, cycle_A: 0.606, idt_A: 0.352, D_B: 0.134, G_B: 0.861, cycle_B: 0.912, idt_B: 0.289

[Rank 0] (epoch: 29, iters: 1000, time: 0.081, data: 0.002) , D_A: 0.044, G_A: 1.068, cycle_A: 0.679, idt_A: 0.365, D_B: 0.229, G_B: 0.967, cycle_B: 1.202, idt_B: 0.412

[Rank 0] (epoch: 29, iters: 1200, time: 0.077, data: 0.003) , D_A: 0.121, G_A: 0.686, cycle_A: 1.859, idt_A: 0.610, D_B: 0.441, G_B: 1.167, cycle_B: 1.231, idt_B: 0.540

[Rank 0] (epoch: 29, iters: 1400, time: 0.077, data: 0.002) , D_A: 0.151, G_A: 1.639, cycle_A: 1.489, idt_A: 0.542, D_B: 0.143, G_B: 0.754, cycle_B: 0.983, idt_B: 1.187

[Rank 0] (epoch: 29, iters: 1600, time: 0.077, data: 0.002) , D_A: 0.040, G_A: 0.861, cycle_A: 0.934, idt_A: 0.344, D_B: 0.147, G_B: 0.311, cycle_B: 0.535, idt_B: 0.451

[Rank 0] (epoch: 29, iters: 1800, time: 0.082, data: 0.002) , D_A: 0.177, G_A: 0.477, cycle_A: 1.219, idt_A: 0.889, D_B: 0.057, G_B: 0.686, cycle_B: 1.255, idt_B: 0.821

[Rank 0] (epoch: 29, iters: 2000, time: 0.106, data: 0.002) , D_A: 0.077, G_A: 0.751, cycle_A: 1.899, idt_A: 0.974, D_B: 0.041, G_B: 0.791, cycle_B: 1.379, idt_B: 1.301

learning rate 0.0002000 -> 0.0002000
End of epoch 29 / 50 	 Time Taken: 173 sec
[Rank 0] (epoch: 30, iters: 200, time: 0.082, data: 0.002) , D_A: 0.057, G_A: 1.069, cycle_A: 4.528, idt_A: 0.791, D_B: 0.066, G_B: 0.271, cycle_B: 2.009, idt_B: 2.757

[Rank 0] (epoch: 30, iters: 400, time: 0.084, data: 0.002) , D_A: 0.026, G_A: 0.709, cycle_A: 1.242, idt_A: 0.328, D_B: 0.129, G_B: 0.406, cycle_B: 1.088, idt_B: 0.414

[Rank 0] (epoch: 30, iters: 600, time: 0.101, data: 0.003) , D_A: 0.252, G_A: 1.414, cycle_A: 1.825, idt_A: 0.481, D_B: 0.249, G_B: 0.436, cycle_B: 1.071, idt_B: 0.749

[Rank 0] (epoch: 30, iters: 800, time: 0.077, data: 0.002) , D_A: 0.031, G_A: 1.204, cycle_A: 2.639, idt_A: 0.684, D_B: 0.043, G_B: 0.541, cycle_B: 0.897, idt_B: 0.553

[Rank 0] (epoch: 30, iters: 1000, time: 0.078, data: 0.002) , D_A: 0.081, G_A: 0.488, cycle_A: 0.637, idt_A: 0.904, D_B: 0.193, G_B: 0.187, cycle_B: 1.369, idt_B: 0.354

[Rank 0] (epoch: 30, iters: 1200, time: 0.080, data: 0.002) , D_A: 0.145, G_A: 0.334, cycle_A: 6.861, idt_A: 0.559, D_B: 0.069, G_B: 0.996, cycle_B: 1.335, idt_B: 2.628

[Rank 0] (epoch: 30, iters: 1400, time: 0.093, data: 0.002) , D_A: 0.064, G_A: 0.716, cycle_A: 0.690, idt_A: 1.772, D_B: 0.162, G_B: 0.381, cycle_B: 2.032, idt_B: 0.687

[Rank 0] (epoch: 30, iters: 1600, time: 0.085, data: 0.002) , D_A: 0.022, G_A: 0.962, cycle_A: 1.998, idt_A: 0.564, D_B: 0.179, G_B: 0.287, cycle_B: 0.934, idt_B: 0.787

[Rank 0] (epoch: 30, iters: 1800, time: 0.077, data: 0.002) , D_A: 0.095, G_A: 1.201, cycle_A: 2.143, idt_A: 0.631, D_B: 0.239, G_B: 0.997, cycle_B: 1.546, idt_B: 0.893

[Rank 0] (epoch: 30, iters: 2000, time: 0.082, data: 0.002) , D_A: 0.129, G_A: 0.829, cycle_A: 1.439, idt_A: 0.472, D_B: 0.105, G_B: 1.747, cycle_B: 0.911, idt_B: 0.702

saving the latest model (epoch 30, total_iters 60000)
learning rate 0.0002000 -> 0.0001905
saving the model at the end of epoch 30, iters 60000
End of epoch 30 / 50 	 Time Taken: 174 sec
[Rank 0] (epoch: 31, iters: 200, time: 0.078, data: 0.002) , D_A: 0.045, G_A: 1.256, cycle_A: 0.856, idt_A: 0.406, D_B: 0.064, G_B: 0.946, cycle_B: 0.678, idt_B: 0.460

[Rank 0] (epoch: 31, iters: 400, time: 0.086, data: 0.002) , D_A: 0.043, G_A: 0.956, cycle_A: 1.942, idt_A: 0.518, D_B: 0.083, G_B: 0.609, cycle_B: 0.979, idt_B: 0.578

[Rank 0] (epoch: 31, iters: 600, time: 0.081, data: 0.002) , D_A: 0.041, G_A: 0.779, cycle_A: 1.655, idt_A: 0.363, D_B: 0.102, G_B: 0.719, cycle_B: 0.968, idt_B: 0.655

[Rank 0] (epoch: 31, iters: 800, time: 0.078, data: 0.002) , D_A: 0.071, G_A: 0.913, cycle_A: 1.755, idt_A: 0.496, D_B: 0.135, G_B: 1.037, cycle_B: 1.171, idt_B: 0.388

[Rank 0] (epoch: 31, iters: 1000, time: 0.077, data: 0.002) , D_A: 0.095, G_A: 0.768, cycle_A: 0.651, idt_A: 0.589, D_B: 0.301, G_B: 0.373, cycle_B: 0.610, idt_B: 0.553

[Rank 0] (epoch: 31, iters: 1200, time: 0.094, data: 0.002) , D_A: 0.108, G_A: 0.525, cycle_A: 2.634, idt_A: 0.406, D_B: 0.031, G_B: 0.852, cycle_B: 0.677, idt_B: 1.475

[Rank 0] (epoch: 31, iters: 1400, time: 0.080, data: 0.002) , D_A: 0.022, G_A: 1.393, cycle_A: 1.242, idt_A: 0.248, D_B: 0.106, G_B: 0.430, cycle_B: 0.436, idt_B: 0.227

[Rank 0] (epoch: 31, iters: 1600, time: 0.108, data: 0.002) , D_A: 0.188, G_A: 0.411, cycle_A: 1.909, idt_A: 0.504, D_B: 0.139, G_B: 0.810, cycle_B: 1.432, idt_B: 0.654

[Rank 0] (epoch: 31, iters: 1800, time: 0.077, data: 0.002) , D_A: 0.136, G_A: 0.668, cycle_A: 1.408, idt_A: 0.281, D_B: 0.055, G_B: 0.239, cycle_B: 0.661, idt_B: 0.586

[Rank 0] (epoch: 31, iters: 2000, time: 0.079, data: 0.002) , D_A: 0.153, G_A: 0.531, cycle_A: 1.716, idt_A: 0.301, D_B: 0.226, G_B: 0.434, cycle_B: 0.984, idt_B: 0.393

learning rate 0.0001905 -> 0.0001810
End of epoch 31 / 50 	 Time Taken: 176 sec
[Rank 0] (epoch: 32, iters: 200, time: 0.077, data: 0.002) , D_A: 0.406, G_A: 0.286, cycle_A: 0.869, idt_A: 0.213, D_B: 0.141, G_B: 0.506, cycle_B: 0.355, idt_B: 0.413

[Rank 0] (epoch: 32, iters: 400, time: 0.091, data: 0.002) , D_A: 0.044, G_A: 0.746, cycle_A: 1.849, idt_A: 1.112, D_B: 0.038, G_B: 0.276, cycle_B: 1.083, idt_B: 1.024

[Rank 0] (epoch: 32, iters: 600, time: 0.079, data: 0.002) , D_A: 0.049, G_A: 0.731, cycle_A: 1.460, idt_A: 0.604, D_B: 0.046, G_B: 0.745, cycle_B: 1.733, idt_B: 0.689

[Rank 0] (epoch: 32, iters: 800, time: 0.077, data: 0.002) , D_A: 0.084, G_A: 0.158, cycle_A: 2.742, idt_A: 0.504, D_B: 0.060, G_B: 0.583, cycle_B: 1.021, idt_B: 1.850

[Rank 0] (epoch: 32, iters: 1000, time: 0.093, data: 0.002) , D_A: 0.039, G_A: 0.751, cycle_A: 2.313, idt_A: 0.383, D_B: 0.089, G_B: 0.619, cycle_B: 0.964, idt_B: 0.888

[Rank 0] (epoch: 32, iters: 1200, time: 0.087, data: 0.002) , D_A: 0.144, G_A: 0.349, cycle_A: 1.377, idt_A: 0.525, D_B: 0.278, G_B: 0.721, cycle_B: 1.105, idt_B: 0.288

[Rank 0] (epoch: 32, iters: 1400, time: 0.076, data: 0.002) , D_A: 0.187, G_A: 0.606, cycle_A: 1.901, idt_A: 0.608, D_B: 0.047, G_B: 0.302, cycle_B: 1.423, idt_B: 1.104

[Rank 0] (epoch: 32, iters: 1600, time: 0.077, data: 0.002) , D_A: 0.063, G_A: 0.717, cycle_A: 0.779, idt_A: 0.382, D_B: 0.101, G_B: 0.369, cycle_B: 0.932, idt_B: 0.393

[Rank 0] (epoch: 32, iters: 1800, time: 0.081, data: 0.002) , D_A: 0.045, G_A: 0.534, cycle_A: 2.668, idt_A: 0.377, D_B: 0.222, G_B: 0.644, cycle_B: 0.604, idt_B: 1.014

[Rank 0] (epoch: 32, iters: 2000, time: 0.077, data: 0.002) , D_A: 0.044, G_A: 0.764, cycle_A: 1.305, idt_A: 0.344, D_B: 0.163, G_B: 0.424, cycle_B: 0.651, idt_B: 0.440

learning rate 0.0001810 -> 0.0001714
End of epoch 32 / 50 	 Time Taken: 169 sec
[Rank 0] (epoch: 33, iters: 200, time: 0.077, data: 0.002) , D_A: 0.162, G_A: 0.244, cycle_A: 1.467, idt_A: 1.250, D_B: 0.118, G_B: 0.541, cycle_B: 1.435, idt_B: 0.431

[Rank 0] (epoch: 33, iters: 400, time: 0.079, data: 0.002) , D_A: 0.028, G_A: 0.895, cycle_A: 3.385, idt_A: 0.355, D_B: 0.034, G_B: 0.721, cycle_B: 1.213, idt_B: 0.737

[Rank 0] (epoch: 33, iters: 600, time: 0.077, data: 0.002) , D_A: 0.109, G_A: 1.066, cycle_A: 0.828, idt_A: 0.378, D_B: 0.150, G_B: 0.440, cycle_B: 0.811, idt_B: 0.797

[Rank 0] (epoch: 33, iters: 800, time: 0.077, data: 0.002) , D_A: 0.081, G_A: 1.553, cycle_A: 0.929, idt_A: 0.401, D_B: 0.102, G_B: 0.690, cycle_B: 0.613, idt_B: 0.295

[Rank 0] (epoch: 33, iters: 1000, time: 0.077, data: 0.002) , D_A: 0.113, G_A: 0.373, cycle_A: 0.487, idt_A: 0.445, D_B: 0.068, G_B: 0.518, cycle_B: 0.757, idt_B: 0.127

saving the latest model (epoch 33, total_iters 65000)
[Rank 0] (epoch: 33, iters: 1200, time: 0.104, data: 0.002) , D_A: 0.069, G_A: 0.378, cycle_A: 0.838, idt_A: 0.353, D_B: 0.126, G_B: 0.433, cycle_B: 0.709, idt_B: 0.665

[Rank 0] (epoch: 33, iters: 1400, time: 0.077, data: 0.002) , D_A: 0.030, G_A: 0.957, cycle_A: 0.850, idt_A: 0.286, D_B: 0.067, G_B: 0.992, cycle_B: 0.763, idt_B: 0.591

[Rank 0] (epoch: 33, iters: 1600, time: 0.095, data: 0.002) , D_A: 0.285, G_A: 0.452, cycle_A: 0.728, idt_A: 0.384, D_B: 0.124, G_B: 0.720, cycle_B: 1.118, idt_B: 1.022

[Rank 0] (epoch: 33, iters: 1800, time: 0.084, data: 0.002) , D_A: 0.023, G_A: 0.775, cycle_A: 0.987, idt_A: 0.665, D_B: 0.112, G_B: 0.396, cycle_B: 0.703, idt_B: 0.663

[Rank 0] (epoch: 33, iters: 2000, time: 0.077, data: 0.002) , D_A: 0.043, G_A: 0.641, cycle_A: 1.080, idt_A: 0.377, D_B: 0.186, G_B: 0.342, cycle_B: 1.023, idt_B: 0.728

learning rate 0.0001714 -> 0.0001619
End of epoch 33 / 50 	 Time Taken: 166 sec
[Rank 0] (epoch: 34, iters: 200, time: 0.077, data: 0.002) , D_A: 0.173, G_A: 0.218, cycle_A: 1.424, idt_A: 0.845, D_B: 0.055, G_B: 0.155, cycle_B: 0.860, idt_B: 0.961

[Rank 0] (epoch: 34, iters: 400, time: 0.077, data: 0.002) , D_A: 0.128, G_A: 1.294, cycle_A: 0.520, idt_A: 1.232, D_B: 0.126, G_B: 0.708, cycle_B: 1.322, idt_B: 0.258

[Rank 0] (epoch: 34, iters: 600, time: 0.077, data: 0.002) , D_A: 0.071, G_A: 0.566, cycle_A: 1.457, idt_A: 0.963, D_B: 0.182, G_B: 1.182, cycle_B: 1.273, idt_B: 0.837

[Rank 0] (epoch: 34, iters: 800, time: 0.102, data: 0.002) , D_A: 0.063, G_A: 1.188, cycle_A: 1.754, idt_A: 0.361, D_B: 0.147, G_B: 0.536, cycle_B: 0.849, idt_B: 0.617

[Rank 0] (epoch: 34, iters: 1000, time: 0.093, data: 0.002) , D_A: 0.206, G_A: 1.004, cycle_A: 2.040, idt_A: 0.246, D_B: 0.027, G_B: 0.268, cycle_B: 0.479, idt_B: 0.972

[Rank 0] (epoch: 34, iters: 1200, time: 0.080, data: 0.002) , D_A: 0.319, G_A: 0.560, cycle_A: 1.490, idt_A: 0.758, D_B: 0.081, G_B: 0.678, cycle_B: 0.959, idt_B: 0.538

[Rank 0] (epoch: 34, iters: 1400, time: 0.099, data: 0.002) , D_A: 0.089, G_A: 0.526, cycle_A: 2.341, idt_A: 0.472, D_B: 0.092, G_B: 0.654, cycle_B: 0.898, idt_B: 0.650

[Rank 0] (epoch: 34, iters: 1600, time: 0.077, data: 0.002) , D_A: 0.163, G_A: 0.579, cycle_A: 0.831, idt_A: 0.244, D_B: 0.091, G_B: 0.451, cycle_B: 0.498, idt_B: 0.548

[Rank 0] (epoch: 34, iters: 1800, time: 0.076, data: 0.002) , D_A: 0.041, G_A: 0.684, cycle_A: 1.007, idt_A: 0.620, D_B: 0.071, G_B: 1.055, cycle_B: 1.256, idt_B: 0.588

[Rank 0] (epoch: 34, iters: 2000, time: 0.088, data: 0.002) , D_A: 0.087, G_A: 0.980, cycle_A: 1.304, idt_A: 0.345, D_B: 0.331, G_B: 0.123, cycle_B: 0.682, idt_B: 0.802

learning rate 0.0001619 -> 0.0001524
End of epoch 34 / 50 	 Time Taken: 170 sec
[Rank 0] (epoch: 35, iters: 200, time: 0.077, data: 0.002) , D_A: 0.039, G_A: 0.703, cycle_A: 5.743, idt_A: 0.188, D_B: 0.164, G_B: 0.754, cycle_B: 1.129, idt_B: 1.531

[Rank 0] (epoch: 35, iters: 400, time: 0.081, data: 0.002) , D_A: 0.195, G_A: 0.234, cycle_A: 1.724, idt_A: 0.239, D_B: 0.088, G_B: 0.148, cycle_B: 0.676, idt_B: 0.596

[Rank 0] (epoch: 35, iters: 600, time: 0.077, data: 0.002) , D_A: 0.041, G_A: 0.664, cycle_A: 1.014, idt_A: 0.707, D_B: 0.162, G_B: 0.255, cycle_B: 1.653, idt_B: 0.699

[Rank 0] (epoch: 35, iters: 800, time: 0.085, data: 0.002) , D_A: 0.071, G_A: 0.586, cycle_A: 1.024, idt_A: 0.308, D_B: 0.073, G_B: 0.529, cycle_B: 1.633, idt_B: 0.349

[Rank 0] (epoch: 35, iters: 1000, time: 0.077, data: 0.002) , D_A: 0.066, G_A: 0.626, cycle_A: 4.003, idt_A: 0.409, D_B: 0.049, G_B: 0.303, cycle_B: 0.647, idt_B: 0.179

[Rank 0] (epoch: 35, iters: 1200, time: 0.077, data: 0.002) , D_A: 0.034, G_A: 1.209, cycle_A: 0.774, idt_A: 1.743, D_B: 0.069, G_B: 0.298, cycle_B: 2.572, idt_B: 0.604

[Rank 0] (epoch: 35, iters: 1400, time: 0.077, data: 0.002) , D_A: 0.028, G_A: 1.257, cycle_A: 0.983, idt_A: 0.269, D_B: 0.085, G_B: 0.873, cycle_B: 0.628, idt_B: 0.354

[Rank 0] (epoch: 35, iters: 1600, time: 0.079, data: 0.002) , D_A: 0.197, G_A: 1.829, cycle_A: 1.109, idt_A: 0.567, D_B: 0.021, G_B: 0.420, cycle_B: 0.712, idt_B: 0.684

[Rank 0] (epoch: 35, iters: 1800, time: 0.077, data: 0.002) , D_A: 0.023, G_A: 1.221, cycle_A: 1.211, idt_A: 0.200, D_B: 0.062, G_B: 0.552, cycle_B: 0.484, idt_B: 0.280

[Rank 0] (epoch: 35, iters: 2000, time: 0.077, data: 0.002) , D_A: 0.041, G_A: 0.856, cycle_A: 0.983, idt_A: 0.751, D_B: 0.065, G_B: 0.852, cycle_B: 0.522, idt_B: 0.591

saving the latest model (epoch 35, total_iters 70000)
learning rate 0.0001524 -> 0.0001429
End of epoch 35 / 50 	 Time Taken: 168 sec
[Rank 0] (epoch: 36, iters: 200, time: 0.078, data: 0.002) , D_A: 0.031, G_A: 0.993, cycle_A: 1.136, idt_A: 0.952, D_B: 0.170, G_B: 0.694, cycle_B: 1.590, idt_B: 0.420

[Rank 0] (epoch: 36, iters: 400, time: 0.084, data: 0.002) , D_A: 0.074, G_A: 0.895, cycle_A: 0.523, idt_A: 0.422, D_B: 0.145, G_B: 0.760, cycle_B: 2.286, idt_B: 0.311

[Rank 0] (epoch: 36, iters: 600, time: 0.077, data: 0.002) , D_A: 0.085, G_A: 0.432, cycle_A: 1.368, idt_A: 0.404, D_B: 0.165, G_B: 0.435, cycle_B: 1.820, idt_B: 0.732

[Rank 0] (epoch: 36, iters: 800, time: 0.081, data: 0.003) , D_A: 0.034, G_A: 0.736, cycle_A: 0.613, idt_A: 0.433, D_B: 0.052, G_B: 0.515, cycle_B: 0.801, idt_B: 0.446

[Rank 0] (epoch: 36, iters: 1000, time: 0.078, data: 0.004) , D_A: 0.216, G_A: 0.264, cycle_A: 1.048, idt_A: 0.311, D_B: 0.212, G_B: 0.219, cycle_B: 0.695, idt_B: 0.682

[Rank 0] (epoch: 36, iters: 1200, time: 0.080, data: 0.002) , D_A: 0.097, G_A: 0.708, cycle_A: 0.404, idt_A: 0.315, D_B: 0.071, G_B: 1.064, cycle_B: 0.681, idt_B: 0.234

[Rank 0] (epoch: 36, iters: 1400, time: 0.077, data: 0.002) , D_A: 0.049, G_A: 0.749, cycle_A: 1.090, idt_A: 0.163, D_B: 0.073, G_B: 0.472, cycle_B: 0.419, idt_B: 0.294

[Rank 0] (epoch: 36, iters: 1600, time: 0.078, data: 0.002) , D_A: 0.042, G_A: 0.426, cycle_A: 0.776, idt_A: 0.630, D_B: 0.056, G_B: 0.743, cycle_B: 0.704, idt_B: 0.335

[Rank 0] (epoch: 36, iters: 1800, time: 0.077, data: 0.003) , D_A: 0.033, G_A: 0.705, cycle_A: 1.537, idt_A: 0.484, D_B: 0.294, G_B: 0.245, cycle_B: 0.863, idt_B: 1.000

[Rank 0] (epoch: 36, iters: 2000, time: 0.095, data: 0.002) , D_A: 0.028, G_A: 0.906, cycle_A: 0.929, idt_A: 0.672, D_B: 0.182, G_B: 0.379, cycle_B: 1.255, idt_B: 0.635

learning rate 0.0001429 -> 0.0001333
End of epoch 36 / 50 	 Time Taken: 174 sec
[Rank 0] (epoch: 37, iters: 200, time: 0.077, data: 0.002) , D_A: 0.084, G_A: 0.576, cycle_A: 0.412, idt_A: 0.335, D_B: 0.128, G_B: 0.674, cycle_B: 0.870, idt_B: 0.250

[Rank 0] (epoch: 37, iters: 400, time: 0.103, data: 0.002) , D_A: 0.037, G_A: 0.926, cycle_A: 0.698, idt_A: 0.580, D_B: 0.062, G_B: 0.755, cycle_B: 1.372, idt_B: 0.665

[Rank 0] (epoch: 37, iters: 600, time: 0.107, data: 0.002) , D_A: 0.028, G_A: 1.011, cycle_A: 0.596, idt_A: 0.321, D_B: 0.061, G_B: 1.118, cycle_B: 0.775, idt_B: 0.284

[Rank 0] (epoch: 37, iters: 800, time: 0.079, data: 0.003) , D_A: 0.025, G_A: 0.985, cycle_A: 1.427, idt_A: 0.293, D_B: 0.020, G_B: 0.868, cycle_B: 0.851, idt_B: 0.645

[Rank 0] (epoch: 37, iters: 1000, time: 0.077, data: 0.002) , D_A: 0.070, G_A: 1.106, cycle_A: 1.329, idt_A: 0.249, D_B: 0.039, G_B: 0.887, cycle_B: 0.661, idt_B: 0.460

[Rank 0] (epoch: 37, iters: 1200, time: 0.093, data: 0.002) , D_A: 0.041, G_A: 2.066, cycle_A: 1.302, idt_A: 0.777, D_B: 0.146, G_B: 0.314, cycle_B: 1.487, idt_B: 0.920

[Rank 0] (epoch: 37, iters: 1400, time: 0.081, data: 0.002) , D_A: 0.055, G_A: 0.822, cycle_A: 1.135, idt_A: 0.323, D_B: 0.129, G_B: 1.081, cycle_B: 0.701, idt_B: 0.961

[Rank 0] (epoch: 37, iters: 1600, time: 0.085, data: 0.002) , D_A: 0.151, G_A: 0.273, cycle_A: 1.589, idt_A: 0.534, D_B: 0.268, G_B: 0.479, cycle_B: 3.085, idt_B: 0.565

[Rank 0] (epoch: 37, iters: 1800, time: 0.079, data: 0.002) , D_A: 0.020, G_A: 0.989, cycle_A: 0.310, idt_A: 0.240, D_B: 0.055, G_B: 0.486, cycle_B: 0.435, idt_B: 0.184

[Rank 0] (epoch: 37, iters: 2000, time: 0.095, data: 0.002) , D_A: 0.038, G_A: 0.738, cycle_A: 1.375, idt_A: 0.457, D_B: 0.107, G_B: 0.122, cycle_B: 0.760, idt_B: 0.584

learning rate 0.0001333 -> 0.0001238
End of epoch 37 / 50 	 Time Taken: 173 sec
[Rank 0] (epoch: 38, iters: 200, time: 0.078, data: 0.003) , D_A: 0.051, G_A: 0.717, cycle_A: 0.495, idt_A: 0.659, D_B: 0.152, G_B: 0.874, cycle_B: 1.003, idt_B: 0.412

[Rank 0] (epoch: 38, iters: 400, time: 0.102, data: 0.003) , D_A: 0.028, G_A: 1.322, cycle_A: 1.293, idt_A: 0.642, D_B: 0.020, G_B: 1.083, cycle_B: 1.414, idt_B: 0.586

[Rank 0] (epoch: 38, iters: 600, time: 0.077, data: 0.004) , D_A: 0.073, G_A: 0.906, cycle_A: 2.320, idt_A: 0.420, D_B: 0.271, G_B: 0.125, cycle_B: 0.576, idt_B: 0.777

[Rank 0] (epoch: 38, iters: 800, time: 0.077, data: 0.002) , D_A: 0.040, G_A: 0.910, cycle_A: 0.790, idt_A: 0.228, D_B: 0.078, G_B: 0.534, cycle_B: 0.835, idt_B: 0.395

[Rank 0] (epoch: 38, iters: 1000, time: 0.093, data: 0.002) , D_A: 0.085, G_A: 0.429, cycle_A: 0.568, idt_A: 0.431, D_B: 0.177, G_B: 0.691, cycle_B: 1.022, idt_B: 0.365

saving the latest model (epoch 38, total_iters 75000)
[Rank 0] (epoch: 38, iters: 1200, time: 0.085, data: 0.002) , D_A: 0.095, G_A: 0.410, cycle_A: 1.535, idt_A: 0.369, D_B: 0.072, G_B: 1.052, cycle_B: 0.804, idt_B: 0.524

[Rank 0] (epoch: 38, iters: 1400, time: 0.100, data: 0.002) , D_A: 0.111, G_A: 0.429, cycle_A: 0.633, idt_A: 0.325, D_B: 0.130, G_B: 0.376, cycle_B: 0.533, idt_B: 0.444

[Rank 0] (epoch: 38, iters: 1600, time: 0.084, data: 0.002) , D_A: 0.137, G_A: 0.308, cycle_A: 1.402, idt_A: 0.235, D_B: 0.237, G_B: 0.553, cycle_B: 0.493, idt_B: 0.626

[Rank 0] (epoch: 38, iters: 1800, time: 0.078, data: 0.002) , D_A: 0.078, G_A: 1.032, cycle_A: 0.925, idt_A: 0.631, D_B: 0.076, G_B: 0.384, cycle_B: 0.516, idt_B: 0.288

[Rank 0] (epoch: 38, iters: 2000, time: 0.078, data: 0.002) , D_A: 0.046, G_A: 1.485, cycle_A: 1.737, idt_A: 0.416, D_B: 0.075, G_B: 0.678, cycle_B: 1.109, idt_B: 0.648

learning rate 0.0001238 -> 0.0001143
End of epoch 38 / 50 	 Time Taken: 173 sec
[Rank 0] (epoch: 39, iters: 200, time: 0.078, data: 0.002) , D_A: 0.025, G_A: 0.992, cycle_A: 0.288, idt_A: 0.568, D_B: 0.063, G_B: 0.606, cycle_B: 1.586, idt_B: 1.346

[Rank 0] (epoch: 39, iters: 400, time: 0.077, data: 0.002) , D_A: 0.093, G_A: 0.684, cycle_A: 1.278, idt_A: 0.147, D_B: 0.080, G_B: 0.399, cycle_B: 0.410, idt_B: 0.797

[Rank 0] (epoch: 39, iters: 600, time: 0.127, data: 0.002) , D_A: 0.157, G_A: 0.350, cycle_A: 1.018, idt_A: 0.295, D_B: 0.367, G_B: 0.932, cycle_B: 1.712, idt_B: 0.656

[Rank 0] (epoch: 39, iters: 800, time: 0.104, data: 0.002) , D_A: 0.063, G_A: 0.537, cycle_A: 1.777, idt_A: 0.692, D_B: 0.157, G_B: 0.613, cycle_B: 0.581, idt_B: 0.932

[Rank 0] (epoch: 39, iters: 1000, time: 0.084, data: 0.002) , D_A: 0.165, G_A: 0.725, cycle_A: 0.835, idt_A: 0.430, D_B: 0.025, G_B: 1.084, cycle_B: 1.127, idt_B: 0.749

[Rank 0] (epoch: 39, iters: 1200, time: 0.077, data: 0.002) , D_A: 0.129, G_A: 0.861, cycle_A: 0.537, idt_A: 0.395, D_B: 0.105, G_B: 0.378, cycle_B: 1.198, idt_B: 0.302

[Rank 0] (epoch: 39, iters: 1400, time: 0.077, data: 0.002) , D_A: 0.088, G_A: 0.962, cycle_A: 1.365, idt_A: 0.352, D_B: 0.149, G_B: 0.385, cycle_B: 0.449, idt_B: 0.536

[Rank 0] (epoch: 39, iters: 1600, time: 0.094, data: 0.002) , D_A: 0.088, G_A: 0.752, cycle_A: 0.976, idt_A: 0.302, D_B: 0.299, G_B: 0.668, cycle_B: 0.517, idt_B: 0.542

[Rank 0] (epoch: 39, iters: 1800, time: 0.087, data: 0.002) , D_A: 0.017, G_A: 1.020, cycle_A: 0.922, idt_A: 0.773, D_B: 0.086, G_B: 0.456, cycle_B: 0.807, idt_B: 0.427

[Rank 0] (epoch: 39, iters: 2000, time: 0.084, data: 0.002) , D_A: 0.185, G_A: 0.610, cycle_A: 1.098, idt_A: 0.371, D_B: 0.039, G_B: 0.796, cycle_B: 0.862, idt_B: 0.390

learning rate 0.0001143 -> 0.0001048
End of epoch 39 / 50 	 Time Taken: 172 sec
[Rank 0] (epoch: 40, iters: 200, time: 0.081, data: 0.002) , D_A: 0.020, G_A: 0.848, cycle_A: 0.599, idt_A: 0.256, D_B: 0.024, G_B: 0.905, cycle_B: 0.946, idt_B: 0.890

[Rank 0] (epoch: 40, iters: 400, time: 0.099, data: 0.002) , D_A: 0.059, G_A: 0.823, cycle_A: 0.792, idt_A: 0.325, D_B: 0.042, G_B: 0.549, cycle_B: 0.731, idt_B: 0.625

[Rank 0] (epoch: 40, iters: 600, time: 0.078, data: 0.002) , D_A: 0.038, G_A: 1.042, cycle_A: 0.926, idt_A: 0.447, D_B: 0.031, G_B: 0.622, cycle_B: 0.900, idt_B: 0.685

[Rank 0] (epoch: 40, iters: 800, time: 0.086, data: 0.002) , D_A: 0.090, G_A: 0.725, cycle_A: 0.434, idt_A: 0.359, D_B: 0.256, G_B: 0.901, cycle_B: 0.633, idt_B: 0.598

[Rank 0] (epoch: 40, iters: 1000, time: 0.085, data: 0.002) , D_A: 0.096, G_A: 0.964, cycle_A: 0.725, idt_A: 0.392, D_B: 0.084, G_B: 0.542, cycle_B: 0.801, idt_B: 0.558

[Rank 0] (epoch: 40, iters: 1200, time: 0.084, data: 0.002) , D_A: 0.181, G_A: 0.928, cycle_A: 0.622, idt_A: 0.677, D_B: 0.204, G_B: 1.319, cycle_B: 0.795, idt_B: 0.303

[Rank 0] (epoch: 40, iters: 1400, time: 0.082, data: 0.002) , D_A: 0.061, G_A: 0.815, cycle_A: 1.303, idt_A: 0.283, D_B: 0.118, G_B: 1.165, cycle_B: 0.769, idt_B: 0.694

[Rank 0] (epoch: 40, iters: 1600, time: 0.096, data: 0.002) , D_A: 0.019, G_A: 0.838, cycle_A: 0.993, idt_A: 0.507, D_B: 0.081, G_B: 1.103, cycle_B: 0.964, idt_B: 0.945

[Rank 0] (epoch: 40, iters: 1800, time: 0.077, data: 0.002) , D_A: 0.105, G_A: 0.555, cycle_A: 0.816, idt_A: 0.527, D_B: 0.178, G_B: 0.291, cycle_B: 0.528, idt_B: 0.395

[Rank 0] (epoch: 40, iters: 2000, time: 0.090, data: 0.002) , D_A: 0.117, G_A: 1.018, cycle_A: 0.521, idt_A: 0.308, D_B: 0.085, G_B: 0.483, cycle_B: 1.601, idt_B: 0.294

saving the latest model (epoch 40, total_iters 80000)
learning rate 0.0001048 -> 0.0000952
saving the model at the end of epoch 40, iters 80000
End of epoch 40 / 50 	 Time Taken: 171 sec
[Rank 0] (epoch: 41, iters: 200, time: 0.093, data: 0.002) , D_A: 0.027, G_A: 0.850, cycle_A: 1.000, idt_A: 0.316, D_B: 0.028, G_B: 0.850, cycle_B: 0.533, idt_B: 0.425

[Rank 0] (epoch: 41, iters: 400, time: 0.079, data: 0.002) , D_A: 0.051, G_A: 0.629, cycle_A: 0.444, idt_A: 0.499, D_B: 0.125, G_B: 0.402, cycle_B: 0.982, idt_B: 0.215

[Rank 0] (epoch: 41, iters: 600, time: 0.077, data: 0.002) , D_A: 0.018, G_A: 0.651, cycle_A: 0.460, idt_A: 0.405, D_B: 0.043, G_B: 0.792, cycle_B: 0.830, idt_B: 0.207

[Rank 0] (epoch: 41, iters: 800, time: 0.078, data: 0.002) , D_A: 0.027, G_A: 0.756, cycle_A: 0.832, idt_A: 0.266, D_B: 0.162, G_B: 0.880, cycle_B: 0.716, idt_B: 0.659

[Rank 0] (epoch: 41, iters: 1000, time: 0.084, data: 0.002) , D_A: 0.016, G_A: 0.914, cycle_A: 1.610, idt_A: 0.509, D_B: 0.055, G_B: 0.720, cycle_B: 0.933, idt_B: 0.490

[Rank 0] (epoch: 41, iters: 1200, time: 0.093, data: 0.002) , D_A: 0.055, G_A: 1.461, cycle_A: 0.481, idt_A: 0.515, D_B: 0.087, G_B: 0.594, cycle_B: 1.359, idt_B: 0.190

[Rank 0] (epoch: 41, iters: 1400, time: 0.100, data: 0.002) , D_A: 0.039, G_A: 1.033, cycle_A: 0.796, idt_A: 0.273, D_B: 0.047, G_B: 0.525, cycle_B: 0.352, idt_B: 0.336

[Rank 0] (epoch: 41, iters: 1600, time: 0.077, data: 0.003) , D_A: 0.068, G_A: 0.481, cycle_A: 0.853, idt_A: 0.291, D_B: 0.069, G_B: 0.591, cycle_B: 0.464, idt_B: 0.459

[Rank 0] (epoch: 41, iters: 1800, time: 0.079, data: 0.002) , D_A: 0.032, G_A: 1.360, cycle_A: 3.459, idt_A: 0.396, D_B: 0.185, G_B: 0.393, cycle_B: 1.120, idt_B: 1.441

[Rank 0] (epoch: 41, iters: 2000, time: 0.091, data: 0.002) , D_A: 0.098, G_A: 0.464, cycle_A: 0.544, idt_A: 0.348, D_B: 0.060, G_B: 0.644, cycle_B: 0.586, idt_B: 0.227

learning rate 0.0000952 -> 0.0000857
End of epoch 41 / 50 	 Time Taken: 172 sec
[Rank 0] (epoch: 42, iters: 200, time: 0.077, data: 0.002) , D_A: 0.032, G_A: 0.708, cycle_A: 0.515, idt_A: 0.328, D_B: 0.082, G_B: 0.483, cycle_B: 0.698, idt_B: 1.163

[Rank 0] (epoch: 42, iters: 400, time: 0.077, data: 0.002) , D_A: 0.053, G_A: 0.234, cycle_A: 0.488, idt_A: 0.282, D_B: 0.047, G_B: 0.756, cycle_B: 0.761, idt_B: 0.202

[Rank 0] (epoch: 42, iters: 600, time: 0.084, data: 0.002) , D_A: 0.033, G_A: 0.417, cycle_A: 0.618, idt_A: 0.394, D_B: 0.223, G_B: 0.655, cycle_B: 0.819, idt_B: 0.408

[Rank 0] (epoch: 42, iters: 800, time: 0.078, data: 0.002) , D_A: 0.147, G_A: 0.359, cycle_A: 1.007, idt_A: 0.282, D_B: 0.148, G_B: 0.312, cycle_B: 0.538, idt_B: 0.260

[Rank 0] (epoch: 42, iters: 1000, time: 0.089, data: 0.002) , D_A: 0.113, G_A: 0.354, cycle_A: 0.265, idt_A: 0.517, D_B: 0.218, G_B: 0.284, cycle_B: 1.223, idt_B: 0.281

[Rank 0] (epoch: 42, iters: 1200, time: 0.078, data: 0.002) , D_A: 0.036, G_A: 0.834, cycle_A: 0.569, idt_A: 0.408, D_B: 0.085, G_B: 0.533, cycle_B: 0.884, idt_B: 0.374

[Rank 0] (epoch: 42, iters: 1400, time: 0.080, data: 0.002) , D_A: 0.057, G_A: 0.545, cycle_A: 1.838, idt_A: 0.299, D_B: 0.028, G_B: 1.066, cycle_B: 0.656, idt_B: 0.857

[Rank 0] (epoch: 42, iters: 1600, time: 0.080, data: 0.002) , D_A: 0.084, G_A: 0.704, cycle_A: 0.764, idt_A: 0.315, D_B: 0.116, G_B: 0.437, cycle_B: 0.548, idt_B: 0.419

[Rank 0] (epoch: 42, iters: 1800, time: 0.077, data: 0.002) , D_A: 0.056, G_A: 0.579, cycle_A: 1.405, idt_A: 0.283, D_B: 0.086, G_B: 0.502, cycle_B: 0.636, idt_B: 0.298

[Rank 0] (epoch: 42, iters: 2000, time: 0.096, data: 0.002) , D_A: 0.138, G_A: 0.914, cycle_A: 1.629, idt_A: 0.170, D_B: 0.117, G_B: 0.909, cycle_B: 0.384, idt_B: 0.637

learning rate 0.0000857 -> 0.0000762
End of epoch 42 / 50 	 Time Taken: 173 sec
[Rank 0] (epoch: 43, iters: 200, time: 0.079, data: 0.002) , D_A: 0.047, G_A: 1.300, cycle_A: 0.683, idt_A: 0.454, D_B: 0.178, G_B: 0.387, cycle_B: 0.842, idt_B: 1.133

[Rank 0] (epoch: 43, iters: 400, time: 0.083, data: 0.002) , D_A: 0.026, G_A: 0.709, cycle_A: 1.347, idt_A: 0.371, D_B: 0.036, G_B: 0.982, cycle_B: 0.757, idt_B: 0.401

[Rank 0] (epoch: 43, iters: 600, time: 0.080, data: 0.002) , D_A: 0.020, G_A: 0.711, cycle_A: 0.473, idt_A: 0.362, D_B: 0.179, G_B: 0.561, cycle_B: 1.053, idt_B: 0.243

[Rank 0] (epoch: 43, iters: 800, time: 0.087, data: 0.002) , D_A: 0.066, G_A: 0.675, cycle_A: 1.656, idt_A: 0.341, D_B: 0.218, G_B: 0.201, cycle_B: 0.733, idt_B: 0.205

[Rank 0] (epoch: 43, iters: 1000, time: 0.095, data: 0.003) , D_A: 0.094, G_A: 0.919, cycle_A: 1.229, idt_A: 0.278, D_B: 0.098, G_B: 0.487, cycle_B: 0.724, idt_B: 0.289

saving the latest model (epoch 43, total_iters 85000)
[Rank 0] (epoch: 43, iters: 1200, time: 0.095, data: 0.002) , D_A: 0.051, G_A: 0.932, cycle_A: 0.778, idt_A: 0.384, D_B: 0.175, G_B: 0.293, cycle_B: 0.310, idt_B: 0.287

[Rank 0] (epoch: 43, iters: 1400, time: 0.077, data: 0.003) , D_A: 0.168, G_A: 0.272, cycle_A: 0.842, idt_A: 0.298, D_B: 0.038, G_B: 0.370, cycle_B: 0.571, idt_B: 0.613

[Rank 0] (epoch: 43, iters: 1600, time: 0.077, data: 0.003) , D_A: 0.030, G_A: 1.205, cycle_A: 0.344, idt_A: 0.190, D_B: 0.080, G_B: 0.739, cycle_B: 0.447, idt_B: 0.283

[Rank 0] (epoch: 43, iters: 1800, time: 0.078, data: 0.002) , D_A: 0.039, G_A: 0.660, cycle_A: 1.206, idt_A: 0.575, D_B: 0.102, G_B: 0.523, cycle_B: 0.606, idt_B: 0.710

[Rank 0] (epoch: 43, iters: 2000, time: 0.107, data: 0.002) , D_A: 0.070, G_A: 1.388, cycle_A: 0.917, idt_A: 0.348, D_B: 0.090, G_B: 0.462, cycle_B: 0.862, idt_B: 0.390

learning rate 0.0000762 -> 0.0000667
End of epoch 43 / 50 	 Time Taken: 174 sec
[Rank 0] (epoch: 44, iters: 200, time: 0.084, data: 0.003) , D_A: 0.152, G_A: 0.338, cycle_A: 0.779, idt_A: 0.471, D_B: 0.120, G_B: 0.644, cycle_B: 1.487, idt_B: 0.279

[Rank 0] (epoch: 44, iters: 400, time: 0.078, data: 0.002) , D_A: 0.025, G_A: 0.822, cycle_A: 0.863, idt_A: 0.347, D_B: 0.118, G_B: 0.655, cycle_B: 0.588, idt_B: 0.458

[Rank 0] (epoch: 44, iters: 600, time: 0.077, data: 0.002) , D_A: 0.096, G_A: 0.431, cycle_A: 0.565, idt_A: 0.391, D_B: 0.242, G_B: 0.199, cycle_B: 0.746, idt_B: 0.199

[Rank 0] (epoch: 44, iters: 800, time: 0.127, data: 0.002) , D_A: 0.028, G_A: 0.765, cycle_A: 1.507, idt_A: 0.428, D_B: 0.186, G_B: 0.418, cycle_B: 1.179, idt_B: 1.208

[Rank 0] (epoch: 44, iters: 1000, time: 0.084, data: 0.004) , D_A: 0.145, G_A: 1.096, cycle_A: 0.730, idt_A: 0.336, D_B: 0.112, G_B: 0.167, cycle_B: 0.868, idt_B: 0.357

[Rank 0] (epoch: 44, iters: 1200, time: 0.090, data: 0.002) , D_A: 0.038, G_A: 0.869, cycle_A: 0.432, idt_A: 0.253, D_B: 0.199, G_B: 0.900, cycle_B: 0.861, idt_B: 0.194

[Rank 0] (epoch: 44, iters: 1400, time: 0.117, data: 0.002) , D_A: 0.042, G_A: 1.145, cycle_A: 0.658, idt_A: 0.282, D_B: 0.030, G_B: 0.860, cycle_B: 0.643, idt_B: 0.317

[Rank 0] (epoch: 44, iters: 1600, time: 0.093, data: 0.002) , D_A: 0.100, G_A: 0.835, cycle_A: 2.370, idt_A: 0.224, D_B: 0.098, G_B: 0.919, cycle_B: 0.358, idt_B: 1.323

[Rank 0] (epoch: 44, iters: 1800, time: 0.084, data: 0.002) , D_A: 0.058, G_A: 0.533, cycle_A: 0.621, idt_A: 0.428, D_B: 0.146, G_B: 0.571, cycle_B: 0.903, idt_B: 0.331

[Rank 0] (epoch: 44, iters: 2000, time: 0.095, data: 0.002) , D_A: 0.027, G_A: 1.326, cycle_A: 0.728, idt_A: 0.258, D_B: 0.031, G_B: 0.635, cycle_B: 0.887, idt_B: 0.328

learning rate 0.0000667 -> 0.0000571
End of epoch 44 / 50 	 Time Taken: 172 sec
[Rank 0] (epoch: 45, iters: 200, time: 0.089, data: 0.002) , D_A: 0.024, G_A: 0.784, cycle_A: 1.212, idt_A: 0.264, D_B: 0.117, G_B: 1.040, cycle_B: 0.514, idt_B: 0.517

[Rank 0] (epoch: 45, iters: 400, time: 0.078, data: 0.002) , D_A: 0.028, G_A: 0.642, cycle_A: 0.700, idt_A: 0.181, D_B: 0.125, G_B: 0.894, cycle_B: 0.363, idt_B: 0.425

[Rank 0] (epoch: 45, iters: 600, time: 0.076, data: 0.002) , D_A: 0.030, G_A: 0.751, cycle_A: 0.701, idt_A: 0.241, D_B: 0.071, G_B: 0.369, cycle_B: 0.513, idt_B: 0.285

[Rank 0] (epoch: 45, iters: 800, time: 0.077, data: 0.002) , D_A: 0.035, G_A: 1.072, cycle_A: 0.648, idt_A: 0.284, D_B: 0.058, G_B: 0.664, cycle_B: 0.675, idt_B: 0.268

[Rank 0] (epoch: 45, iters: 1000, time: 0.077, data: 0.002) , D_A: 0.032, G_A: 0.662, cycle_A: 1.062, idt_A: 0.349, D_B: 0.106, G_B: 0.635, cycle_B: 0.686, idt_B: 0.399

[Rank 0] (epoch: 45, iters: 1200, time: 0.077, data: 0.002) , D_A: 0.442, G_A: 0.480, cycle_A: 1.055, idt_A: 0.230, D_B: 0.143, G_B: 0.465, cycle_B: 0.487, idt_B: 0.666

[Rank 0] (epoch: 45, iters: 1400, time: 0.077, data: 0.002) , D_A: 0.048, G_A: 0.663, cycle_A: 0.679, idt_A: 0.213, D_B: 0.058, G_B: 0.954, cycle_B: 0.529, idt_B: 0.198

[Rank 0] (epoch: 45, iters: 1600, time: 0.077, data: 0.002) , D_A: 0.016, G_A: 1.110, cycle_A: 0.627, idt_A: 0.208, D_B: 0.129, G_B: 0.990, cycle_B: 0.601, idt_B: 0.276

[Rank 0] (epoch: 45, iters: 1800, time: 0.077, data: 0.002) , D_A: 0.052, G_A: 0.900, cycle_A: 0.919, idt_A: 0.309, D_B: 0.052, G_B: 1.052, cycle_B: 0.679, idt_B: 0.380

[Rank 0] (epoch: 45, iters: 2000, time: 0.091, data: 0.002) , D_A: 0.049, G_A: 0.943, cycle_A: 1.284, idt_A: 0.215, D_B: 0.050, G_B: 0.696, cycle_B: 0.583, idt_B: 0.563

saving the latest model (epoch 45, total_iters 90000)
learning rate 0.0000571 -> 0.0000476
End of epoch 45 / 50 	 Time Taken: 171 sec
[Rank 0] (epoch: 46, iters: 200, time: 0.077, data: 0.002) , D_A: 0.064, G_A: 0.852, cycle_A: 2.000, idt_A: 0.201, D_B: 0.052, G_B: 0.669, cycle_B: 0.223, idt_B: 0.751

[Rank 0] (epoch: 46, iters: 400, time: 0.077, data: 0.002) , D_A: 0.117, G_A: 0.614, cycle_A: 0.413, idt_A: 0.269, D_B: 0.082, G_B: 0.377, cycle_B: 0.331, idt_B: 0.183

[Rank 0] (epoch: 46, iters: 600, time: 0.083, data: 0.002) , D_A: 0.039, G_A: 0.587, cycle_A: 0.481, idt_A: 0.254, D_B: 0.091, G_B: 0.350, cycle_B: 0.505, idt_B: 0.305

[Rank 0] (epoch: 46, iters: 800, time: 0.087, data: 0.002) , D_A: 0.085, G_A: 0.661, cycle_A: 0.541, idt_A: 0.137, D_B: 0.170, G_B: 0.344, cycle_B: 0.297, idt_B: 0.280

[Rank 0] (epoch: 46, iters: 1000, time: 0.083, data: 0.002) , D_A: 0.061, G_A: 1.003, cycle_A: 0.370, idt_A: 0.379, D_B: 0.175, G_B: 0.557, cycle_B: 0.581, idt_B: 0.434

[Rank 0] (epoch: 46, iters: 1200, time: 0.087, data: 0.003) , D_A: 0.035, G_A: 1.294, cycle_A: 0.616, idt_A: 0.462, D_B: 0.054, G_B: 0.659, cycle_B: 0.861, idt_B: 0.338

[Rank 0] (epoch: 46, iters: 1400, time: 0.077, data: 0.002) , D_A: 0.030, G_A: 1.447, cycle_A: 0.865, idt_A: 0.232, D_B: 0.033, G_B: 0.894, cycle_B: 0.539, idt_B: 0.461

[Rank 0] (epoch: 46, iters: 1600, time: 0.086, data: 0.002) , D_A: 0.040, G_A: 1.270, cycle_A: 1.188, idt_A: 0.698, D_B: 0.053, G_B: 0.465, cycle_B: 0.560, idt_B: 0.577

[Rank 0] (epoch: 46, iters: 1800, time: 0.094, data: 0.002) , D_A: 0.127, G_A: 0.347, cycle_A: 0.678, idt_A: 0.316, D_B: 0.127, G_B: 0.416, cycle_B: 0.561, idt_B: 0.313

[Rank 0] (epoch: 46, iters: 2000, time: 0.078, data: 0.002) , D_A: 0.028, G_A: 0.811, cycle_A: 0.909, idt_A: 0.451, D_B: 0.162, G_B: 0.373, cycle_B: 1.108, idt_B: 0.444

learning rate 0.0000476 -> 0.0000381
End of epoch 46 / 50 	 Time Taken: 171 sec
[Rank 0] (epoch: 47, iters: 200, time: 0.077, data: 0.003) , D_A: 0.037, G_A: 0.896, cycle_A: 0.328, idt_A: 0.448, D_B: 0.144, G_B: 0.629, cycle_B: 0.997, idt_B: 0.159

[Rank 0] (epoch: 47, iters: 400, time: 0.090, data: 0.002) , D_A: 0.029, G_A: 0.705, cycle_A: 0.501, idt_A: 0.323, D_B: 0.061, G_B: 0.611, cycle_B: 0.836, idt_B: 0.212

[Rank 0] (epoch: 47, iters: 600, time: 0.077, data: 0.002) , D_A: 0.058, G_A: 0.335, cycle_A: 0.367, idt_A: 0.261, D_B: 0.060, G_B: 0.592, cycle_B: 0.551, idt_B: 0.202

[Rank 0] (epoch: 47, iters: 800, time: 0.084, data: 0.003) , D_A: 0.087, G_A: 0.871, cycle_A: 0.489, idt_A: 0.569, D_B: 0.219, G_B: 0.698, cycle_B: 0.854, idt_B: 0.332

[Rank 0] (epoch: 47, iters: 1000, time: 0.083, data: 0.002) , D_A: 0.019, G_A: 0.874, cycle_A: 0.317, idt_A: 0.479, D_B: 0.335, G_B: 0.267, cycle_B: 1.150, idt_B: 0.154

[Rank 0] (epoch: 47, iters: 1200, time: 0.095, data: 0.002) , D_A: 0.072, G_A: 0.545, cycle_A: 0.850, idt_A: 0.490, D_B: 0.060, G_B: 0.683, cycle_B: 1.159, idt_B: 0.515

[Rank 0] (epoch: 47, iters: 1400, time: 0.105, data: 0.002) , D_A: 0.045, G_A: 1.032, cycle_A: 0.919, idt_A: 0.260, D_B: 0.033, G_B: 0.992, cycle_B: 0.363, idt_B: 0.355

[Rank 0] (epoch: 47, iters: 1600, time: 0.079, data: 0.002) , D_A: 0.016, G_A: 0.875, cycle_A: 0.479, idt_A: 0.405, D_B: 0.077, G_B: 0.565, cycle_B: 0.615, idt_B: 0.386

[Rank 0] (epoch: 47, iters: 1800, time: 0.094, data: 0.002) , D_A: 0.047, G_A: 1.365, cycle_A: 0.725, idt_A: 0.423, D_B: 0.188, G_B: 0.779, cycle_B: 0.844, idt_B: 1.312

[Rank 0] (epoch: 47, iters: 2000, time: 0.077, data: 0.002) , D_A: 0.093, G_A: 1.137, cycle_A: 1.089, idt_A: 0.410, D_B: 0.130, G_B: 0.387, cycle_B: 0.998, idt_B: 0.428

learning rate 0.0000381 -> 0.0000286
End of epoch 47 / 50 	 Time Taken: 172 sec
[Rank 0] (epoch: 48, iters: 200, time: 0.101, data: 0.002) , D_A: 0.057, G_A: 0.882, cycle_A: 0.836, idt_A: 0.208, D_B: 0.039, G_B: 0.340, cycle_B: 0.225, idt_B: 0.206

[Rank 0] (epoch: 48, iters: 400, time: 0.091, data: 0.002) , D_A: 0.020, G_A: 0.690, cycle_A: 0.790, idt_A: 0.189, D_B: 0.058, G_B: 0.573, cycle_B: 0.408, idt_B: 0.708

[Rank 0] (epoch: 48, iters: 600, time: 0.077, data: 0.002) , D_A: 0.074, G_A: 0.999, cycle_A: 0.704, idt_A: 0.458, D_B: 0.088, G_B: 0.549, cycle_B: 0.260, idt_B: 0.479

[Rank 0] (epoch: 48, iters: 800, time: 0.083, data: 0.002) , D_A: 0.208, G_A: 0.641, cycle_A: 0.654, idt_A: 0.485, D_B: 0.050, G_B: 0.636, cycle_B: 0.850, idt_B: 0.227

[Rank 0] (epoch: 48, iters: 1000, time: 0.085, data: 0.002) , D_A: 0.047, G_A: 1.195, cycle_A: 0.940, idt_A: 0.119, D_B: 0.278, G_B: 0.280, cycle_B: 0.388, idt_B: 0.876

saving the latest model (epoch 48, total_iters 95000)
[Rank 0] (epoch: 48, iters: 1200, time: 0.079, data: 0.002) , D_A: 0.064, G_A: 0.577, cycle_A: 0.673, idt_A: 0.238, D_B: 0.138, G_B: 0.712, cycle_B: 0.444, idt_B: 0.345

[Rank 0] (epoch: 48, iters: 1400, time: 0.083, data: 0.002) , D_A: 0.053, G_A: 0.694, cycle_A: 0.765, idt_A: 0.256, D_B: 0.155, G_B: 0.275, cycle_B: 0.573, idt_B: 0.428

[Rank 0] (epoch: 48, iters: 1600, time: 0.077, data: 0.002) , D_A: 0.063, G_A: 0.853, cycle_A: 0.710, idt_A: 0.174, D_B: 0.105, G_B: 0.571, cycle_B: 0.536, idt_B: 0.504

[Rank 0] (epoch: 48, iters: 1800, time: 0.078, data: 0.002) , D_A: 0.052, G_A: 0.938, cycle_A: 0.542, idt_A: 0.602, D_B: 0.181, G_B: 0.801, cycle_B: 1.142, idt_B: 0.322

[Rank 0] (epoch: 48, iters: 2000, time: 0.077, data: 0.002) , D_A: 0.056, G_A: 0.930, cycle_A: 0.512, idt_A: 0.448, D_B: 0.086, G_B: 0.420, cycle_B: 0.902, idt_B: 0.332

learning rate 0.0000286 -> 0.0000190
End of epoch 48 / 50 	 Time Taken: 170 sec
[Rank 0] (epoch: 49, iters: 200, time: 0.083, data: 0.002) , D_A: 0.040, G_A: 0.920, cycle_A: 0.792, idt_A: 0.273, D_B: 0.089, G_B: 0.731, cycle_B: 0.604, idt_B: 0.414

[Rank 0] (epoch: 49, iters: 400, time: 0.082, data: 0.002) , D_A: 0.058, G_A: 0.908, cycle_A: 0.919, idt_A: 0.239, D_B: 0.136, G_B: 0.425, cycle_B: 0.376, idt_B: 0.326

[Rank 0] (epoch: 49, iters: 600, time: 0.092, data: 0.003) , D_A: 0.072, G_A: 1.371, cycle_A: 0.410, idt_A: 0.465, D_B: 0.055, G_B: 0.532, cycle_B: 0.990, idt_B: 0.238

[Rank 0] (epoch: 49, iters: 800, time: 0.090, data: 0.002) , D_A: 0.018, G_A: 0.891, cycle_A: 0.957, idt_A: 0.665, D_B: 0.049, G_B: 0.609, cycle_B: 0.520, idt_B: 0.419

[Rank 0] (epoch: 49, iters: 1000, time: 0.078, data: 0.002) , D_A: 0.041, G_A: 1.477, cycle_A: 0.280, idt_A: 0.344, D_B: 0.075, G_B: 0.545, cycle_B: 0.643, idt_B: 0.158

[Rank 0] (epoch: 49, iters: 1200, time: 0.078, data: 0.002) , D_A: 0.098, G_A: 0.842, cycle_A: 0.714, idt_A: 0.235, D_B: 0.175, G_B: 0.261, cycle_B: 0.634, idt_B: 0.337

[Rank 0] (epoch: 49, iters: 1400, time: 0.078, data: 0.002) , D_A: 0.063, G_A: 0.716, cycle_A: 0.413, idt_A: 0.249, D_B: 0.069, G_B: 0.619, cycle_B: 0.567, idt_B: 0.459

[Rank 0] (epoch: 49, iters: 1600, time: 0.080, data: 0.002) , D_A: 0.031, G_A: 0.542, cycle_A: 0.295, idt_A: 0.221, D_B: 0.082, G_B: 0.637, cycle_B: 0.388, idt_B: 0.151

[Rank 0] (epoch: 49, iters: 1800, time: 0.078, data: 0.002) , D_A: 0.096, G_A: 1.030, cycle_A: 0.682, idt_A: 0.233, D_B: 0.065, G_B: 0.534, cycle_B: 0.525, idt_B: 0.318

[Rank 0] (epoch: 49, iters: 2000, time: 0.093, data: 0.002) , D_A: 0.035, G_A: 0.813, cycle_A: 0.926, idt_A: 0.521, D_B: 0.078, G_B: 0.528, cycle_B: 1.133, idt_B: 0.416

learning rate 0.0000190 -> 0.0000095
End of epoch 49 / 50 	 Time Taken: 171 sec
[Rank 0] (epoch: 50, iters: 200, time: 0.095, data: 0.002) , D_A: 0.053, G_A: 0.977, cycle_A: 0.673, idt_A: 0.193, D_B: 0.044, G_B: 0.836, cycle_B: 0.373, idt_B: 0.274

[Rank 0] (epoch: 50, iters: 400, time: 0.077, data: 0.002) , D_A: 0.071, G_A: 1.033, cycle_A: 0.714, idt_A: 0.220, D_B: 0.083, G_B: 0.767, cycle_B: 0.307, idt_B: 0.455

[Rank 0] (epoch: 50, iters: 600, time: 0.078, data: 0.002) , D_A: 0.037, G_A: 0.804, cycle_A: 0.392, idt_A: 0.339, D_B: 0.116, G_B: 0.771, cycle_B: 0.691, idt_B: 0.439

[Rank 0] (epoch: 50, iters: 800, time: 0.078, data: 0.002) , D_A: 0.013, G_A: 0.877, cycle_A: 0.750, idt_A: 0.253, D_B: 0.079, G_B: 0.733, cycle_B: 0.704, idt_B: 0.438

[Rank 0] (epoch: 50, iters: 1000, time: 0.107, data: 0.002) , D_A: 0.097, G_A: 0.536, cycle_A: 0.757, idt_A: 0.101, D_B: 0.078, G_B: 0.574, cycle_B: 0.347, idt_B: 0.268

[Rank 0] (epoch: 50, iters: 1200, time: 0.085, data: 0.002) , D_A: 0.029, G_A: 0.489, cycle_A: 0.791, idt_A: 0.270, D_B: 0.082, G_B: 0.703, cycle_B: 0.685, idt_B: 0.479

[Rank 0] (epoch: 50, iters: 1400, time: 0.103, data: 0.002) , D_A: 0.055, G_A: 0.851, cycle_A: 1.037, idt_A: 0.229, D_B: 0.050, G_B: 0.680, cycle_B: 0.386, idt_B: 0.457

[Rank 0] (epoch: 50, iters: 1600, time: 0.085, data: 0.002) , D_A: 0.016, G_A: 0.590, cycle_A: 0.467, idt_A: 0.391, D_B: 0.055, G_B: 0.404, cycle_B: 0.923, idt_B: 0.238

[Rank 0] (epoch: 50, iters: 1800, time: 0.077, data: 0.002) , D_A: 0.028, G_A: 0.824, cycle_A: 0.834, idt_A: 0.200, D_B: 0.064, G_B: 0.442, cycle_B: 0.409, idt_B: 2.280

[Rank 0] (epoch: 50, iters: 2000, time: 0.086, data: 0.002) , D_A: 0.042, G_A: 0.446, cycle_A: 0.406, idt_A: 0.522, D_B: 0.308, G_B: 0.601, cycle_B: 1.135, idt_B: 0.380

saving the latest model (epoch 50, total_iters 100000)
learning rate 0.0000095 -> 0.0000000
saving the model at the end of epoch 50, iters 100000
End of epoch 50 / 50 	 Time Taken: 174 sec
