2026-04-26 12:28:23,427 PAT INFO: Saving model to: models/./model_vitlarge_256x128_60ep_arcface_seed300
2026-04-26 12:28:23,428 PAT INFO: Namespace(config_file='config/UrbanElementsReID_train_arcface.yml', opts=[], local_rank=0)
2026-04-26 12:28:23,428 PAT INFO: Loaded configuration file config/UrbanElementsReID_train_arcface.yml
2026-04-26 12:28:23,428 PAT INFO: 
MODEL:
  PRETRAIN_CHOICE: 'imagenet'
  PRETRAIN_PATH: '/workspace/miuam_challenge_diff/pretrained'
  IF_LABELSMOOTH: 'on'
  IF_WITH_CENTER: 'no'
  NAME: 'part_attention_vit'
  NO_MARGIN: True
  DEVICE_ID: ('0')
  TRANSFORMER_TYPE: 'vit_large_patch16_224_TransReID'
  STRIDE_SIZE: [16, 16]
  ID_LOSS_TYPE: 'arcface'
  ARCFACE_S: 30.0                        # halved from 64 → smaller logit gradients → less aggressive clipping
  ARCFACE_M: 0.30                        # smaller margin (0.5 too aggressive at start without margin warmup)

INPUT:
  SIZE_TRAIN: [256, 128]
  SIZE_TEST: [256, 128]
  REA:
    ENABLED: False
  PIXEL_MEAN: [0.5, 0.5, 0.5]
  PIXEL_STD: [0.5, 0.5, 0.5]
  LGT:
    DO_LGT: True
    PROB: 0.5

DATASETS:
  TRAIN: ('UrbanElementsReID',)
  TEST: ('UrbanElementsReID_test',)
  ROOT_DIR: '/workspace/Urban2026/'

DATALOADER:
  SAMPLER: 'softmax_triplet'
  NUM_INSTANCE: 4
  NUM_WORKERS: 8

SOLVER:
  OPTIMIZER_NAME: 'Adam'
  MAX_EPOCHS: 60
  BASE_LR: 0.00035
  WARMUP_METHOD: 'linear'
  WARMUP_EPOCHS: 10
  WARMUP_FACTOR: 0.01
  IMS_PER_BATCH: 64
  LARGE_FC_LR: False
  CHECKPOINT_PERIOD: 10
  LOG_PERIOD: 60
  EVAL_PERIOD: 10
  WEIGHT_DECAY: 1e-4
  WEIGHT_DECAY_BIAS: 1e-4
  BIAS_LR_FACTOR: 2
  SEED: 300
  GRAD_CLIP: 5.0                         # 5× more permissive than default (was throttling ArcFace's gradients to noise)

TEST:
  EVAL: True
  IMS_PER_BATCH: 64
  RE_RANKING: False
  WEIGHT: ''
  NECK_FEAT: 'before'
  FEAT_NORM: True

LOG_ROOT: 'models/'
TB_LOG_ROOT: './tb_log/'
LOG_NAME: './model_vitlarge_256x128_60ep_arcface_seed300'

2026-04-26 12:28:23,428 PAT INFO: Running with config:
DATALOADER:
  CAMERA_TO_DOMAIN: False
  DELETE_REM: False
  DROP_LAST: False
  INDIVIDUAL: False
  NAIVE_WAY: True
  NUM_INSTANCE: 4
  NUM_WORKERS: 8
  SAMPLER: softmax_triplet
DATASETS:
  COMBINEALL: False
  ROOT_DIR: /workspace/Urban2026/
  TEST: ('UrbanElementsReID_test',)
  TRAIN: ('UrbanElementsReID',)
INPUT:
  CJ:
    BRIGHTNESS: 0.15
    CONTRAST: 0.15
    ENABLED: False
    HUE: 0.1
    PROB: 1.0
    SATURATION: 0.1
  DO_AUGMIX: False
  DO_AUTOAUG: False
  DO_FLIP: True
  DO_PAD: True
  FLIP_PROB: 0.5
  LGT:
    DO_LGT: True
    PROB: 0.5
  PADDING: 10
  PADDING_MODE: constant
  PIXEL_MEAN: [0.5, 0.5, 0.5]
  PIXEL_STD: [0.5, 0.5, 0.5]
  REA:
    ENABLED: False
    MEAN: [123.675, 116.28, 103.53]
    PROB: 0.5
  RPT:
    ENABLED: False
    PROB: 0.5
  SIZE_TEST: [256, 128]
  SIZE_TRAIN: [256, 128]
LOG_NAME: ./model_vitlarge_256x128_60ep_arcface_seed300
LOG_ROOT: models/
MODEL:
  ARCFACE_M: 0.3
  ARCFACE_S: 30.0
  ATT_DROP_RATE: 0.0
  AUX_LOSS_WEIGHT: 0.1
  CIRCLE_GAMMA: 256.0
  CIRCLE_MARGIN: 0.25
  CLUSTER_K: 10
  COS_LAYER: False
  DEEP_SUP: False
  DEVICE: cuda
  DEVICE_ID: 0
  DIST_TRAIN: False
  DROP_OUT: 0.0
  DROP_PATH: 0.1
  FINETUNE_FROM: 
  FREEZE_PATCH_EMBED: True
  ID_LOSS_TYPE: arcface
  ID_LOSS_WEIGHT: 1.0
  IF_LABELSMOOTH: on
  IF_WITH_CENTER: no
  LAST_STRIDE: 1
  METRIC_LOSS_TYPE: triplet
  NAME: part_attention_vit
  NECK: bnneck
  NO_MARGIN: True
  NUM_AUX_LAYERS: 5
  PATCH_EMBED_TYPE: 
  PC_LOSS: True
  PC_LR: 1.0
  PC_SCALE: 0.02
  PRETRAIN_CHOICE: imagenet
  PRETRAIN_PATH: /workspace/miuam_challenge_diff/pretrained
  SOFT_LABEL: True
  SOFT_LAMBDA: 0.5
  SOFT_WEIGHT: 0.5
  STRIDE_SIZE: [16, 16]
  TRANSFORMER_TYPE: vit_large_patch16_224_TransReID
  TRIPLET_LOSS_WEIGHT: 1.0
SOLVER:
  BASE_LR: 0.00035
  BIAS_LR_FACTOR: 2
  CENTER_LOSS_WEIGHT: 0.0005
  CENTER_LR: 0.5
  CHECKPOINT_PERIOD: 10
  COSINE_MARGIN: 0.5
  COSINE_SCALE: 30
  EMA_DECAY: 0.0
  EVAL_PERIOD: 10
  GAMMA: 0.1
  GRAD_CLIP: 5.0
  IMS_PER_BATCH: 64
  LARGE_FC_LR: False
  LOG_PERIOD: 60
  MARGIN: 0.3
  MAX_EPOCHS: 60
  MOMENTUM: 0.9
  OPTIMIZER_NAME: Adam
  SEED: 300
  STEPS: (40, 70)
  WARMUP_EPOCHS: 10
  WARMUP_FACTOR: 0.01
  WARMUP_METHOD: linear
  WEIGHT_DECAY: 0.0001
  WEIGHT_DECAY_BIAS: 0.0001
TB_LOG_ROOT: ./tb_log/
TEST:
  DIST_MAT: dist_mat.npy
  EVAL: True
  FEAT_NORM: True
  IMS_PER_BATCH: 64
  NECK_FEAT: before
  RE_RANKING: False
  WEIGHT: 
2026-04-26 12:28:23,504 PAT INFO: => Loaded UrbanElementsReID
2026-04-26 12:28:23,504 PAT INFO:   ----------------------------------------
2026-04-26 12:28:23,504 PAT INFO:   subset   | # ids | # images | # cameras
2026-04-26 12:28:23,504 PAT INFO:   ----------------------------------------
2026-04-26 12:28:23,504 PAT INFO:   train    |  1088 |    11175 |         3
2026-04-26 12:28:23,504 PAT INFO:   ----------------------------------------
2026-04-26 12:28:23,601 PAT INFO: => Loaded UrbanElementsReID_test
2026-04-26 12:28:23,601 PAT INFO:   ----------------------------------------
2026-04-26 12:28:23,601 PAT INFO:   subset   | # ids | # images | # cameras
2026-04-26 12:28:23,601 PAT INFO:   ----------------------------------------
2026-04-26 12:28:23,601 PAT INFO:   query    |     1 |      928 |         1
2026-04-26 12:28:23,601 PAT INFO:   gallery  |     1 |     2844 |         3
2026-04-26 12:28:23,601 PAT INFO:   ----------------------------------------
using Transformer_type: part token vit as a backbone
using stride: [16, 16], and patch number is num_y16 * num_x8
using drop_out rate is : 0.0
using attn_drop_out rate is : 0.0
using drop_path rate is : 0.1
Resized position embedding from size:torch.Size([1, 197, 1024]) to size: torch.Size([1, 132, 1024]) with height:16 width: 8
Load 297 / 299 layers.
Loading pretrained ImageNet model......from /workspace/miuam_challenge_diff/pretrained/jx_vit_large_p16_224-4ee7a4dc.pth
===========building our part attention vit===========
2026-04-26 12:28:31,207 PAT.train INFO: Number of parameter: 305.38M
====== freeze patch_embed for stability ======
using soft triplet loss for training
label smooth on, numclasses: 1088
======== using soft label ========
2026-04-26 12:28:31,508 PAT.train INFO: start training
saving tblog to ./tb_log/./model_vitlarge_256x128_60ep_arcface_seed300
initialize the centers
initialization done
/workspace/miuam_challenge_diff/loss/myloss.py:29: UserWarning: This overload of addmm_ is deprecated:
	addmm_(Number beta, Number alpha, Tensor mat1, Tensor mat2)
Consider using one of the following signatures instead:
	addmm_(Tensor mat1, Tensor mat2, *, Number beta, Number alpha) (Triggered internally at ../torch/csrc/utils/python_arg_parser.cpp:1519.)
  dist_map.addmm_(1, -2, part_feat, part_centers.t())
2026-04-26 12:29:38,576 PAT.train INFO:   [grad_norm pre-clip: 152.391 / clip_max: 5.0]
2026-04-26 12:29:38,577 PAT.train INFO: Epoch[1] Iteration[60/159] total_loss: 17.042, reid_loss: 16.381, pc_loss: 0.662, Acc: 0.000, Base Lr: 3.81e-05
2026-04-26 12:30:05,904 PAT.train INFO:   [grad_norm pre-clip: 146.073 / clip_max: 5.0]
2026-04-26 12:30:05,905 PAT.train INFO: Epoch[1] Iteration[120/159] total_loss: 16.066, reid_loss: 15.524, pc_loss: 0.542, Acc: 0.000, Base Lr: 3.81e-05
2026-04-26 12:30:22,751 PAT.train INFO: Epoch 1 done. Time per batch: 0.458[s] Speed: 139.9[samples/s]
2026-04-26 12:30:51,264 PAT.train INFO:   [grad_norm pre-clip: 143.980 / clip_max: 5.0]
2026-04-26 12:30:51,264 PAT.train INFO: Epoch[2] Iteration[60/159] total_loss: 12.859, reid_loss: 12.672, pc_loss: 0.187, Acc: 0.012, Base Lr: 7.28e-05
2026-04-26 12:31:18,923 PAT.train INFO:   [grad_norm pre-clip: 128.701 / clip_max: 5.0]
2026-04-26 12:31:18,924 PAT.train INFO: Epoch[2] Iteration[120/159] total_loss: 12.432, reid_loss: 12.281, pc_loss: 0.151, Acc: 0.018, Base Lr: 7.28e-05
2026-04-26 12:31:35,556 PAT.train INFO: Epoch 2 done. Time per batch: 0.465[s] Speed: 137.5[samples/s]
2026-04-26 12:32:04,714 PAT.train INFO:   [grad_norm pre-clip: 107.297 / clip_max: 5.0]
2026-04-26 12:32:04,715 PAT.train INFO: Epoch[3] Iteration[60/159] total_loss: 10.074, reid_loss: 10.044, pc_loss: 0.030, Acc: 0.050, Base Lr: 1.07e-04
2026-04-26 12:32:32,670 PAT.train INFO:   [grad_norm pre-clip: 93.815 / clip_max: 5.0]
2026-04-26 12:32:32,671 PAT.train INFO: Epoch[3] Iteration[120/159] total_loss: 9.638, reid_loss: 9.613, pc_loss: 0.025, Acc: 0.074, Base Lr: 1.07e-04
2026-04-26 12:32:50,113 PAT.train INFO: Epoch 3 done. Time per batch: 0.474[s] Speed: 135.1[samples/s]
2026-04-26 12:33:19,011 PAT.train INFO:   [grad_norm pre-clip: 79.032 / clip_max: 5.0]
2026-04-26 12:33:19,012 PAT.train INFO: Epoch[4] Iteration[60/159] total_loss: 7.992, reid_loss: 7.976, pc_loss: 0.017, Acc: 0.144, Base Lr: 1.42e-04
2026-04-26 12:33:46,994 PAT.train INFO:   [grad_norm pre-clip: 64.979 / clip_max: 5.0]
2026-04-26 12:33:46,995 PAT.train INFO: Epoch[4] Iteration[120/159] total_loss: 8.130, reid_loss: 8.115, pc_loss: 0.015, Acc: 0.135, Base Lr: 1.42e-04
2026-04-26 12:34:04,705 PAT.train INFO: Epoch 4 done. Time per batch: 0.477[s] Speed: 134.2[samples/s]
2026-04-26 12:34:33,508 PAT.train INFO:   [grad_norm pre-clip: 58.500 / clip_max: 5.0]
2026-04-26 12:34:33,509 PAT.train INFO: Epoch[5] Iteration[60/159] total_loss: 7.476, reid_loss: 7.464, pc_loss: 0.012, Acc: 0.151, Base Lr: 1.77e-04
2026-04-26 12:35:01,216 PAT.train INFO:   [grad_norm pre-clip: 57.013 / clip_max: 5.0]
2026-04-26 12:35:01,216 PAT.train INFO: Epoch[5] Iteration[120/159] total_loss: 7.470, reid_loss: 7.458, pc_loss: 0.011, Acc: 0.162, Base Lr: 1.77e-04
2026-04-26 12:35:18,268 PAT.train INFO: Epoch 5 done. Time per batch: 0.467[s] Speed: 136.9[samples/s]
2026-04-26 12:35:46,773 PAT.train INFO:   [grad_norm pre-clip: 43.525 / clip_max: 5.0]
2026-04-26 12:35:46,774 PAT.train INFO: Epoch[6] Iteration[60/159] total_loss: 7.412, reid_loss: 7.381, pc_loss: 0.030, Acc: 0.158, Base Lr: 2.11e-04
2026-04-26 12:36:14,386 PAT.train INFO:   [grad_norm pre-clip: 40.063 / clip_max: 5.0]
2026-04-26 12:36:14,386 PAT.train INFO: Epoch[6] Iteration[120/159] total_loss: 7.333, reid_loss: 7.312, pc_loss: 0.021, Acc: 0.167, Base Lr: 2.11e-04
2026-04-26 12:36:31,537 PAT.train INFO: Epoch 6 done. Time per batch: 0.466[s] Speed: 137.5[samples/s]
2026-04-26 12:37:00,078 PAT.train INFO:   [grad_norm pre-clip: 37.989 / clip_max: 5.0]
2026-04-26 12:37:00,078 PAT.train INFO: Epoch[7] Iteration[60/159] total_loss: 6.885, reid_loss: 6.862, pc_loss: 0.024, Acc: 0.191, Base Lr: 2.46e-04
2026-04-26 12:37:27,913 PAT.train INFO:   [grad_norm pre-clip: 29.277 / clip_max: 5.0]
2026-04-26 12:37:27,913 PAT.train INFO: Epoch[7] Iteration[120/159] total_loss: 6.888, reid_loss: 6.871, pc_loss: 0.018, Acc: 0.189, Base Lr: 2.46e-04
2026-04-26 12:37:45,063 PAT.train INFO: Epoch 7 done. Time per batch: 0.467[s] Speed: 137.0[samples/s]
2026-04-26 12:38:13,578 PAT.train INFO:   [grad_norm pre-clip: 29.578 / clip_max: 5.0]
2026-04-26 12:38:13,578 PAT.train INFO: Epoch[8] Iteration[60/159] total_loss: 6.825, reid_loss: 6.803, pc_loss: 0.022, Acc: 0.183, Base Lr: 2.81e-04
2026-04-26 12:38:41,049 PAT.train INFO:   [grad_norm pre-clip: 24.449 / clip_max: 5.0]
2026-04-26 12:38:41,049 PAT.train INFO: Epoch[8] Iteration[120/159] total_loss: 6.793, reid_loss: 6.764, pc_loss: 0.029, Acc: 0.195, Base Lr: 2.81e-04
2026-04-26 12:38:58,368 PAT.train INFO: Epoch 8 done. Time per batch: 0.466[s] Speed: 137.4[samples/s]
2026-04-26 12:39:26,679 PAT.train INFO:   [grad_norm pre-clip: 24.179 / clip_max: 5.0]
2026-04-26 12:39:26,679 PAT.train INFO: Epoch[9] Iteration[60/159] total_loss: 6.582, reid_loss: 6.498, pc_loss: 0.083, Acc: 0.210, Base Lr: 3.15e-04
2026-04-26 12:39:54,180 PAT.train INFO:   [grad_norm pre-clip: 20.149 / clip_max: 5.0]
2026-04-26 12:39:54,180 PAT.train INFO: Epoch[9] Iteration[120/159] total_loss: 6.538, reid_loss: 6.439, pc_loss: 0.099, Acc: 0.220, Base Lr: 3.15e-04
2026-04-26 12:40:11,655 PAT.train INFO: Epoch 9 done. Time per batch: 0.466[s] Speed: 137.4[samples/s]
2026-04-26 12:40:40,220 PAT.train INFO:   [grad_norm pre-clip: 22.612 / clip_max: 5.0]
2026-04-26 12:40:40,221 PAT.train INFO: Epoch[10] Iteration[60/159] total_loss: 6.306, reid_loss: 6.235, pc_loss: 0.071, Acc: 0.242, Base Lr: 3.44e-04
2026-04-26 12:41:08,048 PAT.train INFO:   [grad_norm pre-clip: 18.622 / clip_max: 5.0]
2026-04-26 12:41:08,048 PAT.train INFO: Epoch[10] Iteration[120/159] total_loss: 6.211, reid_loss: 6.127, pc_loss: 0.084, Acc: 0.244, Base Lr: 3.44e-04
2026-04-26 12:41:25,373 PAT.train INFO: Epoch 10 done. Time per batch: 0.468[s] Speed: 136.6[samples/s]
2026-04-26 12:41:25,374 PAT.test INFO: Enter inferencing
2026-04-26 12:41:37,623 PAT.test INFO: Validation Results 
2026-04-26 12:41:37,624 PAT.test INFO: mAP: 100.0%
2026-04-26 12:41:37,624 PAT.test INFO: CMC curve, Rank-1  :100.0%
2026-04-26 12:41:37,624 PAT.test INFO: CMC curve, Rank-5  :100.0%
2026-04-26 12:41:37,624 PAT.test INFO: CMC curve, Rank-10 :100.0%
2026-04-26 12:41:37,624 PAT.test INFO: total inference time: 12.24
2026-04-26 12:41:37,633 PAT.train INFO: =====best epoch: 10=====
2026-04-26 12:42:06,662 PAT.train INFO:   [grad_norm pre-clip: 18.291 / clip_max: 5.0]
2026-04-26 12:42:06,663 PAT.train INFO: Epoch[11] Iteration[60/159] total_loss: 5.647, reid_loss: 5.569, pc_loss: 0.077, Acc: 0.286, Base Lr: 3.43e-04
2026-04-26 12:42:34,629 PAT.train INFO:   [grad_norm pre-clip: 14.054 / clip_max: 5.0]
2026-04-26 12:42:34,629 PAT.train INFO: Epoch[11] Iteration[120/159] total_loss: 5.681, reid_loss: 5.592, pc_loss: 0.090, Acc: 0.290, Base Lr: 3.43e-04
2026-04-26 12:42:51,575 PAT.train INFO: Epoch 11 done. Time per batch: 0.469[s] Speed: 136.3[samples/s]
2026-04-26 12:43:20,215 PAT.train INFO:   [grad_norm pre-clip: 13.926 / clip_max: 5.0]
2026-04-26 12:43:20,216 PAT.train INFO: Epoch[12] Iteration[60/159] total_loss: 5.184, reid_loss: 5.127, pc_loss: 0.057, Acc: 0.340, Base Lr: 3.41e-04
2026-04-26 12:43:48,017 PAT.train INFO:   [grad_norm pre-clip: 14.233 / clip_max: 5.0]
2026-04-26 12:43:48,017 PAT.train INFO: Epoch[12] Iteration[120/159] total_loss: 5.051, reid_loss: 4.966, pc_loss: 0.086, Acc: 0.368, Base Lr: 3.41e-04
2026-04-26 12:44:05,648 PAT.train INFO: Epoch 12 done. Time per batch: 0.471[s] Speed: 136.0[samples/s]
2026-04-26 12:44:34,453 PAT.train INFO:   [grad_norm pre-clip: 12.324 / clip_max: 5.0]
2026-04-26 12:44:34,454 PAT.train INFO: Epoch[13] Iteration[60/159] total_loss: 4.653, reid_loss: 4.633, pc_loss: 0.020, Acc: 0.397, Base Lr: 3.40e-04
2026-04-26 12:45:02,287 PAT.train INFO:   [grad_norm pre-clip: 11.905 / clip_max: 5.0]
2026-04-26 12:45:02,287 PAT.train INFO: Epoch[13] Iteration[120/159] total_loss: 4.558, reid_loss: 4.527, pc_loss: 0.031, Acc: 0.413, Base Lr: 3.40e-04
2026-04-26 12:45:19,727 PAT.train INFO: Epoch 13 done. Time per batch: 0.471[s] Speed: 136.0[samples/s]
2026-04-26 12:45:48,540 PAT.train INFO:   [grad_norm pre-clip: 11.903 / clip_max: 5.0]
2026-04-26 12:45:48,541 PAT.train INFO: Epoch[14] Iteration[60/159] total_loss: 4.157, reid_loss: 4.140, pc_loss: 0.017, Acc: 0.466, Base Lr: 3.38e-04
2026-04-26 12:46:16,412 PAT.train INFO:   [grad_norm pre-clip: 10.780 / clip_max: 5.0]
2026-04-26 12:46:16,413 PAT.train INFO: Epoch[14] Iteration[120/159] total_loss: 4.066, reid_loss: 4.033, pc_loss: 0.033, Acc: 0.476, Base Lr: 3.38e-04
2026-04-26 12:46:34,262 PAT.train INFO: Epoch 14 done. Time per batch: 0.474[s] Speed: 135.1[samples/s]
2026-04-26 12:47:04,290 PAT.train INFO:   [grad_norm pre-clip: 10.219 / clip_max: 5.0]
2026-04-26 12:47:04,292 PAT.train INFO: Epoch[15] Iteration[60/159] total_loss: 3.718, reid_loss: 3.704, pc_loss: 0.014, Acc: 0.525, Base Lr: 3.37e-04
2026-04-26 12:47:33,142 PAT.train INFO:   [grad_norm pre-clip: 9.623 / clip_max: 5.0]
2026-04-26 12:47:33,144 PAT.train INFO: Epoch[15] Iteration[120/159] total_loss: 3.698, reid_loss: 3.678, pc_loss: 0.020, Acc: 0.525, Base Lr: 3.37e-04
2026-04-26 12:47:51,622 PAT.train INFO: Epoch 15 done. Time per batch: 0.492[s] Speed: 130.2[samples/s]
2026-04-26 12:48:21,258 PAT.train INFO:   [grad_norm pre-clip: 9.848 / clip_max: 5.0]
2026-04-26 12:48:21,258 PAT.train INFO: Epoch[16] Iteration[60/159] total_loss: 3.424, reid_loss: 3.413, pc_loss: 0.011, Acc: 0.576, Base Lr: 3.35e-04
2026-04-26 12:48:49,607 PAT.train INFO:   [grad_norm pre-clip: 9.682 / clip_max: 5.0]
2026-04-26 12:48:49,608 PAT.train INFO: Epoch[16] Iteration[120/159] total_loss: 3.415, reid_loss: 3.401, pc_loss: 0.014, Acc: 0.577, Base Lr: 3.35e-04
2026-04-26 12:49:07,281 PAT.train INFO: Epoch 16 done. Time per batch: 0.481[s] Speed: 133.1[samples/s]
2026-04-26 12:49:36,343 PAT.train INFO:   [grad_norm pre-clip: 10.808 / clip_max: 5.0]
2026-04-26 12:49:36,344 PAT.train INFO: Epoch[17] Iteration[60/159] total_loss: 3.215, reid_loss: 3.204, pc_loss: 0.011, Acc: 0.605, Base Lr: 3.33e-04
2026-04-26 12:50:03,828 PAT.train INFO:   [grad_norm pre-clip: 7.542 / clip_max: 5.0]
2026-04-26 12:50:03,829 PAT.train INFO: Epoch[17] Iteration[120/159] total_loss: 3.067, reid_loss: 3.051, pc_loss: 0.016, Acc: 0.627, Base Lr: 3.33e-04
2026-04-26 12:50:21,346 PAT.train INFO: Epoch 17 done. Time per batch: 0.471[s] Speed: 136.0[samples/s]
2026-04-26 12:50:51,241 PAT.train INFO:   [grad_norm pre-clip: 9.183 / clip_max: 5.0]
2026-04-26 12:50:51,242 PAT.train INFO: Epoch[18] Iteration[60/159] total_loss: 2.894, reid_loss: 2.871, pc_loss: 0.023, Acc: 0.672, Base Lr: 3.31e-04
2026-04-26 12:51:20,343 PAT.train INFO:   [grad_norm pre-clip: 7.605 / clip_max: 5.0]
2026-04-26 12:51:20,344 PAT.train INFO: Epoch[18] Iteration[120/159] total_loss: 2.849, reid_loss: 2.824, pc_loss: 0.025, Acc: 0.672, Base Lr: 3.31e-04
2026-04-26 12:51:38,569 PAT.train INFO: Epoch 18 done. Time per batch: 0.491[s] Speed: 130.4[samples/s]
2026-04-26 12:52:08,361 PAT.train INFO:   [grad_norm pre-clip: 10.452 / clip_max: 5.0]
2026-04-26 12:52:08,362 PAT.train INFO: Epoch[19] Iteration[60/159] total_loss: 2.749, reid_loss: 2.723, pc_loss: 0.026, Acc: 0.687, Base Lr: 3.29e-04
2026-04-26 12:52:37,619 PAT.train INFO:   [grad_norm pre-clip: 7.295 / clip_max: 5.0]
2026-04-26 12:52:37,620 PAT.train INFO: Epoch[19] Iteration[120/159] total_loss: 2.739, reid_loss: 2.712, pc_loss: 0.027, Acc: 0.689, Base Lr: 3.29e-04
2026-04-26 12:52:55,374 PAT.train INFO: Epoch 19 done. Time per batch: 0.488[s] Speed: 131.1[samples/s]
2026-04-26 12:53:24,108 PAT.train INFO:   [grad_norm pre-clip: 5.927 / clip_max: 5.0]
2026-04-26 12:53:24,109 PAT.train INFO: Epoch[20] Iteration[60/159] total_loss: 2.517, reid_loss: 2.509, pc_loss: 0.009, Acc: 0.728, Base Lr: 3.27e-04
2026-04-26 12:53:52,131 PAT.train INFO:   [grad_norm pre-clip: 6.379 / clip_max: 5.0]
2026-04-26 12:53:52,132 PAT.train INFO: Epoch[20] Iteration[120/159] total_loss: 2.486, reid_loss: 2.478, pc_loss: 0.008, Acc: 0.731, Base Lr: 3.27e-04
2026-04-26 12:54:09,555 PAT.train INFO: Epoch 20 done. Time per batch: 0.471[s] Speed: 135.8[samples/s]
2026-04-26 12:54:09,556 PAT.test INFO: Enter inferencing
2026-04-26 12:54:21,686 PAT.test INFO: Validation Results 
2026-04-26 12:54:21,687 PAT.test INFO: mAP: 100.0%
2026-04-26 12:54:21,687 PAT.test INFO: CMC curve, Rank-1  :100.0%
2026-04-26 12:54:21,687 PAT.test INFO: CMC curve, Rank-5  :100.0%
2026-04-26 12:54:21,687 PAT.test INFO: CMC curve, Rank-10 :100.0%
2026-04-26 12:54:21,687 PAT.test INFO: total inference time: 12.13
2026-04-26 12:54:51,338 PAT.train INFO:   [grad_norm pre-clip: 5.461 / clip_max: 5.0]
2026-04-26 12:54:51,339 PAT.train INFO: Epoch[21] Iteration[60/159] total_loss: 2.331, reid_loss: 2.328, pc_loss: 0.003, Acc: 0.763, Base Lr: 3.24e-04
2026-04-26 12:55:19,479 PAT.train INFO:   [grad_norm pre-clip: 6.346 / clip_max: 5.0]
2026-04-26 12:55:19,479 PAT.train INFO: Epoch[21] Iteration[120/159] total_loss: 2.311, reid_loss: 2.307, pc_loss: 0.004, Acc: 0.768, Base Lr: 3.24e-04
2026-04-26 12:55:36,435 PAT.train INFO: Epoch 21 done. Time per batch: 0.474[s] Speed: 135.1[samples/s]
2026-04-26 12:56:05,633 PAT.train INFO:   [grad_norm pre-clip: 5.240 / clip_max: 5.0]
2026-04-26 12:56:05,634 PAT.train INFO: Epoch[22] Iteration[60/159] total_loss: 2.232, reid_loss: 2.229, pc_loss: 0.004, Acc: 0.788, Base Lr: 3.22e-04
2026-04-26 12:56:34,138 PAT.train INFO:   [grad_norm pre-clip: 4.975 / clip_max: 5.0]
2026-04-26 12:56:34,140 PAT.train INFO: Epoch[22] Iteration[120/159] total_loss: 2.259, reid_loss: 2.251, pc_loss: 0.008, Acc: 0.785, Base Lr: 3.22e-04
2026-04-26 12:56:52,094 PAT.train INFO: Epoch 22 done. Time per batch: 0.481[s] Speed: 133.2[samples/s]
2026-04-26 12:57:20,904 PAT.train INFO:   [grad_norm pre-clip: 4.928 / clip_max: 5.0]
2026-04-26 12:57:20,904 PAT.train INFO: Epoch[23] Iteration[60/159] total_loss: 2.171, reid_loss: 2.154, pc_loss: 0.017, Acc: 0.813, Base Lr: 3.19e-04
2026-04-26 12:57:48,881 PAT.train INFO:   [grad_norm pre-clip: 5.128 / clip_max: 5.0]
2026-04-26 12:57:48,882 PAT.train INFO: Epoch[23] Iteration[120/159] total_loss: 2.191, reid_loss: 2.175, pc_loss: 0.016, Acc: 0.807, Base Lr: 3.19e-04
2026-04-26 12:58:06,430 PAT.train INFO: Epoch 23 done. Time per batch: 0.472[s] Speed: 135.5[samples/s]
2026-04-26 12:58:35,157 PAT.train INFO:   [grad_norm pre-clip: 6.164 / clip_max: 5.0]
2026-04-26 12:58:35,157 PAT.train INFO: Epoch[24] Iteration[60/159] total_loss: 1.993, reid_loss: 1.975, pc_loss: 0.018, Acc: 0.842, Base Lr: 3.17e-04
2026-04-26 12:59:03,197 PAT.train INFO:   [grad_norm pre-clip: 3.961 / clip_max: 5.0]
2026-04-26 12:59:03,198 PAT.train INFO: Epoch[24] Iteration[120/159] total_loss: 1.995, reid_loss: 1.982, pc_loss: 0.013, Acc: 0.843, Base Lr: 3.17e-04
2026-04-26 12:59:20,461 PAT.train INFO: Epoch 24 done. Time per batch: 0.473[s] Speed: 135.2[samples/s]
2026-04-26 12:59:50,731 PAT.train INFO:   [grad_norm pre-clip: 4.474 / clip_max: 5.0]
2026-04-26 12:59:50,732 PAT.train INFO: Epoch[25] Iteration[60/159] total_loss: 1.942, reid_loss: 1.931, pc_loss: 0.011, Acc: 0.859, Base Lr: 3.14e-04
2026-04-26 13:00:19,138 PAT.train INFO:   [grad_norm pre-clip: 4.635 / clip_max: 5.0]
2026-04-26 13:00:19,139 PAT.train INFO: Epoch[25] Iteration[120/159] total_loss: 1.931, reid_loss: 1.924, pc_loss: 0.007, Acc: 0.854, Base Lr: 3.14e-04
2026-04-26 13:00:36,733 PAT.train INFO: Epoch 25 done. Time per batch: 0.485[s] Speed: 132.1[samples/s]
2026-04-26 13:01:05,318 PAT.train INFO:   [grad_norm pre-clip: 3.888 / clip_max: 5.0]
2026-04-26 13:01:05,319 PAT.train INFO: Epoch[26] Iteration[60/159] total_loss: 1.950, reid_loss: 1.942, pc_loss: 0.008, Acc: 0.853, Base Lr: 3.11e-04
2026-04-26 13:01:33,078 PAT.train INFO:   [grad_norm pre-clip: 3.387 / clip_max: 5.0]
2026-04-26 13:01:33,079 PAT.train INFO: Epoch[26] Iteration[120/159] total_loss: 1.873, reid_loss: 1.865, pc_loss: 0.008, Acc: 0.868, Base Lr: 3.11e-04
2026-04-26 13:01:50,286 PAT.train INFO: Epoch 26 done. Time per batch: 0.467[s] Speed: 136.9[samples/s]
2026-04-26 13:02:19,444 PAT.train INFO:   [grad_norm pre-clip: 3.441 / clip_max: 5.0]
2026-04-26 13:02:19,446 PAT.train INFO: Epoch[27] Iteration[60/159] total_loss: 1.869, reid_loss: 1.866, pc_loss: 0.003, Acc: 0.881, Base Lr: 3.08e-04
2026-04-26 13:02:47,437 PAT.train INFO:   [grad_norm pre-clip: 5.867 / clip_max: 5.0]
2026-04-26 13:02:47,437 PAT.train INFO: Epoch[27] Iteration[120/159] total_loss: 1.834, reid_loss: 1.830, pc_loss: 0.004, Acc: 0.884, Base Lr: 3.08e-04
2026-04-26 13:03:04,616 PAT.train INFO: Epoch 27 done. Time per batch: 0.475[s] Speed: 134.6[samples/s]
2026-04-26 13:03:33,695 PAT.train INFO:   [grad_norm pre-clip: 3.932 / clip_max: 5.0]
2026-04-26 13:03:33,696 PAT.train INFO: Epoch[28] Iteration[60/159] total_loss: 1.804, reid_loss: 1.802, pc_loss: 0.002, Acc: 0.889, Base Lr: 3.05e-04
2026-04-26 13:04:02,454 PAT.train INFO:   [grad_norm pre-clip: 2.915 / clip_max: 5.0]
2026-04-26 13:04:02,454 PAT.train INFO: Epoch[28] Iteration[120/159] total_loss: 1.754, reid_loss: 1.752, pc_loss: 0.001, Acc: 0.897, Base Lr: 3.05e-04
2026-04-26 13:04:20,169 PAT.train INFO: Epoch 28 done. Time per batch: 0.480[s] Speed: 133.3[samples/s]
2026-04-26 13:04:50,228 PAT.train INFO:   [grad_norm pre-clip: 3.618 / clip_max: 5.0]
2026-04-26 13:04:50,229 PAT.train INFO: Epoch[29] Iteration[60/159] total_loss: 1.734, reid_loss: 1.733, pc_loss: 0.001, Acc: 0.903, Base Lr: 3.02e-04
2026-04-26 13:05:19,460 PAT.train INFO:   [grad_norm pre-clip: 3.417 / clip_max: 5.0]
2026-04-26 13:05:19,461 PAT.train INFO: Epoch[29] Iteration[120/159] total_loss: 1.694, reid_loss: 1.694, pc_loss: 0.000, Acc: 0.910, Base Lr: 3.02e-04
2026-04-26 13:05:37,588 PAT.train INFO: Epoch 29 done. Time per batch: 0.492[s] Speed: 130.1[samples/s]
2026-04-26 13:06:06,883 PAT.train INFO:   [grad_norm pre-clip: 4.145 / clip_max: 5.0]
2026-04-26 13:06:06,884 PAT.train INFO: Epoch[30] Iteration[60/159] total_loss: 1.620, reid_loss: 1.619, pc_loss: 0.000, Acc: 0.921, Base Lr: 2.99e-04
2026-04-26 13:06:35,389 PAT.train INFO:   [grad_norm pre-clip: 5.670 / clip_max: 5.0]
2026-04-26 13:06:35,390 PAT.train INFO: Epoch[30] Iteration[120/159] total_loss: 1.667, reid_loss: 1.666, pc_loss: 0.000, Acc: 0.912, Base Lr: 2.99e-04
2026-04-26 13:06:53,104 PAT.train INFO: Epoch 30 done. Time per batch: 0.480[s] Speed: 133.4[samples/s]
2026-04-26 13:06:53,105 PAT.test INFO: Enter inferencing
2026-04-26 13:07:04,951 PAT.test INFO: Validation Results 
2026-04-26 13:07:04,952 PAT.test INFO: mAP: 100.0%
2026-04-26 13:07:04,952 PAT.test INFO: CMC curve, Rank-1  :100.0%
2026-04-26 13:07:04,952 PAT.test INFO: CMC curve, Rank-5  :100.0%
2026-04-26 13:07:04,952 PAT.test INFO: CMC curve, Rank-10 :100.0%
2026-04-26 13:07:04,952 PAT.test INFO: total inference time: 11.84
2026-04-26 13:07:35,176 PAT.train INFO:   [grad_norm pre-clip: 3.693 / clip_max: 5.0]
2026-04-26 13:07:35,177 PAT.train INFO: Epoch[31] Iteration[60/159] total_loss: 1.615, reid_loss: 1.615, pc_loss: 0.000, Acc: 0.930, Base Lr: 2.96e-04
2026-04-26 13:08:03,697 PAT.train INFO:   [grad_norm pre-clip: 3.036 / clip_max: 5.0]
2026-04-26 13:08:03,698 PAT.train INFO: Epoch[31] Iteration[120/159] total_loss: 1.624, reid_loss: 1.623, pc_loss: 0.001, Acc: 0.927, Base Lr: 2.96e-04
2026-04-26 13:08:20,302 PAT.train INFO: Epoch 31 done. Time per batch: 0.480[s] Speed: 133.3[samples/s]
2026-04-26 13:08:50,231 PAT.train INFO:   [grad_norm pre-clip: 2.896 / clip_max: 5.0]
2026-04-26 13:08:50,232 PAT.train INFO: Epoch[32] Iteration[60/159] total_loss: 1.647, reid_loss: 1.647, pc_loss: 0.001, Acc: 0.926, Base Lr: 2.92e-04
2026-04-26 13:09:18,904 PAT.train INFO:   [grad_norm pre-clip: 4.058 / clip_max: 5.0]
2026-04-26 13:09:18,904 PAT.train INFO: Epoch[32] Iteration[120/159] total_loss: 1.613, reid_loss: 1.613, pc_loss: 0.001, Acc: 0.931, Base Lr: 2.92e-04
2026-04-26 13:09:36,686 PAT.train INFO: Epoch 32 done. Time per batch: 0.485[s] Speed: 131.9[samples/s]
2026-04-26 13:10:05,746 PAT.train INFO:   [grad_norm pre-clip: 2.734 / clip_max: 5.0]
2026-04-26 13:10:05,747 PAT.train INFO: Epoch[33] Iteration[60/159] total_loss: 1.612, reid_loss: 1.610, pc_loss: 0.001, Acc: 0.935, Base Lr: 2.89e-04
2026-04-26 13:10:33,934 PAT.train INFO:   [grad_norm pre-clip: 2.456 / clip_max: 5.0]
2026-04-26 13:10:33,934 PAT.train INFO: Epoch[33] Iteration[120/159] total_loss: 1.593, reid_loss: 1.591, pc_loss: 0.001, Acc: 0.935, Base Lr: 2.89e-04
2026-04-26 13:10:51,301 PAT.train INFO: Epoch 33 done. Time per batch: 0.477[s] Speed: 134.1[samples/s]
2026-04-26 13:11:20,895 PAT.train INFO:   [grad_norm pre-clip: 2.231 / clip_max: 5.0]
2026-04-26 13:11:20,896 PAT.train INFO: Epoch[34] Iteration[60/159] total_loss: 1.576, reid_loss: 1.574, pc_loss: 0.002, Acc: 0.931, Base Lr: 2.85e-04
2026-04-26 13:11:49,812 PAT.train INFO:   [grad_norm pre-clip: 1.778 / clip_max: 5.0]
2026-04-26 13:11:49,812 PAT.train INFO: Epoch[34] Iteration[120/159] total_loss: 1.591, reid_loss: 1.589, pc_loss: 0.002, Acc: 0.933, Base Lr: 2.85e-04
2026-04-26 13:12:07,715 PAT.train INFO: Epoch 34 done. Time per batch: 0.486[s] Speed: 131.8[samples/s]
2026-04-26 13:12:37,506 PAT.train INFO:   [grad_norm pre-clip: 4.943 / clip_max: 5.0]
2026-04-26 13:12:37,507 PAT.train INFO: Epoch[35] Iteration[60/159] total_loss: 1.571, reid_loss: 1.566, pc_loss: 0.005, Acc: 0.945, Base Lr: 2.82e-04
2026-04-26 13:13:06,202 PAT.train INFO:   [grad_norm pre-clip: 2.936 / clip_max: 5.0]
2026-04-26 13:13:06,202 PAT.train INFO: Epoch[35] Iteration[120/159] total_loss: 1.567, reid_loss: 1.564, pc_loss: 0.003, Acc: 0.945, Base Lr: 2.82e-04
2026-04-26 13:13:24,135 PAT.train INFO: Epoch 35 done. Time per batch: 0.486[s] Speed: 131.8[samples/s]
2026-04-26 13:13:53,546 PAT.train INFO:   [grad_norm pre-clip: 2.356 / clip_max: 5.0]
2026-04-26 13:13:53,547 PAT.train INFO: Epoch[36] Iteration[60/159] total_loss: 1.533, reid_loss: 1.532, pc_loss: 0.001, Acc: 0.947, Base Lr: 2.78e-04
2026-04-26 13:14:21,646 PAT.train INFO:   [grad_norm pre-clip: 2.656 / clip_max: 5.0]
2026-04-26 13:14:21,647 PAT.train INFO: Epoch[36] Iteration[120/159] total_loss: 1.564, reid_loss: 1.563, pc_loss: 0.001, Acc: 0.943, Base Lr: 2.78e-04
2026-04-26 13:14:38,847 PAT.train INFO: Epoch 36 done. Time per batch: 0.475[s] Speed: 134.8[samples/s]
2026-04-26 13:15:08,209 PAT.train INFO:   [grad_norm pre-clip: 3.034 / clip_max: 5.0]
2026-04-26 13:15:08,209 PAT.train INFO: Epoch[37] Iteration[60/159] total_loss: 1.523, reid_loss: 1.522, pc_loss: 0.001, Acc: 0.948, Base Lr: 2.74e-04
2026-04-26 13:15:36,940 PAT.train INFO:   [grad_norm pre-clip: 2.687 / clip_max: 5.0]
2026-04-26 13:15:36,941 PAT.train INFO: Epoch[37] Iteration[120/159] total_loss: 1.550, reid_loss: 1.548, pc_loss: 0.002, Acc: 0.946, Base Lr: 2.74e-04
2026-04-26 13:15:54,076 PAT.train INFO: Epoch 37 done. Time per batch: 0.481[s] Speed: 133.0[samples/s]
2026-04-26 13:16:23,442 PAT.train INFO:   [grad_norm pre-clip: 4.244 / clip_max: 5.0]
2026-04-26 13:16:23,443 PAT.train INFO: Epoch[38] Iteration[60/159] total_loss: 1.581, reid_loss: 1.580, pc_loss: 0.001, Acc: 0.934, Base Lr: 2.70e-04
2026-04-26 13:16:51,470 PAT.train INFO:   [grad_norm pre-clip: 3.030 / clip_max: 5.0]
2026-04-26 13:16:51,470 PAT.train INFO: Epoch[38] Iteration[120/159] total_loss: 1.571, reid_loss: 1.570, pc_loss: 0.002, Acc: 0.933, Base Lr: 2.70e-04
2026-04-26 13:17:08,895 PAT.train INFO: Epoch 38 done. Time per batch: 0.475[s] Speed: 134.6[samples/s]
2026-04-26 13:17:38,294 PAT.train INFO:   [grad_norm pre-clip: 2.363 / clip_max: 5.0]
2026-04-26 13:17:38,295 PAT.train INFO: Epoch[39] Iteration[60/159] total_loss: 1.529, reid_loss: 1.527, pc_loss: 0.002, Acc: 0.947, Base Lr: 2.67e-04
2026-04-26 13:18:06,604 PAT.train INFO:   [grad_norm pre-clip: 2.376 / clip_max: 5.0]
2026-04-26 13:18:06,604 PAT.train INFO: Epoch[39] Iteration[120/159] total_loss: 1.533, reid_loss: 1.531, pc_loss: 0.002, Acc: 0.945, Base Lr: 2.67e-04
2026-04-26 13:18:24,551 PAT.train INFO: Epoch 39 done. Time per batch: 0.481[s] Speed: 133.1[samples/s]
2026-04-26 13:18:54,187 PAT.train INFO:   [grad_norm pre-clip: 2.626 / clip_max: 5.0]
2026-04-26 13:18:54,188 PAT.train INFO: Epoch[40] Iteration[60/159] total_loss: 1.512, reid_loss: 1.511, pc_loss: 0.001, Acc: 0.951, Base Lr: 2.63e-04
2026-04-26 13:19:22,760 PAT.train INFO:   [grad_norm pre-clip: 2.336 / clip_max: 5.0]
2026-04-26 13:19:22,761 PAT.train INFO: Epoch[40] Iteration[120/159] total_loss: 1.535, reid_loss: 1.533, pc_loss: 0.002, Acc: 0.944, Base Lr: 2.63e-04
2026-04-26 13:19:40,535 PAT.train INFO: Epoch 40 done. Time per batch: 0.483[s] Speed: 132.6[samples/s]
2026-04-26 13:19:40,537 PAT.test INFO: Enter inferencing
2026-04-26 13:19:52,551 PAT.test INFO: Validation Results 
2026-04-26 13:19:52,551 PAT.test INFO: mAP: 100.0%
2026-04-26 13:19:52,552 PAT.test INFO: CMC curve, Rank-1  :100.0%
2026-04-26 13:19:52,552 PAT.test INFO: CMC curve, Rank-5  :100.0%
2026-04-26 13:19:52,552 PAT.test INFO: CMC curve, Rank-10 :100.0%
2026-04-26 13:19:52,552 PAT.test INFO: total inference time: 12.01
2026-04-26 13:20:23,246 PAT.train INFO:   [grad_norm pre-clip: 3.507 / clip_max: 5.0]
2026-04-26 13:20:23,247 PAT.train INFO: Epoch[41] Iteration[60/159] total_loss: 1.485, reid_loss: 1.484, pc_loss: 0.002, Acc: 0.963, Base Lr: 2.59e-04
2026-04-26 13:20:51,831 PAT.train INFO:   [grad_norm pre-clip: 2.827 / clip_max: 5.0]
2026-04-26 13:20:51,832 PAT.train INFO: Epoch[41] Iteration[120/159] total_loss: 1.509, reid_loss: 1.508, pc_loss: 0.001, Acc: 0.956, Base Lr: 2.59e-04
2026-04-26 13:21:09,722 PAT.train INFO: Epoch 41 done. Time per batch: 0.485[s] Speed: 131.9[samples/s]
2026-04-26 13:21:39,384 PAT.train INFO:   [grad_norm pre-clip: 1.997 / clip_max: 5.0]
2026-04-26 13:21:39,385 PAT.train INFO: Epoch[42] Iteration[60/159] total_loss: 1.511, reid_loss: 1.510, pc_loss: 0.001, Acc: 0.956, Base Lr: 2.55e-04
2026-04-26 13:22:07,749 PAT.train INFO:   [grad_norm pre-clip: 4.532 / clip_max: 5.0]
2026-04-26 13:22:07,750 PAT.train INFO: Epoch[42] Iteration[120/159] total_loss: 1.496, reid_loss: 1.495, pc_loss: 0.001, Acc: 0.955, Base Lr: 2.55e-04
2026-04-26 13:22:25,324 PAT.train INFO: Epoch 42 done. Time per batch: 0.480[s] Speed: 133.2[samples/s]
2026-04-26 13:22:54,653 PAT.train INFO:   [grad_norm pre-clip: 2.470 / clip_max: 5.0]
2026-04-26 13:22:54,654 PAT.train INFO: Epoch[43] Iteration[60/159] total_loss: 1.492, reid_loss: 1.491, pc_loss: 0.001, Acc: 0.961, Base Lr: 2.51e-04
2026-04-26 13:23:23,026 PAT.train INFO:   [grad_norm pre-clip: 3.815 / clip_max: 5.0]
2026-04-26 13:23:23,027 PAT.train INFO: Epoch[43] Iteration[120/159] total_loss: 1.484, reid_loss: 1.483, pc_loss: 0.001, Acc: 0.960, Base Lr: 2.51e-04
2026-04-26 13:23:40,548 PAT.train INFO: Epoch 43 done. Time per batch: 0.478[s] Speed: 133.9[samples/s]
2026-04-26 13:24:09,973 PAT.train INFO:   [grad_norm pre-clip: 2.058 / clip_max: 5.0]
2026-04-26 13:24:09,974 PAT.train INFO: Epoch[44] Iteration[60/159] total_loss: 1.469, reid_loss: 1.468, pc_loss: 0.001, Acc: 0.956, Base Lr: 2.46e-04
2026-04-26 13:24:38,519 PAT.train INFO:   [grad_norm pre-clip: 3.814 / clip_max: 5.0]
2026-04-26 13:24:38,520 PAT.train INFO: Epoch[44] Iteration[120/159] total_loss: 1.453, reid_loss: 1.452, pc_loss: 0.001, Acc: 0.963, Base Lr: 2.46e-04
2026-04-26 13:24:56,075 PAT.train INFO: Epoch 44 done. Time per batch: 0.480[s] Speed: 133.4[samples/s]
2026-04-26 13:25:25,563 PAT.train INFO:   [grad_norm pre-clip: 3.120 / clip_max: 5.0]
2026-04-26 13:25:25,564 PAT.train INFO: Epoch[45] Iteration[60/159] total_loss: 1.468, reid_loss: 1.468, pc_loss: 0.001, Acc: 0.961, Base Lr: 2.42e-04
2026-04-26 13:25:53,717 PAT.train INFO:   [grad_norm pre-clip: 1.024 / clip_max: 5.0]
2026-04-26 13:25:53,718 PAT.train INFO: Epoch[45] Iteration[120/159] total_loss: 1.473, reid_loss: 1.473, pc_loss: 0.001, Acc: 0.956, Base Lr: 2.42e-04
2026-04-26 13:26:11,064 PAT.train INFO: Epoch 45 done. Time per batch: 0.479[s] Speed: 133.5[samples/s]
2026-04-26 13:26:40,244 PAT.train INFO:   [grad_norm pre-clip: 2.646 / clip_max: 5.0]
2026-04-26 13:26:40,244 PAT.train INFO: Epoch[46] Iteration[60/159] total_loss: 1.425, reid_loss: 1.424, pc_loss: 0.001, Acc: 0.971, Base Lr: 2.38e-04
2026-04-26 13:27:08,314 PAT.train INFO:   [grad_norm pre-clip: 3.134 / clip_max: 5.0]
2026-04-26 13:27:08,315 PAT.train INFO: Epoch[46] Iteration[120/159] total_loss: 1.485, reid_loss: 1.484, pc_loss: 0.001, Acc: 0.958, Base Lr: 2.38e-04
2026-04-26 13:27:26,017 PAT.train INFO: Epoch 46 done. Time per batch: 0.476[s] Speed: 134.4[samples/s]
2026-04-26 13:27:55,935 PAT.train INFO:   [grad_norm pre-clip: 2.484 / clip_max: 5.0]
2026-04-26 13:27:55,935 PAT.train INFO: Epoch[47] Iteration[60/159] total_loss: 1.438, reid_loss: 1.437, pc_loss: 0.001, Acc: 0.963, Base Lr: 2.34e-04
2026-04-26 13:28:24,354 PAT.train INFO:   [grad_norm pre-clip: 2.187 / clip_max: 5.0]
2026-04-26 13:28:24,355 PAT.train INFO: Epoch[47] Iteration[120/159] total_loss: 1.465, reid_loss: 1.464, pc_loss: 0.001, Acc: 0.959, Base Lr: 2.34e-04
2026-04-26 13:28:42,097 PAT.train INFO: Epoch 47 done. Time per batch: 0.483[s] Speed: 132.4[samples/s]
2026-04-26 13:29:11,179 PAT.train INFO:   [grad_norm pre-clip: 2.515 / clip_max: 5.0]
2026-04-26 13:29:11,179 PAT.train INFO: Epoch[48] Iteration[60/159] total_loss: 1.494, reid_loss: 1.493, pc_loss: 0.001, Acc: 0.958, Base Lr: 2.29e-04
2026-04-26 13:29:39,789 PAT.train INFO:   [grad_norm pre-clip: 1.769 / clip_max: 5.0]
2026-04-26 13:29:39,789 PAT.train INFO: Epoch[48] Iteration[120/159] total_loss: 1.465, reid_loss: 1.465, pc_loss: 0.001, Acc: 0.962, Base Lr: 2.29e-04
2026-04-26 13:29:57,710 PAT.train INFO: Epoch 48 done. Time per batch: 0.480[s] Speed: 133.2[samples/s]
2026-04-26 13:30:27,857 PAT.train INFO:   [grad_norm pre-clip: 2.594 / clip_max: 5.0]
2026-04-26 13:30:27,859 PAT.train INFO: Epoch[49] Iteration[60/159] total_loss: 1.446, reid_loss: 1.445, pc_loss: 0.001, Acc: 0.967, Base Lr: 2.25e-04
2026-04-26 13:30:56,553 PAT.train INFO:   [grad_norm pre-clip: 1.905 / clip_max: 5.0]
2026-04-26 13:30:56,554 PAT.train INFO: Epoch[49] Iteration[120/159] total_loss: 1.436, reid_loss: 1.435, pc_loss: 0.001, Acc: 0.968, Base Lr: 2.25e-04
2026-04-26 13:31:13,799 PAT.train INFO: Epoch 49 done. Time per batch: 0.487[s] Speed: 131.5[samples/s]
2026-04-26 13:31:43,535 PAT.train INFO:   [grad_norm pre-clip: 4.438 / clip_max: 5.0]
2026-04-26 13:31:43,536 PAT.train INFO: Epoch[50] Iteration[60/159] total_loss: 1.492, reid_loss: 1.491, pc_loss: 0.001, Acc: 0.948, Base Lr: 2.21e-04
2026-04-26 13:32:12,245 PAT.train INFO:   [grad_norm pre-clip: 2.670 / clip_max: 5.0]
2026-04-26 13:32:12,246 PAT.train INFO: Epoch[50] Iteration[120/159] total_loss: 1.454, reid_loss: 1.453, pc_loss: 0.001, Acc: 0.958, Base Lr: 2.21e-04
2026-04-26 13:32:29,432 PAT.train INFO: Epoch 50 done. Time per batch: 0.484[s] Speed: 132.3[samples/s]
2026-04-26 13:32:29,433 PAT.test INFO: Enter inferencing
2026-04-26 13:32:41,246 PAT.test INFO: Validation Results 
2026-04-26 13:32:41,247 PAT.test INFO: mAP: 100.0%
2026-04-26 13:32:41,247 PAT.test INFO: CMC curve, Rank-1  :100.0%
2026-04-26 13:32:41,247 PAT.test INFO: CMC curve, Rank-5  :100.0%
2026-04-26 13:32:41,247 PAT.test INFO: CMC curve, Rank-10 :100.0%
2026-04-26 13:32:41,247 PAT.test INFO: total inference time: 11.81
2026-04-26 13:33:11,327 PAT.train INFO:   [grad_norm pre-clip: 1.255 / clip_max: 5.0]
2026-04-26 13:33:11,327 PAT.train INFO: Epoch[51] Iteration[60/159] total_loss: 1.447, reid_loss: 1.446, pc_loss: 0.002, Acc: 0.964, Base Lr: 2.16e-04
2026-04-26 13:33:39,441 PAT.train INFO:   [grad_norm pre-clip: 3.124 / clip_max: 5.0]
2026-04-26 13:33:39,442 PAT.train INFO: Epoch[51] Iteration[120/159] total_loss: 1.427, reid_loss: 1.426, pc_loss: 0.001, Acc: 0.966, Base Lr: 2.16e-04
2026-04-26 13:33:57,060 PAT.train INFO: Epoch 51 done. Time per batch: 0.477[s] Speed: 134.2[samples/s]
2026-04-26 13:34:26,643 PAT.train INFO:   [grad_norm pre-clip: 2.086 / clip_max: 5.0]
2026-04-26 13:34:26,643 PAT.train INFO: Epoch[52] Iteration[60/159] total_loss: 1.426, reid_loss: 1.425, pc_loss: 0.002, Acc: 0.971, Base Lr: 2.12e-04
2026-04-26 13:34:54,923 PAT.train INFO:   [grad_norm pre-clip: 2.413 / clip_max: 5.0]
2026-04-26 13:34:54,923 PAT.train INFO: Epoch[52] Iteration[120/159] total_loss: 1.418, reid_loss: 1.417, pc_loss: 0.002, Acc: 0.970, Base Lr: 2.12e-04
2026-04-26 13:35:12,731 PAT.train INFO: Epoch 52 done. Time per batch: 0.481[s] Speed: 133.1[samples/s]
2026-04-26 13:35:42,160 PAT.train INFO:   [grad_norm pre-clip: 2.552 / clip_max: 5.0]
2026-04-26 13:35:42,161 PAT.train INFO: Epoch[53] Iteration[60/159] total_loss: 1.443, reid_loss: 1.442, pc_loss: 0.000, Acc: 0.971, Base Lr: 2.07e-04
2026-04-26 13:36:10,412 PAT.train INFO:   [grad_norm pre-clip: 2.810 / clip_max: 5.0]
2026-04-26 13:36:10,413 PAT.train INFO: Epoch[53] Iteration[120/159] total_loss: 1.410, reid_loss: 1.409, pc_loss: 0.001, Acc: 0.974, Base Lr: 2.07e-04
2026-04-26 13:36:27,524 PAT.train INFO: Epoch 53 done. Time per batch: 0.478[s] Speed: 133.8[samples/s]
2026-04-26 13:36:56,861 PAT.train INFO:   [grad_norm pre-clip: 1.648 / clip_max: 5.0]
2026-04-26 13:36:56,863 PAT.train INFO: Epoch[54] Iteration[60/159] total_loss: 1.416, reid_loss: 1.414, pc_loss: 0.002, Acc: 0.969, Base Lr: 2.03e-04
2026-04-26 13:37:24,994 PAT.train INFO:   [grad_norm pre-clip: 1.278 / clip_max: 5.0]
2026-04-26 13:37:24,994 PAT.train INFO: Epoch[54] Iteration[120/159] total_loss: 1.404, reid_loss: 1.402, pc_loss: 0.002, Acc: 0.973, Base Lr: 2.03e-04
2026-04-26 13:37:42,589 PAT.train INFO: Epoch 54 done. Time per batch: 0.477[s] Speed: 134.2[samples/s]
2026-04-26 13:38:12,021 PAT.train INFO:   [grad_norm pre-clip: 3.501 / clip_max: 5.0]
2026-04-26 13:38:12,021 PAT.train INFO: Epoch[55] Iteration[60/159] total_loss: 1.406, reid_loss: 1.405, pc_loss: 0.001, Acc: 0.977, Base Lr: 1.98e-04
2026-04-26 13:38:40,199 PAT.train INFO:   [grad_norm pre-clip: 2.112 / clip_max: 5.0]
2026-04-26 13:38:40,200 PAT.train INFO: Epoch[55] Iteration[120/159] total_loss: 1.407, reid_loss: 1.406, pc_loss: 0.001, Acc: 0.974, Base Lr: 1.98e-04
2026-04-26 13:38:57,800 PAT.train INFO: Epoch 55 done. Time per batch: 0.478[s] Speed: 133.9[samples/s]
2026-04-26 13:39:27,682 PAT.train INFO:   [grad_norm pre-clip: 0.823 / clip_max: 5.0]
2026-04-26 13:39:27,683 PAT.train INFO: Epoch[56] Iteration[60/159] total_loss: 1.408, reid_loss: 1.407, pc_loss: 0.001, Acc: 0.975, Base Lr: 1.94e-04
2026-04-26 13:39:55,780 PAT.train INFO:   [grad_norm pre-clip: 4.085 / clip_max: 5.0]
2026-04-26 13:39:55,781 PAT.train INFO: Epoch[56] Iteration[120/159] total_loss: 1.394, reid_loss: 1.394, pc_loss: 0.001, Acc: 0.975, Base Lr: 1.94e-04
2026-04-26 13:40:12,814 PAT.train INFO: Epoch 56 done. Time per batch: 0.480[s] Speed: 133.4[samples/s]
2026-04-26 13:40:42,103 PAT.train INFO:   [grad_norm pre-clip: 1.737 / clip_max: 5.0]
2026-04-26 13:40:42,104 PAT.train INFO: Epoch[57] Iteration[60/159] total_loss: 1.356, reid_loss: 1.355, pc_loss: 0.001, Acc: 0.983, Base Lr: 1.89e-04
2026-04-26 13:41:10,252 PAT.train INFO:   [grad_norm pre-clip: 1.664 / clip_max: 5.0]
2026-04-26 13:41:10,253 PAT.train INFO: Epoch[57] Iteration[120/159] total_loss: 1.350, reid_loss: 1.349, pc_loss: 0.001, Acc: 0.982, Base Lr: 1.89e-04
2026-04-26 13:41:27,768 PAT.train INFO: Epoch 57 done. Time per batch: 0.476[s] Speed: 134.4[samples/s]
2026-04-26 13:41:57,212 PAT.train INFO:   [grad_norm pre-clip: 2.962 / clip_max: 5.0]
2026-04-26 13:41:57,212 PAT.train INFO: Epoch[58] Iteration[60/159] total_loss: 1.352, reid_loss: 1.351, pc_loss: 0.001, Acc: 0.982, Base Lr: 1.84e-04
2026-04-26 13:42:25,204 PAT.train INFO:   [grad_norm pre-clip: 2.557 / clip_max: 5.0]
2026-04-26 13:42:25,205 PAT.train INFO: Epoch[58] Iteration[120/159] total_loss: 1.355, reid_loss: 1.354, pc_loss: 0.001, Acc: 0.980, Base Lr: 1.84e-04
2026-04-26 13:42:42,116 PAT.train INFO: Epoch 58 done. Time per batch: 0.475[s] Speed: 134.6[samples/s]
2026-04-26 13:43:10,918 PAT.train INFO:   [grad_norm pre-clip: 1.581 / clip_max: 5.0]
2026-04-26 13:43:10,919 PAT.train INFO: Epoch[59] Iteration[60/159] total_loss: 1.361, reid_loss: 1.360, pc_loss: 0.001, Acc: 0.982, Base Lr: 1.80e-04
2026-04-26 13:43:39,007 PAT.train INFO:   [grad_norm pre-clip: 1.246 / clip_max: 5.0]
2026-04-26 13:43:39,007 PAT.train INFO: Epoch[59] Iteration[120/159] total_loss: 1.340, reid_loss: 1.339, pc_loss: 0.001, Acc: 0.985, Base Lr: 1.80e-04
2026-04-26 13:43:56,388 PAT.train INFO: Epoch 59 done. Time per batch: 0.472[s] Speed: 135.6[samples/s]
2026-04-26 13:44:25,508 PAT.train INFO:   [grad_norm pre-clip: 1.527 / clip_max: 5.0]
2026-04-26 13:44:25,509 PAT.train INFO: Epoch[60] Iteration[60/159] total_loss: 1.330, reid_loss: 1.330, pc_loss: 0.001, Acc: 0.985, Base Lr: 1.75e-04
2026-04-26 13:44:53,534 PAT.train INFO:   [grad_norm pre-clip: 2.239 / clip_max: 5.0]
2026-04-26 13:44:53,535 PAT.train INFO: Epoch[60] Iteration[120/159] total_loss: 1.325, reid_loss: 1.324, pc_loss: 0.001, Acc: 0.986, Base Lr: 1.75e-04
2026-04-26 13:45:11,232 PAT.train INFO: Epoch 60 done. Time per batch: 0.476[s] Speed: 134.6[samples/s]
2026-04-26 13:45:11,233 PAT.test INFO: Enter inferencing
2026-04-26 13:45:23,119 PAT.test INFO: Validation Results 
2026-04-26 13:45:23,120 PAT.test INFO: mAP: 100.0%
2026-04-26 13:45:23,120 PAT.test INFO: CMC curve, Rank-1  :100.0%
2026-04-26 13:45:23,120 PAT.test INFO: CMC curve, Rank-5  :100.0%
2026-04-26 13:45:23,120 PAT.test INFO: CMC curve, Rank-10 :100.0%
2026-04-26 13:45:23,120 PAT.test INFO: total inference time: 11.88
using Transformer_type: part token vit as a backbone
using stride: [16, 16], and patch number is num_y16 * num_x8
using drop_out rate is : 0.0
using attn_drop_out rate is : 0.0
using drop_path rate is : 0.1
Resized position embedding from size:torch.Size([1, 197, 1024]) to size: torch.Size([1, 132, 1024]) with height:16 width: 8
Load 297 / 299 layers.
Loading pretrained ImageNet model......from /workspace/miuam_challenge_diff/pretrained/jx_vit_large_p16_224-4ee7a4dc.pth
/workspace/miuam_challenge_diff/.venv/lib/python3.10/site-packages/torch/nn/init.py:412: UserWarning: Initializing zero-element tensors is a no-op
  warnings.warn("Initializing zero-element tensors is a no-op")
===========building our part attention vit===========
2026-04-26 13:45:31,908 PAT.train INFO: Number of parameter: 304.27M
Loading trained model from models/./model_vitlarge_256x128_60ep_arcface_seed300/part_attention_vit_10.pth
load weights from part_attention_vit_10.pth
2026-04-26 13:45:32,727 PAT INFO: => Loaded UrbanElementsReID_test
2026-04-26 13:45:32,728 PAT INFO:   ----------------------------------------
2026-04-26 13:45:32,728 PAT INFO:   subset   | # ids | # images | # cameras
2026-04-26 13:45:32,728 PAT INFO:   ----------------------------------------
2026-04-26 13:45:32,728 PAT INFO:   query    |     1 |      928 |         1
2026-04-26 13:45:32,728 PAT INFO:   gallery  |     1 |     2844 |         3
2026-04-26 13:45:32,728 PAT INFO:   ----------------------------------------
2026-04-26 13:45:32,728 PAT.test INFO: Enter inferencing
2026-04-26 13:45:44,828 PAT.test INFO: Validation Results 
2026-04-26 13:45:44,829 PAT.test INFO: mAP: 100.0%
2026-04-26 13:45:44,829 PAT.test INFO: CMC curve, Rank-1  :100.0%
2026-04-26 13:45:44,829 PAT.test INFO: CMC curve, Rank-5  :100.0%
2026-04-26 13:45:44,829 PAT.test INFO: CMC curve, Rank-10 :100.0%
2026-04-26 13:45:44,829 PAT.test INFO: total inference time: 11.89
saving final checkpoint (best epoch re-saved, per-epoch checkpoints retained).
done!
