2026-04-21 11:47:34,503 PAT INFO: Saving model to: models/./model_vitlarge_256x128_60ep_seed42
2026-04-21 11:47:34,503 PAT INFO: Namespace(config_file='config/UrbanElementsReID_train_seed42.yml', opts=[], local_rank=0)
2026-04-21 11:47:34,503 PAT INFO: Loaded configuration file config/UrbanElementsReID_train_seed42.yml
2026-04-21 11:47:34,503 PAT INFO: 
MODEL:
  PRETRAIN_CHOICE: 'imagenet'
  PRETRAIN_PATH: '/workspace/miuam_challenge_diff/pretrained'
  IF_LABELSMOOTH: 'on'
  IF_WITH_CENTER: 'no'
  NAME: 'part_attention_vit'
  NO_MARGIN: True
  DEVICE_ID: ('0')
  TRANSFORMER_TYPE: 'vit_large_patch16_224_TransReID'
  STRIDE_SIZE: [16, 16]

INPUT:
  SIZE_TRAIN: [256, 128]
  SIZE_TEST: [256, 128]
  REA:
    ENABLED: False
  PIXEL_MEAN: [0.5, 0.5, 0.5]
  PIXEL_STD: [0.5, 0.5, 0.5]
  LGT:
    DO_LGT: True
    PROB: 0.5

DATASETS:
  TRAIN: ('UrbanElementsReID',)
  TEST: ('UrbanElementsReID_test',)
  ROOT_DIR: '/workspace/Urban2026/'

DATALOADER:
  SAMPLER: 'softmax_triplet'
  NUM_INSTANCE: 4
  NUM_WORKERS: 8

SOLVER:
  OPTIMIZER_NAME: 'Adam'
  MAX_EPOCHS: 60
  BASE_LR: 0.00035
  WARMUP_METHOD: 'linear'
  WARMUP_EPOCHS: 10
  WARMUP_FACTOR: 0.01
  IMS_PER_BATCH: 64
  LARGE_FC_LR: False
  CHECKPOINT_PERIOD: 10
  LOG_PERIOD: 60
  EVAL_PERIOD: 10
  WEIGHT_DECAY: 1e-4
  WEIGHT_DECAY_BIAS: 1e-4
  BIAS_LR_FACTOR: 2
  SEED: 42

TEST:
  EVAL: True
  IMS_PER_BATCH: 64
  RE_RANKING: False
  WEIGHT: ''
  NECK_FEAT: 'before'
  FEAT_NORM: True

LOG_ROOT: 'models/'
TB_LOG_ROOT: './tb_log/'
LOG_NAME: './model_vitlarge_256x128_60ep_seed42'
2026-04-21 11:47:34,503 PAT INFO: Running with config:
DATALOADER:
  CAMERA_TO_DOMAIN: False
  DELETE_REM: False
  DROP_LAST: False
  INDIVIDUAL: False
  NAIVE_WAY: True
  NUM_INSTANCE: 4
  NUM_WORKERS: 8
  SAMPLER: softmax_triplet
DATASETS:
  COMBINEALL: False
  ROOT_DIR: /workspace/Urban2026/
  TEST: ('UrbanElementsReID_test',)
  TRAIN: ('UrbanElementsReID',)
INPUT:
  CJ:
    BRIGHTNESS: 0.15
    CONTRAST: 0.15
    ENABLED: False
    HUE: 0.1
    PROB: 1.0
    SATURATION: 0.1
  DO_AUGMIX: False
  DO_AUTOAUG: False
  DO_FLIP: True
  DO_PAD: True
  FLIP_PROB: 0.5
  LGT:
    DO_LGT: True
    PROB: 0.5
  PADDING: 10
  PADDING_MODE: constant
  PIXEL_MEAN: [0.5, 0.5, 0.5]
  PIXEL_STD: [0.5, 0.5, 0.5]
  REA:
    ENABLED: False
    MEAN: [123.675, 116.28, 103.53]
    PROB: 0.5
  RPT:
    ENABLED: False
    PROB: 0.5
  SIZE_TEST: [256, 128]
  SIZE_TRAIN: [256, 128]
LOG_NAME: ./model_vitlarge_256x128_60ep_seed42
LOG_ROOT: models/
MODEL:
  ATT_DROP_RATE: 0.0
  AUX_LOSS_WEIGHT: 0.1
  CLUSTER_K: 10
  COS_LAYER: False
  DEEP_SUP: False
  DEVICE: cuda
  DEVICE_ID: 0
  DIST_TRAIN: False
  DROP_OUT: 0.0
  DROP_PATH: 0.1
  FREEZE_PATCH_EMBED: True
  ID_LOSS_TYPE: softmax
  ID_LOSS_WEIGHT: 1.0
  IF_LABELSMOOTH: on
  IF_WITH_CENTER: no
  LAST_STRIDE: 1
  METRIC_LOSS_TYPE: triplet
  NAME: part_attention_vit
  NECK: bnneck
  NO_MARGIN: True
  NUM_AUX_LAYERS: 5
  PATCH_EMBED_TYPE: 
  PC_LOSS: True
  PC_LR: 1.0
  PC_SCALE: 0.02
  PRETRAIN_CHOICE: imagenet
  PRETRAIN_PATH: /workspace/miuam_challenge_diff/pretrained
  SOFT_LABEL: True
  SOFT_LAMBDA: 0.5
  SOFT_WEIGHT: 0.5
  STRIDE_SIZE: [16, 16]
  TRANSFORMER_TYPE: vit_large_patch16_224_TransReID
  TRIPLET_LOSS_WEIGHT: 1.0
SOLVER:
  BASE_LR: 0.00035
  BIAS_LR_FACTOR: 2
  CENTER_LOSS_WEIGHT: 0.0005
  CENTER_LR: 0.5
  CHECKPOINT_PERIOD: 10
  COSINE_MARGIN: 0.5
  COSINE_SCALE: 30
  EVAL_PERIOD: 10
  GAMMA: 0.1
  IMS_PER_BATCH: 64
  LARGE_FC_LR: False
  LOG_PERIOD: 60
  MARGIN: 0.3
  MAX_EPOCHS: 60
  MOMENTUM: 0.9
  OPTIMIZER_NAME: Adam
  SEED: 42
  STEPS: (40, 70)
  WARMUP_EPOCHS: 10
  WARMUP_FACTOR: 0.01
  WARMUP_METHOD: linear
  WEIGHT_DECAY: 0.0001
  WEIGHT_DECAY_BIAS: 0.0001
TB_LOG_ROOT: ./tb_log/
TEST:
  DIST_MAT: dist_mat.npy
  EVAL: True
  FEAT_NORM: True
  IMS_PER_BATCH: 64
  NECK_FEAT: before
  RE_RANKING: False
  WEIGHT: 
2026-04-21 11:47:34,585 PAT INFO: => Loaded UrbanElementsReID
2026-04-21 11:47:34,585 PAT INFO:   ----------------------------------------
2026-04-21 11:47:34,585 PAT INFO:   subset   | # ids | # images | # cameras
2026-04-21 11:47:34,585 PAT INFO:   ----------------------------------------
2026-04-21 11:47:34,585 PAT INFO:   train    |  1088 |    11175 |         3
2026-04-21 11:47:34,585 PAT INFO:   ----------------------------------------
2026-04-21 11:47:34,678 PAT INFO: => Loaded UrbanElementsReID_test
2026-04-21 11:47:34,678 PAT INFO:   ----------------------------------------
2026-04-21 11:47:34,678 PAT INFO:   subset   | # ids | # images | # cameras
2026-04-21 11:47:34,678 PAT INFO:   ----------------------------------------
2026-04-21 11:47:34,678 PAT INFO:   query    |     1 |      928 |         1
2026-04-21 11:47:34,678 PAT INFO:   gallery  |     1 |     2844 |         3
2026-04-21 11:47:34,678 PAT INFO:   ----------------------------------------
using Transformer_type: part token vit as a backbone
using stride: [16, 16], and patch number is num_y16 * num_x8
using drop_out rate is : 0.0
using attn_drop_out rate is : 0.0
using drop_path rate is : 0.1
Resized position embedding from size:torch.Size([1, 197, 1024]) to size: torch.Size([1, 132, 1024]) with height:16 width: 8
Load 297 / 299 layers.
Loading pretrained ImageNet model......from /workspace/miuam_challenge_diff/pretrained/jx_vit_large_p16_224-4ee7a4dc.pth
===========building our part attention vit===========
2026-04-21 11:47:42,877 PAT.train INFO: Number of parameter: 305.38M
====== freeze patch_embed for stability ======
using soft triplet loss for training
label smooth on, numclasses: 1088
======== using soft label ========
2026-04-21 11:47:44,872 PAT.train INFO: start training
saving tblog to ./tb_log/./model_vitlarge_256x128_60ep_seed42
initialize the centers
initialization done
/workspace/miuam_challenge_diff/loss/myloss.py:29: UserWarning: This overload of addmm_ is deprecated:
	addmm_(Number beta, Number alpha, Tensor mat1, Tensor mat2)
Consider using one of the following signatures instead:
	addmm_(Tensor mat1, Tensor mat2, *, Number beta, Number alpha) (Triggered internally at ../torch/csrc/utils/python_arg_parser.cpp:1519.)
  dist_map.addmm_(1, -2, part_feat, part_centers.t())
2026-04-21 11:48:52,427 PAT.train INFO: Epoch[1] Iteration[60/159] total_loss: 9.013, reid_loss: 8.434, pc_loss: 0.579, Acc: 0.027, Base Lr: 3.81e-05
2026-04-21 11:49:22,341 PAT.train INFO: Epoch[1] Iteration[120/159] total_loss: 8.562, reid_loss: 8.113, pc_loss: 0.449, Acc: 0.060, Base Lr: 3.81e-05
2026-04-21 11:49:40,439 PAT.train INFO: Epoch 1 done. Time per batch: 0.481[s] Speed: 133.0[samples/s]
2026-04-21 11:50:09,378 PAT.train INFO: Epoch[2] Iteration[60/159] total_loss: 7.357, reid_loss: 7.243, pc_loss: 0.113, Acc: 0.124, Base Lr: 7.28e-05
2026-04-21 11:50:37,788 PAT.train INFO: Epoch[2] Iteration[120/159] total_loss: 7.187, reid_loss: 7.100, pc_loss: 0.088, Acc: 0.121, Base Lr: 7.28e-05
2026-04-21 11:50:55,413 PAT.train INFO: Epoch 2 done. Time per batch: 0.476[s] Speed: 134.4[samples/s]
2026-04-21 11:51:25,251 PAT.train INFO: Epoch[3] Iteration[60/159] total_loss: 6.357, reid_loss: 6.344, pc_loss: 0.013, Acc: 0.128, Base Lr: 1.07e-04
2026-04-21 11:51:54,374 PAT.train INFO: Epoch[3] Iteration[120/159] total_loss: 6.169, reid_loss: 6.158, pc_loss: 0.011, Acc: 0.133, Base Lr: 1.07e-04
2026-04-21 11:52:12,477 PAT.train INFO: Epoch 3 done. Time per batch: 0.490[s] Speed: 130.7[samples/s]
2026-04-21 11:52:45,207 PAT.train INFO: Epoch[4] Iteration[60/159] total_loss: 5.375, reid_loss: 5.366, pc_loss: 0.010, Acc: 0.163, Base Lr: 1.42e-04
2026-04-21 11:53:13,951 PAT.train INFO: Epoch[4] Iteration[120/159] total_loss: 5.210, reid_loss: 5.187, pc_loss: 0.023, Acc: 0.193, Base Lr: 1.42e-04
2026-04-21 11:53:32,189 PAT.train INFO: Epoch 4 done. Time per batch: 0.507[s] Speed: 126.4[samples/s]
2026-04-21 11:54:02,234 PAT.train INFO: Epoch[5] Iteration[60/159] total_loss: 4.575, reid_loss: 4.570, pc_loss: 0.005, Acc: 0.241, Base Lr: 1.77e-04
2026-04-21 11:54:31,520 PAT.train INFO: Epoch[5] Iteration[120/159] total_loss: 4.298, reid_loss: 4.294, pc_loss: 0.005, Acc: 0.284, Base Lr: 1.77e-04
2026-04-21 11:54:49,141 PAT.train INFO: Epoch 5 done. Time per batch: 0.489[s] Speed: 130.9[samples/s]
2026-04-21 11:55:17,987 PAT.train INFO: Epoch[6] Iteration[60/159] total_loss: 3.743, reid_loss: 3.734, pc_loss: 0.009, Acc: 0.367, Base Lr: 2.11e-04
2026-04-21 11:55:46,056 PAT.train INFO: Epoch[6] Iteration[120/159] total_loss: 3.531, reid_loss: 3.525, pc_loss: 0.006, Acc: 0.417, Base Lr: 2.11e-04
2026-04-21 11:56:03,584 PAT.train INFO: Epoch 6 done. Time per batch: 0.473[s] Speed: 135.3[samples/s]
2026-04-21 11:56:32,349 PAT.train INFO: Epoch[7] Iteration[60/159] total_loss: 2.955, reid_loss: 2.950, pc_loss: 0.005, Acc: 0.509, Base Lr: 2.46e-04
2026-04-21 11:57:00,494 PAT.train INFO: Epoch[7] Iteration[120/159] total_loss: 2.855, reid_loss: 2.848, pc_loss: 0.007, Acc: 0.548, Base Lr: 2.46e-04
2026-04-21 11:57:18,142 PAT.train INFO: Epoch 7 done. Time per batch: 0.474[s] Speed: 135.1[samples/s]
2026-04-21 11:57:47,015 PAT.train INFO: Epoch[8] Iteration[60/159] total_loss: 2.602, reid_loss: 2.561, pc_loss: 0.041, Acc: 0.639, Base Lr: 2.81e-04
2026-04-21 11:58:15,038 PAT.train INFO: Epoch[8] Iteration[120/159] total_loss: 2.498, reid_loss: 2.448, pc_loss: 0.050, Acc: 0.666, Base Lr: 2.81e-04
2026-04-21 11:58:32,112 PAT.train INFO: Epoch 8 done. Time per batch: 0.473[s] Speed: 135.3[samples/s]
2026-04-21 11:59:01,079 PAT.train INFO: Epoch[9] Iteration[60/159] total_loss: 2.367, reid_loss: 2.253, pc_loss: 0.114, Acc: 0.717, Base Lr: 3.15e-04
2026-04-21 11:59:29,138 PAT.train INFO: Epoch[9] Iteration[120/159] total_loss: 2.253, reid_loss: 2.190, pc_loss: 0.063, Acc: 0.729, Base Lr: 3.15e-04
2026-04-21 11:59:46,171 PAT.train INFO: Epoch 9 done. Time per batch: 0.474[s] Speed: 135.2[samples/s]
2026-04-21 12:00:15,408 PAT.train INFO: Epoch[10] Iteration[60/159] total_loss: 2.047, reid_loss: 2.026, pc_loss: 0.021, Acc: 0.777, Base Lr: 3.44e-04
2026-04-21 12:00:43,759 PAT.train INFO: Epoch[10] Iteration[120/159] total_loss: 2.025, reid_loss: 2.009, pc_loss: 0.017, Acc: 0.780, Base Lr: 3.44e-04
2026-04-21 12:01:01,112 PAT.train INFO: Epoch 10 done. Time per batch: 0.479[s] Speed: 133.6[samples/s]
2026-04-21 12:01:01,112 PAT.test INFO: Enter inferencing
2026-04-21 12:01:13,977 PAT.test INFO: Validation Results 
2026-04-21 12:01:13,977 PAT.test INFO: mAP: 100.0%
2026-04-21 12:01:13,977 PAT.test INFO: CMC curve, Rank-1  :100.0%
2026-04-21 12:01:13,977 PAT.test INFO: CMC curve, Rank-5  :100.0%
2026-04-21 12:01:13,977 PAT.test INFO: CMC curve, Rank-10 :100.0%
2026-04-21 12:01:13,977 PAT.test INFO: total inference time: 12.86
2026-04-21 12:01:13,986 PAT.train INFO: =====best epoch: 10=====
2026-04-21 12:01:44,591 PAT.train INFO: Epoch[11] Iteration[60/159] total_loss: 1.897, reid_loss: 1.883, pc_loss: 0.014, Acc: 0.820, Base Lr: 3.43e-04
2026-04-21 12:02:13,121 PAT.train INFO: Epoch[11] Iteration[120/159] total_loss: 1.867, reid_loss: 1.841, pc_loss: 0.026, Acc: 0.831, Base Lr: 3.43e-04
2026-04-21 12:02:30,840 PAT.train INFO: Epoch 11 done. Time per batch: 0.481[s] Speed: 133.2[samples/s]
2026-04-21 12:03:07,669 PAT.train INFO: Epoch[12] Iteration[60/159] total_loss: 1.811, reid_loss: 1.798, pc_loss: 0.012, Acc: 0.848, Base Lr: 3.41e-04
2026-04-21 12:03:35,553 PAT.train INFO: Epoch[12] Iteration[120/159] total_loss: 1.782, reid_loss: 1.761, pc_loss: 0.021, Acc: 0.854, Base Lr: 3.41e-04
2026-04-21 12:03:52,996 PAT.train INFO: Epoch 12 done. Time per batch: 0.472[s] Speed: 135.7[samples/s]
2026-04-21 12:04:21,857 PAT.train INFO: Epoch[13] Iteration[60/159] total_loss: 1.681, reid_loss: 1.649, pc_loss: 0.032, Acc: 0.872, Base Lr: 3.40e-04
2026-04-21 12:04:49,786 PAT.train INFO: Epoch[13] Iteration[120/159] total_loss: 1.652, reid_loss: 1.622, pc_loss: 0.030, Acc: 0.884, Base Lr: 3.40e-04
2026-04-21 12:05:07,056 PAT.train INFO: Epoch 13 done. Time per batch: 0.471[s] Speed: 136.0[samples/s]
2026-04-21 12:05:36,497 PAT.train INFO: Epoch[14] Iteration[60/159] total_loss: 1.568, reid_loss: 1.557, pc_loss: 0.011, Acc: 0.903, Base Lr: 3.38e-04
2026-04-21 12:06:04,703 PAT.train INFO: Epoch[14] Iteration[120/159] total_loss: 1.560, reid_loss: 1.545, pc_loss: 0.015, Acc: 0.904, Base Lr: 3.38e-04
2026-04-21 12:06:22,154 PAT.train INFO: Epoch 14 done. Time per batch: 0.477[s] Speed: 134.1[samples/s]
2026-04-21 12:06:51,922 PAT.train INFO: Epoch[15] Iteration[60/159] total_loss: 1.696, reid_loss: 1.630, pc_loss: 0.066, Acc: 0.911, Base Lr: 3.37e-04
2026-04-21 12:07:20,134 PAT.train INFO: Epoch[15] Iteration[120/159] total_loss: 1.672, reid_loss: 1.636, pc_loss: 0.036, Acc: 0.900, Base Lr: 3.37e-04
2026-04-21 12:07:38,021 PAT.train INFO: Epoch 15 done. Time per batch: 0.482[s] Speed: 132.8[samples/s]
2026-04-21 12:08:09,412 PAT.train INFO: Epoch[16] Iteration[60/159] total_loss: 1.579, reid_loss: 1.574, pc_loss: 0.005, Acc: 0.915, Base Lr: 3.35e-04
2026-04-21 12:08:37,105 PAT.train INFO: Epoch[16] Iteration[120/159] total_loss: 1.574, reid_loss: 1.570, pc_loss: 0.004, Acc: 0.912, Base Lr: 3.35e-04
2026-04-21 12:08:53,938 PAT.train INFO: Epoch 16 done. Time per batch: 0.469[s] Speed: 136.4[samples/s]
2026-04-21 12:09:22,698 PAT.train INFO: Epoch[17] Iteration[60/159] total_loss: 1.512, reid_loss: 1.503, pc_loss: 0.009, Acc: 0.928, Base Lr: 3.33e-04
2026-04-21 12:09:50,453 PAT.train INFO: Epoch[17] Iteration[120/159] total_loss: 1.524, reid_loss: 1.518, pc_loss: 0.007, Acc: 0.927, Base Lr: 3.33e-04
2026-04-21 12:10:07,435 PAT.train INFO: Epoch 17 done. Time per batch: 0.470[s] Speed: 136.2[samples/s]
2026-04-21 12:10:36,933 PAT.train INFO: Epoch[18] Iteration[60/159] total_loss: 1.469, reid_loss: 1.463, pc_loss: 0.005, Acc: 0.939, Base Lr: 3.31e-04
2026-04-21 12:11:05,814 PAT.train INFO: Epoch[18] Iteration[120/159] total_loss: 1.468, reid_loss: 1.463, pc_loss: 0.005, Acc: 0.944, Base Lr: 3.31e-04
2026-04-21 12:11:23,988 PAT.train INFO: Epoch 18 done. Time per batch: 0.486[s] Speed: 131.6[samples/s]
2026-04-21 12:11:53,303 PAT.train INFO: Epoch[19] Iteration[60/159] total_loss: 1.462, reid_loss: 1.452, pc_loss: 0.010, Acc: 0.945, Base Lr: 3.29e-04
2026-04-21 12:12:22,098 PAT.train INFO: Epoch[19] Iteration[120/159] total_loss: 1.463, reid_loss: 1.451, pc_loss: 0.012, Acc: 0.947, Base Lr: 3.29e-04
2026-04-21 12:12:39,434 PAT.train INFO: Epoch 19 done. Time per batch: 0.479[s] Speed: 133.5[samples/s]
2026-04-21 12:13:12,292 PAT.train INFO: Epoch[20] Iteration[60/159] total_loss: 1.494, reid_loss: 1.479, pc_loss: 0.015, Acc: 0.940, Base Lr: 3.27e-04
2026-04-21 12:13:41,025 PAT.train INFO: Epoch[20] Iteration[120/159] total_loss: 1.481, reid_loss: 1.466, pc_loss: 0.015, Acc: 0.942, Base Lr: 3.27e-04
2026-04-21 12:13:58,933 PAT.train INFO: Epoch 20 done. Time per batch: 0.486[s] Speed: 131.8[samples/s]
2026-04-21 12:13:58,933 PAT.test INFO: Enter inferencing
2026-04-21 12:14:10,580 PAT.test INFO: Validation Results 
2026-04-21 12:14:10,580 PAT.test INFO: mAP: 100.0%
2026-04-21 12:14:10,580 PAT.test INFO: CMC curve, Rank-1  :100.0%
2026-04-21 12:14:10,581 PAT.test INFO: CMC curve, Rank-5  :100.0%
2026-04-21 12:14:10,581 PAT.test INFO: CMC curve, Rank-10 :100.0%
2026-04-21 12:14:10,581 PAT.test INFO: total inference time: 11.64
2026-04-21 12:15:02,090 PAT.train INFO: Epoch[21] Iteration[60/159] total_loss: 1.481, reid_loss: 1.468, pc_loss: 0.012, Acc: 0.943, Base Lr: 3.24e-04
2026-04-21 12:15:30,638 PAT.train INFO: Epoch[21] Iteration[120/159] total_loss: 1.462, reid_loss: 1.453, pc_loss: 0.008, Acc: 0.950, Base Lr: 3.24e-04
2026-04-21 12:15:48,193 PAT.train INFO: Epoch 21 done. Time per batch: 0.526[s] Speed: 121.6[samples/s]
2026-04-21 12:16:18,034 PAT.train INFO: Epoch[22] Iteration[60/159] total_loss: 1.437, reid_loss: 1.431, pc_loss: 0.006, Acc: 0.951, Base Lr: 3.22e-04
2026-04-21 12:16:46,244 PAT.train INFO: Epoch[22] Iteration[120/159] total_loss: 1.449, reid_loss: 1.441, pc_loss: 0.009, Acc: 0.950, Base Lr: 3.22e-04
2026-04-21 12:17:03,816 PAT.train INFO: Epoch 22 done. Time per batch: 0.479[s] Speed: 133.6[samples/s]
2026-04-21 12:17:33,690 PAT.train INFO: Epoch[23] Iteration[60/159] total_loss: 1.500, reid_loss: 1.488, pc_loss: 0.012, Acc: 0.942, Base Lr: 3.19e-04
2026-04-21 12:18:01,458 PAT.train INFO: Epoch[23] Iteration[120/159] total_loss: 1.481, reid_loss: 1.471, pc_loss: 0.010, Acc: 0.945, Base Lr: 3.19e-04
2026-04-21 12:18:18,832 PAT.train INFO: Epoch 23 done. Time per batch: 0.470[s] Speed: 136.1[samples/s]
2026-04-21 12:18:50,373 PAT.train INFO: Epoch[24] Iteration[60/159] total_loss: 1.428, reid_loss: 1.420, pc_loss: 0.008, Acc: 0.958, Base Lr: 3.17e-04
2026-04-21 12:19:18,161 PAT.train INFO: Epoch[24] Iteration[120/159] total_loss: 1.437, reid_loss: 1.430, pc_loss: 0.007, Acc: 0.955, Base Lr: 3.17e-04
2026-04-21 12:19:35,137 PAT.train INFO: Epoch 24 done. Time per batch: 0.488[s] Speed: 131.2[samples/s]
2026-04-21 12:20:07,658 PAT.train INFO: Epoch[25] Iteration[60/159] total_loss: 1.453, reid_loss: 1.438, pc_loss: 0.015, Acc: 0.953, Base Lr: 3.14e-04
2026-04-21 12:20:36,409 PAT.train INFO: Epoch[25] Iteration[120/159] total_loss: 1.444, reid_loss: 1.432, pc_loss: 0.012, Acc: 0.956, Base Lr: 3.14e-04
2026-04-21 12:20:54,258 PAT.train INFO: Epoch 25 done. Time per batch: 0.506[s] Speed: 126.5[samples/s]
2026-04-21 12:21:40,408 PAT.train INFO: Epoch[26] Iteration[60/159] total_loss: 1.420, reid_loss: 1.417, pc_loss: 0.004, Acc: 0.960, Base Lr: 3.11e-04
2026-04-21 12:22:09,374 PAT.train INFO: Epoch[26] Iteration[120/159] total_loss: 1.409, reid_loss: 1.406, pc_loss: 0.003, Acc: 0.960, Base Lr: 3.11e-04
2026-04-21 12:22:27,821 PAT.train INFO: Epoch 26 done. Time per batch: 0.491[s] Speed: 130.4[samples/s]
2026-04-21 12:22:57,739 PAT.train INFO: Epoch[27] Iteration[60/159] total_loss: 1.400, reid_loss: 1.396, pc_loss: 0.004, Acc: 0.962, Base Lr: 3.08e-04
2026-04-21 12:23:26,308 PAT.train INFO: Epoch[27] Iteration[120/159] total_loss: 1.382, reid_loss: 1.378, pc_loss: 0.003, Acc: 0.966, Base Lr: 3.08e-04
2026-04-21 12:23:44,215 PAT.train INFO: Epoch 27 done. Time per batch: 0.485[s] Speed: 131.9[samples/s]
2026-04-21 12:24:15,547 PAT.train INFO: Epoch[28] Iteration[60/159] total_loss: 1.412, reid_loss: 1.406, pc_loss: 0.007, Acc: 0.960, Base Lr: 3.05e-04
2026-04-21 12:24:44,982 PAT.train INFO: Epoch[28] Iteration[120/159] total_loss: 1.424, reid_loss: 1.419, pc_loss: 0.005, Acc: 0.959, Base Lr: 3.05e-04
2026-04-21 12:25:03,703 PAT.train INFO: Epoch 28 done. Time per batch: 0.495[s] Speed: 129.4[samples/s]
2026-04-21 12:25:33,761 PAT.train INFO: Epoch[29] Iteration[60/159] total_loss: 1.404, reid_loss: 1.402, pc_loss: 0.002, Acc: 0.962, Base Lr: 3.02e-04
2026-04-21 12:26:02,737 PAT.train INFO: Epoch[29] Iteration[120/159] total_loss: 1.375, reid_loss: 1.373, pc_loss: 0.003, Acc: 0.968, Base Lr: 3.02e-04
2026-04-21 12:26:20,816 PAT.train INFO: Epoch 29 done. Time per batch: 0.490[s] Speed: 130.6[samples/s]
2026-04-21 12:26:50,340 PAT.train INFO: Epoch[30] Iteration[60/159] total_loss: 1.371, reid_loss: 1.369, pc_loss: 0.002, Acc: 0.964, Base Lr: 2.99e-04
2026-04-21 12:27:19,035 PAT.train INFO: Epoch[30] Iteration[120/159] total_loss: 1.389, reid_loss: 1.387, pc_loss: 0.002, Acc: 0.964, Base Lr: 2.99e-04
2026-04-21 12:27:36,848 PAT.train INFO: Epoch 30 done. Time per batch: 0.483[s] Speed: 132.5[samples/s]
2026-04-21 12:27:36,849 PAT.test INFO: Enter inferencing
2026-04-21 12:27:48,412 PAT.test INFO: Validation Results 
2026-04-21 12:27:48,412 PAT.test INFO: mAP: 100.0%
2026-04-21 12:27:48,412 PAT.test INFO: CMC curve, Rank-1  :100.0%
2026-04-21 12:27:48,412 PAT.test INFO: CMC curve, Rank-5  :100.0%
2026-04-21 12:27:48,412 PAT.test INFO: CMC curve, Rank-10 :100.0%
2026-04-21 12:27:48,412 PAT.test INFO: total inference time: 11.56
2026-04-21 12:28:19,476 PAT.train INFO: Epoch[31] Iteration[60/159] total_loss: 1.403, reid_loss: 1.402, pc_loss: 0.001, Acc: 0.965, Base Lr: 2.96e-04
2026-04-21 12:28:48,985 PAT.train INFO: Epoch[31] Iteration[120/159] total_loss: 1.402, reid_loss: 1.401, pc_loss: 0.001, Acc: 0.965, Base Lr: 2.96e-04
2026-04-21 12:29:07,174 PAT.train INFO: Epoch 31 done. Time per batch: 0.495[s] Speed: 129.3[samples/s]
2026-04-21 12:29:37,788 PAT.train INFO: Epoch[32] Iteration[60/159] total_loss: 1.399, reid_loss: 1.398, pc_loss: 0.001, Acc: 0.968, Base Lr: 2.92e-04
2026-04-21 12:30:07,083 PAT.train INFO: Epoch[32] Iteration[120/159] total_loss: 1.383, reid_loss: 1.382, pc_loss: 0.001, Acc: 0.969, Base Lr: 2.92e-04
2026-04-21 12:30:25,005 PAT.train INFO: Epoch 32 done. Time per batch: 0.498[s] Speed: 128.6[samples/s]
2026-04-21 12:30:55,218 PAT.train INFO: Epoch[33] Iteration[60/159] total_loss: 1.361, reid_loss: 1.358, pc_loss: 0.003, Acc: 0.973, Base Lr: 2.89e-04
2026-04-21 12:31:23,948 PAT.train INFO: Epoch[33] Iteration[120/159] total_loss: 1.373, reid_loss: 1.370, pc_loss: 0.002, Acc: 0.971, Base Lr: 2.89e-04
2026-04-21 12:31:41,984 PAT.train INFO: Epoch 33 done. Time per batch: 0.489[s] Speed: 130.9[samples/s]
2026-04-21 12:32:11,889 PAT.train INFO: Epoch[34] Iteration[60/159] total_loss: 1.393, reid_loss: 1.389, pc_loss: 0.004, Acc: 0.965, Base Lr: 2.85e-04
2026-04-21 12:32:40,507 PAT.train INFO: Epoch[34] Iteration[120/159] total_loss: 1.377, reid_loss: 1.375, pc_loss: 0.002, Acc: 0.967, Base Lr: 2.85e-04
2026-04-21 12:32:57,939 PAT.train INFO: Epoch 34 done. Time per batch: 0.486[s] Speed: 131.8[samples/s]
2026-04-21 12:33:35,626 PAT.train INFO: Epoch[35] Iteration[60/159] total_loss: 1.348, reid_loss: 1.344, pc_loss: 0.005, Acc: 0.978, Base Lr: 2.82e-04
2026-04-21 12:34:03,721 PAT.train INFO: Epoch[35] Iteration[120/159] total_loss: 1.334, reid_loss: 1.331, pc_loss: 0.003, Acc: 0.974, Base Lr: 2.82e-04
2026-04-21 12:34:21,200 PAT.train INFO: Epoch 35 done. Time per batch: 0.509[s] Speed: 125.8[samples/s]
2026-04-21 12:34:59,575 PAT.train INFO: Epoch[36] Iteration[60/159] total_loss: 1.351, reid_loss: 1.349, pc_loss: 0.002, Acc: 0.968, Base Lr: 2.78e-04
2026-04-21 12:35:27,631 PAT.train INFO: Epoch[36] Iteration[120/159] total_loss: 1.346, reid_loss: 1.344, pc_loss: 0.001, Acc: 0.972, Base Lr: 2.78e-04
2026-04-21 12:35:44,545 PAT.train INFO: Epoch 36 done. Time per batch: 0.473[s] Speed: 135.2[samples/s]
2026-04-21 12:36:13,674 PAT.train INFO: Epoch[37] Iteration[60/159] total_loss: 1.331, reid_loss: 1.330, pc_loss: 0.001, Acc: 0.983, Base Lr: 2.74e-04
2026-04-21 12:36:41,987 PAT.train INFO: Epoch[37] Iteration[120/159] total_loss: 1.326, reid_loss: 1.325, pc_loss: 0.002, Acc: 0.978, Base Lr: 2.74e-04
2026-04-21 12:36:59,494 PAT.train INFO: Epoch 37 done. Time per batch: 0.476[s] Speed: 134.4[samples/s]
2026-04-21 12:37:28,856 PAT.train INFO: Epoch[38] Iteration[60/159] total_loss: 1.372, reid_loss: 1.368, pc_loss: 0.004, Acc: 0.973, Base Lr: 2.70e-04
2026-04-21 12:37:56,769 PAT.train INFO: Epoch[38] Iteration[120/159] total_loss: 1.359, reid_loss: 1.357, pc_loss: 0.002, Acc: 0.976, Base Lr: 2.70e-04
2026-04-21 12:38:13,868 PAT.train INFO: Epoch 38 done. Time per batch: 0.476[s] Speed: 134.6[samples/s]
2026-04-21 12:38:42,737 PAT.train INFO: Epoch[39] Iteration[60/159] total_loss: 1.338, reid_loss: 1.337, pc_loss: 0.000, Acc: 0.980, Base Lr: 2.67e-04
2026-04-21 12:39:10,882 PAT.train INFO: Epoch[39] Iteration[120/159] total_loss: 1.335, reid_loss: 1.335, pc_loss: 0.000, Acc: 0.978, Base Lr: 2.67e-04
2026-04-21 12:39:28,468 PAT.train INFO: Epoch 39 done. Time per batch: 0.474[s] Speed: 135.0[samples/s]
2026-04-21 12:40:02,124 PAT.train INFO: Epoch[40] Iteration[60/159] total_loss: 1.316, reid_loss: 1.315, pc_loss: 0.001, Acc: 0.973, Base Lr: 2.63e-04
2026-04-21 12:40:30,569 PAT.train INFO: Epoch[40] Iteration[120/159] total_loss: 1.328, reid_loss: 1.327, pc_loss: 0.001, Acc: 0.976, Base Lr: 2.63e-04
2026-04-21 12:40:48,341 PAT.train INFO: Epoch 40 done. Time per batch: 0.480[s] Speed: 133.3[samples/s]
2026-04-21 12:40:48,342 PAT.test INFO: Enter inferencing
2026-04-21 12:40:59,780 PAT.test INFO: Validation Results 
2026-04-21 12:40:59,781 PAT.test INFO: mAP: 100.0%
2026-04-21 12:40:59,781 PAT.test INFO: CMC curve, Rank-1  :100.0%
2026-04-21 12:40:59,781 PAT.test INFO: CMC curve, Rank-5  :100.0%
2026-04-21 12:40:59,781 PAT.test INFO: CMC curve, Rank-10 :100.0%
2026-04-21 12:40:59,781 PAT.test INFO: total inference time: 11.43
2026-04-21 12:41:42,299 PAT.train INFO: Epoch[41] Iteration[60/159] total_loss: 1.309, reid_loss: 1.303, pc_loss: 0.006, Acc: 0.982, Base Lr: 2.59e-04
2026-04-21 12:42:10,427 PAT.train INFO: Epoch[41] Iteration[120/159] total_loss: 1.298, reid_loss: 1.294, pc_loss: 0.004, Acc: 0.983, Base Lr: 2.59e-04
2026-04-21 12:42:27,580 PAT.train INFO: Epoch 41 done. Time per batch: 0.475[s] Speed: 134.9[samples/s]
2026-04-21 12:42:57,202 PAT.train INFO: Epoch[42] Iteration[60/159] total_loss: 1.284, reid_loss: 1.284, pc_loss: 0.001, Acc: 0.983, Base Lr: 2.55e-04
2026-04-21 12:43:25,688 PAT.train INFO: Epoch[42] Iteration[120/159] total_loss: 1.293, reid_loss: 1.292, pc_loss: 0.001, Acc: 0.981, Base Lr: 2.55e-04
2026-04-21 12:43:43,357 PAT.train INFO: Epoch 42 done. Time per batch: 0.479[s] Speed: 133.5[samples/s]
2026-04-21 12:44:12,627 PAT.train INFO: Epoch[43] Iteration[60/159] total_loss: 1.262, reid_loss: 1.259, pc_loss: 0.002, Acc: 0.984, Base Lr: 2.51e-04
2026-04-21 12:44:41,002 PAT.train INFO: Epoch[43] Iteration[120/159] total_loss: 1.271, reid_loss: 1.268, pc_loss: 0.003, Acc: 0.984, Base Lr: 2.51e-04
2026-04-21 12:44:58,893 PAT.train INFO: Epoch 43 done. Time per batch: 0.480[s] Speed: 133.3[samples/s]
2026-04-21 12:45:28,974 PAT.train INFO: Epoch[44] Iteration[60/159] total_loss: 1.265, reid_loss: 1.262, pc_loss: 0.002, Acc: 0.989, Base Lr: 2.46e-04
2026-04-21 12:45:58,166 PAT.train INFO: Epoch[44] Iteration[120/159] total_loss: 1.273, reid_loss: 1.271, pc_loss: 0.002, Acc: 0.987, Base Lr: 2.46e-04
2026-04-21 12:46:16,017 PAT.train INFO: Epoch 44 done. Time per batch: 0.490[s] Speed: 130.6[samples/s]
2026-04-21 12:46:44,303 PAT.train INFO: Epoch[45] Iteration[60/159] total_loss: 1.312, reid_loss: 1.311, pc_loss: 0.002, Acc: 0.981, Base Lr: 2.42e-04
2026-04-21 12:47:12,287 PAT.train INFO: Epoch[45] Iteration[120/159] total_loss: 1.282, reid_loss: 1.281, pc_loss: 0.001, Acc: 0.985, Base Lr: 2.42e-04
2026-04-21 12:47:29,947 PAT.train INFO: Epoch 45 done. Time per batch: 0.470[s] Speed: 136.3[samples/s]
2026-04-21 12:48:01,638 PAT.train INFO: Epoch[46] Iteration[60/159] total_loss: 1.308, reid_loss: 1.306, pc_loss: 0.002, Acc: 0.981, Base Lr: 2.38e-04
2026-04-21 12:48:31,402 PAT.train INFO: Epoch[46] Iteration[120/159] total_loss: 1.299, reid_loss: 1.296, pc_loss: 0.003, Acc: 0.984, Base Lr: 2.38e-04
2026-04-21 12:48:49,194 PAT.train INFO: Epoch 46 done. Time per batch: 0.504[s] Speed: 127.1[samples/s]
2026-04-21 12:49:18,832 PAT.train INFO: Epoch[47] Iteration[60/159] total_loss: 1.274, reid_loss: 1.273, pc_loss: 0.001, Acc: 0.984, Base Lr: 2.34e-04
2026-04-21 12:49:47,699 PAT.train INFO: Epoch[47] Iteration[120/159] total_loss: 1.269, reid_loss: 1.268, pc_loss: 0.002, Acc: 0.985, Base Lr: 2.34e-04
2026-04-21 12:50:05,649 PAT.train INFO: Epoch 47 done. Time per batch: 0.486[s] Speed: 131.7[samples/s]
2026-04-21 12:50:35,058 PAT.train INFO: Epoch[48] Iteration[60/159] total_loss: 1.279, reid_loss: 1.278, pc_loss: 0.001, Acc: 0.980, Base Lr: 2.29e-04
2026-04-21 12:51:03,087 PAT.train INFO: Epoch[48] Iteration[120/159] total_loss: 1.256, reid_loss: 1.255, pc_loss: 0.001, Acc: 0.986, Base Lr: 2.29e-04
2026-04-21 12:51:21,068 PAT.train INFO: Epoch 48 done. Time per batch: 0.479[s] Speed: 133.6[samples/s]
2026-04-21 12:51:50,788 PAT.train INFO: Epoch[49] Iteration[60/159] total_loss: 1.253, reid_loss: 1.251, pc_loss: 0.002, Acc: 0.986, Base Lr: 2.25e-04
2026-04-21 12:52:19,306 PAT.train INFO: Epoch[49] Iteration[120/159] total_loss: 1.251, reid_loss: 1.244, pc_loss: 0.007, Acc: 0.987, Base Lr: 2.25e-04
2026-04-21 12:52:36,180 PAT.train INFO: Epoch 49 done. Time per batch: 0.480[s] Speed: 133.2[samples/s]
2026-04-21 12:53:05,660 PAT.train INFO: Epoch[50] Iteration[60/159] total_loss: 1.251, reid_loss: 1.246, pc_loss: 0.006, Acc: 0.988, Base Lr: 2.21e-04
2026-04-21 12:53:34,018 PAT.train INFO: Epoch[50] Iteration[120/159] total_loss: 1.243, reid_loss: 1.239, pc_loss: 0.003, Acc: 0.990, Base Lr: 2.21e-04
2026-04-21 12:53:51,075 PAT.train INFO: Epoch 50 done. Time per batch: 0.479[s] Speed: 133.6[samples/s]
2026-04-21 12:53:51,076 PAT.test INFO: Enter inferencing
2026-04-21 12:54:02,671 PAT.test INFO: Validation Results 
2026-04-21 12:54:02,671 PAT.test INFO: mAP: 100.0%
2026-04-21 12:54:02,671 PAT.test INFO: CMC curve, Rank-1  :100.0%
2026-04-21 12:54:02,671 PAT.test INFO: CMC curve, Rank-5  :100.0%
2026-04-21 12:54:02,671 PAT.test INFO: CMC curve, Rank-10 :100.0%
2026-04-21 12:54:02,671 PAT.test INFO: total inference time: 11.59
2026-04-21 12:54:32,351 PAT.train INFO: Epoch[51] Iteration[60/159] total_loss: 1.255, reid_loss: 1.255, pc_loss: 0.001, Acc: 0.987, Base Lr: 2.16e-04
2026-04-21 12:55:00,278 PAT.train INFO: Epoch[51] Iteration[120/159] total_loss: 1.243, reid_loss: 1.243, pc_loss: 0.001, Acc: 0.988, Base Lr: 2.16e-04
2026-04-21 12:55:17,794 PAT.train INFO: Epoch 51 done. Time per batch: 0.476[s] Speed: 134.6[samples/s]
2026-04-21 12:55:46,614 PAT.train INFO: Epoch[52] Iteration[60/159] total_loss: 1.237, reid_loss: 1.236, pc_loss: 0.001, Acc: 0.990, Base Lr: 2.12e-04
2026-04-21 12:56:14,079 PAT.train INFO: Epoch[52] Iteration[120/159] total_loss: 1.233, reid_loss: 1.233, pc_loss: 0.001, Acc: 0.990, Base Lr: 2.12e-04
2026-04-21 12:56:31,524 PAT.train INFO: Epoch 52 done. Time per batch: 0.468[s] Speed: 136.6[samples/s]
2026-04-21 12:57:01,054 PAT.train INFO: Epoch[53] Iteration[60/159] total_loss: 1.232, reid_loss: 1.231, pc_loss: 0.001, Acc: 0.983, Base Lr: 2.07e-04
2026-04-21 12:57:29,193 PAT.train INFO: Epoch[53] Iteration[120/159] total_loss: 1.224, reid_loss: 1.223, pc_loss: 0.001, Acc: 0.988, Base Lr: 2.07e-04
2026-04-21 12:57:45,951 PAT.train INFO: Epoch 53 done. Time per batch: 0.476[s] Speed: 134.5[samples/s]
2026-04-21 12:58:27,629 PAT.train INFO: Epoch[54] Iteration[60/159] total_loss: 1.226, reid_loss: 1.224, pc_loss: 0.002, Acc: 0.992, Base Lr: 2.03e-04
2026-04-21 12:58:57,278 PAT.train INFO: Epoch[54] Iteration[120/159] total_loss: 1.220, reid_loss: 1.218, pc_loss: 0.002, Acc: 0.993, Base Lr: 2.03e-04
2026-04-21 12:59:15,916 PAT.train INFO: Epoch 54 done. Time per batch: 0.570[s] Speed: 112.2[samples/s]
2026-04-21 12:59:47,314 PAT.train INFO: Epoch[55] Iteration[60/159] total_loss: 1.225, reid_loss: 1.217, pc_loss: 0.008, Acc: 0.991, Base Lr: 1.98e-04
2026-04-21 13:00:17,364 PAT.train INFO: Epoch[55] Iteration[120/159] total_loss: 1.226, reid_loss: 1.221, pc_loss: 0.004, Acc: 0.993, Base Lr: 1.98e-04
2026-04-21 13:00:35,791 PAT.train INFO: Epoch 55 done. Time per batch: 0.511[s] Speed: 125.3[samples/s]
2026-04-21 13:01:06,377 PAT.train INFO: Epoch[56] Iteration[60/159] total_loss: 1.205, reid_loss: 1.202, pc_loss: 0.003, Acc: 0.988, Base Lr: 1.94e-04
2026-04-21 13:01:35,734 PAT.train INFO: Epoch[56] Iteration[120/159] total_loss: 1.218, reid_loss: 1.215, pc_loss: 0.003, Acc: 0.989, Base Lr: 1.94e-04
2026-04-21 13:01:53,903 PAT.train INFO: Epoch 56 done. Time per batch: 0.500[s] Speed: 128.1[samples/s]
2026-04-21 13:02:24,689 PAT.train INFO: Epoch[57] Iteration[60/159] total_loss: 1.208, reid_loss: 1.208, pc_loss: 0.001, Acc: 0.992, Base Lr: 1.89e-04
2026-04-21 13:02:55,132 PAT.train INFO: Epoch[57] Iteration[120/159] total_loss: 1.216, reid_loss: 1.215, pc_loss: 0.001, Acc: 0.991, Base Lr: 1.89e-04
2026-04-21 13:03:13,158 PAT.train INFO: Epoch 57 done. Time per batch: 0.504[s] Speed: 127.1[samples/s]
2026-04-21 13:03:44,591 PAT.train INFO: Epoch[58] Iteration[60/159] total_loss: 1.235, reid_loss: 1.234, pc_loss: 0.002, Acc: 0.993, Base Lr: 1.84e-04
2026-04-21 13:04:14,779 PAT.train INFO: Epoch[58] Iteration[120/159] total_loss: 1.220, reid_loss: 1.219, pc_loss: 0.001, Acc: 0.992, Base Lr: 1.84e-04
2026-04-21 13:04:33,379 PAT.train INFO: Epoch 58 done. Time per batch: 0.510[s] Speed: 125.5[samples/s]
2026-04-21 13:05:14,194 PAT.train INFO: Epoch[59] Iteration[60/159] total_loss: 1.207, reid_loss: 1.207, pc_loss: 0.000, Acc: 0.993, Base Lr: 1.80e-04
2026-04-21 13:05:43,004 PAT.train INFO: Epoch[59] Iteration[120/159] total_loss: 1.200, reid_loss: 1.199, pc_loss: 0.000, Acc: 0.992, Base Lr: 1.80e-04
2026-04-21 13:06:00,310 PAT.train INFO: Epoch 59 done. Time per batch: 0.501[s] Speed: 127.7[samples/s]
2026-04-21 13:06:33,698 PAT.train INFO: Epoch[60] Iteration[60/159] total_loss: 1.173, reid_loss: 1.173, pc_loss: 0.000, Acc: 0.996, Base Lr: 1.75e-04
2026-04-21 13:07:02,467 PAT.train INFO: Epoch[60] Iteration[120/159] total_loss: 1.180, reid_loss: 1.179, pc_loss: 0.001, Acc: 0.995, Base Lr: 1.75e-04
2026-04-21 13:07:19,607 PAT.train INFO: Epoch 60 done. Time per batch: 0.507[s] Speed: 126.2[samples/s]
2026-04-21 13:07:19,608 PAT.test INFO: Enter inferencing
2026-04-21 13:07:31,590 PAT.test INFO: Validation Results 
2026-04-21 13:07:31,591 PAT.test INFO: mAP: 100.0%
2026-04-21 13:07:31,591 PAT.test INFO: CMC curve, Rank-1  :100.0%
2026-04-21 13:07:31,591 PAT.test INFO: CMC curve, Rank-5  :100.0%
2026-04-21 13:07:31,591 PAT.test INFO: CMC curve, Rank-10 :100.0%
2026-04-21 13:07:31,591 PAT.test INFO: total inference time: 11.98
using Transformer_type: part token vit as a backbone
using stride: [16, 16], and patch number is num_y16 * num_x8
using drop_out rate is : 0.0
using attn_drop_out rate is : 0.0
using drop_path rate is : 0.1
Resized position embedding from size:torch.Size([1, 197, 1024]) to size: torch.Size([1, 132, 1024]) with height:16 width: 8
Load 297 / 299 layers.
Loading pretrained ImageNet model......from /workspace/miuam_challenge_diff/pretrained/jx_vit_large_p16_224-4ee7a4dc.pth
/workspace/miuam_challenge_diff/.venv/lib/python3.10/site-packages/torch/nn/init.py:412: UserWarning: Initializing zero-element tensors is a no-op
  warnings.warn("Initializing zero-element tensors is a no-op")
===========building our part attention vit===========
2026-04-21 13:07:41,500 PAT.train INFO: Number of parameter: 304.27M
Loading trained model from models/./model_vitlarge_256x128_60ep_seed42/part_attention_vit_10.pth
load weights from part_attention_vit_10.pth
2026-04-21 13:07:43,187 PAT INFO: => Loaded UrbanElementsReID_test
2026-04-21 13:07:43,188 PAT INFO:   ----------------------------------------
2026-04-21 13:07:43,188 PAT INFO:   subset   | # ids | # images | # cameras
2026-04-21 13:07:43,188 PAT INFO:   ----------------------------------------
2026-04-21 13:07:43,188 PAT INFO:   query    |     1 |      928 |         1
2026-04-21 13:07:43,188 PAT INFO:   gallery  |     1 |     2844 |         3
2026-04-21 13:07:43,188 PAT INFO:   ----------------------------------------
2026-04-21 13:07:43,188 PAT.test INFO: Enter inferencing
2026-04-21 13:07:55,191 PAT.test INFO: Validation Results 
2026-04-21 13:07:55,191 PAT.test INFO: mAP: 100.0%
2026-04-21 13:07:55,191 PAT.test INFO: CMC curve, Rank-1  :100.0%
2026-04-21 13:07:55,191 PAT.test INFO: CMC curve, Rank-5  :100.0%
2026-04-21 13:07:55,191 PAT.test INFO: CMC curve, Rank-10 :100.0%
2026-04-21 13:07:55,191 PAT.test INFO: total inference time: 11.74
saving final checkpoint (best epoch re-saved, per-epoch checkpoints retained).
done!
