2026-04-21 13:30:38,366 PAT INFO: Saving model to: models/./model_vitlarge_256x128_heavyaug_from_seed42_ep60
2026-04-21 13:30:38,367 PAT INFO: Namespace(config_file='config/UrbanElementsReID_train_heavyaug.yml', opts=[], local_rank=0)
2026-04-21 13:30:38,367 PAT INFO: Loaded configuration file config/UrbanElementsReID_train_heavyaug.yml
2026-04-21 13:30:38,367 PAT INFO: 
MODEL:
  PRETRAIN_CHOICE: 'imagenet'
  PRETRAIN_PATH: '/workspace/miuam_challenge_diff/pretrained'
  IF_LABELSMOOTH: 'on'
  IF_WITH_CENTER: 'no'
  NAME: 'part_attention_vit'
  NO_MARGIN: True
  DEVICE_ID: ('0')
  TRANSFORMER_TYPE: 'vit_large_patch16_224_TransReID'
  STRIDE_SIZE: [16, 16]
  FINETUNE_FROM: '/workspace/miuam_challenge_diff/models/model_vitlarge_256x128_60ep_seed42/part_attention_vit_60.pth'

INPUT:
  SIZE_TRAIN: [256, 128]
  SIZE_TEST: [256, 128]
  REA:
    ENABLED: True
    PROB: 0.4
  PIXEL_MEAN: [0.5, 0.5, 0.5]
  PIXEL_STD: [0.5, 0.5, 0.5]
  LGT:
    DO_LGT: True
    PROB: 0.5
  CJ:
    ENABLED: True
    PROB: 0.6
    BRIGHTNESS: 0.3
    CONTRAST: 0.3
    SATURATION: 0.2
    HUE: 0.1

DATASETS:
  TRAIN: ('UrbanElementsReID',)
  TEST: ('UrbanElementsReID_test',)
  ROOT_DIR: '/workspace/Urban2026/'

DATALOADER:
  SAMPLER: 'softmax_triplet'
  NUM_INSTANCE: 4
  NUM_WORKERS: 8

SOLVER:
  OPTIMIZER_NAME: 'Adam'
  MAX_EPOCHS: 20
  BASE_LR: 0.00005
  WARMUP_METHOD: 'linear'
  WARMUP_EPOCHS: 2
  WARMUP_FACTOR: 0.1
  IMS_PER_BATCH: 64
  LARGE_FC_LR: False
  CHECKPOINT_PERIOD: 5
  LOG_PERIOD: 60
  EVAL_PERIOD: 5
  WEIGHT_DECAY: 1e-4
  WEIGHT_DECAY_BIAS: 1e-4
  BIAS_LR_FACTOR: 2
  SEED: 7

TEST:
  EVAL: True
  IMS_PER_BATCH: 64
  RE_RANKING: False
  WEIGHT: ''
  NECK_FEAT: 'before'
  FEAT_NORM: True

LOG_ROOT: 'models/'
TB_LOG_ROOT: './tb_log/'
LOG_NAME: './model_vitlarge_256x128_heavyaug_from_seed42_ep60'
2026-04-21 13:30:38,367 PAT INFO: Running with config:
DATALOADER:
  CAMERA_TO_DOMAIN: False
  DELETE_REM: False
  DROP_LAST: False
  INDIVIDUAL: False
  NAIVE_WAY: True
  NUM_INSTANCE: 4
  NUM_WORKERS: 8
  SAMPLER: softmax_triplet
DATASETS:
  COMBINEALL: False
  ROOT_DIR: /workspace/Urban2026/
  TEST: ('UrbanElementsReID_test',)
  TRAIN: ('UrbanElementsReID',)
INPUT:
  CJ:
    BRIGHTNESS: 0.3
    CONTRAST: 0.3
    ENABLED: True
    HUE: 0.1
    PROB: 0.6
    SATURATION: 0.2
  DO_AUGMIX: False
  DO_AUTOAUG: False
  DO_FLIP: True
  DO_PAD: True
  FLIP_PROB: 0.5
  LGT:
    DO_LGT: True
    PROB: 0.5
  PADDING: 10
  PADDING_MODE: constant
  PIXEL_MEAN: [0.5, 0.5, 0.5]
  PIXEL_STD: [0.5, 0.5, 0.5]
  REA:
    ENABLED: True
    MEAN: [123.675, 116.28, 103.53]
    PROB: 0.4
  RPT:
    ENABLED: False
    PROB: 0.5
  SIZE_TEST: [256, 128]
  SIZE_TRAIN: [256, 128]
LOG_NAME: ./model_vitlarge_256x128_heavyaug_from_seed42_ep60
LOG_ROOT: models/
MODEL:
  ATT_DROP_RATE: 0.0
  AUX_LOSS_WEIGHT: 0.1
  CLUSTER_K: 10
  COS_LAYER: False
  DEEP_SUP: False
  DEVICE: cuda
  DEVICE_ID: 0
  DIST_TRAIN: False
  DROP_OUT: 0.0
  DROP_PATH: 0.1
  FINETUNE_FROM: /workspace/miuam_challenge_diff/models/model_vitlarge_256x128_60ep_seed42/part_attention_vit_60.pth
  FREEZE_PATCH_EMBED: True
  ID_LOSS_TYPE: softmax
  ID_LOSS_WEIGHT: 1.0
  IF_LABELSMOOTH: on
  IF_WITH_CENTER: no
  LAST_STRIDE: 1
  METRIC_LOSS_TYPE: triplet
  NAME: part_attention_vit
  NECK: bnneck
  NO_MARGIN: True
  NUM_AUX_LAYERS: 5
  PATCH_EMBED_TYPE: 
  PC_LOSS: True
  PC_LR: 1.0
  PC_SCALE: 0.02
  PRETRAIN_CHOICE: imagenet
  PRETRAIN_PATH: /workspace/miuam_challenge_diff/pretrained
  SOFT_LABEL: True
  SOFT_LAMBDA: 0.5
  SOFT_WEIGHT: 0.5
  STRIDE_SIZE: [16, 16]
  TRANSFORMER_TYPE: vit_large_patch16_224_TransReID
  TRIPLET_LOSS_WEIGHT: 1.0
SOLVER:
  BASE_LR: 5e-05
  BIAS_LR_FACTOR: 2
  CENTER_LOSS_WEIGHT: 0.0005
  CENTER_LR: 0.5
  CHECKPOINT_PERIOD: 5
  COSINE_MARGIN: 0.5
  COSINE_SCALE: 30
  EVAL_PERIOD: 5
  GAMMA: 0.1
  IMS_PER_BATCH: 64
  LARGE_FC_LR: False
  LOG_PERIOD: 60
  MARGIN: 0.3
  MAX_EPOCHS: 20
  MOMENTUM: 0.9
  OPTIMIZER_NAME: Adam
  SEED: 7
  STEPS: (40, 70)
  WARMUP_EPOCHS: 2
  WARMUP_FACTOR: 0.1
  WARMUP_METHOD: linear
  WEIGHT_DECAY: 0.0001
  WEIGHT_DECAY_BIAS: 0.0001
TB_LOG_ROOT: ./tb_log/
TEST:
  DIST_MAT: dist_mat.npy
  EVAL: True
  FEAT_NORM: True
  IMS_PER_BATCH: 64
  NECK_FEAT: before
  RE_RANKING: False
  WEIGHT: 
2026-04-21 13:30:38,872 PAT INFO: => Loaded UrbanElementsReID
2026-04-21 13:30:38,873 PAT INFO:   ----------------------------------------
2026-04-21 13:30:38,873 PAT INFO:   subset   | # ids | # images | # cameras
2026-04-21 13:30:38,873 PAT INFO:   ----------------------------------------
2026-04-21 13:30:38,873 PAT INFO:   train    |  1088 |    11175 |         3
2026-04-21 13:30:38,873 PAT INFO:   ----------------------------------------
2026-04-21 13:30:38,964 PAT INFO: => Loaded UrbanElementsReID_test
2026-04-21 13:30:38,964 PAT INFO:   ----------------------------------------
2026-04-21 13:30:38,964 PAT INFO:   subset   | # ids | # images | # cameras
2026-04-21 13:30:38,964 PAT INFO:   ----------------------------------------
2026-04-21 13:30:38,964 PAT INFO:   query    |     1 |      928 |         1
2026-04-21 13:30:38,964 PAT INFO:   gallery  |     1 |     2844 |         3
2026-04-21 13:30:38,964 PAT INFO:   ----------------------------------------
using Transformer_type: part token vit as a backbone
using stride: [16, 16], and patch number is num_y16 * num_x8
using drop_out rate is : 0.0
using attn_drop_out rate is : 0.0
using drop_path rate is : 0.1
Resized position embedding from size:torch.Size([1, 197, 1024]) to size: torch.Size([1, 132, 1024]) with height:16 width: 8
Load 297 / 299 layers.
Loading pretrained ImageNet model......from /workspace/miuam_challenge_diff/pretrained/jx_vit_large_p16_224-4ee7a4dc.pth
===========building our part attention vit===========
2026-04-21 13:30:46,595 PAT.train INFO: Number of parameter: 305.38M
====== warm-start fine-tune from: /workspace/miuam_challenge_diff/models/model_vitlarge_256x128_60ep_seed42/part_attention_vit_60.pth ======
Loading trained model from /workspace/miuam_challenge_diff/models/model_vitlarge_256x128_60ep_seed42/part_attention_vit_60.pth
====== freeze patch_embed for stability ======
using soft triplet loss for training
label smooth on, numclasses: 1088
======== using soft label ========
2026-04-21 13:30:49,177 PAT.train INFO: start training
saving tblog to ./tb_log/./model_vitlarge_256x128_heavyaug_from_seed42_ep60
initialize the centers
initialization done
/workspace/miuam_challenge_diff/loss/myloss.py:29: UserWarning: This overload of addmm_ is deprecated:
	addmm_(Number beta, Number alpha, Tensor mat1, Tensor mat2)
Consider using one of the following signatures instead:
	addmm_(Tensor mat1, Tensor mat2, *, Number beta, Number alpha) (Triggered internally at ../torch/csrc/utils/python_arg_parser.cpp:1519.)
  dist_map.addmm_(1, -2, part_feat, part_centers.t())
2026-04-21 13:31:57,336 PAT.train INFO: Epoch[1] Iteration[60/159] total_loss: 9.248, reid_loss: 7.389, pc_loss: 1.859, Acc: 0.039, Base Lr: 2.53e-05
2026-04-21 13:32:24,874 PAT.train INFO: Epoch[1] Iteration[120/159] total_loss: 8.355, reid_loss: 7.310, pc_loss: 1.045, Acc: 0.137, Base Lr: 2.53e-05
2026-04-21 13:32:42,385 PAT.train INFO: Epoch 1 done. Time per batch: 0.467[s] Speed: 137.1[samples/s]
2026-04-21 13:33:13,148 PAT.train INFO: Epoch[2] Iteration[60/159] total_loss: 7.018, reid_loss: 6.964, pc_loss: 0.054, Acc: 0.386, Base Lr: 5.00e-05
2026-04-21 13:33:41,080 PAT.train INFO: Epoch[2] Iteration[120/159] total_loss: 6.932, reid_loss: 6.877, pc_loss: 0.055, Acc: 0.431, Base Lr: 5.00e-05
2026-04-21 13:33:58,211 PAT.train INFO: Epoch 2 done. Time per batch: 0.482[s] Speed: 132.9[samples/s]
2026-04-21 13:34:26,900 PAT.train INFO: Epoch[3] Iteration[60/159] total_loss: 6.557, reid_loss: 6.505, pc_loss: 0.053, Acc: 0.532, Base Lr: 4.99e-05
2026-04-21 13:34:54,371 PAT.train INFO: Epoch[3] Iteration[120/159] total_loss: 6.402, reid_loss: 6.366, pc_loss: 0.036, Acc: 0.578, Base Lr: 4.99e-05
2026-04-21 13:35:10,750 PAT.train INFO: Epoch 3 done. Time per batch: 0.464[s] Speed: 138.0[samples/s]
2026-04-21 13:35:45,520 PAT.train INFO: Epoch[4] Iteration[60/159] total_loss: 6.029, reid_loss: 6.019, pc_loss: 0.009, Acc: 0.548, Base Lr: 4.99e-05
2026-04-21 13:36:13,794 PAT.train INFO: Epoch[4] Iteration[120/159] total_loss: 5.865, reid_loss: 5.858, pc_loss: 0.007, Acc: 0.601, Base Lr: 4.99e-05
2026-04-21 13:36:31,411 PAT.train INFO: Epoch 4 done. Time per batch: 0.487[s] Speed: 131.3[samples/s]
2026-04-21 13:37:01,252 PAT.train INFO: Epoch[5] Iteration[60/159] total_loss: 5.529, reid_loss: 5.524, pc_loss: 0.005, Acc: 0.509, Base Lr: 4.98e-05
2026-04-21 13:37:29,406 PAT.train INFO: Epoch[5] Iteration[120/159] total_loss: 5.292, reid_loss: 5.288, pc_loss: 0.004, Acc: 0.584, Base Lr: 4.98e-05
2026-04-21 13:37:46,314 PAT.train INFO: Epoch 5 done. Time per batch: 0.469[s] Speed: 136.4[samples/s]
2026-04-21 13:37:46,314 PAT.test INFO: Enter inferencing
2026-04-21 13:37:58,167 PAT.test INFO: Validation Results 
2026-04-21 13:37:58,167 PAT.test INFO: mAP: 100.0%
2026-04-21 13:37:58,167 PAT.test INFO: CMC curve, Rank-1  :100.0%
2026-04-21 13:37:58,167 PAT.test INFO: CMC curve, Rank-5  :100.0%
2026-04-21 13:37:58,167 PAT.test INFO: CMC curve, Rank-10 :100.0%
2026-04-21 13:37:58,168 PAT.test INFO: total inference time: 11.85
2026-04-21 13:37:58,174 PAT.train INFO: =====best epoch: 5=====
2026-04-21 13:38:28,038 PAT.train INFO: Epoch[6] Iteration[60/159] total_loss: 4.929, reid_loss: 4.925, pc_loss: 0.004, Acc: 0.510, Base Lr: 4.97e-05
2026-04-21 13:38:56,642 PAT.train INFO: Epoch[6] Iteration[120/159] total_loss: 4.677, reid_loss: 4.673, pc_loss: 0.004, Acc: 0.588, Base Lr: 4.97e-05
2026-04-21 13:39:14,360 PAT.train INFO: Epoch 6 done. Time per batch: 0.481[s] Speed: 133.1[samples/s]
2026-04-21 13:39:45,615 PAT.train INFO: Epoch[7] Iteration[60/159] total_loss: 4.509, reid_loss: 4.500, pc_loss: 0.008, Acc: 0.524, Base Lr: 4.96e-05
2026-04-21 13:40:15,420 PAT.train INFO: Epoch[7] Iteration[120/159] total_loss: 4.210, reid_loss: 4.204, pc_loss: 0.006, Acc: 0.599, Base Lr: 4.96e-05
2026-04-21 13:40:33,820 PAT.train INFO: Epoch 7 done. Time per batch: 0.505[s] Speed: 126.8[samples/s]
2026-04-21 13:41:04,105 PAT.train INFO: Epoch[8] Iteration[60/159] total_loss: 4.052, reid_loss: 4.036, pc_loss: 0.016, Acc: 0.560, Base Lr: 4.95e-05
2026-04-21 13:41:33,584 PAT.train INFO: Epoch[8] Iteration[120/159] total_loss: 3.753, reid_loss: 3.723, pc_loss: 0.031, Acc: 0.638, Base Lr: 4.95e-05
2026-04-21 13:41:52,111 PAT.train INFO: Epoch 8 done. Time per batch: 0.497[s] Speed: 128.6[samples/s]
2026-04-21 13:42:22,249 PAT.train INFO: Epoch[9] Iteration[60/159] total_loss: 3.764, reid_loss: 3.643, pc_loss: 0.121, Acc: 0.578, Base Lr: 4.93e-05
2026-04-21 13:42:51,381 PAT.train INFO: Epoch[9] Iteration[120/159] total_loss: 3.403, reid_loss: 3.323, pc_loss: 0.079, Acc: 0.671, Base Lr: 4.93e-05
2026-04-21 13:43:09,485 PAT.train INFO: Epoch 9 done. Time per batch: 0.492[s] Speed: 130.2[samples/s]
2026-04-21 13:43:46,370 PAT.train INFO: Epoch[10] Iteration[60/159] total_loss: 3.394, reid_loss: 3.295, pc_loss: 0.099, Acc: 0.628, Base Lr: 4.91e-05
2026-04-21 13:44:15,257 PAT.train INFO: Epoch[10] Iteration[120/159] total_loss: 3.089, reid_loss: 2.976, pc_loss: 0.113, Acc: 0.709, Base Lr: 4.91e-05
2026-04-21 13:44:33,335 PAT.train INFO: Epoch 10 done. Time per batch: 0.495[s] Speed: 129.2[samples/s]
2026-04-21 13:44:33,336 PAT.test INFO: Enter inferencing
2026-04-21 13:44:45,566 PAT.test INFO: Validation Results 
2026-04-21 13:44:45,566 PAT.test INFO: mAP: 100.0%
2026-04-21 13:44:45,566 PAT.test INFO: CMC curve, Rank-1  :100.0%
2026-04-21 13:44:45,567 PAT.test INFO: CMC curve, Rank-5  :100.0%
2026-04-21 13:44:45,567 PAT.test INFO: CMC curve, Rank-10 :100.0%
2026-04-21 13:44:45,567 PAT.test INFO: total inference time: 12.22
2026-04-21 13:45:28,009 PAT.train INFO: Epoch[11] Iteration[60/159] total_loss: 3.036, reid_loss: 2.969, pc_loss: 0.067, Acc: 0.673, Base Lr: 4.90e-05
2026-04-21 13:45:56,915 PAT.train INFO: Epoch[11] Iteration[120/159] total_loss: 2.836, reid_loss: 2.708, pc_loss: 0.128, Acc: 0.745, Base Lr: 4.90e-05
2026-04-21 13:46:15,322 PAT.train INFO: Epoch 11 done. Time per batch: 0.495[s] Speed: 129.2[samples/s]
2026-04-21 13:46:45,831 PAT.train INFO: Epoch[12] Iteration[60/159] total_loss: 3.013, reid_loss: 2.719, pc_loss: 0.294, Acc: 0.715, Base Lr: 4.88e-05
2026-04-21 13:47:15,530 PAT.train INFO: Epoch[12] Iteration[120/159] total_loss: 2.622, reid_loss: 2.440, pc_loss: 0.182, Acc: 0.787, Base Lr: 4.88e-05
2026-04-21 13:47:34,959 PAT.train INFO: Epoch 12 done. Time per batch: 0.509[s] Speed: 125.7[samples/s]
2026-04-21 13:48:04,275 PAT.train INFO: Epoch[13] Iteration[60/159] total_loss: 2.417, reid_loss: 2.407, pc_loss: 0.010, Acc: 0.786, Base Lr: 4.86e-05
2026-04-21 13:48:33,801 PAT.train INFO: Epoch[13] Iteration[120/159] total_loss: 2.218, reid_loss: 2.205, pc_loss: 0.013, Acc: 0.830, Base Lr: 4.86e-05
2026-04-21 13:48:51,532 PAT.train INFO: Epoch 13 done. Time per batch: 0.487[s] Speed: 131.5[samples/s]
2026-04-21 13:49:21,580 PAT.train INFO: Epoch[14] Iteration[60/159] total_loss: 2.297, reid_loss: 2.251, pc_loss: 0.047, Acc: 0.809, Base Lr: 4.83e-05
2026-04-21 13:49:50,133 PAT.train INFO: Epoch[14] Iteration[120/159] total_loss: 2.050, reid_loss: 2.025, pc_loss: 0.025, Acc: 0.858, Base Lr: 4.83e-05
2026-04-21 13:50:07,705 PAT.train INFO: Epoch 14 done. Time per batch: 0.487[s] Speed: 131.4[samples/s]
2026-04-21 13:50:37,626 PAT.train INFO: Epoch[15] Iteration[60/159] total_loss: 2.024, reid_loss: 2.021, pc_loss: 0.002, Acc: 0.867, Base Lr: 4.81e-05
2026-04-21 13:51:06,581 PAT.train INFO: Epoch[15] Iteration[120/159] total_loss: 1.860, reid_loss: 1.858, pc_loss: 0.002, Acc: 0.893, Base Lr: 4.81e-05
2026-04-21 13:51:25,328 PAT.train INFO: Epoch 15 done. Time per batch: 0.493[s] Speed: 129.8[samples/s]
2026-04-21 13:51:25,329 PAT.test INFO: Enter inferencing
2026-04-21 13:51:37,616 PAT.test INFO: Validation Results 
2026-04-21 13:51:37,618 PAT.test INFO: mAP: 100.0%
2026-04-21 13:51:37,618 PAT.test INFO: CMC curve, Rank-1  :100.0%
2026-04-21 13:51:37,618 PAT.test INFO: CMC curve, Rank-5  :100.0%
2026-04-21 13:51:37,618 PAT.test INFO: CMC curve, Rank-10 :100.0%
2026-04-21 13:51:37,618 PAT.test INFO: total inference time: 12.28
2026-04-21 13:52:08,973 PAT.train INFO: Epoch[16] Iteration[60/159] total_loss: 1.893, reid_loss: 1.892, pc_loss: 0.000, Acc: 0.890, Base Lr: 4.78e-05
2026-04-21 13:52:37,395 PAT.train INFO: Epoch[16] Iteration[120/159] total_loss: 1.757, reid_loss: 1.757, pc_loss: 0.000, Acc: 0.914, Base Lr: 4.78e-05
2026-04-21 13:52:54,680 PAT.train INFO: Epoch 16 done. Time per batch: 0.487[s] Speed: 131.4[samples/s]
2026-04-21 13:53:23,624 PAT.train INFO: Epoch[17] Iteration[60/159] total_loss: 1.744, reid_loss: 1.743, pc_loss: 0.000, Acc: 0.928, Base Lr: 4.76e-05
2026-04-21 13:53:50,945 PAT.train INFO: Epoch[17] Iteration[120/159] total_loss: 1.631, reid_loss: 1.631, pc_loss: 0.000, Acc: 0.939, Base Lr: 4.76e-05
2026-04-21 13:54:07,930 PAT.train INFO: Epoch 17 done. Time per batch: 0.465[s] Speed: 137.5[samples/s]
2026-04-21 13:54:37,186 PAT.train INFO: Epoch[18] Iteration[60/159] total_loss: 1.648, reid_loss: 1.648, pc_loss: 0.000, Acc: 0.940, Base Lr: 4.73e-05
2026-04-21 13:55:04,731 PAT.train INFO: Epoch[18] Iteration[120/159] total_loss: 1.552, reid_loss: 1.551, pc_loss: 0.000, Acc: 0.952, Base Lr: 4.73e-05
2026-04-21 13:55:21,411 PAT.train INFO: Epoch 18 done. Time per batch: 0.470[s] Speed: 136.2[samples/s]
2026-04-21 13:55:50,133 PAT.train INFO: Epoch[19] Iteration[60/159] total_loss: 1.571, reid_loss: 1.571, pc_loss: 0.001, Acc: 0.958, Base Lr: 4.70e-05
2026-04-21 13:56:18,244 PAT.train INFO: Epoch[19] Iteration[120/159] total_loss: 1.495, reid_loss: 1.493, pc_loss: 0.002, Acc: 0.966, Base Lr: 4.70e-05
2026-04-21 13:56:35,474 PAT.train INFO: Epoch 19 done. Time per batch: 0.471[s] Speed: 136.0[samples/s]
2026-04-21 13:57:08,689 PAT.train INFO: Epoch[20] Iteration[60/159] total_loss: 1.508, reid_loss: 1.507, pc_loss: 0.002, Acc: 0.966, Base Lr: 4.67e-05
2026-04-21 13:57:35,794 PAT.train INFO: Epoch[20] Iteration[120/159] total_loss: 1.418, reid_loss: 1.413, pc_loss: 0.005, Acc: 0.975, Base Lr: 4.67e-05
2026-04-21 13:57:52,835 PAT.train INFO: Epoch 20 done. Time per batch: 0.463[s] Speed: 138.4[samples/s]
2026-04-21 13:57:52,835 PAT.test INFO: Enter inferencing
2026-04-21 13:58:04,596 PAT.test INFO: Validation Results 
2026-04-21 13:58:04,597 PAT.test INFO: mAP: 100.0%
2026-04-21 13:58:04,597 PAT.test INFO: CMC curve, Rank-1  :100.0%
2026-04-21 13:58:04,597 PAT.test INFO: CMC curve, Rank-5  :100.0%
2026-04-21 13:58:04,597 PAT.test INFO: CMC curve, Rank-10 :100.0%
2026-04-21 13:58:04,597 PAT.test INFO: total inference time: 11.76
using Transformer_type: part token vit as a backbone
using stride: [16, 16], and patch number is num_y16 * num_x8
using drop_out rate is : 0.0
using attn_drop_out rate is : 0.0
using drop_path rate is : 0.1
Resized position embedding from size:torch.Size([1, 197, 1024]) to size: torch.Size([1, 132, 1024]) with height:16 width: 8
Load 297 / 299 layers.
Loading pretrained ImageNet model......from /workspace/miuam_challenge_diff/pretrained/jx_vit_large_p16_224-4ee7a4dc.pth
/workspace/miuam_challenge_diff/.venv/lib/python3.10/site-packages/torch/nn/init.py:412: UserWarning: Initializing zero-element tensors is a no-op
  warnings.warn("Initializing zero-element tensors is a no-op")
===========building our part attention vit===========
2026-04-21 13:58:13,256 PAT.train INFO: Number of parameter: 304.27M
Loading trained model from models/./model_vitlarge_256x128_heavyaug_from_seed42_ep60/part_attention_vit_5.pth
load weights from part_attention_vit_5.pth
2026-04-21 13:58:14,118 PAT INFO: => Loaded UrbanElementsReID_test
2026-04-21 13:58:14,118 PAT INFO:   ----------------------------------------
2026-04-21 13:58:14,118 PAT INFO:   subset   | # ids | # images | # cameras
2026-04-21 13:58:14,118 PAT INFO:   ----------------------------------------
2026-04-21 13:58:14,118 PAT INFO:   query    |     1 |      928 |         1
2026-04-21 13:58:14,118 PAT INFO:   gallery  |     1 |     2844 |         3
2026-04-21 13:58:14,118 PAT INFO:   ----------------------------------------
2026-04-21 13:58:14,119 PAT.test INFO: Enter inferencing
2026-04-21 13:58:31,590 PAT.test INFO: Validation Results 
2026-04-21 13:58:31,590 PAT.test INFO: mAP: 100.0%
2026-04-21 13:58:31,590 PAT.test INFO: CMC curve, Rank-1  :100.0%
2026-04-21 13:58:31,590 PAT.test INFO: CMC curve, Rank-5  :100.0%
2026-04-21 13:58:31,590 PAT.test INFO: CMC curve, Rank-10 :100.0%
2026-04-21 13:58:31,590 PAT.test INFO: total inference time: 17.23
saving final checkpoint (best epoch re-saved, per-epoch checkpoints retained).
done!
