2026-04-24 17:28:13,959 PAT INFO: Saving model to: models/./model_vitlarge_dinov2_p14_seed42
2026-04-24 17:28:13,959 PAT INFO: Namespace(config_file='config/UrbanElementsReID_train_dinov2.yml', opts=[], local_rank=0)
2026-04-24 17:28:13,959 PAT INFO: Loaded configuration file config/UrbanElementsReID_train_dinov2.yml
2026-04-24 17:28:13,959 PAT INFO: 
MODEL:
  PRETRAIN_CHOICE: 'imagenet'
  PRETRAIN_PATH: '/workspace/miuam_challenge_diff/pretrained'
  IF_LABELSMOOTH: 'on'
  IF_WITH_CENTER: 'no'
  NAME: 'part_attention_vit'
  NO_MARGIN: True
  DEVICE_ID: ('0')
  TRANSFORMER_TYPE: 'vit_large_patch14_dinov2_TransReID'
  STRIDE_SIZE: [14, 14]

INPUT:
  SIZE_TRAIN: [224, 112]      # divisible by 14 → 16x8 = 128 tokens (matches supervised ViT-L's memory envelope, avoids OOM)
  SIZE_TEST: [224, 112]
  REA:
    ENABLED: False
  PIXEL_MEAN: [0.5, 0.5, 0.5]
  PIXEL_STD: [0.5, 0.5, 0.5]
  LGT:
    DO_LGT: True
    PROB: 0.5

DATASETS:
  TRAIN: ('UrbanElementsReID',)
  TEST: ('UrbanElementsReID_test',)
  ROOT_DIR: '/workspace/Urban2026/'          # challenge-only (merged confirmed harmful)

DATALOADER:
  SAMPLER: 'softmax_triplet'
  NUM_INSTANCE: 4
  NUM_WORKERS: 8

SOLVER:
  OPTIMIZER_NAME: 'Adam'
  MAX_EPOCHS: 60
  BASE_LR: 0.00035
  WARMUP_METHOD: 'linear'
  WARMUP_EPOCHS: 10
  WARMUP_FACTOR: 0.01
  IMS_PER_BATCH: 64
  LARGE_FC_LR: False
  CHECKPOINT_PERIOD: 10
  LOG_PERIOD: 60
  EVAL_PERIOD: 10
  WEIGHT_DECAY: 1e-4
  WEIGHT_DECAY_BIAS: 1e-4
  BIAS_LR_FACTOR: 2
  SEED: 42

TEST:
  EVAL: True
  IMS_PER_BATCH: 64
  RE_RANKING: True
  WEIGHT: ''
  NECK_FEAT: 'before'
  FEAT_NORM: True

LOG_ROOT: 'models/'
TB_LOG_ROOT: './tb_log/'
LOG_NAME: './model_vitlarge_dinov2_p14_seed42'

2026-04-24 17:28:13,959 PAT INFO: Running with config:
DATALOADER:
  CAMERA_TO_DOMAIN: False
  DELETE_REM: False
  DROP_LAST: False
  INDIVIDUAL: False
  NAIVE_WAY: True
  NUM_INSTANCE: 4
  NUM_WORKERS: 8
  SAMPLER: softmax_triplet
DATASETS:
  COMBINEALL: False
  ROOT_DIR: /workspace/Urban2026/
  TEST: ('UrbanElementsReID_test',)
  TRAIN: ('UrbanElementsReID',)
INPUT:
  CJ:
    BRIGHTNESS: 0.15
    CONTRAST: 0.15
    ENABLED: False
    HUE: 0.1
    PROB: 1.0
    SATURATION: 0.1
  DO_AUGMIX: False
  DO_AUTOAUG: False
  DO_FLIP: True
  DO_PAD: True
  FLIP_PROB: 0.5
  LGT:
    DO_LGT: True
    PROB: 0.5
  PADDING: 10
  PADDING_MODE: constant
  PIXEL_MEAN: [0.5, 0.5, 0.5]
  PIXEL_STD: [0.5, 0.5, 0.5]
  REA:
    ENABLED: False
    MEAN: [123.675, 116.28, 103.53]
    PROB: 0.5
  RPT:
    ENABLED: False
    PROB: 0.5
  SIZE_TEST: [224, 112]
  SIZE_TRAIN: [224, 112]
LOG_NAME: ./model_vitlarge_dinov2_p14_seed42
LOG_ROOT: models/
MODEL:
  ATT_DROP_RATE: 0.0
  AUX_LOSS_WEIGHT: 0.1
  CLUSTER_K: 10
  COS_LAYER: False
  DEEP_SUP: False
  DEVICE: cuda
  DEVICE_ID: 0
  DIST_TRAIN: False
  DROP_OUT: 0.0
  DROP_PATH: 0.1
  FINETUNE_FROM: 
  FREEZE_PATCH_EMBED: True
  ID_LOSS_TYPE: softmax
  ID_LOSS_WEIGHT: 1.0
  IF_LABELSMOOTH: on
  IF_WITH_CENTER: no
  LAST_STRIDE: 1
  METRIC_LOSS_TYPE: triplet
  NAME: part_attention_vit
  NECK: bnneck
  NO_MARGIN: True
  NUM_AUX_LAYERS: 5
  PATCH_EMBED_TYPE: 
  PC_LOSS: True
  PC_LR: 1.0
  PC_SCALE: 0.02
  PRETRAIN_CHOICE: imagenet
  PRETRAIN_PATH: /workspace/miuam_challenge_diff/pretrained
  SOFT_LABEL: True
  SOFT_LAMBDA: 0.5
  SOFT_WEIGHT: 0.5
  STRIDE_SIZE: [14, 14]
  TRANSFORMER_TYPE: vit_large_patch14_dinov2_TransReID
  TRIPLET_LOSS_WEIGHT: 1.0
SOLVER:
  BASE_LR: 0.00035
  BIAS_LR_FACTOR: 2
  CENTER_LOSS_WEIGHT: 0.0005
  CENTER_LR: 0.5
  CHECKPOINT_PERIOD: 10
  COSINE_MARGIN: 0.5
  COSINE_SCALE: 30
  EVAL_PERIOD: 10
  GAMMA: 0.1
  IMS_PER_BATCH: 64
  LARGE_FC_LR: False
  LOG_PERIOD: 60
  MARGIN: 0.3
  MAX_EPOCHS: 60
  MOMENTUM: 0.9
  OPTIMIZER_NAME: Adam
  SEED: 42
  STEPS: (40, 70)
  WARMUP_EPOCHS: 10
  WARMUP_FACTOR: 0.01
  WARMUP_METHOD: linear
  WEIGHT_DECAY: 0.0001
  WEIGHT_DECAY_BIAS: 0.0001
TB_LOG_ROOT: ./tb_log/
TEST:
  DIST_MAT: dist_mat.npy
  EVAL: True
  FEAT_NORM: True
  IMS_PER_BATCH: 64
  NECK_FEAT: before
  RE_RANKING: True
  WEIGHT: 
2026-04-24 17:28:14,022 PAT INFO: => Loaded UrbanElementsReID
2026-04-24 17:28:14,022 PAT INFO:   ----------------------------------------
2026-04-24 17:28:14,022 PAT INFO:   subset   | # ids | # images | # cameras
2026-04-24 17:28:14,022 PAT INFO:   ----------------------------------------
2026-04-24 17:28:14,022 PAT INFO:   train    |  1088 |    11175 |         3
2026-04-24 17:28:14,022 PAT INFO:   ----------------------------------------
2026-04-24 17:28:14,098 PAT INFO: => Loaded UrbanElementsReID_test
2026-04-24 17:28:14,098 PAT INFO:   ----------------------------------------
2026-04-24 17:28:14,098 PAT INFO:   subset   | # ids | # images | # cameras
2026-04-24 17:28:14,098 PAT INFO:   ----------------------------------------
2026-04-24 17:28:14,098 PAT INFO:   query    |     1 |      928 |         1
2026-04-24 17:28:14,098 PAT INFO:   gallery  |     1 |     2844 |         3
2026-04-24 17:28:14,098 PAT INFO:   ----------------------------------------
using Transformer_type: part token vit as a backbone
using stride: [14, 14], and patch number is num_y16 * num_x8
using drop_out rate is : 0.0
using attn_drop_out rate is : 0.0
using drop_path rate is : 0.1
Resized position embedding from size:torch.Size([1, 1370, 1024]) to size: torch.Size([1, 132, 1024]) with height:16 width: 8
Load 345 / 347 layers.
Loading pretrained ImageNet model......from /workspace/miuam_challenge_diff/pretrained/dinov2_vitl14_pretrain.pth
===========building our part attention vit===========
2026-04-24 17:28:24,744 PAT.train INFO: Number of parameter: 305.24M
====== freeze patch_embed for stability ======
using soft triplet loss for training
label smooth on, numclasses: 1088
======== using soft label ========
2026-04-24 17:28:26,627 PAT.train INFO: start training
saving tblog to ./tb_log/./model_vitlarge_dinov2_p14_seed42
initialize the centers
initialization done
/workspace/miuam_challenge_diff/loss/myloss.py:29: UserWarning: This overload of addmm_ is deprecated:
	addmm_(Number beta, Number alpha, Tensor mat1, Tensor mat2)
Consider using one of the following signatures instead:
	addmm_(Tensor mat1, Tensor mat2, *, Number beta, Number alpha) (Triggered internally at ../torch/csrc/utils/python_arg_parser.cpp:1519.)
  dist_map.addmm_(1, -2, part_feat, part_centers.t())
2026-04-24 17:29:32,234 PAT.train INFO: Epoch[1] Iteration[60/159] total_loss: 12.670, reid_loss: 12.610, pc_loss: 0.061, Acc: 0.008, Base Lr: 3.81e-05
2026-04-24 17:29:58,687 PAT.train INFO: Epoch[1] Iteration[120/159] total_loss: 10.860, reid_loss: 10.801, pc_loss: 0.059, Acc: 0.031, Base Lr: 3.81e-05
2026-04-24 17:30:15,322 PAT.train INFO: Epoch 1 done. Time per batch: 0.445[s] Speed: 143.7[samples/s]
2026-04-24 17:30:43,159 PAT.train INFO: Epoch[2] Iteration[60/159] total_loss: 8.059, reid_loss: 7.940, pc_loss: 0.118, Acc: 0.099, Base Lr: 7.28e-05
2026-04-24 17:31:09,905 PAT.train INFO: Epoch[2] Iteration[120/159] total_loss: 7.861, reid_loss: 7.760, pc_loss: 0.100, Acc: 0.098, Base Lr: 7.28e-05
2026-04-24 17:31:26,786 PAT.train INFO: Epoch 2 done. Time per batch: 0.454[s] Speed: 141.0[samples/s]
2026-04-24 17:31:55,178 PAT.train INFO: Epoch[3] Iteration[60/159] total_loss: 6.918, reid_loss: 6.830, pc_loss: 0.088, Acc: 0.110, Base Lr: 1.07e-04
2026-04-24 17:32:22,168 PAT.train INFO: Epoch[3] Iteration[120/159] total_loss: 6.728, reid_loss: 6.656, pc_loss: 0.072, Acc: 0.113, Base Lr: 1.07e-04
2026-04-24 17:32:39,058 PAT.train INFO: Epoch 3 done. Time per batch: 0.459[s] Speed: 139.4[samples/s]
2026-04-24 17:33:07,446 PAT.train INFO: Epoch[4] Iteration[60/159] total_loss: 5.776, reid_loss: 5.753, pc_loss: 0.023, Acc: 0.135, Base Lr: 1.42e-04
2026-04-24 17:33:34,598 PAT.train INFO: Epoch[4] Iteration[120/159] total_loss: 5.556, reid_loss: 5.539, pc_loss: 0.016, Acc: 0.169, Base Lr: 1.42e-04
2026-04-24 17:33:51,567 PAT.train INFO: Epoch 4 done. Time per batch: 0.461[s] Speed: 139.0[samples/s]
2026-04-24 17:34:20,410 PAT.train INFO: Epoch[5] Iteration[60/159] total_loss: 4.943, reid_loss: 4.940, pc_loss: 0.002, Acc: 0.213, Base Lr: 1.77e-04
2026-04-24 17:34:47,645 PAT.train INFO: Epoch[5] Iteration[120/159] total_loss: 4.676, reid_loss: 4.674, pc_loss: 0.002, Acc: 0.255, Base Lr: 1.77e-04
2026-04-24 17:35:04,463 PAT.train INFO: Epoch 5 done. Time per batch: 0.463[s] Speed: 138.2[samples/s]
2026-04-24 17:35:33,871 PAT.train INFO: Epoch[6] Iteration[60/159] total_loss: 4.141, reid_loss: 4.139, pc_loss: 0.002, Acc: 0.316, Base Lr: 2.11e-04
2026-04-24 17:36:01,039 PAT.train INFO: Epoch[6] Iteration[120/159] total_loss: 3.963, reid_loss: 3.962, pc_loss: 0.001, Acc: 0.357, Base Lr: 2.11e-04
2026-04-24 17:36:17,977 PAT.train INFO: Epoch 6 done. Time per batch: 0.457[s] Speed: 140.1[samples/s]
2026-04-24 17:36:45,724 PAT.train INFO: Epoch[7] Iteration[60/159] total_loss: 3.410, reid_loss: 3.409, pc_loss: 0.000, Acc: 0.437, Base Lr: 2.46e-04
2026-04-24 17:37:13,107 PAT.train INFO: Epoch[7] Iteration[120/159] total_loss: 3.307, reid_loss: 3.306, pc_loss: 0.000, Acc: 0.470, Base Lr: 2.46e-04
2026-04-24 17:37:30,148 PAT.train INFO: Epoch 7 done. Time per batch: 0.458[s] Speed: 139.7[samples/s]
2026-04-24 17:37:58,207 PAT.train INFO: Epoch[8] Iteration[60/159] total_loss: 3.049, reid_loss: 3.048, pc_loss: 0.001, Acc: 0.538, Base Lr: 2.81e-04
2026-04-24 17:38:25,917 PAT.train INFO: Epoch[8] Iteration[120/159] total_loss: 2.983, reid_loss: 2.982, pc_loss: 0.001, Acc: 0.559, Base Lr: 2.81e-04
2026-04-24 17:38:42,207 PAT.train INFO: Epoch 8 done. Time per batch: 0.461[s] Speed: 138.9[samples/s]
2026-04-24 17:39:10,378 PAT.train INFO: Epoch[9] Iteration[60/159] total_loss: 2.877, reid_loss: 2.874, pc_loss: 0.003, Acc: 0.589, Base Lr: 3.15e-04
2026-04-24 17:39:37,697 PAT.train INFO: Epoch[9] Iteration[120/159] total_loss: 2.772, reid_loss: 2.770, pc_loss: 0.003, Acc: 0.610, Base Lr: 3.15e-04
2026-04-24 17:39:54,406 PAT.train INFO: Epoch 9 done. Time per batch: 0.461[s] Speed: 139.0[samples/s]
2026-04-24 17:40:22,798 PAT.train INFO: Epoch[10] Iteration[60/159] total_loss: 2.612, reid_loss: 2.611, pc_loss: 0.001, Acc: 0.656, Base Lr: 3.44e-04
2026-04-24 17:40:50,299 PAT.train INFO: Epoch[10] Iteration[120/159] total_loss: 2.594, reid_loss: 2.592, pc_loss: 0.002, Acc: 0.654, Base Lr: 3.44e-04
2026-04-24 17:41:06,926 PAT.train INFO: Epoch 10 done. Time per batch: 0.464[s] Speed: 138.1[samples/s]
2026-04-24 17:41:06,927 PAT.test INFO: Enter inferencing
=> Enter reranking
2026-04-24 17:41:22,223 PAT.test INFO: Validation Results 
2026-04-24 17:41:22,223 PAT.test INFO: mAP: 100.0%
2026-04-24 17:41:22,223 PAT.test INFO: CMC curve, Rank-1  :100.0%
2026-04-24 17:41:22,223 PAT.test INFO: CMC curve, Rank-5  :100.0%
2026-04-24 17:41:22,223 PAT.test INFO: CMC curve, Rank-10 :100.0%
2026-04-24 17:41:22,223 PAT.test INFO: total inference time: 15.29
2026-04-24 17:41:22,227 PAT.train INFO: =====best epoch: 10=====
2026-04-24 17:41:50,482 PAT.train INFO: Epoch[11] Iteration[60/159] total_loss: 2.413, reid_loss: 2.412, pc_loss: 0.001, Acc: 0.702, Base Lr: 3.43e-04
2026-04-24 17:42:17,574 PAT.train INFO: Epoch[11] Iteration[120/159] total_loss: 2.359, reid_loss: 2.358, pc_loss: 0.000, Acc: 0.719, Base Lr: 3.43e-04
2026-04-24 17:42:34,510 PAT.train INFO: Epoch 11 done. Time per batch: 0.456[s] Speed: 140.2[samples/s]
2026-04-24 17:43:02,562 PAT.train INFO: Epoch[12] Iteration[60/159] total_loss: 2.311, reid_loss: 2.311, pc_loss: 0.000, Acc: 0.739, Base Lr: 3.41e-04
2026-04-24 17:43:29,978 PAT.train INFO: Epoch[12] Iteration[120/159] total_loss: 2.280, reid_loss: 2.279, pc_loss: 0.000, Acc: 0.743, Base Lr: 3.41e-04
2026-04-24 17:43:47,189 PAT.train INFO: Epoch 12 done. Time per batch: 0.462[s] Speed: 138.6[samples/s]
2026-04-24 17:44:16,731 PAT.train INFO: Epoch[13] Iteration[60/159] total_loss: 2.173, reid_loss: 2.173, pc_loss: 0.000, Acc: 0.764, Base Lr: 3.40e-04
2026-04-24 17:44:45,265 PAT.train INFO: Epoch[13] Iteration[120/159] total_loss: 2.126, reid_loss: 2.126, pc_loss: 0.000, Acc: 0.781, Base Lr: 3.40e-04
2026-04-24 17:45:03,039 PAT.train INFO: Epoch 13 done. Time per batch: 0.482[s] Speed: 132.8[samples/s]
2026-04-24 17:45:32,041 PAT.train INFO: Epoch[14] Iteration[60/159] total_loss: 2.106, reid_loss: 2.105, pc_loss: 0.000, Acc: 0.788, Base Lr: 3.38e-04
2026-04-24 17:45:59,250 PAT.train INFO: Epoch[14] Iteration[120/159] total_loss: 2.078, reid_loss: 2.078, pc_loss: 0.000, Acc: 0.794, Base Lr: 3.38e-04
2026-04-24 17:46:16,956 PAT.train INFO: Epoch 14 done. Time per batch: 0.470[s] Speed: 136.3[samples/s]
2026-04-24 17:46:45,660 PAT.train INFO: Epoch[15] Iteration[60/159] total_loss: 2.096, reid_loss: 2.095, pc_loss: 0.001, Acc: 0.801, Base Lr: 3.37e-04
2026-04-24 17:47:13,224 PAT.train INFO: Epoch[15] Iteration[120/159] total_loss: 2.065, reid_loss: 2.063, pc_loss: 0.002, Acc: 0.800, Base Lr: 3.37e-04
2026-04-24 17:47:30,413 PAT.train INFO: Epoch 15 done. Time per batch: 0.467[s] Speed: 137.2[samples/s]
2026-04-24 17:47:59,041 PAT.train INFO: Epoch[16] Iteration[60/159] total_loss: 2.023, reid_loss: 2.023, pc_loss: 0.000, Acc: 0.815, Base Lr: 3.35e-04
2026-04-24 17:48:26,728 PAT.train INFO: Epoch[16] Iteration[120/159] total_loss: 2.003, reid_loss: 2.003, pc_loss: 0.000, Acc: 0.819, Base Lr: 3.35e-04
2026-04-24 17:48:43,247 PAT.train INFO: Epoch 16 done. Time per batch: 0.465[s] Speed: 137.7[samples/s]
2026-04-24 17:49:13,042 PAT.train INFO: Epoch[17] Iteration[60/159] total_loss: 1.888, reid_loss: 1.888, pc_loss: 0.000, Acc: 0.847, Base Lr: 3.33e-04
2026-04-24 17:49:40,343 PAT.train INFO: Epoch[17] Iteration[120/159] total_loss: 1.906, reid_loss: 1.906, pc_loss: 0.000, Acc: 0.843, Base Lr: 3.33e-04
2026-04-24 17:49:56,629 PAT.train INFO: Epoch 17 done. Time per batch: 0.469[s] Speed: 136.4[samples/s]
2026-04-24 17:50:24,926 PAT.train INFO: Epoch[18] Iteration[60/159] total_loss: 1.842, reid_loss: 1.842, pc_loss: 0.000, Acc: 0.861, Base Lr: 3.31e-04
2026-04-24 17:50:51,865 PAT.train INFO: Epoch[18] Iteration[120/159] total_loss: 1.852, reid_loss: 1.852, pc_loss: 0.000, Acc: 0.862, Base Lr: 3.31e-04
2026-04-24 17:51:08,667 PAT.train INFO: Epoch 18 done. Time per batch: 0.458[s] Speed: 139.9[samples/s]
2026-04-24 17:51:36,798 PAT.train INFO: Epoch[19] Iteration[60/159] total_loss: 1.876, reid_loss: 1.876, pc_loss: 0.000, Acc: 0.862, Base Lr: 3.29e-04
2026-04-24 17:52:03,982 PAT.train INFO: Epoch[19] Iteration[120/159] total_loss: 1.859, reid_loss: 1.859, pc_loss: 0.000, Acc: 0.865, Base Lr: 3.29e-04
2026-04-24 17:52:21,065 PAT.train INFO: Epoch 19 done. Time per batch: 0.460[s] Speed: 139.2[samples/s]
2026-04-24 17:52:49,962 PAT.train INFO: Epoch[20] Iteration[60/159] total_loss: 1.882, reid_loss: 1.882, pc_loss: 0.000, Acc: 0.863, Base Lr: 3.27e-04
2026-04-24 17:53:17,895 PAT.train INFO: Epoch[20] Iteration[120/159] total_loss: 1.932, reid_loss: 1.931, pc_loss: 0.001, Acc: 0.850, Base Lr: 3.27e-04
2026-04-24 17:53:35,243 PAT.train INFO: Epoch 20 done. Time per batch: 0.471[s] Speed: 135.8[samples/s]
2026-04-24 17:53:35,244 PAT.test INFO: Enter inferencing
=> Enter reranking
2026-04-24 17:53:50,542 PAT.test INFO: Validation Results 
2026-04-24 17:53:50,542 PAT.test INFO: mAP: 100.0%
2026-04-24 17:53:50,542 PAT.test INFO: CMC curve, Rank-1  :100.0%
2026-04-24 17:53:50,542 PAT.test INFO: CMC curve, Rank-5  :100.0%
2026-04-24 17:53:50,542 PAT.test INFO: CMC curve, Rank-10 :100.0%
2026-04-24 17:53:50,542 PAT.test INFO: total inference time: 15.29
2026-04-24 17:54:21,277 PAT.train INFO: Epoch[21] Iteration[60/159] total_loss: 1.945, reid_loss: 1.941, pc_loss: 0.004, Acc: 0.835, Base Lr: 3.24e-04
2026-04-24 17:54:48,320 PAT.train INFO: Epoch[21] Iteration[120/159] total_loss: 1.911, reid_loss: 1.908, pc_loss: 0.003, Acc: 0.851, Base Lr: 3.24e-04
2026-04-24 17:55:05,282 PAT.train INFO: Epoch 21 done. Time per batch: 0.466[s] Speed: 137.3[samples/s]
2026-04-24 17:55:33,418 PAT.train INFO: Epoch[22] Iteration[60/159] total_loss: 1.836, reid_loss: 1.833, pc_loss: 0.003, Acc: 0.862, Base Lr: 3.22e-04
2026-04-24 17:56:00,649 PAT.train INFO: Epoch[22] Iteration[120/159] total_loss: 1.849, reid_loss: 1.846, pc_loss: 0.002, Acc: 0.861, Base Lr: 3.22e-04
2026-04-24 17:56:17,615 PAT.train INFO: Epoch 22 done. Time per batch: 0.459[s] Speed: 139.3[samples/s]
2026-04-24 17:56:46,543 PAT.train INFO: Epoch[23] Iteration[60/159] total_loss: 1.790, reid_loss: 1.789, pc_loss: 0.001, Acc: 0.873, Base Lr: 3.19e-04
2026-04-24 17:57:13,632 PAT.train INFO: Epoch[23] Iteration[120/159] total_loss: 1.816, reid_loss: 1.814, pc_loss: 0.001, Acc: 0.875, Base Lr: 3.19e-04
2026-04-24 17:57:30,568 PAT.train INFO: Epoch 23 done. Time per batch: 0.461[s] Speed: 138.9[samples/s]
2026-04-24 17:57:59,976 PAT.train INFO: Epoch[24] Iteration[60/159] total_loss: 1.737, reid_loss: 1.736, pc_loss: 0.001, Acc: 0.893, Base Lr: 3.17e-04
2026-04-24 17:58:28,383 PAT.train INFO: Epoch[24] Iteration[120/159] total_loss: 1.772, reid_loss: 1.770, pc_loss: 0.002, Acc: 0.882, Base Lr: 3.17e-04
2026-04-24 17:58:45,050 PAT.train INFO: Epoch 24 done. Time per batch: 0.476[s] Speed: 134.4[samples/s]
2026-04-24 17:59:14,414 PAT.train INFO: Epoch[25] Iteration[60/159] total_loss: 1.835, reid_loss: 1.824, pc_loss: 0.011, Acc: 0.877, Base Lr: 3.14e-04
2026-04-24 17:59:41,573 PAT.train INFO: Epoch[25] Iteration[120/159] total_loss: 1.811, reid_loss: 1.805, pc_loss: 0.007, Acc: 0.883, Base Lr: 3.14e-04
2026-04-24 17:59:58,253 PAT.train INFO: Epoch 25 done. Time per batch: 0.468[s] Speed: 136.8[samples/s]
2026-04-24 18:00:27,713 PAT.train INFO: Epoch[26] Iteration[60/159] total_loss: 1.767, reid_loss: 1.765, pc_loss: 0.002, Acc: 0.880, Base Lr: 3.11e-04
2026-04-24 18:00:55,052 PAT.train INFO: Epoch[26] Iteration[120/159] total_loss: 1.738, reid_loss: 1.736, pc_loss: 0.002, Acc: 0.891, Base Lr: 3.11e-04
2026-04-24 18:01:12,404 PAT.train INFO: Epoch 26 done. Time per batch: 0.471[s] Speed: 135.9[samples/s]
2026-04-24 18:01:40,752 PAT.train INFO: Epoch[27] Iteration[60/159] total_loss: 1.669, reid_loss: 1.668, pc_loss: 0.001, Acc: 0.909, Base Lr: 3.08e-04
2026-04-24 18:02:08,052 PAT.train INFO: Epoch[27] Iteration[120/159] total_loss: 1.657, reid_loss: 1.657, pc_loss: 0.001, Acc: 0.911, Base Lr: 3.08e-04
2026-04-24 18:02:24,955 PAT.train INFO: Epoch 27 done. Time per batch: 0.461[s] Speed: 138.9[samples/s]
2026-04-24 18:02:53,046 PAT.train INFO: Epoch[28] Iteration[60/159] total_loss: 1.649, reid_loss: 1.648, pc_loss: 0.001, Acc: 0.915, Base Lr: 3.05e-04
2026-04-24 18:03:20,504 PAT.train INFO: Epoch[28] Iteration[120/159] total_loss: 1.662, reid_loss: 1.661, pc_loss: 0.001, Acc: 0.909, Base Lr: 3.05e-04
2026-04-24 18:03:37,541 PAT.train INFO: Epoch 28 done. Time per batch: 0.461[s] Speed: 138.8[samples/s]
2026-04-24 18:04:08,101 PAT.train INFO: Epoch[29] Iteration[60/159] total_loss: 1.683, reid_loss: 1.683, pc_loss: 0.000, Acc: 0.905, Base Lr: 3.02e-04
2026-04-24 18:04:35,167 PAT.train INFO: Epoch[29] Iteration[120/159] total_loss: 1.682, reid_loss: 1.682, pc_loss: 0.001, Acc: 0.908, Base Lr: 3.02e-04
2026-04-24 18:04:52,151 PAT.train INFO: Epoch 29 done. Time per batch: 0.463[s] Speed: 138.3[samples/s]
2026-04-24 18:05:22,089 PAT.train INFO: Epoch[30] Iteration[60/159] total_loss: 1.622, reid_loss: 1.621, pc_loss: 0.001, Acc: 0.926, Base Lr: 2.99e-04
2026-04-24 18:05:49,412 PAT.train INFO: Epoch[30] Iteration[120/159] total_loss: 1.638, reid_loss: 1.637, pc_loss: 0.001, Acc: 0.921, Base Lr: 2.99e-04
2026-04-24 18:06:06,573 PAT.train INFO: Epoch 30 done. Time per batch: 0.473[s] Speed: 135.4[samples/s]
2026-04-24 18:06:06,574 PAT.test INFO: Enter inferencing
=> Enter reranking
2026-04-24 18:06:22,056 PAT.test INFO: Validation Results 
2026-04-24 18:06:22,057 PAT.test INFO: mAP: 100.0%
2026-04-24 18:06:22,057 PAT.test INFO: CMC curve, Rank-1  :100.0%
2026-04-24 18:06:22,057 PAT.test INFO: CMC curve, Rank-5  :100.0%
2026-04-24 18:06:22,057 PAT.test INFO: CMC curve, Rank-10 :100.0%
2026-04-24 18:06:22,057 PAT.test INFO: total inference time: 15.48
2026-04-24 18:06:51,006 PAT.train INFO: Epoch[31] Iteration[60/159] total_loss: 1.604, reid_loss: 1.602, pc_loss: 0.002, Acc: 0.922, Base Lr: 2.96e-04
2026-04-24 18:07:17,946 PAT.train INFO: Epoch[31] Iteration[120/159] total_loss: 1.614, reid_loss: 1.613, pc_loss: 0.001, Acc: 0.919, Base Lr: 2.96e-04
2026-04-24 18:07:35,208 PAT.train INFO: Epoch 31 done. Time per batch: 0.461[s] Speed: 138.9[samples/s]
2026-04-24 18:08:03,486 PAT.train INFO: Epoch[32] Iteration[60/159] total_loss: 1.679, reid_loss: 1.678, pc_loss: 0.001, Acc: 0.918, Base Lr: 2.92e-04
2026-04-24 18:08:31,009 PAT.train INFO: Epoch[32] Iteration[120/159] total_loss: 1.694, reid_loss: 1.693, pc_loss: 0.001, Acc: 0.910, Base Lr: 2.92e-04
2026-04-24 18:08:47,795 PAT.train INFO: Epoch 32 done. Time per batch: 0.464[s] Speed: 137.9[samples/s]
2026-04-24 18:09:15,846 PAT.train INFO: Epoch[33] Iteration[60/159] total_loss: 1.709, reid_loss: 1.708, pc_loss: 0.001, Acc: 0.914, Base Lr: 2.89e-04
2026-04-24 18:09:43,318 PAT.train INFO: Epoch[33] Iteration[120/159] total_loss: 1.688, reid_loss: 1.687, pc_loss: 0.001, Acc: 0.918, Base Lr: 2.89e-04
2026-04-24 18:10:00,809 PAT.train INFO: Epoch 33 done. Time per batch: 0.464[s] Speed: 138.0[samples/s]
2026-04-24 18:10:28,860 PAT.train INFO: Epoch[34] Iteration[60/159] total_loss: 1.634, reid_loss: 1.633, pc_loss: 0.001, Acc: 0.918, Base Lr: 2.85e-04
2026-04-24 18:10:55,877 PAT.train INFO: Epoch[34] Iteration[120/159] total_loss: 1.601, reid_loss: 1.600, pc_loss: 0.001, Acc: 0.926, Base Lr: 2.85e-04
2026-04-24 18:11:12,619 PAT.train INFO: Epoch 34 done. Time per batch: 0.459[s] Speed: 139.4[samples/s]
2026-04-24 18:11:40,890 PAT.train INFO: Epoch[35] Iteration[60/159] total_loss: 1.572, reid_loss: 1.571, pc_loss: 0.001, Acc: 0.936, Base Lr: 2.82e-04
2026-04-24 18:12:07,443 PAT.train INFO: Epoch[35] Iteration[120/159] total_loss: 1.567, reid_loss: 1.567, pc_loss: 0.000, Acc: 0.933, Base Lr: 2.82e-04
2026-04-24 18:12:24,068 PAT.train INFO: Epoch 35 done. Time per batch: 0.454[s] Speed: 141.0[samples/s]
2026-04-24 18:12:51,565 PAT.train INFO: Epoch[36] Iteration[60/159] total_loss: 1.597, reid_loss: 1.596, pc_loss: 0.000, Acc: 0.927, Base Lr: 2.78e-04
2026-04-24 18:13:18,261 PAT.train INFO: Epoch[36] Iteration[120/159] total_loss: 1.595, reid_loss: 1.595, pc_loss: 0.001, Acc: 0.933, Base Lr: 2.78e-04
2026-04-24 18:13:33,518 PAT.train INFO: Epoch 36 done. Time per batch: 0.444[s] Speed: 144.2[samples/s]
2026-04-24 18:14:00,540 PAT.train INFO: Epoch[37] Iteration[60/159] total_loss: inf, reid_loss: inf, pc_loss: 0.011, Acc: 0.718, Base Lr: 2.74e-04
2026-04-24 18:14:25,365 PAT.train INFO: Epoch[37] Iteration[120/159] total_loss: inf, reid_loss: inf, pc_loss: 0.015, Acc: 0.687, Base Lr: 2.74e-04
2026-04-24 18:14:41,373 PAT.train INFO: Epoch 37 done. Time per batch: 0.431[s] Speed: 148.5[samples/s]
2026-04-24 18:15:06,789 PAT.train INFO: Epoch[38] Iteration[60/159] total_loss: nan, reid_loss: nan, pc_loss: 0.000, Acc: 0.001, Base Lr: 2.70e-04
2026-04-24 18:15:30,896 PAT.train INFO: Epoch[38] Iteration[120/159] total_loss: nan, reid_loss: nan, pc_loss: 0.000, Acc: 0.002, Base Lr: 2.70e-04
2026-04-24 18:15:45,540 PAT.train INFO: Epoch 38 done. Time per batch: 0.410[s] Speed: 156.1[samples/s]
2026-04-24 18:16:11,196 PAT.train INFO: Epoch[39] Iteration[60/159] total_loss: nan, reid_loss: nan, pc_loss: 0.000, Acc: 0.000, Base Lr: 2.67e-04
2026-04-24 18:16:35,661 PAT.train INFO: Epoch[39] Iteration[120/159] total_loss: nan, reid_loss: nan, pc_loss: 0.000, Acc: 0.001, Base Lr: 2.67e-04
2026-04-24 18:16:50,953 PAT.train INFO: Epoch 39 done. Time per batch: 0.415[s] Speed: 154.1[samples/s]
2026-04-24 18:17:17,089 PAT.train INFO: Epoch[40] Iteration[60/159] total_loss: nan, reid_loss: nan, pc_loss: 0.000, Acc: 0.001, Base Lr: 2.63e-04
2026-04-24 18:17:41,690 PAT.train INFO: Epoch[40] Iteration[120/159] total_loss: nan, reid_loss: nan, pc_loss: 0.000, Acc: 0.001, Base Lr: 2.63e-04
2026-04-24 18:17:56,960 PAT.train INFO: Epoch 40 done. Time per batch: 0.419[s] Speed: 152.7[samples/s]
2026-04-24 18:17:56,960 PAT.test INFO: Enter inferencing
=> Enter reranking
2026-04-24 18:18:10,054 PAT.test INFO: Validation Results 
2026-04-24 18:18:10,055 PAT.test INFO: mAP: 100.0%
2026-04-24 18:18:10,055 PAT.test INFO: CMC curve, Rank-1  :100.0%
2026-04-24 18:18:10,055 PAT.test INFO: CMC curve, Rank-5  :100.0%
2026-04-24 18:18:10,055 PAT.test INFO: CMC curve, Rank-10 :100.0%
2026-04-24 18:18:10,055 PAT.test INFO: total inference time: 13.09
2026-04-24 18:18:36,123 PAT.train INFO: Epoch[41] Iteration[60/159] total_loss: nan, reid_loss: nan, pc_loss: 0.000, Acc: 0.001, Base Lr: 2.59e-04
2026-04-24 18:19:00,658 PAT.train INFO: Epoch[41] Iteration[120/159] total_loss: nan, reid_loss: nan, pc_loss: 0.000, Acc: 0.001, Base Lr: 2.59e-04
2026-04-24 18:19:15,728 PAT.train INFO: Epoch 41 done. Time per batch: 0.416[s] Speed: 153.9[samples/s]
2026-04-24 18:19:41,681 PAT.train INFO: Epoch[42] Iteration[60/159] total_loss: nan, reid_loss: nan, pc_loss: 0.000, Acc: 0.003, Base Lr: 2.55e-04
2026-04-24 18:20:06,351 PAT.train INFO: Epoch[42] Iteration[120/159] total_loss: nan, reid_loss: nan, pc_loss: 0.000, Acc: 0.002, Base Lr: 2.55e-04
2026-04-24 18:20:21,722 PAT.train INFO: Epoch 42 done. Time per batch: 0.419[s] Speed: 152.7[samples/s]
2026-04-24 18:20:47,446 PAT.train INFO: Epoch[43] Iteration[60/159] total_loss: nan, reid_loss: nan, pc_loss: 0.000, Acc: 0.000, Base Lr: 2.51e-04
2026-04-24 18:21:12,053 PAT.train INFO: Epoch[43] Iteration[120/159] total_loss: nan, reid_loss: nan, pc_loss: 0.000, Acc: 0.000, Base Lr: 2.51e-04
2026-04-24 18:21:27,742 PAT.train INFO: Epoch 43 done. Time per batch: 0.419[s] Speed: 152.7[samples/s]
2026-04-24 18:21:53,429 PAT.train INFO: Epoch[44] Iteration[60/159] total_loss: nan, reid_loss: nan, pc_loss: 0.000, Acc: 0.001, Base Lr: 2.46e-04
2026-04-24 18:22:18,277 PAT.train INFO: Epoch[44] Iteration[120/159] total_loss: nan, reid_loss: nan, pc_loss: 0.000, Acc: 0.002, Base Lr: 2.46e-04
2026-04-24 18:22:33,909 PAT.train INFO: Epoch 44 done. Time per batch: 0.420[s] Speed: 152.3[samples/s]
2026-04-24 18:23:01,539 PAT.train INFO: Epoch[45] Iteration[60/159] total_loss: nan, reid_loss: nan, pc_loss: 0.000, Acc: 0.000, Base Lr: 2.42e-04
2026-04-24 18:23:27,419 PAT.train INFO: Epoch[45] Iteration[120/159] total_loss: nan, reid_loss: nan, pc_loss: 0.000, Acc: 0.002, Base Lr: 2.42e-04
2026-04-24 18:23:43,341 PAT.train INFO: Epoch 45 done. Time per batch: 0.441[s] Speed: 145.2[samples/s]
2026-04-24 18:24:09,592 PAT.train INFO: Epoch[46] Iteration[60/159] total_loss: nan, reid_loss: nan, pc_loss: 0.000, Acc: 0.000, Base Lr: 2.38e-04
2026-04-24 18:24:34,761 PAT.train INFO: Epoch[46] Iteration[120/159] total_loss: nan, reid_loss: nan, pc_loss: 0.000, Acc: 0.001, Base Lr: 2.38e-04
2026-04-24 18:24:50,389 PAT.train INFO: Epoch 46 done. Time per batch: 0.426[s] Speed: 150.3[samples/s]
2026-04-24 18:25:16,265 PAT.train INFO: Epoch[47] Iteration[60/159] total_loss: nan, reid_loss: nan, pc_loss: 0.000, Acc: 0.001, Base Lr: 2.34e-04
2026-04-24 18:25:40,916 PAT.train INFO: Epoch[47] Iteration[120/159] total_loss: nan, reid_loss: nan, pc_loss: 0.000, Acc: 0.002, Base Lr: 2.34e-04
2026-04-24 18:25:56,462 PAT.train INFO: Epoch 47 done. Time per batch: 0.420[s] Speed: 152.6[samples/s]
2026-04-24 18:26:22,930 PAT.train INFO: Epoch[48] Iteration[60/159] total_loss: nan, reid_loss: nan, pc_loss: 0.000, Acc: 0.000, Base Lr: 2.29e-04
2026-04-24 18:26:48,081 PAT.train INFO: Epoch[48] Iteration[120/159] total_loss: nan, reid_loss: nan, pc_loss: 0.000, Acc: 0.002, Base Lr: 2.29e-04
2026-04-24 18:27:03,426 PAT.train INFO: Epoch 48 done. Time per batch: 0.425[s] Speed: 150.5[samples/s]
2026-04-24 18:27:29,590 PAT.train INFO: Epoch[49] Iteration[60/159] total_loss: nan, reid_loss: nan, pc_loss: 0.000, Acc: 0.002, Base Lr: 2.25e-04
2026-04-24 18:27:54,657 PAT.train INFO: Epoch[49] Iteration[120/159] total_loss: nan, reid_loss: nan, pc_loss: 0.000, Acc: 0.002, Base Lr: 2.25e-04
2026-04-24 18:28:09,444 PAT.train INFO: Epoch 49 done. Time per batch: 0.422[s] Speed: 151.7[samples/s]
2026-04-24 18:28:34,559 PAT.train INFO: Epoch[50] Iteration[60/159] total_loss: nan, reid_loss: nan, pc_loss: 0.000, Acc: 0.002, Base Lr: 2.21e-04
2026-04-24 18:28:59,172 PAT.train INFO: Epoch[50] Iteration[120/159] total_loss: nan, reid_loss: nan, pc_loss: 0.000, Acc: 0.002, Base Lr: 2.21e-04
2026-04-24 18:29:14,054 PAT.train INFO: Epoch 50 done. Time per batch: 0.413[s] Speed: 155.0[samples/s]
2026-04-24 18:29:14,054 PAT.test INFO: Enter inferencing
=> Enter reranking
2026-04-24 18:29:26,744 PAT.test INFO: Validation Results 
2026-04-24 18:29:26,745 PAT.test INFO: mAP: 100.0%
2026-04-24 18:29:26,745 PAT.test INFO: CMC curve, Rank-1  :100.0%
2026-04-24 18:29:26,745 PAT.test INFO: CMC curve, Rank-5  :100.0%
2026-04-24 18:29:26,745 PAT.test INFO: CMC curve, Rank-10 :100.0%
2026-04-24 18:29:26,745 PAT.test INFO: total inference time: 12.69
2026-04-24 18:29:53,391 PAT.train INFO: Epoch[51] Iteration[60/159] total_loss: nan, reid_loss: nan, pc_loss: 0.000, Acc: 0.001, Base Lr: 2.16e-04
2026-04-24 18:30:18,865 PAT.train INFO: Epoch[51] Iteration[120/159] total_loss: nan, reid_loss: nan, pc_loss: 0.000, Acc: 0.001, Base Lr: 2.16e-04
2026-04-24 18:30:33,999 PAT.train INFO: Epoch 51 done. Time per batch: 0.426[s] Speed: 150.3[samples/s]
2026-04-24 18:30:59,490 PAT.train INFO: Epoch[52] Iteration[60/159] total_loss: nan, reid_loss: nan, pc_loss: 0.000, Acc: 0.002, Base Lr: 2.12e-04
2026-04-24 18:31:24,111 PAT.train INFO: Epoch[52] Iteration[120/159] total_loss: nan, reid_loss: nan, pc_loss: 0.000, Acc: 0.002, Base Lr: 2.12e-04
2026-04-24 18:31:39,594 PAT.train INFO: Epoch 52 done. Time per batch: 0.416[s] Speed: 153.7[samples/s]
2026-04-24 18:32:06,014 PAT.train INFO: Epoch[53] Iteration[60/159] total_loss: nan, reid_loss: nan, pc_loss: 0.000, Acc: 0.000, Base Lr: 2.07e-04
2026-04-24 18:32:30,931 PAT.train INFO: Epoch[53] Iteration[120/159] total_loss: nan, reid_loss: nan, pc_loss: 0.000, Acc: 0.000, Base Lr: 2.07e-04
2026-04-24 18:32:46,038 PAT.train INFO: Epoch 53 done. Time per batch: 0.424[s] Speed: 150.9[samples/s]
2026-04-24 18:33:11,171 PAT.train INFO: Epoch[54] Iteration[60/159] total_loss: nan, reid_loss: nan, pc_loss: 0.000, Acc: 0.001, Base Lr: 2.03e-04
2026-04-24 18:33:37,028 PAT.train INFO: Epoch[54] Iteration[120/159] total_loss: nan, reid_loss: nan, pc_loss: 0.000, Acc: 0.002, Base Lr: 2.03e-04
2026-04-24 18:33:52,883 PAT.train INFO: Epoch 54 done. Time per batch: 0.425[s] Speed: 150.8[samples/s]
2026-04-24 18:34:18,087 PAT.train INFO: Epoch[55] Iteration[60/159] total_loss: nan, reid_loss: nan, pc_loss: 0.000, Acc: 0.000, Base Lr: 1.98e-04
2026-04-24 18:34:42,731 PAT.train INFO: Epoch[55] Iteration[120/159] total_loss: nan, reid_loss: nan, pc_loss: 0.000, Acc: 0.000, Base Lr: 1.98e-04
2026-04-24 18:34:57,616 PAT.train INFO: Epoch 55 done. Time per batch: 0.414[s] Speed: 154.7[samples/s]
2026-04-24 18:35:23,165 PAT.train INFO: Epoch[56] Iteration[60/159] total_loss: nan, reid_loss: nan, pc_loss: 0.000, Acc: 0.000, Base Lr: 1.94e-04
2026-04-24 18:35:47,682 PAT.train INFO: Epoch[56] Iteration[120/159] total_loss: nan, reid_loss: nan, pc_loss: 0.000, Acc: 0.001, Base Lr: 1.94e-04
2026-04-24 18:36:02,436 PAT.train INFO: Epoch 56 done. Time per batch: 0.414[s] Speed: 154.5[samples/s]
2026-04-24 18:36:28,526 PAT.train INFO: Epoch[57] Iteration[60/159] total_loss: nan, reid_loss: nan, pc_loss: 0.000, Acc: 0.000, Base Lr: 1.89e-04
2026-04-24 18:36:53,742 PAT.train INFO: Epoch[57] Iteration[120/159] total_loss: nan, reid_loss: nan, pc_loss: 0.000, Acc: 0.002, Base Lr: 1.89e-04
2026-04-24 18:37:09,634 PAT.train INFO: Epoch 57 done. Time per batch: 0.427[s] Speed: 150.0[samples/s]
2026-04-24 18:37:34,830 PAT.train INFO: Epoch[58] Iteration[60/159] total_loss: nan, reid_loss: nan, pc_loss: 0.000, Acc: 0.002, Base Lr: 1.84e-04
2026-04-24 18:37:59,210 PAT.train INFO: Epoch[58] Iteration[120/159] total_loss: nan, reid_loss: nan, pc_loss: 0.000, Acc: 0.002, Base Lr: 1.84e-04
2026-04-24 18:38:14,460 PAT.train INFO: Epoch 58 done. Time per batch: 0.412[s] Speed: 155.5[samples/s]
2026-04-24 18:38:40,263 PAT.train INFO: Epoch[59] Iteration[60/159] total_loss: nan, reid_loss: nan, pc_loss: 0.000, Acc: 0.002, Base Lr: 1.80e-04
2026-04-24 18:39:04,707 PAT.train INFO: Epoch[59] Iteration[120/159] total_loss: nan, reid_loss: nan, pc_loss: 0.000, Acc: 0.001, Base Lr: 1.80e-04
2026-04-24 18:39:19,929 PAT.train INFO: Epoch 59 done. Time per batch: 0.418[s] Speed: 153.0[samples/s]
2026-04-24 18:39:46,462 PAT.train INFO: Epoch[60] Iteration[60/159] total_loss: nan, reid_loss: nan, pc_loss: 0.000, Acc: 0.000, Base Lr: 1.75e-04
2026-04-24 18:40:10,865 PAT.train INFO: Epoch[60] Iteration[120/159] total_loss: nan, reid_loss: nan, pc_loss: 0.000, Acc: 0.001, Base Lr: 1.75e-04
2026-04-24 18:40:25,576 PAT.train INFO: Epoch 60 done. Time per batch: 0.420[s] Speed: 152.6[samples/s]
2026-04-24 18:40:25,576 PAT.test INFO: Enter inferencing
=> Enter reranking
2026-04-24 18:40:38,550 PAT.test INFO: Validation Results 
2026-04-24 18:40:38,550 PAT.test INFO: mAP: 100.0%
2026-04-24 18:40:38,551 PAT.test INFO: CMC curve, Rank-1  :100.0%
2026-04-24 18:40:38,551 PAT.test INFO: CMC curve, Rank-5  :100.0%
2026-04-24 18:40:38,551 PAT.test INFO: CMC curve, Rank-10 :100.0%
2026-04-24 18:40:38,551 PAT.test INFO: total inference time: 12.97
using Transformer_type: part token vit as a backbone
using stride: [14, 14], and patch number is num_y16 * num_x8
using drop_out rate is : 0.0
using attn_drop_out rate is : 0.0
using drop_path rate is : 0.1
Resized position embedding from size:torch.Size([1, 1370, 1024]) to size: torch.Size([1, 132, 1024]) with height:16 width: 8
Load 345 / 347 layers.
Loading pretrained ImageNet model......from /workspace/miuam_challenge_diff/pretrained/dinov2_vitl14_pretrain.pth
/workspace/miuam_challenge_diff/.venv/lib/python3.10/site-packages/torch/nn/init.py:412: UserWarning: Initializing zero-element tensors is a no-op
  warnings.warn("Initializing zero-element tensors is a no-op")
===========building our part attention vit===========
2026-04-24 18:40:52,239 PAT.train INFO: Number of parameter: 304.13M
Loading trained model from models/./model_vitlarge_dinov2_p14_seed42/part_attention_vit_10.pth
load weights from part_attention_vit_10.pth
2026-04-24 18:40:53,401 PAT INFO: => Loaded UrbanElementsReID_test
2026-04-24 18:40:53,401 PAT INFO:   ----------------------------------------
2026-04-24 18:40:53,401 PAT INFO:   subset   | # ids | # images | # cameras
2026-04-24 18:40:53,401 PAT INFO:   ----------------------------------------
2026-04-24 18:40:53,401 PAT INFO:   query    |     1 |      928 |         1
2026-04-24 18:40:53,402 PAT INFO:   gallery  |     1 |     2844 |         3
2026-04-24 18:40:53,402 PAT INFO:   ----------------------------------------
2026-04-24 18:40:53,402 PAT.test INFO: Enter inferencing
=> Enter reranking
2026-04-24 18:41:08,833 PAT.test INFO: Validation Results 
2026-04-24 18:41:08,834 PAT.test INFO: mAP: 100.0%
2026-04-24 18:41:08,834 PAT.test INFO: CMC curve, Rank-1  :100.0%
2026-04-24 18:41:08,834 PAT.test INFO: CMC curve, Rank-5  :100.0%
2026-04-24 18:41:08,834 PAT.test INFO: CMC curve, Rank-10 :100.0%
2026-04-24 18:41:08,834 PAT.test INFO: total inference time: 15.20
saving final checkpoint (best epoch re-saved, per-epoch checkpoints retained).
done!
