2026-04-24 13:32:00,584 PAT INFO: Saving model to: models/./model_vitlarge_256x128_60ep_merged_seed2024
2026-04-24 13:32:00,584 PAT INFO: Namespace(config_file='config/UrbanElementsReID_train_merged.yml', opts=[], local_rank=0)
2026-04-24 13:32:00,584 PAT INFO: Loaded configuration file config/UrbanElementsReID_train_merged.yml
2026-04-24 13:32:00,585 PAT INFO: 
MODEL:
  PRETRAIN_CHOICE: 'imagenet'
  PRETRAIN_PATH: '/workspace/miuam_challenge_diff/pretrained'
  IF_LABELSMOOTH: 'on'
  IF_WITH_CENTER: 'no'
  NAME: 'part_attention_vit'
  NO_MARGIN: True
  DEVICE_ID: ('0')
  TRANSFORMER_TYPE: 'vit_large_patch16_224_TransReID'
  STRIDE_SIZE: [16, 16]

INPUT:
  SIZE_TRAIN: [256, 128]
  SIZE_TEST: [256, 128]
  REA:
    ENABLED: False
  PIXEL_MEAN: [0.5, 0.5, 0.5]
  PIXEL_STD: [0.5, 0.5, 0.5]
  LGT:
    DO_LGT: True
    PROB: 0.5

DATASETS:
  TRAIN: ('UrbanElementsReID',)
  TEST: ('UrbanElementsReID_test',)
  ROOT_DIR: '/workspace/Urban2026_merged/'

DATALOADER:
  SAMPLER: 'softmax_triplet'
  NUM_INSTANCE: 4
  NUM_WORKERS: 8

SOLVER:
  OPTIMIZER_NAME: 'Adam'
  MAX_EPOCHS: 60
  BASE_LR: 0.00035
  WARMUP_METHOD: 'linear'
  WARMUP_EPOCHS: 10
  WARMUP_FACTOR: 0.01
  IMS_PER_BATCH: 64
  LARGE_FC_LR: False
  CHECKPOINT_PERIOD: 10
  LOG_PERIOD: 60
  EVAL_PERIOD: 10
  WEIGHT_DECAY: 1e-4
  WEIGHT_DECAY_BIAS: 1e-4
  BIAS_LR_FACTOR: 2
  SEED: 2024

TEST:
  EVAL: True
  IMS_PER_BATCH: 64
  RE_RANKING: False
  WEIGHT: ''
  NECK_FEAT: 'before'
  FEAT_NORM: True

LOG_ROOT: 'models/'
TB_LOG_ROOT: './tb_log/'
LOG_NAME: './model_vitlarge_256x128_60ep_merged_seed2024'
2026-04-24 13:32:00,585 PAT INFO: Running with config:
DATALOADER:
  CAMERA_TO_DOMAIN: False
  DELETE_REM: False
  DROP_LAST: False
  INDIVIDUAL: False
  NAIVE_WAY: True
  NUM_INSTANCE: 4
  NUM_WORKERS: 8
  SAMPLER: softmax_triplet
DATASETS:
  COMBINEALL: False
  ROOT_DIR: /workspace/Urban2026_merged/
  TEST: ('UrbanElementsReID_test',)
  TRAIN: ('UrbanElementsReID',)
INPUT:
  CJ:
    BRIGHTNESS: 0.15
    CONTRAST: 0.15
    ENABLED: False
    HUE: 0.1
    PROB: 1.0
    SATURATION: 0.1
  DO_AUGMIX: False
  DO_AUTOAUG: False
  DO_FLIP: True
  DO_PAD: True
  FLIP_PROB: 0.5
  LGT:
    DO_LGT: True
    PROB: 0.5
  PADDING: 10
  PADDING_MODE: constant
  PIXEL_MEAN: [0.5, 0.5, 0.5]
  PIXEL_STD: [0.5, 0.5, 0.5]
  REA:
    ENABLED: False
    MEAN: [123.675, 116.28, 103.53]
    PROB: 0.5
  RPT:
    ENABLED: False
    PROB: 0.5
  SIZE_TEST: [256, 128]
  SIZE_TRAIN: [256, 128]
LOG_NAME: ./model_vitlarge_256x128_60ep_merged_seed2024
LOG_ROOT: models/
MODEL:
  ATT_DROP_RATE: 0.0
  AUX_LOSS_WEIGHT: 0.1
  CLUSTER_K: 10
  COS_LAYER: False
  DEEP_SUP: False
  DEVICE: cuda
  DEVICE_ID: 0
  DIST_TRAIN: False
  DROP_OUT: 0.0
  DROP_PATH: 0.1
  FINETUNE_FROM: 
  FREEZE_PATCH_EMBED: True
  ID_LOSS_TYPE: softmax
  ID_LOSS_WEIGHT: 1.0
  IF_LABELSMOOTH: on
  IF_WITH_CENTER: no
  LAST_STRIDE: 1
  METRIC_LOSS_TYPE: triplet
  NAME: part_attention_vit
  NECK: bnneck
  NO_MARGIN: True
  NUM_AUX_LAYERS: 5
  PATCH_EMBED_TYPE: 
  PC_LOSS: True
  PC_LR: 1.0
  PC_SCALE: 0.02
  PRETRAIN_CHOICE: imagenet
  PRETRAIN_PATH: /workspace/miuam_challenge_diff/pretrained
  SOFT_LABEL: True
  SOFT_LAMBDA: 0.5
  SOFT_WEIGHT: 0.5
  STRIDE_SIZE: [16, 16]
  TRANSFORMER_TYPE: vit_large_patch16_224_TransReID
  TRIPLET_LOSS_WEIGHT: 1.0
SOLVER:
  BASE_LR: 0.00035
  BIAS_LR_FACTOR: 2
  CENTER_LOSS_WEIGHT: 0.0005
  CENTER_LR: 0.5
  CHECKPOINT_PERIOD: 10
  COSINE_MARGIN: 0.5
  COSINE_SCALE: 30
  EVAL_PERIOD: 10
  GAMMA: 0.1
  IMS_PER_BATCH: 64
  LARGE_FC_LR: False
  LOG_PERIOD: 60
  MARGIN: 0.3
  MAX_EPOCHS: 60
  MOMENTUM: 0.9
  OPTIMIZER_NAME: Adam
  SEED: 2024
  STEPS: (40, 70)
  WARMUP_EPOCHS: 10
  WARMUP_FACTOR: 0.01
  WARMUP_METHOD: linear
  WEIGHT_DECAY: 0.0001
  WEIGHT_DECAY_BIAS: 0.0001
TB_LOG_ROOT: ./tb_log/
TEST:
  DIST_MAT: dist_mat.npy
  EVAL: True
  FEAT_NORM: True
  IMS_PER_BATCH: 64
  NECK_FEAT: before
  RE_RANKING: False
  WEIGHT: 
2026-04-24 13:32:00,706 PAT INFO: => Loaded UrbanElementsReID
2026-04-24 13:32:00,707 PAT INFO:   ----------------------------------------
2026-04-24 13:32:00,707 PAT INFO:   subset   | # ids | # images | # cameras
2026-04-24 13:32:00,707 PAT INFO:   ----------------------------------------
2026-04-24 13:32:00,707 PAT INFO:   train    |  1567 |    17562 |         4
2026-04-24 13:32:00,707 PAT INFO:   ----------------------------------------
2026-04-24 13:32:00,957 PAT INFO: => Loaded UrbanElementsReID_test
2026-04-24 13:32:00,957 PAT INFO:   ----------------------------------------
2026-04-24 13:32:00,957 PAT INFO:   subset   | # ids | # images | # cameras
2026-04-24 13:32:00,957 PAT INFO:   ----------------------------------------
2026-04-24 13:32:00,957 PAT INFO:   query    |     1 |      928 |         1
2026-04-24 13:32:00,957 PAT INFO:   gallery  |     1 |     2844 |         3
2026-04-24 13:32:00,957 PAT INFO:   ----------------------------------------
using Transformer_type: part token vit as a backbone
using stride: [16, 16], and patch number is num_y16 * num_x8
using drop_out rate is : 0.0
using attn_drop_out rate is : 0.0
using drop_path rate is : 0.1
Resized position embedding from size:torch.Size([1, 197, 1024]) to size: torch.Size([1, 132, 1024]) with height:16 width: 8
Load 297 / 299 layers.
Loading pretrained ImageNet model......from /workspace/miuam_challenge_diff/pretrained/jx_vit_large_p16_224-4ee7a4dc.pth
===========building our part attention vit===========
2026-04-24 13:32:09,385 PAT.train INFO: Number of parameter: 305.87M
====== freeze patch_embed for stability ======
using soft triplet loss for training
label smooth on, numclasses: 1567
======== using soft label ========
2026-04-24 13:32:09,709 PAT.train INFO: start training
saving tblog to ./tb_log/./model_vitlarge_256x128_60ep_merged_seed2024
initialize the centers
initialization done
/workspace/miuam_challenge_diff/loss/myloss.py:29: UserWarning: This overload of addmm_ is deprecated:
	addmm_(Number beta, Number alpha, Tensor mat1, Tensor mat2)
Consider using one of the following signatures instead:
	addmm_(Tensor mat1, Tensor mat2, *, Number beta, Number alpha) (Triggered internally at ../torch/csrc/utils/python_arg_parser.cpp:1519.)
  dist_map.addmm_(1, -2, part_feat, part_centers.t())
2026-04-24 13:33:55,964 PAT.train INFO: Epoch[1] Iteration[60/249] total_loss: 9.765, reid_loss: 9.047, pc_loss: 0.718, Acc: 0.021, Base Lr: 3.81e-05
2026-04-24 13:34:28,464 PAT.train INFO: Epoch[1] Iteration[120/249] total_loss: 9.328, reid_loss: 8.731, pc_loss: 0.597, Acc: 0.042, Base Lr: 3.81e-05
2026-04-24 13:35:01,849 PAT.train INFO: Epoch[1] Iteration[180/249] total_loss: 9.017, reid_loss: 8.549, pc_loss: 0.468, Acc: 0.059, Base Lr: 3.81e-05
2026-04-24 13:35:34,891 PAT.train INFO: Epoch[1] Iteration[240/249] total_loss: 8.830, reid_loss: 8.405, pc_loss: 0.425, Acc: 0.079, Base Lr: 3.81e-05
2026-04-24 13:35:37,700 PAT.train INFO: Epoch 1 done. Time per batch: 0.555[s] Speed: 115.4[samples/s]
2026-04-24 13:36:11,752 PAT.train INFO: Epoch[2] Iteration[60/249] total_loss: 7.733, reid_loss: 7.679, pc_loss: 0.055, Acc: 0.075, Base Lr: 7.28e-05
2026-04-24 13:36:44,707 PAT.train INFO: Epoch[2] Iteration[120/249] total_loss: 7.623, reid_loss: 7.577, pc_loss: 0.046, Acc: 0.082, Base Lr: 7.28e-05
2026-04-24 13:37:18,360 PAT.train INFO: Epoch[2] Iteration[180/249] total_loss: 7.482, reid_loss: 7.444, pc_loss: 0.038, Acc: 0.090, Base Lr: 7.28e-05
2026-04-24 13:37:52,955 PAT.train INFO: Epoch[2] Iteration[240/249] total_loss: 7.306, reid_loss: 7.272, pc_loss: 0.034, Acc: 0.101, Base Lr: 7.28e-05
2026-04-24 13:37:56,111 PAT.train INFO: Epoch 2 done. Time per batch: 0.564[s] Speed: 113.5[samples/s]
2026-04-24 13:38:30,981 PAT.train INFO: Epoch[3] Iteration[60/249] total_loss: 6.712, reid_loss: 6.700, pc_loss: 0.011, Acc: 0.085, Base Lr: 1.07e-04
2026-04-24 13:39:04,625 PAT.train INFO: Epoch[3] Iteration[120/249] total_loss: 6.580, reid_loss: 6.567, pc_loss: 0.013, Acc: 0.091, Base Lr: 1.07e-04
2026-04-24 13:39:38,059 PAT.train INFO: Epoch[3] Iteration[180/249] total_loss: 6.396, reid_loss: 6.386, pc_loss: 0.011, Acc: 0.106, Base Lr: 1.07e-04
2026-04-24 13:40:11,751 PAT.train INFO: Epoch[3] Iteration[240/249] total_loss: 6.128, reid_loss: 6.119, pc_loss: 0.008, Acc: 0.141, Base Lr: 1.07e-04
2026-04-24 13:40:14,154 PAT.train INFO: Epoch 3 done. Time per batch: 0.565[s] Speed: 113.3[samples/s]
2026-04-24 13:40:48,618 PAT.train INFO: Epoch[4] Iteration[60/249] total_loss: 5.653, reid_loss: 5.648, pc_loss: 0.005, Acc: 0.143, Base Lr: 1.42e-04
2026-04-24 13:41:22,244 PAT.train INFO: Epoch[4] Iteration[120/249] total_loss: 5.468, reid_loss: 5.463, pc_loss: 0.005, Acc: 0.170, Base Lr: 1.42e-04
2026-04-24 13:41:56,991 PAT.train INFO: Epoch[4] Iteration[180/249] total_loss: 5.352, reid_loss: 5.320, pc_loss: 0.032, Acc: 0.195, Base Lr: 1.42e-04
2026-04-24 13:42:31,031 PAT.train INFO: Epoch[4] Iteration[240/249] total_loss: 5.110, reid_loss: 5.085, pc_loss: 0.025, Acc: 0.234, Base Lr: 1.42e-04
2026-04-24 13:42:34,179 PAT.train INFO: Epoch 4 done. Time per batch: 0.571[s] Speed: 112.1[samples/s]
2026-04-24 13:43:10,156 PAT.train INFO: Epoch[5] Iteration[60/249] total_loss: 4.679, reid_loss: 4.669, pc_loss: 0.010, Acc: 0.253, Base Lr: 1.77e-04
2026-04-24 13:43:44,901 PAT.train INFO: Epoch[5] Iteration[120/249] total_loss: 4.525, reid_loss: 4.516, pc_loss: 0.008, Acc: 0.284, Base Lr: 1.77e-04
2026-04-24 13:44:19,821 PAT.train INFO: Epoch[5] Iteration[180/249] total_loss: 4.358, reid_loss: 4.351, pc_loss: 0.007, Acc: 0.315, Base Lr: 1.77e-04
2026-04-24 13:44:54,057 PAT.train INFO: Epoch[5] Iteration[240/249] total_loss: 4.089, reid_loss: 4.084, pc_loss: 0.005, Acc: 0.367, Base Lr: 1.77e-04
2026-04-24 13:44:56,490 PAT.train INFO: Epoch 5 done. Time per batch: 0.582[s] Speed: 109.9[samples/s]
2026-04-24 13:45:31,713 PAT.train INFO: Epoch[6] Iteration[60/249] total_loss: 3.715, reid_loss: 3.711, pc_loss: 0.004, Acc: 0.391, Base Lr: 2.11e-04
2026-04-24 13:46:04,365 PAT.train INFO: Epoch[6] Iteration[120/249] total_loss: 3.616, reid_loss: 3.611, pc_loss: 0.004, Acc: 0.417, Base Lr: 2.11e-04
2026-04-24 13:46:35,908 PAT.train INFO: Epoch[6] Iteration[180/249] total_loss: 3.515, reid_loss: 3.491, pc_loss: 0.024, Acc: 0.455, Base Lr: 2.11e-04
2026-04-24 13:47:07,608 PAT.train INFO: Epoch[6] Iteration[240/249] total_loss: 3.644, reid_loss: 3.620, pc_loss: 0.025, Acc: 0.475, Base Lr: 2.11e-04
2026-04-24 13:47:10,384 PAT.train INFO: Epoch 6 done. Time per batch: 0.546[s] Speed: 117.3[samples/s]
2026-04-24 13:47:44,719 PAT.train INFO: Epoch[7] Iteration[60/249] total_loss: 3.417, reid_loss: 3.405, pc_loss: 0.012, Acc: 0.466, Base Lr: 2.46e-04
2026-04-24 13:48:16,446 PAT.train INFO: Epoch[7] Iteration[120/249] total_loss: 3.227, reid_loss: 3.218, pc_loss: 0.009, Acc: 0.505, Base Lr: 2.46e-04
2026-04-24 13:48:47,994 PAT.train INFO: Epoch[7] Iteration[180/249] total_loss: 3.057, reid_loss: 3.049, pc_loss: 0.008, Acc: 0.550, Base Lr: 2.46e-04
2026-04-24 13:49:19,033 PAT.train INFO: Epoch[7] Iteration[240/249] total_loss: 2.916, reid_loss: 2.909, pc_loss: 0.006, Acc: 0.588, Base Lr: 2.46e-04
2026-04-24 13:49:21,329 PAT.train INFO: Epoch 7 done. Time per batch: 0.536[s] Speed: 119.4[samples/s]
2026-04-24 13:49:53,783 PAT.train INFO: Epoch[8] Iteration[60/249] total_loss: 2.648, reid_loss: 2.638, pc_loss: 0.010, Acc: 0.635, Base Lr: 2.81e-04
2026-04-24 13:50:25,200 PAT.train INFO: Epoch[8] Iteration[120/249] total_loss: 2.580, reid_loss: 2.570, pc_loss: 0.010, Acc: 0.652, Base Lr: 2.81e-04
2026-04-24 13:50:57,081 PAT.train INFO: Epoch[8] Iteration[180/249] total_loss: 2.512, reid_loss: 2.502, pc_loss: 0.010, Acc: 0.669, Base Lr: 2.81e-04
2026-04-24 13:51:28,942 PAT.train INFO: Epoch[8] Iteration[240/249] total_loss: 2.439, reid_loss: 2.429, pc_loss: 0.010, Acc: 0.692, Base Lr: 2.81e-04
2026-04-24 13:51:31,305 PAT.train INFO: Epoch 8 done. Time per batch: 0.532[s] Speed: 120.3[samples/s]
2026-04-24 13:52:04,084 PAT.train INFO: Epoch[9] Iteration[60/249] total_loss: 2.308, reid_loss: 2.274, pc_loss: 0.034, Acc: 0.749, Base Lr: 3.15e-04
2026-04-24 13:52:35,607 PAT.train INFO: Epoch[9] Iteration[120/249] total_loss: 2.306, reid_loss: 2.283, pc_loss: 0.024, Acc: 0.742, Base Lr: 3.15e-04
2026-04-24 13:53:07,316 PAT.train INFO: Epoch[9] Iteration[180/249] total_loss: 2.282, reid_loss: 2.260, pc_loss: 0.022, Acc: 0.743, Base Lr: 3.15e-04
2026-04-24 13:53:39,559 PAT.train INFO: Epoch[9] Iteration[240/249] total_loss: 2.242, reid_loss: 2.223, pc_loss: 0.020, Acc: 0.757, Base Lr: 3.15e-04
2026-04-24 13:53:43,015 PAT.train INFO: Epoch 9 done. Time per batch: 0.535[s] Speed: 119.7[samples/s]
2026-04-24 13:54:15,573 PAT.train INFO: Epoch[10] Iteration[60/249] total_loss: 2.270, reid_loss: 2.240, pc_loss: 0.030, Acc: 0.752, Base Lr: 3.44e-04
2026-04-24 13:54:47,038 PAT.train INFO: Epoch[10] Iteration[120/249] total_loss: 2.304, reid_loss: 2.212, pc_loss: 0.092, Acc: 0.758, Base Lr: 3.44e-04
2026-04-24 13:55:18,832 PAT.train INFO: Epoch[10] Iteration[180/249] total_loss: 2.312, reid_loss: 2.208, pc_loss: 0.104, Acc: 0.763, Base Lr: 3.44e-04
2026-04-24 13:55:50,110 PAT.train INFO: Epoch[10] Iteration[240/249] total_loss: 2.313, reid_loss: 2.204, pc_loss: 0.108, Acc: 0.773, Base Lr: 3.44e-04
2026-04-24 13:55:52,971 PAT.train INFO: Epoch 10 done. Time per batch: 0.530[s] Speed: 120.8[samples/s]
2026-04-24 13:55:52,972 PAT.test INFO: Enter inferencing
2026-04-24 13:56:05,086 PAT.test INFO: Validation Results 
2026-04-24 13:56:05,086 PAT.test INFO: mAP: 100.0%
2026-04-24 13:56:05,086 PAT.test INFO: CMC curve, Rank-1  :100.0%
2026-04-24 13:56:05,086 PAT.test INFO: CMC curve, Rank-5  :100.0%
2026-04-24 13:56:05,086 PAT.test INFO: CMC curve, Rank-10 :100.0%
2026-04-24 13:56:05,086 PAT.test INFO: total inference time: 12.11
2026-04-24 13:56:05,093 PAT.train INFO: =====best epoch: 10=====
2026-04-24 13:56:37,790 PAT.train INFO: Epoch[11] Iteration[60/249] total_loss: 3.274, reid_loss: 3.233, pc_loss: 0.041, Acc: 0.593, Base Lr: 3.43e-04
2026-04-24 13:57:08,808 PAT.train INFO: Epoch[11] Iteration[120/249] total_loss: 2.870, reid_loss: 2.819, pc_loss: 0.051, Acc: 0.667, Base Lr: 3.43e-04
2026-04-24 13:57:40,189 PAT.train INFO: Epoch[11] Iteration[180/249] total_loss: 2.692, reid_loss: 2.641, pc_loss: 0.051, Acc: 0.697, Base Lr: 3.43e-04
2026-04-24 13:58:11,587 PAT.train INFO: Epoch[11] Iteration[240/249] total_loss: 2.551, reid_loss: 2.504, pc_loss: 0.046, Acc: 0.725, Base Lr: 3.43e-04
2026-04-24 13:58:14,881 PAT.train INFO: Epoch 11 done. Time per batch: 0.525[s] Speed: 121.9[samples/s]
2026-04-24 13:58:46,972 PAT.train INFO: Epoch[12] Iteration[60/249] total_loss: 2.131, reid_loss: 2.046, pc_loss: 0.084, Acc: 0.821, Base Lr: 3.41e-04
2026-04-24 13:59:17,795 PAT.train INFO: Epoch[12] Iteration[120/249] total_loss: 2.088, reid_loss: 2.022, pc_loss: 0.066, Acc: 0.826, Base Lr: 3.41e-04
2026-04-24 13:59:48,819 PAT.train INFO: Epoch[12] Iteration[180/249] total_loss: 2.044, reid_loss: 1.997, pc_loss: 0.047, Acc: 0.831, Base Lr: 3.41e-04
2026-04-24 14:00:19,776 PAT.train INFO: Epoch[12] Iteration[240/249] total_loss: 2.009, reid_loss: 1.970, pc_loss: 0.039, Acc: 0.839, Base Lr: 3.41e-04
2026-04-24 14:00:22,660 PAT.train INFO: Epoch 12 done. Time per batch: 0.521[s] Speed: 122.9[samples/s]
2026-04-24 14:00:54,611 PAT.train INFO: Epoch[13] Iteration[60/249] total_loss: 1.861, reid_loss: 1.799, pc_loss: 0.061, Acc: 0.879, Base Lr: 3.40e-04
2026-04-24 14:01:25,362 PAT.train INFO: Epoch[13] Iteration[120/249] total_loss: 1.826, reid_loss: 1.791, pc_loss: 0.035, Acc: 0.882, Base Lr: 3.40e-04
2026-04-24 14:01:56,205 PAT.train INFO: Epoch[13] Iteration[180/249] total_loss: 1.824, reid_loss: 1.799, pc_loss: 0.025, Acc: 0.884, Base Lr: 3.40e-04
2026-04-24 14:02:27,135 PAT.train INFO: Epoch[13] Iteration[240/249] total_loss: 1.815, reid_loss: 1.794, pc_loss: 0.021, Acc: 0.885, Base Lr: 3.40e-04
2026-04-24 14:02:29,896 PAT.train INFO: Epoch 13 done. Time per batch: 0.519[s] Speed: 123.4[samples/s]
2026-04-24 14:03:02,181 PAT.train INFO: Epoch[14] Iteration[60/249] total_loss: 1.775, reid_loss: 1.761, pc_loss: 0.014, Acc: 0.888, Base Lr: 3.38e-04
2026-04-24 14:03:33,616 PAT.train INFO: Epoch[14] Iteration[120/249] total_loss: 2.441, reid_loss: 2.414, pc_loss: 0.026, Acc: 0.796, Base Lr: 3.38e-04
2026-04-24 14:04:05,249 PAT.train INFO: Epoch[14] Iteration[180/249] total_loss: 2.563, reid_loss: 2.534, pc_loss: 0.030, Acc: 0.760, Base Lr: 3.38e-04
2026-04-24 14:04:37,084 PAT.train INFO: Epoch[14] Iteration[240/249] total_loss: 2.455, reid_loss: 2.426, pc_loss: 0.029, Acc: 0.779, Base Lr: 3.38e-04
2026-04-24 14:04:39,918 PAT.train INFO: Epoch 14 done. Time per batch: 0.530[s] Speed: 120.8[samples/s]
2026-04-24 14:05:12,496 PAT.train INFO: Epoch[15] Iteration[60/249] total_loss: 2.077, reid_loss: 2.069, pc_loss: 0.008, Acc: 0.829, Base Lr: 3.37e-04
2026-04-24 14:05:43,699 PAT.train INFO: Epoch[15] Iteration[120/249] total_loss: 1.996, reid_loss: 1.984, pc_loss: 0.012, Acc: 0.857, Base Lr: 3.37e-04
2026-04-24 14:06:15,805 PAT.train INFO: Epoch[15] Iteration[180/249] total_loss: 1.943, reid_loss: 1.935, pc_loss: 0.008, Acc: 0.866, Base Lr: 3.37e-04
2026-04-24 14:06:46,938 PAT.train INFO: Epoch[15] Iteration[240/249] total_loss: 1.894, reid_loss: 1.887, pc_loss: 0.006, Acc: 0.876, Base Lr: 3.37e-04
2026-04-24 14:06:49,698 PAT.train INFO: Epoch 15 done. Time per batch: 0.529[s] Speed: 121.0[samples/s]
2026-04-24 14:07:22,434 PAT.train INFO: Epoch[16] Iteration[60/249] total_loss: 1.743, reid_loss: 1.743, pc_loss: 0.000, Acc: 0.899, Base Lr: 3.35e-04
2026-04-24 14:07:54,554 PAT.train INFO: Epoch[16] Iteration[120/249] total_loss: 1.706, reid_loss: 1.706, pc_loss: 0.001, Acc: 0.908, Base Lr: 3.35e-04
2026-04-24 14:08:25,973 PAT.train INFO: Epoch[16] Iteration[180/249] total_loss: 1.682, reid_loss: 1.682, pc_loss: 0.001, Acc: 0.910, Base Lr: 3.35e-04
2026-04-24 14:08:57,230 PAT.train INFO: Epoch[16] Iteration[240/249] total_loss: 1.673, reid_loss: 1.671, pc_loss: 0.001, Acc: 0.917, Base Lr: 3.35e-04
2026-04-24 14:08:59,968 PAT.train INFO: Epoch 16 done. Time per batch: 0.531[s] Speed: 120.5[samples/s]
2026-04-24 14:09:31,470 PAT.train INFO: Epoch[17] Iteration[60/249] total_loss: 1.650, reid_loss: 1.649, pc_loss: 0.000, Acc: 0.924, Base Lr: 3.33e-04
2026-04-24 14:10:02,363 PAT.train INFO: Epoch[17] Iteration[120/249] total_loss: 1.628, reid_loss: 1.625, pc_loss: 0.003, Acc: 0.927, Base Lr: 3.33e-04
2026-04-24 14:10:33,389 PAT.train INFO: Epoch[17] Iteration[180/249] total_loss: 1.613, reid_loss: 1.611, pc_loss: 0.002, Acc: 0.927, Base Lr: 3.33e-04
2026-04-24 14:11:04,138 PAT.train INFO: Epoch[17] Iteration[240/249] total_loss: 1.612, reid_loss: 1.610, pc_loss: 0.002, Acc: 0.928, Base Lr: 3.33e-04
2026-04-24 14:11:06,869 PAT.train INFO: Epoch 17 done. Time per batch: 0.517[s] Speed: 123.7[samples/s]
2026-04-24 14:11:39,097 PAT.train INFO: Epoch[18] Iteration[60/249] total_loss: 1.570, reid_loss: 1.570, pc_loss: 0.000, Acc: 0.944, Base Lr: 3.31e-04
2026-04-24 14:12:10,574 PAT.train INFO: Epoch[18] Iteration[120/249] total_loss: 1.582, reid_loss: 1.581, pc_loss: 0.000, Acc: 0.944, Base Lr: 3.31e-04
2026-04-24 14:12:41,753 PAT.train INFO: Epoch[18] Iteration[180/249] total_loss: 1.590, reid_loss: 1.590, pc_loss: 0.001, Acc: 0.941, Base Lr: 3.31e-04
2026-04-24 14:13:12,546 PAT.train INFO: Epoch[18] Iteration[240/249] total_loss: 1.598, reid_loss: 1.597, pc_loss: 0.000, Acc: 0.940, Base Lr: 3.31e-04
2026-04-24 14:13:14,723 PAT.train INFO: Epoch 18 done. Time per batch: 0.523[s] Speed: 122.3[samples/s]
2026-04-24 14:13:46,425 PAT.train INFO: Epoch[19] Iteration[60/249] total_loss: 1.594, reid_loss: 1.591, pc_loss: 0.002, Acc: 0.946, Base Lr: 3.29e-04
2026-04-24 14:14:18,010 PAT.train INFO: Epoch[19] Iteration[120/249] total_loss: 1.598, reid_loss: 1.597, pc_loss: 0.001, Acc: 0.941, Base Lr: 3.29e-04
2026-04-24 14:14:48,667 PAT.train INFO: Epoch[19] Iteration[180/249] total_loss: 1.600, reid_loss: 1.599, pc_loss: 0.001, Acc: 0.939, Base Lr: 3.29e-04
2026-04-24 14:15:19,699 PAT.train INFO: Epoch[19] Iteration[240/249] total_loss: 1.593, reid_loss: 1.592, pc_loss: 0.001, Acc: 0.942, Base Lr: 3.29e-04
2026-04-24 14:15:22,523 PAT.train INFO: Epoch 19 done. Time per batch: 0.521[s] Speed: 122.9[samples/s]
2026-04-24 14:15:55,080 PAT.train INFO: Epoch[20] Iteration[60/249] total_loss: 1.612, reid_loss: 1.609, pc_loss: 0.003, Acc: 0.938, Base Lr: 3.27e-04
2026-04-24 14:16:26,910 PAT.train INFO: Epoch[20] Iteration[120/249] total_loss: 1.596, reid_loss: 1.594, pc_loss: 0.002, Acc: 0.940, Base Lr: 3.27e-04
2026-04-24 14:16:58,063 PAT.train INFO: Epoch[20] Iteration[180/249] total_loss: 1.602, reid_loss: 1.600, pc_loss: 0.002, Acc: 0.938, Base Lr: 3.27e-04
2026-04-24 14:17:28,895 PAT.train INFO: Epoch[20] Iteration[240/249] total_loss: 1.594, reid_loss: 1.592, pc_loss: 0.001, Acc: 0.941, Base Lr: 3.27e-04
2026-04-24 14:17:32,129 PAT.train INFO: Epoch 20 done. Time per batch: 0.526[s] Speed: 121.6[samples/s]
2026-04-24 14:17:32,130 PAT.test INFO: Enter inferencing
2026-04-24 14:17:43,865 PAT.test INFO: Validation Results 
2026-04-24 14:17:43,865 PAT.test INFO: mAP: 100.0%
2026-04-24 14:17:43,865 PAT.test INFO: CMC curve, Rank-1  :100.0%
2026-04-24 14:17:43,865 PAT.test INFO: CMC curve, Rank-5  :100.0%
2026-04-24 14:17:43,865 PAT.test INFO: CMC curve, Rank-10 :100.0%
2026-04-24 14:17:43,865 PAT.test INFO: total inference time: 11.73
2026-04-24 14:18:16,274 PAT.train INFO: Epoch[21] Iteration[60/249] total_loss: 1.517, reid_loss: 1.516, pc_loss: 0.001, Acc: 0.951, Base Lr: 3.24e-04
2026-04-24 14:18:47,021 PAT.train INFO: Epoch[21] Iteration[120/249] total_loss: 1.520, reid_loss: 1.519, pc_loss: 0.001, Acc: 0.952, Base Lr: 3.24e-04
2026-04-24 14:19:18,014 PAT.train INFO: Epoch[21] Iteration[180/249] total_loss: 1.536, reid_loss: 1.534, pc_loss: 0.002, Acc: 0.951, Base Lr: 3.24e-04
2026-04-24 14:19:49,645 PAT.train INFO: Epoch[21] Iteration[240/249] total_loss: 1.557, reid_loss: 1.555, pc_loss: 0.001, Acc: 0.949, Base Lr: 3.24e-04
2026-04-24 14:19:52,509 PAT.train INFO: Epoch 21 done. Time per batch: 0.522[s] Speed: 122.7[samples/s]
2026-04-24 14:20:24,704 PAT.train INFO: Epoch[22] Iteration[60/249] total_loss: 1.576, reid_loss: 1.576, pc_loss: 0.000, Acc: 0.932, Base Lr: 3.22e-04
2026-04-24 14:20:55,982 PAT.train INFO: Epoch[22] Iteration[120/249] total_loss: 1.575, reid_loss: 1.575, pc_loss: 0.000, Acc: 0.937, Base Lr: 3.22e-04
2026-04-24 14:21:27,376 PAT.train INFO: Epoch[22] Iteration[180/249] total_loss: 1.590, reid_loss: 1.589, pc_loss: 0.001, Acc: 0.938, Base Lr: 3.22e-04
2026-04-24 14:21:58,505 PAT.train INFO: Epoch[22] Iteration[240/249] total_loss: 1.593, reid_loss: 1.592, pc_loss: 0.001, Acc: 0.940, Base Lr: 3.22e-04
2026-04-24 14:22:01,233 PAT.train INFO: Epoch 22 done. Time per batch: 0.525[s] Speed: 122.0[samples/s]
2026-04-24 14:22:33,104 PAT.train INFO: Epoch[23] Iteration[60/249] total_loss: 1.586, reid_loss: 1.585, pc_loss: 0.001, Acc: 0.941, Base Lr: 3.19e-04
2026-04-24 14:23:04,298 PAT.train INFO: Epoch[23] Iteration[120/249] total_loss: 1.573, reid_loss: 1.571, pc_loss: 0.001, Acc: 0.947, Base Lr: 3.19e-04
2026-04-24 14:23:35,859 PAT.train INFO: Epoch[23] Iteration[180/249] total_loss: 1.580, reid_loss: 1.579, pc_loss: 0.001, Acc: 0.945, Base Lr: 3.19e-04
2026-04-24 14:24:07,398 PAT.train INFO: Epoch[23] Iteration[240/249] total_loss: 1.573, reid_loss: 1.571, pc_loss: 0.002, Acc: 0.947, Base Lr: 3.19e-04
2026-04-24 14:24:10,261 PAT.train INFO: Epoch 23 done. Time per batch: 0.526[s] Speed: 121.7[samples/s]
2026-04-24 14:24:42,595 PAT.train INFO: Epoch[24] Iteration[60/249] total_loss: 2.359, reid_loss: 2.247, pc_loss: 0.112, Acc: 0.872, Base Lr: 3.17e-04
2026-04-24 14:25:14,453 PAT.train INFO: Epoch[24] Iteration[120/249] total_loss: 2.097, reid_loss: 2.041, pc_loss: 0.056, Acc: 0.883, Base Lr: 3.17e-04
2026-04-24 14:25:46,132 PAT.train INFO: Epoch[24] Iteration[180/249] total_loss: 1.992, reid_loss: 1.954, pc_loss: 0.038, Acc: 0.887, Base Lr: 3.17e-04
2026-04-24 14:26:17,594 PAT.train INFO: Epoch[24] Iteration[240/249] total_loss: 1.933, reid_loss: 1.904, pc_loss: 0.028, Acc: 0.897, Base Lr: 3.17e-04
2026-04-24 14:26:20,912 PAT.train INFO: Epoch 24 done. Time per batch: 0.530[s] Speed: 120.7[samples/s]
2026-04-24 14:26:53,131 PAT.train INFO: Epoch[25] Iteration[60/249] total_loss: 1.656, reid_loss: 1.653, pc_loss: 0.003, Acc: 0.933, Base Lr: 3.14e-04
2026-04-24 14:27:24,178 PAT.train INFO: Epoch[25] Iteration[120/249] total_loss: 1.625, reid_loss: 1.622, pc_loss: 0.003, Acc: 0.936, Base Lr: 3.14e-04
2026-04-24 14:27:55,137 PAT.train INFO: Epoch[25] Iteration[180/249] total_loss: 1.617, reid_loss: 1.614, pc_loss: 0.003, Acc: 0.940, Base Lr: 3.14e-04
2026-04-24 14:28:26,317 PAT.train INFO: Epoch[25] Iteration[240/249] total_loss: 1.604, reid_loss: 1.601, pc_loss: 0.003, Acc: 0.944, Base Lr: 3.14e-04
2026-04-24 14:28:29,060 PAT.train INFO: Epoch 25 done. Time per batch: 0.522[s] Speed: 122.5[samples/s]
2026-04-24 14:29:00,453 PAT.train INFO: Epoch[26] Iteration[60/249] total_loss: 1.538, reid_loss: 1.536, pc_loss: 0.002, Acc: 0.954, Base Lr: 3.11e-04
2026-04-24 14:29:30,818 PAT.train INFO: Epoch[26] Iteration[120/249] total_loss: 1.515, reid_loss: 1.513, pc_loss: 0.003, Acc: 0.956, Base Lr: 3.11e-04
2026-04-24 14:30:01,040 PAT.train INFO: Epoch[26] Iteration[180/249] total_loss: 1.509, reid_loss: 1.506, pc_loss: 0.003, Acc: 0.958, Base Lr: 3.11e-04
2026-04-24 14:30:31,663 PAT.train INFO: Epoch[26] Iteration[240/249] total_loss: 1.506, reid_loss: 1.504, pc_loss: 0.002, Acc: 0.960, Base Lr: 3.11e-04
2026-04-24 14:30:34,366 PAT.train INFO: Epoch 26 done. Time per batch: 0.511[s] Speed: 125.3[samples/s]
2026-04-24 14:31:05,634 PAT.train INFO: Epoch[27] Iteration[60/249] total_loss: 1.521, reid_loss: 1.520, pc_loss: 0.001, Acc: 0.957, Base Lr: 3.08e-04
2026-04-24 14:31:35,959 PAT.train INFO: Epoch[27] Iteration[120/249] total_loss: 1.518, reid_loss: 1.517, pc_loss: 0.002, Acc: 0.959, Base Lr: 3.08e-04
2026-04-24 14:32:06,211 PAT.train INFO: Epoch[27] Iteration[180/249] total_loss: 1.521, reid_loss: 1.519, pc_loss: 0.001, Acc: 0.960, Base Lr: 3.08e-04
2026-04-24 14:32:36,802 PAT.train INFO: Epoch[27] Iteration[240/249] total_loss: 1.529, reid_loss: 1.527, pc_loss: 0.001, Acc: 0.959, Base Lr: 3.08e-04
2026-04-24 14:32:39,483 PAT.train INFO: Epoch 27 done. Time per batch: 0.510[s] Speed: 125.5[samples/s]
2026-04-24 14:33:19,794 PAT.train INFO: Epoch[28] Iteration[60/249] total_loss: 1.545, reid_loss: 1.544, pc_loss: 0.001, Acc: 0.958, Base Lr: 3.05e-04
2026-04-24 14:33:51,565 PAT.train INFO: Epoch[28] Iteration[120/249] total_loss: 1.519, reid_loss: 1.518, pc_loss: 0.002, Acc: 0.958, Base Lr: 3.05e-04
2026-04-24 14:34:23,325 PAT.train INFO: Epoch[28] Iteration[180/249] total_loss: 1.523, reid_loss: 1.520, pc_loss: 0.003, Acc: 0.956, Base Lr: 3.05e-04
2026-04-24 14:34:55,174 PAT.train INFO: Epoch[28] Iteration[240/249] total_loss: 1.522, reid_loss: 1.518, pc_loss: 0.004, Acc: 0.959, Base Lr: 3.05e-04
2026-04-24 14:34:57,964 PAT.train INFO: Epoch 28 done. Time per batch: 0.564[s] Speed: 113.4[samples/s]
2026-04-24 14:35:30,072 PAT.train INFO: Epoch[29] Iteration[60/249] total_loss: 1.525, reid_loss: 1.521, pc_loss: 0.004, Acc: 0.958, Base Lr: 3.02e-04
2026-04-24 14:36:00,908 PAT.train INFO: Epoch[29] Iteration[120/249] total_loss: 1.522, reid_loss: 1.506, pc_loss: 0.015, Acc: 0.961, Base Lr: 3.02e-04
2026-04-24 14:36:32,033 PAT.train INFO: Epoch[29] Iteration[180/249] total_loss: 1.528, reid_loss: 1.501, pc_loss: 0.028, Acc: 0.962, Base Lr: 3.02e-04
2026-04-24 14:37:03,084 PAT.train INFO: Epoch[29] Iteration[240/249] total_loss: 1.532, reid_loss: 1.499, pc_loss: 0.033, Acc: 0.962, Base Lr: 3.02e-04
2026-04-24 14:37:05,824 PAT.train INFO: Epoch 29 done. Time per batch: 0.521[s] Speed: 122.8[samples/s]
2026-04-24 14:37:37,254 PAT.train INFO: Epoch[30] Iteration[60/249] total_loss: 1.453, reid_loss: 1.449, pc_loss: 0.004, Acc: 0.966, Base Lr: 2.99e-04
2026-04-24 14:38:07,983 PAT.train INFO: Epoch[30] Iteration[120/249] total_loss: 1.473, reid_loss: 1.471, pc_loss: 0.002, Acc: 0.966, Base Lr: 2.99e-04
2026-04-24 14:38:38,098 PAT.train INFO: Epoch[30] Iteration[180/249] total_loss: 1.481, reid_loss: 1.479, pc_loss: 0.001, Acc: 0.963, Base Lr: 2.99e-04
2026-04-24 14:39:08,306 PAT.train INFO: Epoch[30] Iteration[240/249] total_loss: 1.482, reid_loss: 1.480, pc_loss: 0.002, Acc: 0.964, Base Lr: 2.99e-04
2026-04-24 14:39:10,981 PAT.train INFO: Epoch 30 done. Time per batch: 0.510[s] Speed: 125.5[samples/s]
2026-04-24 14:39:10,981 PAT.test INFO: Enter inferencing
2026-04-24 14:39:22,462 PAT.test INFO: Validation Results 
2026-04-24 14:39:22,462 PAT.test INFO: mAP: 100.0%
2026-04-24 14:39:22,463 PAT.test INFO: CMC curve, Rank-1  :100.0%
2026-04-24 14:39:22,463 PAT.test INFO: CMC curve, Rank-5  :100.0%
2026-04-24 14:39:22,463 PAT.test INFO: CMC curve, Rank-10 :100.0%
2026-04-24 14:39:22,463 PAT.test INFO: total inference time: 11.48
2026-04-24 14:39:55,857 PAT.train INFO: Epoch[31] Iteration[60/249] total_loss: 1.502, reid_loss: 1.502, pc_loss: 0.000, Acc: 0.959, Base Lr: 2.96e-04
2026-04-24 14:40:27,034 PAT.train INFO: Epoch[31] Iteration[120/249] total_loss: 1.515, reid_loss: 1.514, pc_loss: 0.000, Acc: 0.960, Base Lr: 2.96e-04
2026-04-24 14:40:58,253 PAT.train INFO: Epoch[31] Iteration[180/249] total_loss: 1.515, reid_loss: 1.514, pc_loss: 0.000, Acc: 0.963, Base Lr: 2.96e-04
2026-04-24 14:41:29,403 PAT.train INFO: Epoch[31] Iteration[240/249] total_loss: 1.507, reid_loss: 1.507, pc_loss: 0.000, Acc: 0.961, Base Lr: 2.96e-04
2026-04-24 14:41:31,594 PAT.train INFO: Epoch 31 done. Time per batch: 0.526[s] Speed: 121.7[samples/s]
2026-04-24 14:42:05,090 PAT.train INFO: Epoch[32] Iteration[60/249] total_loss: 1.473, reid_loss: 1.472, pc_loss: 0.001, Acc: 0.965, Base Lr: 2.92e-04
2026-04-24 14:42:35,429 PAT.train INFO: Epoch[32] Iteration[120/249] total_loss: 1.470, reid_loss: 1.470, pc_loss: 0.001, Acc: 0.964, Base Lr: 2.92e-04
2026-04-24 14:43:05,924 PAT.train INFO: Epoch[32] Iteration[180/249] total_loss: 1.485, reid_loss: 1.485, pc_loss: 0.001, Acc: 0.964, Base Lr: 2.92e-04
2026-04-24 14:43:36,602 PAT.train INFO: Epoch[32] Iteration[240/249] total_loss: 1.482, reid_loss: 1.481, pc_loss: 0.001, Acc: 0.965, Base Lr: 2.92e-04
2026-04-24 14:43:39,319 PAT.train INFO: Epoch 32 done. Time per batch: 0.521[s] Speed: 122.9[samples/s]
2026-04-24 14:44:11,018 PAT.train INFO: Epoch[33] Iteration[60/249] total_loss: 1.466, reid_loss: 1.465, pc_loss: 0.001, Acc: 0.965, Base Lr: 2.89e-04
2026-04-24 14:44:41,399 PAT.train INFO: Epoch[33] Iteration[120/249] total_loss: 1.467, reid_loss: 1.467, pc_loss: 0.001, Acc: 0.967, Base Lr: 2.89e-04
2026-04-24 14:45:11,853 PAT.train INFO: Epoch[33] Iteration[180/249] total_loss: 1.477, reid_loss: 1.476, pc_loss: 0.000, Acc: 0.966, Base Lr: 2.89e-04
2026-04-24 14:45:42,136 PAT.train INFO: Epoch[33] Iteration[240/249] total_loss: 1.473, reid_loss: 1.473, pc_loss: 0.000, Acc: 0.966, Base Lr: 2.89e-04
2026-04-24 14:45:44,798 PAT.train INFO: Epoch 33 done. Time per batch: 0.511[s] Speed: 125.1[samples/s]
2026-04-24 14:46:19,991 PAT.train INFO: Epoch[34] Iteration[60/249] total_loss: 1.515, reid_loss: 1.515, pc_loss: 0.001, Acc: 0.961, Base Lr: 2.85e-04
2026-04-24 14:46:51,483 PAT.train INFO: Epoch[34] Iteration[120/249] total_loss: 1.483, reid_loss: 1.482, pc_loss: 0.001, Acc: 0.965, Base Lr: 2.85e-04
2026-04-24 14:47:22,351 PAT.train INFO: Epoch[34] Iteration[180/249] total_loss: 1.476, reid_loss: 1.475, pc_loss: 0.001, Acc: 0.966, Base Lr: 2.85e-04
2026-04-24 14:47:53,704 PAT.train INFO: Epoch[34] Iteration[240/249] total_loss: 1.475, reid_loss: 1.474, pc_loss: 0.001, Acc: 0.968, Base Lr: 2.85e-04
2026-04-24 14:47:55,891 PAT.train INFO: Epoch 34 done. Time per batch: 0.530[s] Speed: 120.7[samples/s]
2026-04-24 14:48:27,171 PAT.train INFO: Epoch[35] Iteration[60/249] total_loss: 1.521, reid_loss: 1.521, pc_loss: 0.000, Acc: 0.962, Base Lr: 2.82e-04
2026-04-24 14:48:57,464 PAT.train INFO: Epoch[35] Iteration[120/249] total_loss: 1.483, reid_loss: 1.483, pc_loss: 0.000, Acc: 0.965, Base Lr: 2.82e-04
2026-04-24 14:49:27,967 PAT.train INFO: Epoch[35] Iteration[180/249] total_loss: 1.484, reid_loss: 1.483, pc_loss: 0.000, Acc: 0.965, Base Lr: 2.82e-04
2026-04-24 14:49:57,938 PAT.train INFO: Epoch[35] Iteration[240/249] total_loss: 1.478, reid_loss: 1.478, pc_loss: 0.000, Acc: 0.967, Base Lr: 2.82e-04
2026-04-24 14:50:00,586 PAT.train INFO: Epoch 35 done. Time per batch: 0.508[s] Speed: 125.9[samples/s]
2026-04-24 14:50:32,478 PAT.train INFO: Epoch[36] Iteration[60/249] total_loss: 1.449, reid_loss: 1.448, pc_loss: 0.000, Acc: 0.973, Base Lr: 2.78e-04
2026-04-24 14:51:02,698 PAT.train INFO: Epoch[36] Iteration[120/249] total_loss: 1.441, reid_loss: 1.440, pc_loss: 0.000, Acc: 0.972, Base Lr: 2.78e-04
2026-04-24 14:51:33,113 PAT.train INFO: Epoch[36] Iteration[180/249] total_loss: 1.449, reid_loss: 1.448, pc_loss: 0.001, Acc: 0.971, Base Lr: 2.78e-04
2026-04-24 14:52:04,160 PAT.train INFO: Epoch[36] Iteration[240/249] total_loss: 1.439, reid_loss: 1.438, pc_loss: 0.000, Acc: 0.973, Base Lr: 2.78e-04
2026-04-24 14:52:06,848 PAT.train INFO: Epoch 36 done. Time per batch: 0.515[s] Speed: 124.4[samples/s]
2026-04-24 14:52:40,474 PAT.train INFO: Epoch[37] Iteration[60/249] total_loss: 1.427, reid_loss: 1.426, pc_loss: 0.001, Acc: 0.972, Base Lr: 2.74e-04
2026-04-24 14:53:11,377 PAT.train INFO: Epoch[37] Iteration[120/249] total_loss: 1.430, reid_loss: 1.430, pc_loss: 0.001, Acc: 0.973, Base Lr: 2.74e-04
2026-04-24 14:53:42,245 PAT.train INFO: Epoch[37] Iteration[180/249] total_loss: 1.439, reid_loss: 1.438, pc_loss: 0.001, Acc: 0.973, Base Lr: 2.74e-04
2026-04-24 14:54:13,477 PAT.train INFO: Epoch[37] Iteration[240/249] total_loss: 1.446, reid_loss: 1.445, pc_loss: 0.001, Acc: 0.973, Base Lr: 2.74e-04
2026-04-24 14:54:16,360 PAT.train INFO: Epoch 37 done. Time per batch: 0.528[s] Speed: 121.2[samples/s]
2026-04-24 14:54:48,081 PAT.train INFO: Epoch[38] Iteration[60/249] total_loss: 1.408, reid_loss: 1.408, pc_loss: 0.000, Acc: 0.975, Base Lr: 2.70e-04
2026-04-24 14:55:18,749 PAT.train INFO: Epoch[38] Iteration[120/249] total_loss: 1.410, reid_loss: 1.409, pc_loss: 0.001, Acc: 0.976, Base Lr: 2.70e-04
2026-04-24 14:55:49,502 PAT.train INFO: Epoch[38] Iteration[180/249] total_loss: 1.423, reid_loss: 1.422, pc_loss: 0.001, Acc: 0.976, Base Lr: 2.70e-04
2026-04-24 14:56:20,700 PAT.train INFO: Epoch[38] Iteration[240/249] total_loss: 1.432, reid_loss: 1.431, pc_loss: 0.001, Acc: 0.976, Base Lr: 2.70e-04
2026-04-24 14:56:24,051 PAT.train INFO: Epoch 38 done. Time per batch: 0.518[s] Speed: 123.5[samples/s]
2026-04-24 14:56:55,405 PAT.train INFO: Epoch[39] Iteration[60/249] total_loss: 1.402, reid_loss: 1.402, pc_loss: 0.001, Acc: 0.979, Base Lr: 2.67e-04
2026-04-24 14:57:25,540 PAT.train INFO: Epoch[39] Iteration[120/249] total_loss: 1.387, reid_loss: 1.386, pc_loss: 0.000, Acc: 0.979, Base Lr: 2.67e-04
2026-04-24 14:57:55,666 PAT.train INFO: Epoch[39] Iteration[180/249] total_loss: 1.391, reid_loss: 1.390, pc_loss: 0.001, Acc: 0.979, Base Lr: 2.67e-04
2026-04-24 14:58:26,158 PAT.train INFO: Epoch[39] Iteration[240/249] total_loss: 1.396, reid_loss: 1.395, pc_loss: 0.001, Acc: 0.980, Base Lr: 2.67e-04
2026-04-24 14:58:28,829 PAT.train INFO: Epoch 39 done. Time per batch: 0.509[s] Speed: 125.9[samples/s]
2026-04-24 14:59:00,736 PAT.train INFO: Epoch[40] Iteration[60/249] total_loss: 1.390, reid_loss: 1.389, pc_loss: 0.001, Acc: 0.979, Base Lr: 2.63e-04
2026-04-24 14:59:31,669 PAT.train INFO: Epoch[40] Iteration[120/249] total_loss: 1.388, reid_loss: 1.387, pc_loss: 0.001, Acc: 0.982, Base Lr: 2.63e-04
2026-04-24 15:00:02,422 PAT.train INFO: Epoch[40] Iteration[180/249] total_loss: 1.400, reid_loss: 1.399, pc_loss: 0.001, Acc: 0.981, Base Lr: 2.63e-04
2026-04-24 15:00:32,937 PAT.train INFO: Epoch[40] Iteration[240/249] total_loss: 1.403, reid_loss: 1.400, pc_loss: 0.003, Acc: 0.980, Base Lr: 2.63e-04
2026-04-24 15:00:35,613 PAT.train INFO: Epoch 40 done. Time per batch: 0.517[s] Speed: 123.9[samples/s]
2026-04-24 15:00:35,613 PAT.test INFO: Enter inferencing
2026-04-24 15:00:47,384 PAT.test INFO: Validation Results 
2026-04-24 15:00:47,384 PAT.test INFO: mAP: 100.0%
2026-04-24 15:00:47,384 PAT.test INFO: CMC curve, Rank-1  :100.0%
2026-04-24 15:00:47,384 PAT.test INFO: CMC curve, Rank-5  :100.0%
2026-04-24 15:00:47,384 PAT.test INFO: CMC curve, Rank-10 :100.0%
2026-04-24 15:00:47,384 PAT.test INFO: total inference time: 11.76
2026-04-24 15:01:20,326 PAT.train INFO: Epoch[41] Iteration[60/249] total_loss: 1.421, reid_loss: 1.417, pc_loss: 0.004, Acc: 0.977, Base Lr: 2.59e-04
2026-04-24 15:01:51,141 PAT.train INFO: Epoch[41] Iteration[120/249] total_loss: 1.405, reid_loss: 1.402, pc_loss: 0.003, Acc: 0.976, Base Lr: 2.59e-04
2026-04-24 15:02:21,529 PAT.train INFO: Epoch[41] Iteration[180/249] total_loss: 1.404, reid_loss: 1.402, pc_loss: 0.003, Acc: 0.978, Base Lr: 2.59e-04
2026-04-24 15:02:51,932 PAT.train INFO: Epoch[41] Iteration[240/249] total_loss: 1.410, reid_loss: 1.407, pc_loss: 0.002, Acc: 0.978, Base Lr: 2.59e-04
2026-04-24 15:02:54,112 PAT.train INFO: Epoch 41 done. Time per batch: 0.516[s] Speed: 124.0[samples/s]
2026-04-24 15:03:25,447 PAT.train INFO: Epoch[42] Iteration[60/249] total_loss: 1.417, reid_loss: 1.416, pc_loss: 0.001, Acc: 0.974, Base Lr: 2.55e-04
2026-04-24 15:03:56,099 PAT.train INFO: Epoch[42] Iteration[120/249] total_loss: 1.390, reid_loss: 1.389, pc_loss: 0.001, Acc: 0.979, Base Lr: 2.55e-04
2026-04-24 15:04:26,861 PAT.train INFO: Epoch[42] Iteration[180/249] total_loss: 1.398, reid_loss: 1.397, pc_loss: 0.001, Acc: 0.979, Base Lr: 2.55e-04
2026-04-24 15:04:57,472 PAT.train INFO: Epoch[42] Iteration[240/249] total_loss: 1.398, reid_loss: 1.397, pc_loss: 0.002, Acc: 0.980, Base Lr: 2.55e-04
2026-04-24 15:05:00,152 PAT.train INFO: Epoch 42 done. Time per batch: 0.514[s] Speed: 124.6[samples/s]
2026-04-24 15:05:31,857 PAT.train INFO: Epoch[43] Iteration[60/249] total_loss: 1.384, reid_loss: 1.383, pc_loss: 0.000, Acc: 0.979, Base Lr: 2.51e-04
2026-04-24 15:06:02,649 PAT.train INFO: Epoch[43] Iteration[120/249] total_loss: 1.403, reid_loss: 1.401, pc_loss: 0.002, Acc: 0.979, Base Lr: 2.51e-04
2026-04-24 15:06:33,436 PAT.train INFO: Epoch[43] Iteration[180/249] total_loss: 1.406, reid_loss: 1.404, pc_loss: 0.002, Acc: 0.978, Base Lr: 2.51e-04
2026-04-24 15:07:04,145 PAT.train INFO: Epoch[43] Iteration[240/249] total_loss: 1.400, reid_loss: 1.398, pc_loss: 0.002, Acc: 0.978, Base Lr: 2.51e-04
2026-04-24 15:07:06,937 PAT.train INFO: Epoch 43 done. Time per batch: 0.517[s] Speed: 123.8[samples/s]
2026-04-24 15:07:38,592 PAT.train INFO: Epoch[44] Iteration[60/249] total_loss: 1.361, reid_loss: 1.360, pc_loss: 0.001, Acc: 0.981, Base Lr: 2.46e-04
2026-04-24 15:08:08,969 PAT.train INFO: Epoch[44] Iteration[120/249] total_loss: 1.358, reid_loss: 1.357, pc_loss: 0.002, Acc: 0.984, Base Lr: 2.46e-04
2026-04-24 15:08:39,483 PAT.train INFO: Epoch[44] Iteration[180/249] total_loss: 1.361, reid_loss: 1.360, pc_loss: 0.001, Acc: 0.984, Base Lr: 2.46e-04
2026-04-24 15:09:09,927 PAT.train INFO: Epoch[44] Iteration[240/249] total_loss: 1.360, reid_loss: 1.359, pc_loss: 0.001, Acc: 0.984, Base Lr: 2.46e-04
2026-04-24 15:09:12,648 PAT.train INFO: Epoch 44 done. Time per batch: 0.512[s] Speed: 124.9[samples/s]
2026-04-24 15:09:43,880 PAT.train INFO: Epoch[45] Iteration[60/249] total_loss: 1.361, reid_loss: 1.360, pc_loss: 0.001, Acc: 0.984, Base Lr: 2.42e-04
2026-04-24 15:10:13,885 PAT.train INFO: Epoch[45] Iteration[120/249] total_loss: 1.353, reid_loss: 1.351, pc_loss: 0.001, Acc: 0.985, Base Lr: 2.42e-04
2026-04-24 15:10:44,399 PAT.train INFO: Epoch[45] Iteration[180/249] total_loss: 1.345, reid_loss: 1.345, pc_loss: 0.001, Acc: 0.986, Base Lr: 2.42e-04
2026-04-24 15:11:15,412 PAT.train INFO: Epoch[45] Iteration[240/249] total_loss: 1.352, reid_loss: 1.351, pc_loss: 0.001, Acc: 0.986, Base Lr: 2.42e-04
2026-04-24 15:11:18,154 PAT.train INFO: Epoch 45 done. Time per batch: 0.512[s] Speed: 125.1[samples/s]
2026-04-24 15:11:49,702 PAT.train INFO: Epoch[46] Iteration[60/249] total_loss: 1.364, reid_loss: 1.364, pc_loss: 0.001, Acc: 0.986, Base Lr: 2.38e-04
2026-04-24 15:12:19,949 PAT.train INFO: Epoch[46] Iteration[120/249] total_loss: 1.362, reid_loss: 1.361, pc_loss: 0.001, Acc: 0.985, Base Lr: 2.38e-04
2026-04-24 15:12:51,295 PAT.train INFO: Epoch[46] Iteration[180/249] total_loss: 1.366, reid_loss: 1.364, pc_loss: 0.001, Acc: 0.984, Base Lr: 2.38e-04
2026-04-24 15:13:22,105 PAT.train INFO: Epoch[46] Iteration[240/249] total_loss: 1.363, reid_loss: 1.362, pc_loss: 0.002, Acc: 0.985, Base Lr: 2.38e-04
2026-04-24 15:13:24,866 PAT.train INFO: Epoch 46 done. Time per batch: 0.516[s] Speed: 123.9[samples/s]
2026-04-24 15:13:55,664 PAT.train INFO: Epoch[47] Iteration[60/249] total_loss: 1.373, reid_loss: 1.373, pc_loss: 0.000, Acc: 0.978, Base Lr: 2.34e-04
2026-04-24 15:14:25,560 PAT.train INFO: Epoch[47] Iteration[120/249] total_loss: 1.354, reid_loss: 1.353, pc_loss: 0.000, Acc: 0.982, Base Lr: 2.34e-04
2026-04-24 15:14:56,110 PAT.train INFO: Epoch[47] Iteration[180/249] total_loss: 1.351, reid_loss: 1.350, pc_loss: 0.001, Acc: 0.983, Base Lr: 2.34e-04
2026-04-24 15:15:26,854 PAT.train INFO: Epoch[47] Iteration[240/249] total_loss: 1.355, reid_loss: 1.354, pc_loss: 0.001, Acc: 0.983, Base Lr: 2.34e-04
2026-04-24 15:15:29,600 PAT.train INFO: Epoch 47 done. Time per batch: 0.508[s] Speed: 125.9[samples/s]
2026-04-24 15:16:00,714 PAT.train INFO: Epoch[48] Iteration[60/249] total_loss: 1.367, reid_loss: 1.366, pc_loss: 0.001, Acc: 0.982, Base Lr: 2.29e-04
2026-04-24 15:16:31,230 PAT.train INFO: Epoch[48] Iteration[120/249] total_loss: 1.354, reid_loss: 1.353, pc_loss: 0.001, Acc: 0.985, Base Lr: 2.29e-04
2026-04-24 15:17:02,183 PAT.train INFO: Epoch[48] Iteration[180/249] total_loss: 1.350, reid_loss: 1.349, pc_loss: 0.001, Acc: 0.984, Base Lr: 2.29e-04
2026-04-24 15:17:33,172 PAT.train INFO: Epoch[48] Iteration[240/249] total_loss: 1.355, reid_loss: 1.354, pc_loss: 0.001, Acc: 0.984, Base Lr: 2.29e-04
2026-04-24 15:17:35,898 PAT.train INFO: Epoch 48 done. Time per batch: 0.515[s] Speed: 124.3[samples/s]
2026-04-24 15:18:07,220 PAT.train INFO: Epoch[49] Iteration[60/249] total_loss: 1.338, reid_loss: 1.338, pc_loss: 0.000, Acc: 0.986, Base Lr: 2.25e-04
2026-04-24 15:18:37,465 PAT.train INFO: Epoch[49] Iteration[120/249] total_loss: 1.336, reid_loss: 1.336, pc_loss: 0.000, Acc: 0.986, Base Lr: 2.25e-04
2026-04-24 15:19:07,553 PAT.train INFO: Epoch[49] Iteration[180/249] total_loss: 1.320, reid_loss: 1.320, pc_loss: 0.000, Acc: 0.987, Base Lr: 2.25e-04
2026-04-24 15:19:37,695 PAT.train INFO: Epoch[49] Iteration[240/249] total_loss: 1.315, reid_loss: 1.315, pc_loss: 0.000, Acc: 0.988, Base Lr: 2.25e-04
2026-04-24 15:19:40,358 PAT.train INFO: Epoch 49 done. Time per batch: 0.507[s] Speed: 126.2[samples/s]
2026-04-24 15:20:11,810 PAT.train INFO: Epoch[50] Iteration[60/249] total_loss: 1.282, reid_loss: 1.282, pc_loss: 0.000, Acc: 0.989, Base Lr: 2.21e-04
2026-04-24 15:20:42,564 PAT.train INFO: Epoch[50] Iteration[120/249] total_loss: 1.276, reid_loss: 1.275, pc_loss: 0.000, Acc: 0.992, Base Lr: 2.21e-04
2026-04-24 15:21:13,162 PAT.train INFO: Epoch[50] Iteration[180/249] total_loss: 1.284, reid_loss: 1.284, pc_loss: 0.001, Acc: 0.991, Base Lr: 2.21e-04
2026-04-24 15:21:43,802 PAT.train INFO: Epoch[50] Iteration[240/249] total_loss: 1.294, reid_loss: 1.293, pc_loss: 0.001, Acc: 0.990, Base Lr: 2.21e-04
2026-04-24 15:21:46,541 PAT.train INFO: Epoch 50 done. Time per batch: 0.514[s] Speed: 124.4[samples/s]
2026-04-24 15:21:46,542 PAT.test INFO: Enter inferencing
2026-04-24 15:21:58,084 PAT.test INFO: Validation Results 
2026-04-24 15:21:58,084 PAT.test INFO: mAP: 100.0%
2026-04-24 15:21:58,084 PAT.test INFO: CMC curve, Rank-1  :100.0%
2026-04-24 15:21:58,084 PAT.test INFO: CMC curve, Rank-5  :100.0%
2026-04-24 15:21:58,084 PAT.test INFO: CMC curve, Rank-10 :100.0%
2026-04-24 15:21:58,084 PAT.test INFO: total inference time: 11.54
2026-04-24 15:22:31,495 PAT.train INFO: Epoch[51] Iteration[60/249] total_loss: 1.331, reid_loss: 1.330, pc_loss: 0.001, Acc: 0.985, Base Lr: 2.16e-04
2026-04-24 15:23:01,855 PAT.train INFO: Epoch[51] Iteration[120/249] total_loss: 1.330, reid_loss: 1.329, pc_loss: 0.001, Acc: 0.986, Base Lr: 2.16e-04
2026-04-24 15:23:32,112 PAT.train INFO: Epoch[51] Iteration[180/249] total_loss: 1.318, reid_loss: 1.317, pc_loss: 0.001, Acc: 0.988, Base Lr: 2.16e-04
2026-04-24 15:24:02,896 PAT.train INFO: Epoch[51] Iteration[240/249] total_loss: 1.330, reid_loss: 1.330, pc_loss: 0.001, Acc: 0.987, Base Lr: 2.16e-04
2026-04-24 15:24:05,062 PAT.train INFO: Epoch 51 done. Time per batch: 0.517[s] Speed: 123.8[samples/s]
2026-04-24 15:24:36,568 PAT.train INFO: Epoch[52] Iteration[60/249] total_loss: 1.314, reid_loss: 1.314, pc_loss: 0.000, Acc: 0.987, Base Lr: 2.12e-04
2026-04-24 15:25:07,176 PAT.train INFO: Epoch[52] Iteration[120/249] total_loss: 1.310, reid_loss: 1.310, pc_loss: 0.000, Acc: 0.988, Base Lr: 2.12e-04
2026-04-24 15:25:37,942 PAT.train INFO: Epoch[52] Iteration[180/249] total_loss: 1.305, reid_loss: 1.305, pc_loss: 0.000, Acc: 0.990, Base Lr: 2.12e-04
2026-04-24 15:26:08,789 PAT.train INFO: Epoch[52] Iteration[240/249] total_loss: 1.305, reid_loss: 1.305, pc_loss: 0.000, Acc: 0.990, Base Lr: 2.12e-04
2026-04-24 15:26:11,499 PAT.train INFO: Epoch 52 done. Time per batch: 0.515[s] Speed: 124.2[samples/s]
2026-04-24 15:26:44,630 PAT.train INFO: Epoch[53] Iteration[60/249] total_loss: 1.322, reid_loss: 1.321, pc_loss: 0.000, Acc: 0.992, Base Lr: 2.07e-04
2026-04-24 15:27:15,015 PAT.train INFO: Epoch[53] Iteration[120/249] total_loss: 1.331, reid_loss: 1.330, pc_loss: 0.001, Acc: 0.989, Base Lr: 2.07e-04
2026-04-24 15:27:45,798 PAT.train INFO: Epoch[53] Iteration[180/249] total_loss: 1.324, reid_loss: 1.323, pc_loss: 0.001, Acc: 0.990, Base Lr: 2.07e-04
2026-04-24 15:28:16,262 PAT.train INFO: Epoch[53] Iteration[240/249] total_loss: 1.311, reid_loss: 1.311, pc_loss: 0.001, Acc: 0.990, Base Lr: 2.07e-04
2026-04-24 15:28:18,953 PAT.train INFO: Epoch 53 done. Time per batch: 0.519[s] Speed: 123.2[samples/s]
2026-04-24 15:28:50,524 PAT.train INFO: Epoch[54] Iteration[60/249] total_loss: 1.293, reid_loss: 1.293, pc_loss: 0.000, Acc: 0.990, Base Lr: 2.03e-04
2026-04-24 15:29:21,319 PAT.train INFO: Epoch[54] Iteration[120/249] total_loss: 1.282, reid_loss: 1.282, pc_loss: 0.000, Acc: 0.991, Base Lr: 2.03e-04
2026-04-24 15:29:51,970 PAT.train INFO: Epoch[54] Iteration[180/249] total_loss: 1.287, reid_loss: 1.287, pc_loss: 0.000, Acc: 0.991, Base Lr: 2.03e-04
2026-04-24 15:30:22,478 PAT.train INFO: Epoch[54] Iteration[240/249] total_loss: 1.285, reid_loss: 1.284, pc_loss: 0.000, Acc: 0.991, Base Lr: 2.03e-04
2026-04-24 15:30:25,158 PAT.train INFO: Epoch 54 done. Time per batch: 0.514[s] Speed: 124.4[samples/s]
2026-04-24 15:30:56,722 PAT.train INFO: Epoch[55] Iteration[60/249] total_loss: 1.329, reid_loss: 1.328, pc_loss: 0.001, Acc: 0.986, Base Lr: 1.98e-04
2026-04-24 15:31:27,580 PAT.train INFO: Epoch[55] Iteration[120/249] total_loss: 1.315, reid_loss: 1.314, pc_loss: 0.001, Acc: 0.989, Base Lr: 1.98e-04
2026-04-24 15:32:00,996 PAT.train INFO: Epoch[55] Iteration[180/249] total_loss: 1.300, reid_loss: 1.299, pc_loss: 0.001, Acc: 0.990, Base Lr: 1.98e-04
2026-04-24 15:32:34,079 PAT.train INFO: Epoch[55] Iteration[240/249] total_loss: 1.294, reid_loss: 1.292, pc_loss: 0.002, Acc: 0.990, Base Lr: 1.98e-04
2026-04-24 15:32:36,932 PAT.train INFO: Epoch 55 done. Time per batch: 0.537[s] Speed: 119.2[samples/s]
2026-04-24 15:33:11,383 PAT.train INFO: Epoch[56] Iteration[60/249] total_loss: 1.290, reid_loss: 1.290, pc_loss: 0.001, Acc: 0.992, Base Lr: 1.94e-04
2026-04-24 15:33:44,748 PAT.train INFO: Epoch[56] Iteration[120/249] total_loss: 1.296, reid_loss: 1.294, pc_loss: 0.002, Acc: 0.988, Base Lr: 1.94e-04
2026-04-24 15:34:17,925 PAT.train INFO: Epoch[56] Iteration[180/249] total_loss: 1.299, reid_loss: 1.297, pc_loss: 0.003, Acc: 0.990, Base Lr: 1.94e-04
2026-04-24 15:34:51,344 PAT.train INFO: Epoch[56] Iteration[240/249] total_loss: 1.294, reid_loss: 1.292, pc_loss: 0.002, Acc: 0.991, Base Lr: 1.94e-04
2026-04-24 15:34:54,273 PAT.train INFO: Epoch 56 done. Time per batch: 0.560[s] Speed: 114.4[samples/s]
2026-04-24 15:35:29,699 PAT.train INFO: Epoch[57] Iteration[60/249] total_loss: 1.263, reid_loss: 1.262, pc_loss: 0.001, Acc: 0.994, Base Lr: 1.89e-04
2026-04-24 15:36:03,092 PAT.train INFO: Epoch[57] Iteration[120/249] total_loss: 1.257, reid_loss: 1.255, pc_loss: 0.001, Acc: 0.993, Base Lr: 1.89e-04
2026-04-24 15:36:35,185 PAT.train INFO: Epoch[57] Iteration[180/249] total_loss: 1.254, reid_loss: 1.252, pc_loss: 0.002, Acc: 0.993, Base Lr: 1.89e-04
2026-04-24 15:37:05,959 PAT.train INFO: Epoch[57] Iteration[240/249] total_loss: 1.254, reid_loss: 1.252, pc_loss: 0.002, Acc: 0.994, Base Lr: 1.89e-04
2026-04-24 15:37:08,678 PAT.train INFO: Epoch 57 done. Time per batch: 0.543[s] Speed: 117.8[samples/s]
2026-04-24 15:37:41,010 PAT.train INFO: Epoch[58] Iteration[60/249] total_loss: 1.246, reid_loss: 1.244, pc_loss: 0.002, Acc: 0.993, Base Lr: 1.84e-04
2026-04-24 15:38:12,822 PAT.train INFO: Epoch[58] Iteration[120/249] total_loss: 1.257, reid_loss: 1.254, pc_loss: 0.002, Acc: 0.994, Base Lr: 1.84e-04
2026-04-24 15:38:44,327 PAT.train INFO: Epoch[58] Iteration[180/249] total_loss: 1.268, reid_loss: 1.266, pc_loss: 0.002, Acc: 0.993, Base Lr: 1.84e-04
2026-04-24 15:39:15,318 PAT.train INFO: Epoch[58] Iteration[240/249] total_loss: 1.268, reid_loss: 1.267, pc_loss: 0.001, Acc: 0.993, Base Lr: 1.84e-04
2026-04-24 15:39:18,131 PAT.train INFO: Epoch 58 done. Time per batch: 0.528[s] Speed: 121.3[samples/s]
2026-04-24 15:39:53,197 PAT.train INFO: Epoch[59] Iteration[60/249] total_loss: 1.267, reid_loss: 1.267, pc_loss: 0.001, Acc: 0.995, Base Lr: 1.80e-04
2026-04-24 15:40:23,541 PAT.train INFO: Epoch[59] Iteration[120/249] total_loss: 1.265, reid_loss: 1.265, pc_loss: 0.000, Acc: 0.995, Base Lr: 1.80e-04
2026-04-24 15:40:54,228 PAT.train INFO: Epoch[59] Iteration[180/249] total_loss: 1.263, reid_loss: 1.262, pc_loss: 0.000, Acc: 0.995, Base Lr: 1.80e-04
2026-04-24 15:41:24,976 PAT.train INFO: Epoch[59] Iteration[240/249] total_loss: 1.264, reid_loss: 1.263, pc_loss: 0.001, Acc: 0.995, Base Lr: 1.80e-04
2026-04-24 15:41:27,743 PAT.train INFO: Epoch 59 done. Time per batch: 0.528[s] Speed: 121.2[samples/s]
2026-04-24 15:41:59,737 PAT.train INFO: Epoch[60] Iteration[60/249] total_loss: 1.265, reid_loss: 1.265, pc_loss: 0.000, Acc: 0.992, Base Lr: 1.75e-04
2026-04-24 15:42:30,322 PAT.train INFO: Epoch[60] Iteration[120/249] total_loss: 1.272, reid_loss: 1.271, pc_loss: 0.001, Acc: 0.992, Base Lr: 1.75e-04
2026-04-24 15:43:00,890 PAT.train INFO: Epoch[60] Iteration[180/249] total_loss: 1.269, reid_loss: 1.268, pc_loss: 0.001, Acc: 0.992, Base Lr: 1.75e-04
2026-04-24 15:43:32,082 PAT.train INFO: Epoch[60] Iteration[240/249] total_loss: 1.266, reid_loss: 1.266, pc_loss: 0.001, Acc: 0.992, Base Lr: 1.75e-04
2026-04-24 15:43:34,813 PAT.train INFO: Epoch 60 done. Time per batch: 0.518[s] Speed: 123.6[samples/s]
2026-04-24 15:43:34,814 PAT.test INFO: Enter inferencing
2026-04-24 15:43:46,367 PAT.test INFO: Validation Results 
2026-04-24 15:43:46,367 PAT.test INFO: mAP: 100.0%
2026-04-24 15:43:46,367 PAT.test INFO: CMC curve, Rank-1  :100.0%
2026-04-24 15:43:46,367 PAT.test INFO: CMC curve, Rank-5  :100.0%
2026-04-24 15:43:46,367 PAT.test INFO: CMC curve, Rank-10 :100.0%
2026-04-24 15:43:46,367 PAT.test INFO: total inference time: 11.55
using Transformer_type: part token vit as a backbone
using stride: [16, 16], and patch number is num_y16 * num_x8
using drop_out rate is : 0.0
using attn_drop_out rate is : 0.0
using drop_path rate is : 0.1
Resized position embedding from size:torch.Size([1, 197, 1024]) to size: torch.Size([1, 132, 1024]) with height:16 width: 8
Load 297 / 299 layers.
Loading pretrained ImageNet model......from /workspace/miuam_challenge_diff/pretrained/jx_vit_large_p16_224-4ee7a4dc.pth
/workspace/miuam_challenge_diff/.venv/lib/python3.10/site-packages/torch/nn/init.py:412: UserWarning: Initializing zero-element tensors is a no-op
  warnings.warn("Initializing zero-element tensors is a no-op")
===========building our part attention vit===========
2026-04-24 15:43:54,988 PAT.train INFO: Number of parameter: 304.27M
Loading trained model from models/./model_vitlarge_256x128_60ep_merged_seed2024/part_attention_vit_10.pth
load weights from part_attention_vit_10.pth
2026-04-24 15:43:55,615 PAT INFO: => Loaded UrbanElementsReID_test
2026-04-24 15:43:55,615 PAT INFO:   ----------------------------------------
2026-04-24 15:43:55,615 PAT INFO:   subset   | # ids | # images | # cameras
2026-04-24 15:43:55,615 PAT INFO:   ----------------------------------------
2026-04-24 15:43:55,615 PAT INFO:   query    |     1 |      928 |         1
2026-04-24 15:43:55,615 PAT INFO:   gallery  |     1 |     2844 |         3
2026-04-24 15:43:55,615 PAT INFO:   ----------------------------------------
2026-04-24 15:43:55,616 PAT.test INFO: Enter inferencing
2026-04-24 15:44:08,672 PAT.test INFO: Validation Results 
2026-04-24 15:44:08,672 PAT.test INFO: mAP: 100.0%
2026-04-24 15:44:08,672 PAT.test INFO: CMC curve, Rank-1  :100.0%
2026-04-24 15:44:08,672 PAT.test INFO: CMC curve, Rank-5  :100.0%
2026-04-24 15:44:08,673 PAT.test INFO: CMC curve, Rank-10 :100.0%
2026-04-24 15:44:08,673 PAT.test INFO: total inference time: 11.43
saving final checkpoint (best epoch re-saved, per-epoch checkpoints retained).
done!
