2026-05-02 16:06:31,383 PAT INFO: Saving model to: models/./model_vitlarge_camadv_lightaug_seed1300
2026-05-02 16:06:31,383 PAT INFO: Namespace(config_file='config/UrbanElementsReID_train_camadv_lightaug.yml', opts=[], local_rank=0)
2026-05-02 16:06:31,383 PAT INFO: Loaded configuration file config/UrbanElementsReID_train_camadv_lightaug.yml
2026-05-02 16:06:31,383 PAT INFO: 
MODEL:
  PRETRAIN_CHOICE: 'imagenet'
  PRETRAIN_PATH: '/workspace/miuam_challenge_diff/pretrained'
  IF_LABELSMOOTH: 'on'
  IF_WITH_CENTER: 'no'
  NAME: 'part_attention_vit'
  NO_MARGIN: True
  DEVICE_ID: ('0')
  TRANSFORMER_TYPE: 'vit_large_patch16_224_TransReID'
  STRIDE_SIZE: [16, 16]
  CAM_ADV: True
  NUM_CAMERAS: 3
  CAM_ADV_LAMBDA: 0.1
  CAM_ADV_WEIGHT: 1.0

INPUT:
  SIZE_TRAIN: [256, 128]
  SIZE_TEST: [256, 128]
  PIXEL_MEAN: [0.5, 0.5, 0.5]
  PIXEL_STD: [0.5, 0.5, 0.5]
  DO_FLIP: False           # directional traffic signs — no h-flip
  DO_PAD: True             # padding+random-crop preserved
  PADDING: 10
  # Heavy aug suite (paper's data-centric recipe):
  CJ:
    ENABLED: True
    PROB: 0.5
    BRIGHTNESS: 0.3
    CONTRAST: 0.3
    SATURATION: 0.3
    HUE: 0.1
  REA:
    ENABLED: True
    PROB: 0.5
    MEAN: [123.675, 116.28, 103.53]
  LGT:
    DO_LGT: True
    PROB: 0.5
  PERSPECTIVE:
    ENABLED: False
    PROB: 0.5
    DISTORTION: 0.2        # mild perspective distortion
  ROTATION:
    ENABLED: False
    PROB: 0.5
    DEGREES: 10            # ±10° small rotation

DATASETS:
  TRAIN: ('UrbanElementsReID',)
  TEST: ('UrbanElementsReID_test',)
  ROOT_DIR: '/workspace/Urban2026/'

DATALOADER:
  SAMPLER: 'softmax_triplet'
  NUM_INSTANCE: 4
  NUM_WORKERS: 8           # process-limit safe (per §77)

SOLVER:
  OPTIMIZER_NAME: 'Adam'
  MAX_EPOCHS: 60
  BASE_LR: 0.00035
  WARMUP_METHOD: 'linear'
  WARMUP_EPOCHS: 10
  WARMUP_FACTOR: 0.01
  IMS_PER_BATCH: 64
  LARGE_FC_LR: False
  CHECKPOINT_PERIOD: 30    # save ep30 + ep60 only — disk discipline
  LOG_PERIOD: 60
  EVAL_PERIOD: 30
  WEIGHT_DECAY: 1e-4
  WEIGHT_DECAY_BIAS: 1e-4
  BIAS_LR_FACTOR: 2
  SEED: 1300
  GRAD_CLIP: 1.0

TEST:
  EVAL: True
  IMS_PER_BATCH: 64
  RE_RANKING: False
  WEIGHT: ''
  NECK_FEAT: 'before'
  FEAT_NORM: True

LOG_ROOT: 'models/'
TB_LOG_ROOT: './tb_log/'
LOG_NAME: './model_vitlarge_camadv_lightaug_seed1300'

2026-05-02 16:06:31,384 PAT INFO: Running with config:
DATALOADER:
  CAMERA_TO_DOMAIN: False
  DELETE_REM: False
  DROP_LAST: False
  INDIVIDUAL: False
  NAIVE_WAY: True
  NUM_INSTANCE: 4
  NUM_WORKERS: 8
  SAMPLER: softmax_triplet
DATASETS:
  COMBINEALL: False
  ROOT_DIR: /workspace/Urban2026/
  TEST: ('UrbanElementsReID_test',)
  TRAIN: ('UrbanElementsReID',)
INPUT:
  CJ:
    BRIGHTNESS: 0.3
    CONTRAST: 0.3
    ENABLED: True
    HUE: 0.1
    PROB: 0.5
    SATURATION: 0.3
  DO_AUGMIX: False
  DO_AUTOAUG: False
  DO_FLIP: False
  DO_PAD: True
  FLIP_PROB: 0.5
  LGT:
    DO_LGT: True
    PROB: 0.5
  PADDING: 10
  PADDING_MODE: constant
  PERSPECTIVE:
    DISTORTION: 0.2
    ENABLED: False
    PROB: 0.5
  PIXEL_MEAN: [0.5, 0.5, 0.5]
  PIXEL_STD: [0.5, 0.5, 0.5]
  REA:
    ENABLED: True
    MEAN: [123.675, 116.28, 103.53]
    PROB: 0.5
  ROTATION:
    DEGREES: 10
    ENABLED: False
    PROB: 0.5
  RPT:
    ENABLED: False
    PROB: 0.5
  SIZE_TEST: [256, 128]
  SIZE_TRAIN: [256, 128]
LOG_NAME: ./model_vitlarge_camadv_lightaug_seed1300
LOG_ROOT: models/
MODEL:
  ARCFACE_M: 0.5
  ARCFACE_S: 64.0
  ATT_DROP_RATE: 0.0
  AUX_LOSS_WEIGHT: 0.1
  CAM_ADV: True
  CAM_ADV_LAMBDA: 0.1
  CAM_ADV_WEIGHT: 1.0
  CIRCLE_GAMMA: 256.0
  CIRCLE_MARGIN: 0.25
  CLUSTER_K: 10
  COS_LAYER: False
  DEEP_SUP: False
  DEVICE: cuda
  DEVICE_ID: 0
  DIST_TRAIN: False
  DROP_OUT: 0.0
  DROP_PATH: 0.1
  FINETUNE_FROM: 
  FREEZE_PATCH_EMBED: True
  ID_LOSS_TYPE: softmax
  ID_LOSS_WEIGHT: 1.0
  IF_LABELSMOOTH: on
  IF_WITH_CENTER: no
  LAST_STRIDE: 1
  METRIC_LOSS_TYPE: triplet
  NAME: part_attention_vit
  NECK: bnneck
  NO_MARGIN: True
  NUM_AUX_LAYERS: 5
  NUM_CAMERAS: 3
  PATCH_EMBED_TYPE: 
  PC_LOSS: True
  PC_LR: 1.0
  PC_SCALE: 0.02
  PRETRAIN_CHOICE: imagenet
  PRETRAIN_PATH: /workspace/miuam_challenge_diff/pretrained
  SOFT_LABEL: True
  SOFT_LAMBDA: 0.5
  SOFT_WEIGHT: 0.5
  STRIDE_SIZE: [16, 16]
  TRANSFORMER_TYPE: vit_large_patch16_224_TransReID
  TRIPLET_LOSS_WEIGHT: 1.0
SOLVER:
  BASE_LR: 0.00035
  BIAS_LR_FACTOR: 2
  CENTER_LOSS_WEIGHT: 0.0005
  CENTER_LR: 0.5
  CHECKPOINT_PERIOD: 30
  COSINE_MARGIN: 0.5
  COSINE_SCALE: 30
  EMA_DECAY: 0.0
  EVAL_PERIOD: 30
  GAMMA: 0.1
  GRAD_CLIP: 1.0
  IMS_PER_BATCH: 64
  LARGE_FC_LR: False
  LOG_PERIOD: 60
  MARGIN: 0.3
  MAX_EPOCHS: 60
  MOMENTUM: 0.9
  OPTIMIZER_NAME: Adam
  SEED: 1300
  STEPS: (40, 70)
  WARMUP_EPOCHS: 10
  WARMUP_FACTOR: 0.01
  WARMUP_METHOD: linear
  WEIGHT_DECAY: 0.0001
  WEIGHT_DECAY_BIAS: 0.0001
TB_LOG_ROOT: ./tb_log/
TEST:
  DIST_MAT: dist_mat.npy
  EVAL: True
  FEAT_NORM: True
  IMS_PER_BATCH: 64
  NECK_FEAT: before
  RE_RANKING: False
  WEIGHT: 
2026-05-02 16:06:31,763 PAT INFO: => Loaded UrbanElementsReID
2026-05-02 16:06:31,763 PAT INFO:   ----------------------------------------
2026-05-02 16:06:31,763 PAT INFO:   subset   | # ids | # images | # cameras
2026-05-02 16:06:31,763 PAT INFO:   ----------------------------------------
2026-05-02 16:06:31,763 PAT INFO:   train    |  1088 |    11175 |         3
2026-05-02 16:06:31,763 PAT INFO:   ----------------------------------------
2026-05-02 16:06:31,838 PAT INFO: => Loaded UrbanElementsReID_test
2026-05-02 16:06:31,838 PAT INFO:   ----------------------------------------
2026-05-02 16:06:31,839 PAT INFO:   subset   | # ids | # images | # cameras
2026-05-02 16:06:31,839 PAT INFO:   ----------------------------------------
2026-05-02 16:06:31,839 PAT INFO:   query    |     1 |      928 |         1
2026-05-02 16:06:31,839 PAT INFO:   gallery  |     1 |     2844 |         3
2026-05-02 16:06:31,839 PAT INFO:   ----------------------------------------
using Transformer_type: part token vit as a backbone
using stride: [16, 16], and patch number is num_y16 * num_x8
using drop_out rate is : 0.0
using attn_drop_out rate is : 0.0
using drop_path rate is : 0.1
Resized position embedding from size:torch.Size([1, 197, 1024]) to size: torch.Size([1, 132, 1024]) with height:16 width: 8
Load 297 / 299 layers.
Loading pretrained ImageNet model......from /workspace/miuam_challenge_diff/pretrained/jx_vit_large_p16_224-4ee7a4dc.pth
camera-adversarial ON: classifier over 3 cams, GRL lambda=0.1
===========building our part attention vit===========
2026-05-02 16:06:39,525 PAT.train INFO: Number of parameter: 305.38M
====== freeze patch_embed for stability ======
using soft triplet loss for training
label smooth on, numclasses: 1088
======== using soft label ========
2026-05-02 16:06:39,811 PAT.train INFO: start training
saving tblog to ./tb_log/./model_vitlarge_camadv_lightaug_seed1300
initialize the centers
initialization done
/workspace/miuam_challenge_diff/loss/myloss.py:29: UserWarning: This overload of addmm_ is deprecated:
	addmm_(Number beta, Number alpha, Tensor mat1, Tensor mat2)
Consider using one of the following signatures instead:
	addmm_(Tensor mat1, Tensor mat2, *, Number beta, Number alpha) (Triggered internally at ../torch/csrc/utils/python_arg_parser.cpp:1519.)
  dist_map.addmm_(1, -2, part_feat, part_centers.t())
2026-05-02 16:07:45,695 PAT.train INFO:   [grad_norm pre-clip: 10.078 / clip_max: 1.0]
2026-05-02 16:07:45,695 PAT.train INFO: Epoch[1] Iteration[60/159] total_loss: 10.367, reid_loss: 9.826, pc_loss: 0.540, Acc: 0.022, Base Lr: 3.81e-05
2026-05-02 16:08:12,101 PAT.train INFO:   [grad_norm pre-clip: 7.532 / clip_max: 1.0]
2026-05-02 16:08:12,101 PAT.train INFO: Epoch[1] Iteration[120/159] total_loss: 9.795, reid_loss: 9.389, pc_loss: 0.406, Acc: 0.050, Base Lr: 3.81e-05
2026-05-02 16:08:28,722 PAT.train INFO: Epoch 1 done. Time per batch: 0.444[s] Speed: 144.2[samples/s]
2026-05-02 16:09:00,334 PAT.train INFO:   [grad_norm pre-clip: 7.255 / clip_max: 1.0]
2026-05-02 16:09:00,335 PAT.train INFO: Epoch[2] Iteration[60/159] total_loss: 8.489, reid_loss: 8.399, pc_loss: 0.089, Acc: 0.102, Base Lr: 7.28e-05
2026-05-02 16:09:27,827 PAT.train INFO:   [grad_norm pre-clip: 7.383 / clip_max: 1.0]
2026-05-02 16:09:27,828 PAT.train INFO: Epoch[2] Iteration[120/159] total_loss: 8.318, reid_loss: 8.246, pc_loss: 0.072, Acc: 0.108, Base Lr: 7.28e-05
2026-05-02 16:09:43,989 PAT.train INFO: Epoch 2 done. Time per batch: 0.478[s] Speed: 133.8[samples/s]
2026-05-02 16:10:12,713 PAT.train INFO:   [grad_norm pre-clip: 7.322 / clip_max: 1.0]
2026-05-02 16:10:12,713 PAT.train INFO: Epoch[3] Iteration[60/159] total_loss: 7.548, reid_loss: 7.529, pc_loss: 0.019, Acc: 0.105, Base Lr: 1.07e-04
2026-05-02 16:10:40,288 PAT.train INFO:   [grad_norm pre-clip: 6.959 / clip_max: 1.0]
2026-05-02 16:10:40,288 PAT.train INFO: Epoch[3] Iteration[120/159] total_loss: 7.323, reid_loss: 7.310, pc_loss: 0.012, Acc: 0.117, Base Lr: 1.07e-04
2026-05-02 16:10:57,059 PAT.train INFO: Epoch 3 done. Time per batch: 0.464[s] Speed: 137.8[samples/s]
2026-05-02 16:11:26,279 PAT.train INFO:   [grad_norm pre-clip: 7.173 / clip_max: 1.0]
2026-05-02 16:11:26,280 PAT.train INFO: Epoch[4] Iteration[60/159] total_loss: 6.624, reid_loss: 6.619, pc_loss: 0.005, Acc: 0.128, Base Lr: 1.42e-04
2026-05-02 16:11:54,522 PAT.train INFO:   [grad_norm pre-clip: 7.273 / clip_max: 1.0]
2026-05-02 16:11:54,522 PAT.train INFO: Epoch[4] Iteration[120/159] total_loss: 6.454, reid_loss: 6.449, pc_loss: 0.006, Acc: 0.164, Base Lr: 1.42e-04
2026-05-02 16:12:11,398 PAT.train INFO: Epoch 4 done. Time per batch: 0.475[s] Speed: 134.6[samples/s]
2026-05-02 16:12:43,192 PAT.train INFO:   [grad_norm pre-clip: 7.564 / clip_max: 1.0]
2026-05-02 16:12:43,192 PAT.train INFO: Epoch[5] Iteration[60/159] total_loss: 6.028, reid_loss: 6.022, pc_loss: 0.006, Acc: 0.177, Base Lr: 1.77e-04
2026-05-02 16:13:11,283 PAT.train INFO:   [grad_norm pre-clip: 7.270 / clip_max: 1.0]
2026-05-02 16:13:11,284 PAT.train INFO: Epoch[5] Iteration[120/159] total_loss: 5.748, reid_loss: 5.744, pc_loss: 0.004, Acc: 0.237, Base Lr: 1.77e-04
2026-05-02 16:13:29,041 PAT.train INFO: Epoch 5 done. Time per batch: 0.485[s] Speed: 132.0[samples/s]
2026-05-02 16:13:57,775 PAT.train INFO:   [grad_norm pre-clip: 7.267 / clip_max: 1.0]
2026-05-02 16:13:57,776 PAT.train INFO: Epoch[6] Iteration[60/159] total_loss: 5.456, reid_loss: 5.450, pc_loss: 0.005, Acc: 0.282, Base Lr: 2.11e-04
2026-05-02 16:14:25,514 PAT.train INFO:   [grad_norm pre-clip: 6.905 / clip_max: 1.0]
2026-05-02 16:14:25,514 PAT.train INFO: Epoch[6] Iteration[120/159] total_loss: 5.281, reid_loss: 5.276, pc_loss: 0.005, Acc: 0.324, Base Lr: 2.11e-04
2026-05-02 16:14:42,829 PAT.train INFO: Epoch 6 done. Time per batch: 0.469[s] Speed: 136.5[samples/s]
2026-05-02 16:15:11,706 PAT.train INFO:   [grad_norm pre-clip: 7.236 / clip_max: 1.0]
2026-05-02 16:15:11,707 PAT.train INFO: Epoch[7] Iteration[60/159] total_loss: 5.039, reid_loss: 5.008, pc_loss: 0.031, Acc: 0.348, Base Lr: 2.46e-04
2026-05-02 16:15:38,819 PAT.train INFO:   [grad_norm pre-clip: 6.929 / clip_max: 1.0]
2026-05-02 16:15:38,820 PAT.train INFO: Epoch[7] Iteration[120/159] total_loss: 4.927, reid_loss: 4.905, pc_loss: 0.022, Acc: 0.390, Base Lr: 2.46e-04
2026-05-02 16:15:55,617 PAT.train INFO: Epoch 7 done. Time per batch: 0.463[s] Speed: 138.4[samples/s]
2026-05-02 16:16:23,649 PAT.train INFO:   [grad_norm pre-clip: 7.714 / clip_max: 1.0]
2026-05-02 16:16:23,650 PAT.train INFO: Epoch[8] Iteration[60/159] total_loss: 4.811, reid_loss: 4.701, pc_loss: 0.110, Acc: 0.444, Base Lr: 2.81e-04
2026-05-02 16:16:50,745 PAT.train INFO:   [grad_norm pre-clip: 6.541 / clip_max: 1.0]
2026-05-02 16:16:50,746 PAT.train INFO: Epoch[8] Iteration[120/159] total_loss: 4.715, reid_loss: 4.634, pc_loss: 0.081, Acc: 0.457, Base Lr: 2.81e-04
2026-05-02 16:17:06,973 PAT.train INFO: Epoch 8 done. Time per batch: 0.453[s] Speed: 141.2[samples/s]
2026-05-02 16:17:34,840 PAT.train INFO:   [grad_norm pre-clip: 7.559 / clip_max: 1.0]
2026-05-02 16:17:34,841 PAT.train INFO: Epoch[9] Iteration[60/159] total_loss: 4.687, reid_loss: 4.537, pc_loss: 0.150, Acc: 0.479, Base Lr: 3.15e-04
2026-05-02 16:18:01,755 PAT.train INFO:   [grad_norm pre-clip: 7.186 / clip_max: 1.0]
2026-05-02 16:18:01,756 PAT.train INFO: Epoch[9] Iteration[120/159] total_loss: 4.722, reid_loss: 4.534, pc_loss: 0.188, Acc: 0.493, Base Lr: 3.15e-04
2026-05-02 16:18:18,582 PAT.train INFO: Epoch 9 done. Time per batch: 0.454[s] Speed: 140.9[samples/s]
2026-05-02 16:18:47,547 PAT.train INFO:   [grad_norm pre-clip: 7.179 / clip_max: 1.0]
2026-05-02 16:18:47,547 PAT.train INFO: Epoch[10] Iteration[60/159] total_loss: 4.487, reid_loss: 4.439, pc_loss: 0.049, Acc: 0.502, Base Lr: 3.44e-04
2026-05-02 16:19:14,649 PAT.train INFO:   [grad_norm pre-clip: 5.939 / clip_max: 1.0]
2026-05-02 16:19:14,649 PAT.train INFO: Epoch[10] Iteration[120/159] total_loss: 4.420, reid_loss: 4.393, pc_loss: 0.026, Acc: 0.526, Base Lr: 3.44e-04
2026-05-02 16:19:31,705 PAT.train INFO: Epoch 10 done. Time per batch: 0.460[s] Speed: 139.2[samples/s]
2026-05-02 16:19:59,481 PAT.train INFO:   [grad_norm pre-clip: 6.243 / clip_max: 1.0]
2026-05-02 16:19:59,483 PAT.train INFO: Epoch[11] Iteration[60/159] total_loss: 4.293, reid_loss: 4.279, pc_loss: 0.015, Acc: 0.582, Base Lr: 3.43e-04
2026-05-02 16:20:26,007 PAT.train INFO:   [grad_norm pre-clip: 6.199 / clip_max: 1.0]
2026-05-02 16:20:26,007 PAT.train INFO: Epoch[11] Iteration[120/159] total_loss: 4.258, reid_loss: 4.246, pc_loss: 0.012, Acc: 0.584, Base Lr: 3.43e-04
2026-05-02 16:20:42,466 PAT.train INFO: Epoch 11 done. Time per batch: 0.450[s] Speed: 142.3[samples/s]
2026-05-02 16:21:10,076 PAT.train INFO:   [grad_norm pre-clip: 5.765 / clip_max: 1.0]
2026-05-02 16:21:10,076 PAT.train INFO: Epoch[12] Iteration[60/159] total_loss: 3.998, reid_loss: 3.969, pc_loss: 0.029, Acc: 0.647, Base Lr: 3.41e-04
2026-05-02 16:21:37,031 PAT.train INFO:   [grad_norm pre-clip: 5.441 / clip_max: 1.0]
2026-05-02 16:21:37,031 PAT.train INFO: Epoch[12] Iteration[120/159] total_loss: 4.064, reid_loss: 4.037, pc_loss: 0.028, Acc: 0.633, Base Lr: 3.41e-04
2026-05-02 16:21:53,694 PAT.train INFO: Epoch 12 done. Time per batch: 0.456[s] Speed: 140.5[samples/s]
2026-05-02 16:22:22,692 PAT.train INFO:   [grad_norm pre-clip: 5.555 / clip_max: 1.0]
2026-05-02 16:22:22,693 PAT.train INFO: Epoch[13] Iteration[60/159] total_loss: 3.864, reid_loss: 3.853, pc_loss: 0.011, Acc: 0.684, Base Lr: 3.40e-04
2026-05-02 16:22:49,873 PAT.train INFO:   [grad_norm pre-clip: 6.539 / clip_max: 1.0]
2026-05-02 16:22:49,873 PAT.train INFO: Epoch[13] Iteration[120/159] total_loss: 3.904, reid_loss: 3.876, pc_loss: 0.028, Acc: 0.683, Base Lr: 3.40e-04
2026-05-02 16:23:06,229 PAT.train INFO: Epoch 13 done. Time per batch: 0.461[s] Speed: 138.9[samples/s]
2026-05-02 16:23:34,847 PAT.train INFO:   [grad_norm pre-clip: 5.006 / clip_max: 1.0]
2026-05-02 16:23:34,848 PAT.train INFO: Epoch[14] Iteration[60/159] total_loss: 3.803, reid_loss: 3.782, pc_loss: 0.021, Acc: 0.707, Base Lr: 3.38e-04
2026-05-02 16:24:02,272 PAT.train INFO:   [grad_norm pre-clip: 6.450 / clip_max: 1.0]
2026-05-02 16:24:02,273 PAT.train INFO: Epoch[14] Iteration[120/159] total_loss: 3.784, reid_loss: 3.771, pc_loss: 0.013, Acc: 0.704, Base Lr: 3.38e-04
2026-05-02 16:24:18,425 PAT.train INFO: Epoch 14 done. Time per batch: 0.462[s] Speed: 138.6[samples/s]
2026-05-02 16:24:52,138 PAT.train INFO:   [grad_norm pre-clip: 5.197 / clip_max: 1.0]
2026-05-02 16:24:52,138 PAT.train INFO: Epoch[15] Iteration[60/159] total_loss: 3.631, reid_loss: 3.626, pc_loss: 0.004, Acc: 0.747, Base Lr: 3.37e-04
2026-05-02 16:25:19,079 PAT.train INFO:   [grad_norm pre-clip: 5.393 / clip_max: 1.0]
2026-05-02 16:25:19,079 PAT.train INFO: Epoch[15] Iteration[120/159] total_loss: 3.666, reid_loss: 3.660, pc_loss: 0.006, Acc: 0.739, Base Lr: 3.37e-04
2026-05-02 16:25:35,297 PAT.train INFO: Epoch 15 done. Time per batch: 0.465[s] Speed: 137.8[samples/s]
2026-05-02 16:26:06,196 PAT.train INFO:   [grad_norm pre-clip: 5.646 / clip_max: 1.0]
2026-05-02 16:26:06,196 PAT.train INFO: Epoch[16] Iteration[60/159] total_loss: 3.609, reid_loss: 3.599, pc_loss: 0.011, Acc: 0.760, Base Lr: 3.35e-04
2026-05-02 16:26:32,827 PAT.train INFO:   [grad_norm pre-clip: 5.676 / clip_max: 1.0]
2026-05-02 16:26:32,827 PAT.train INFO: Epoch[16] Iteration[120/159] total_loss: 3.606, reid_loss: 3.579, pc_loss: 0.027, Acc: 0.762, Base Lr: 3.35e-04
2026-05-02 16:26:49,247 PAT.train INFO: Epoch 16 done. Time per batch: 0.451[s] Speed: 141.9[samples/s]
2026-05-02 16:27:16,594 PAT.train INFO:   [grad_norm pre-clip: 5.409 / clip_max: 1.0]
2026-05-02 16:27:16,594 PAT.train INFO: Epoch[17] Iteration[60/159] total_loss: 3.470, reid_loss: 3.444, pc_loss: 0.025, Acc: 0.799, Base Lr: 3.33e-04
2026-05-02 16:27:43,734 PAT.train INFO:   [grad_norm pre-clip: 5.676 / clip_max: 1.0]
2026-05-02 16:27:43,734 PAT.train INFO: Epoch[17] Iteration[120/159] total_loss: 3.521, reid_loss: 3.472, pc_loss: 0.049, Acc: 0.797, Base Lr: 3.33e-04
2026-05-02 16:28:00,477 PAT.train INFO: Epoch 17 done. Time per batch: 0.453[s] Speed: 141.4[samples/s]
2026-05-02 16:28:27,841 PAT.train INFO:   [grad_norm pre-clip: 5.198 / clip_max: 1.0]
2026-05-02 16:28:27,841 PAT.train INFO: Epoch[18] Iteration[60/159] total_loss: 3.365, reid_loss: 3.347, pc_loss: 0.018, Acc: 0.822, Base Lr: 3.31e-04
2026-05-02 16:28:55,501 PAT.train INFO:   [grad_norm pre-clip: 5.339 / clip_max: 1.0]
2026-05-02 16:28:55,502 PAT.train INFO: Epoch[18] Iteration[120/159] total_loss: 3.417, reid_loss: 3.397, pc_loss: 0.020, Acc: 0.815, Base Lr: 3.31e-04
2026-05-02 16:29:12,266 PAT.train INFO: Epoch 18 done. Time per batch: 0.459[s] Speed: 139.5[samples/s]
2026-05-02 16:29:39,871 PAT.train INFO:   [grad_norm pre-clip: 4.871 / clip_max: 1.0]
2026-05-02 16:29:39,872 PAT.train INFO: Epoch[19] Iteration[60/159] total_loss: 3.301, reid_loss: 3.293, pc_loss: 0.008, Acc: 0.827, Base Lr: 3.29e-04
2026-05-02 16:30:06,650 PAT.train INFO:   [grad_norm pre-clip: 5.228 / clip_max: 1.0]
2026-05-02 16:30:06,650 PAT.train INFO: Epoch[19] Iteration[120/159] total_loss: 3.346, reid_loss: 3.338, pc_loss: 0.008, Acc: 0.822, Base Lr: 3.29e-04
2026-05-02 16:30:23,227 PAT.train INFO: Epoch 19 done. Time per batch: 0.451[s] Speed: 142.0[samples/s]
2026-05-02 16:30:51,394 PAT.train INFO:   [grad_norm pre-clip: 4.557 / clip_max: 1.0]
2026-05-02 16:30:51,395 PAT.train INFO: Epoch[20] Iteration[60/159] total_loss: 3.226, reid_loss: 3.219, pc_loss: 0.008, Acc: 0.851, Base Lr: 3.27e-04
2026-05-02 16:31:18,120 PAT.train INFO:   [grad_norm pre-clip: 4.946 / clip_max: 1.0]
2026-05-02 16:31:18,121 PAT.train INFO: Epoch[20] Iteration[120/159] total_loss: 3.297, reid_loss: 3.282, pc_loss: 0.014, Acc: 0.840, Base Lr: 3.27e-04
2026-05-02 16:31:34,268 PAT.train INFO: Epoch 20 done. Time per batch: 0.454[s] Speed: 140.9[samples/s]
2026-05-02 16:32:03,129 PAT.train INFO:   [grad_norm pre-clip: 5.132 / clip_max: 1.0]
2026-05-02 16:32:03,129 PAT.train INFO: Epoch[21] Iteration[60/159] total_loss: 3.270, reid_loss: 3.242, pc_loss: 0.028, Acc: 0.848, Base Lr: 3.24e-04
2026-05-02 16:32:30,485 PAT.train INFO:   [grad_norm pre-clip: 5.136 / clip_max: 1.0]
2026-05-02 16:32:30,485 PAT.train INFO: Epoch[21] Iteration[120/159] total_loss: 3.291, reid_loss: 3.271, pc_loss: 0.020, Acc: 0.850, Base Lr: 3.24e-04
2026-05-02 16:32:47,526 PAT.train INFO: Epoch 21 done. Time per batch: 0.465[s] Speed: 137.5[samples/s]
2026-05-02 16:33:15,644 PAT.train INFO:   [grad_norm pre-clip: 4.668 / clip_max: 1.0]
2026-05-02 16:33:15,645 PAT.train INFO: Epoch[22] Iteration[60/159] total_loss: 3.153, reid_loss: 3.148, pc_loss: 0.005, Acc: 0.870, Base Lr: 3.22e-04
2026-05-02 16:33:43,274 PAT.train INFO:   [grad_norm pre-clip: 4.733 / clip_max: 1.0]
2026-05-02 16:33:43,275 PAT.train INFO: Epoch[22] Iteration[120/159] total_loss: 3.198, reid_loss: 3.193, pc_loss: 0.005, Acc: 0.865, Base Lr: 3.22e-04
2026-05-02 16:34:00,914 PAT.train INFO: Epoch 22 done. Time per batch: 0.466[s] Speed: 137.2[samples/s]
2026-05-02 16:34:29,430 PAT.train INFO:   [grad_norm pre-clip: 4.995 / clip_max: 1.0]
2026-05-02 16:34:29,431 PAT.train INFO: Epoch[23] Iteration[60/159] total_loss: 3.140, reid_loss: 3.137, pc_loss: 0.003, Acc: 0.878, Base Lr: 3.19e-04
2026-05-02 16:34:57,125 PAT.train INFO:   [grad_norm pre-clip: 4.890 / clip_max: 1.0]
2026-05-02 16:34:57,126 PAT.train INFO: Epoch[23] Iteration[120/159] total_loss: 3.179, reid_loss: 3.176, pc_loss: 0.003, Acc: 0.872, Base Lr: 3.19e-04
2026-05-02 16:35:13,771 PAT.train INFO: Epoch 23 done. Time per batch: 0.463[s] Speed: 138.2[samples/s]
2026-05-02 16:35:42,268 PAT.train INFO:   [grad_norm pre-clip: 5.036 / clip_max: 1.0]
2026-05-02 16:35:42,269 PAT.train INFO: Epoch[24] Iteration[60/159] total_loss: 3.124, reid_loss: 3.120, pc_loss: 0.004, Acc: 0.882, Base Lr: 3.17e-04
2026-05-02 16:36:09,603 PAT.train INFO:   [grad_norm pre-clip: 4.820 / clip_max: 1.0]
2026-05-02 16:36:09,603 PAT.train INFO: Epoch[24] Iteration[120/159] total_loss: 3.147, reid_loss: 3.141, pc_loss: 0.006, Acc: 0.877, Base Lr: 3.17e-04
2026-05-02 16:36:26,517 PAT.train INFO: Epoch 24 done. Time per batch: 0.465[s] Speed: 137.6[samples/s]
2026-05-02 16:37:00,228 PAT.train INFO:   [grad_norm pre-clip: 5.500 / clip_max: 1.0]
2026-05-02 16:37:00,229 PAT.train INFO: Epoch[25] Iteration[60/159] total_loss: 3.054, reid_loss: 3.050, pc_loss: 0.004, Acc: 0.891, Base Lr: 3.14e-04
2026-05-02 16:37:27,334 PAT.train INFO:   [grad_norm pre-clip: 4.810 / clip_max: 1.0]
2026-05-02 16:37:27,335 PAT.train INFO: Epoch[25] Iteration[120/159] total_loss: 3.069, reid_loss: 3.066, pc_loss: 0.003, Acc: 0.889, Base Lr: 3.14e-04
2026-05-02 16:37:43,552 PAT.train INFO: Epoch 25 done. Time per batch: 0.467[s] Speed: 137.1[samples/s]
2026-05-02 16:38:12,285 PAT.train INFO:   [grad_norm pre-clip: 5.629 / clip_max: 1.0]
2026-05-02 16:38:12,286 PAT.train INFO: Epoch[26] Iteration[60/159] total_loss: 3.072, reid_loss: 3.068, pc_loss: 0.004, Acc: 0.897, Base Lr: 3.11e-04
2026-05-02 16:38:40,261 PAT.train INFO:   [grad_norm pre-clip: 4.709 / clip_max: 1.0]
2026-05-02 16:38:40,261 PAT.train INFO: Epoch[26] Iteration[120/159] total_loss: 3.081, reid_loss: 3.078, pc_loss: 0.003, Acc: 0.896, Base Lr: 3.11e-04
2026-05-02 16:38:57,787 PAT.train INFO: Epoch 26 done. Time per batch: 0.472[s] Speed: 135.7[samples/s]
2026-05-02 16:39:25,468 PAT.train INFO:   [grad_norm pre-clip: 5.462 / clip_max: 1.0]
2026-05-02 16:39:25,468 PAT.train INFO: Epoch[27] Iteration[60/159] total_loss: 2.958, reid_loss: 2.954, pc_loss: 0.004, Acc: 0.911, Base Lr: 3.08e-04
2026-05-02 16:39:52,757 PAT.train INFO:   [grad_norm pre-clip: 4.154 / clip_max: 1.0]
2026-05-02 16:39:52,757 PAT.train INFO: Epoch[27] Iteration[120/159] total_loss: 3.022, reid_loss: 3.019, pc_loss: 0.003, Acc: 0.905, Base Lr: 3.08e-04
2026-05-02 16:40:09,789 PAT.train INFO: Epoch 27 done. Time per batch: 0.457[s] Speed: 139.9[samples/s]
2026-05-02 16:40:38,198 PAT.train INFO:   [grad_norm pre-clip: 4.400 / clip_max: 1.0]
2026-05-02 16:40:38,199 PAT.train INFO: Epoch[28] Iteration[60/159] total_loss: 2.971, reid_loss: 2.970, pc_loss: 0.001, Acc: 0.911, Base Lr: 3.05e-04
2026-05-02 16:41:05,907 PAT.train INFO:   [grad_norm pre-clip: 4.438 / clip_max: 1.0]
2026-05-02 16:41:05,907 PAT.train INFO: Epoch[28] Iteration[120/159] total_loss: 3.005, reid_loss: 3.002, pc_loss: 0.003, Acc: 0.910, Base Lr: 3.05e-04
2026-05-02 16:41:22,959 PAT.train INFO: Epoch 28 done. Time per batch: 0.468[s] Speed: 136.8[samples/s]
2026-05-02 16:41:51,284 PAT.train INFO:   [grad_norm pre-clip: 4.635 / clip_max: 1.0]
2026-05-02 16:41:51,284 PAT.train INFO: Epoch[29] Iteration[60/159] total_loss: 2.891, reid_loss: 2.890, pc_loss: 0.001, Acc: 0.921, Base Lr: 3.02e-04
2026-05-02 16:42:18,573 PAT.train INFO:   [grad_norm pre-clip: 4.883 / clip_max: 1.0]
2026-05-02 16:42:18,574 PAT.train INFO: Epoch[29] Iteration[120/159] total_loss: 2.954, reid_loss: 2.950, pc_loss: 0.004, Acc: 0.920, Base Lr: 3.02e-04
2026-05-02 16:42:35,535 PAT.train INFO: Epoch 29 done. Time per batch: 0.461[s] Speed: 138.8[samples/s]
2026-05-02 16:43:03,925 PAT.train INFO:   [grad_norm pre-clip: 4.678 / clip_max: 1.0]
2026-05-02 16:43:03,926 PAT.train INFO: Epoch[30] Iteration[60/159] total_loss: 2.953, reid_loss: 2.948, pc_loss: 0.005, Acc: 0.920, Base Lr: 2.99e-04
2026-05-02 16:43:31,946 PAT.train INFO:   [grad_norm pre-clip: 4.527 / clip_max: 1.0]
2026-05-02 16:43:31,947 PAT.train INFO: Epoch[30] Iteration[120/159] total_loss: 2.953, reid_loss: 2.948, pc_loss: 0.005, Acc: 0.920, Base Lr: 2.99e-04
2026-05-02 16:43:49,493 PAT.train INFO: Epoch 30 done. Time per batch: 0.470[s] Speed: 136.2[samples/s]
2026-05-02 16:43:49,494 PAT.test INFO: Enter inferencing
2026-05-02 16:44:01,554 PAT.test INFO: Validation Results 
2026-05-02 16:44:01,555 PAT.test INFO: mAP: 100.0%
2026-05-02 16:44:01,555 PAT.test INFO: CMC curve, Rank-1  :100.0%
2026-05-02 16:44:01,555 PAT.test INFO: CMC curve, Rank-5  :100.0%
2026-05-02 16:44:01,555 PAT.test INFO: CMC curve, Rank-10 :100.0%
2026-05-02 16:44:01,555 PAT.test INFO: total inference time: 12.06
2026-05-02 16:44:01,562 PAT.train INFO: =====best epoch: 30=====
2026-05-02 16:44:30,260 PAT.train INFO:   [grad_norm pre-clip: 4.293 / clip_max: 1.0]
2026-05-02 16:44:30,261 PAT.train INFO: Epoch[31] Iteration[60/159] total_loss: 2.924, reid_loss: 2.906, pc_loss: 0.018, Acc: 0.927, Base Lr: 2.96e-04
2026-05-02 16:44:57,192 PAT.train INFO:   [grad_norm pre-clip: 4.262 / clip_max: 1.0]
2026-05-02 16:44:57,192 PAT.train INFO: Epoch[31] Iteration[120/159] total_loss: 2.966, reid_loss: 2.935, pc_loss: 0.031, Acc: 0.927, Base Lr: 2.96e-04
2026-05-02 16:45:13,346 PAT.train INFO: Epoch 31 done. Time per batch: 0.456[s] Speed: 140.3[samples/s]
2026-05-02 16:45:45,005 PAT.train INFO:   [grad_norm pre-clip: 4.194 / clip_max: 1.0]
2026-05-02 16:45:45,006 PAT.train INFO: Epoch[32] Iteration[60/159] total_loss: 2.902, reid_loss: 2.885, pc_loss: 0.017, Acc: 0.936, Base Lr: 2.92e-04
2026-05-02 16:46:12,538 PAT.train INFO:   [grad_norm pre-clip: 4.158 / clip_max: 1.0]
2026-05-02 16:46:12,538 PAT.train INFO: Epoch[32] Iteration[120/159] total_loss: 2.954, reid_loss: 2.914, pc_loss: 0.040, Acc: 0.933, Base Lr: 2.92e-04
2026-05-02 16:46:29,342 PAT.train INFO: Epoch 32 done. Time per batch: 0.486[s] Speed: 131.7[samples/s]
2026-05-02 16:46:57,951 PAT.train INFO:   [grad_norm pre-clip: 5.031 / clip_max: 1.0]
2026-05-02 16:46:57,952 PAT.train INFO: Epoch[33] Iteration[60/159] total_loss: 2.861, reid_loss: 2.854, pc_loss: 0.007, Acc: 0.935, Base Lr: 2.89e-04
2026-05-02 16:47:25,067 PAT.train INFO:   [grad_norm pre-clip: 4.838 / clip_max: 1.0]
2026-05-02 16:47:25,068 PAT.train INFO: Epoch[33] Iteration[120/159] total_loss: 2.856, reid_loss: 2.851, pc_loss: 0.004, Acc: 0.934, Base Lr: 2.89e-04
2026-05-02 16:47:41,587 PAT.train INFO: Epoch 33 done. Time per batch: 0.462[s] Speed: 138.5[samples/s]
2026-05-02 16:48:14,341 PAT.train INFO:   [grad_norm pre-clip: 4.502 / clip_max: 1.0]
2026-05-02 16:48:14,342 PAT.train INFO: Epoch[34] Iteration[60/159] total_loss: 2.820, reid_loss: 2.812, pc_loss: 0.008, Acc: 0.940, Base Lr: 2.85e-04
2026-05-02 16:48:42,644 PAT.train INFO:   [grad_norm pre-clip: 4.014 / clip_max: 1.0]
2026-05-02 16:48:42,645 PAT.train INFO: Epoch[34] Iteration[120/159] total_loss: 2.852, reid_loss: 2.845, pc_loss: 0.007, Acc: 0.938, Base Lr: 2.85e-04
2026-05-02 16:48:59,960 PAT.train INFO: Epoch 34 done. Time per batch: 0.498[s] Speed: 128.5[samples/s]
2026-05-02 16:49:27,829 PAT.train INFO:   [grad_norm pre-clip: 4.952 / clip_max: 1.0]
2026-05-02 16:49:27,829 PAT.train INFO: Epoch[35] Iteration[60/159] total_loss: 2.862, reid_loss: 2.858, pc_loss: 0.004, Acc: 0.936, Base Lr: 2.82e-04
2026-05-02 16:49:54,476 PAT.train INFO:   [grad_norm pre-clip: 4.119 / clip_max: 1.0]
2026-05-02 16:49:54,476 PAT.train INFO: Epoch[35] Iteration[120/159] total_loss: 2.868, reid_loss: 2.863, pc_loss: 0.005, Acc: 0.940, Base Lr: 2.82e-04
2026-05-02 16:50:10,446 PAT.train INFO: Epoch 35 done. Time per batch: 0.451[s] Speed: 142.0[samples/s]
2026-05-02 16:50:38,562 PAT.train INFO:   [grad_norm pre-clip: 3.726 / clip_max: 1.0]
2026-05-02 16:50:38,563 PAT.train INFO: Epoch[36] Iteration[60/159] total_loss: 2.796, reid_loss: 2.794, pc_loss: 0.003, Acc: 0.951, Base Lr: 2.78e-04
2026-05-02 16:51:05,048 PAT.train INFO:   [grad_norm pre-clip: 4.280 / clip_max: 1.0]
2026-05-02 16:51:05,048 PAT.train INFO: Epoch[36] Iteration[120/159] total_loss: 2.813, reid_loss: 2.810, pc_loss: 0.003, Acc: 0.947, Base Lr: 2.78e-04
2026-05-02 16:51:22,474 PAT.train INFO: Epoch 36 done. Time per batch: 0.458[s] Speed: 139.8[samples/s]
2026-05-02 16:51:54,000 PAT.train INFO:   [grad_norm pre-clip: 4.160 / clip_max: 1.0]
2026-05-02 16:51:54,001 PAT.train INFO: Epoch[37] Iteration[60/159] total_loss: 2.756, reid_loss: 2.754, pc_loss: 0.003, Acc: 0.951, Base Lr: 2.74e-04
2026-05-02 16:52:20,814 PAT.train INFO:   [grad_norm pre-clip: 5.568 / clip_max: 1.0]
2026-05-02 16:52:20,814 PAT.train INFO: Epoch[37] Iteration[120/159] total_loss: 2.813, reid_loss: 2.811, pc_loss: 0.002, Acc: 0.945, Base Lr: 2.74e-04
2026-05-02 16:52:37,643 PAT.train INFO: Epoch 37 done. Time per batch: 0.481[s] Speed: 133.1[samples/s]
2026-05-02 16:53:09,126 PAT.train INFO:   [grad_norm pre-clip: 3.926 / clip_max: 1.0]
2026-05-02 16:53:09,126 PAT.train INFO: Epoch[38] Iteration[60/159] total_loss: 2.802, reid_loss: 2.800, pc_loss: 0.002, Acc: 0.944, Base Lr: 2.70e-04
2026-05-02 16:53:36,400 PAT.train INFO:   [grad_norm pre-clip: 4.140 / clip_max: 1.0]
2026-05-02 16:53:36,401 PAT.train INFO: Epoch[38] Iteration[120/159] total_loss: 2.806, reid_loss: 2.805, pc_loss: 0.001, Acc: 0.947, Base Lr: 2.70e-04
2026-05-02 16:53:53,050 PAT.train INFO: Epoch 38 done. Time per batch: 0.482[s] Speed: 132.7[samples/s]
2026-05-02 16:54:21,700 PAT.train INFO:   [grad_norm pre-clip: 4.962 / clip_max: 1.0]
2026-05-02 16:54:21,700 PAT.train INFO: Epoch[39] Iteration[60/159] total_loss: 2.759, reid_loss: 2.758, pc_loss: 0.001, Acc: 0.946, Base Lr: 2.67e-04
2026-05-02 16:54:48,647 PAT.train INFO:   [grad_norm pre-clip: 3.453 / clip_max: 1.0]
2026-05-02 16:54:48,647 PAT.train INFO: Epoch[39] Iteration[120/159] total_loss: 2.797, reid_loss: 2.796, pc_loss: 0.001, Acc: 0.946, Base Lr: 2.67e-04
2026-05-02 16:55:06,022 PAT.train INFO: Epoch 39 done. Time per batch: 0.464[s] Speed: 138.0[samples/s]
2026-05-02 16:55:34,626 PAT.train INFO:   [grad_norm pre-clip: 4.588 / clip_max: 1.0]
2026-05-02 16:55:34,626 PAT.train INFO: Epoch[40] Iteration[60/159] total_loss: 2.769, reid_loss: 2.768, pc_loss: 0.001, Acc: 0.957, Base Lr: 2.63e-04
2026-05-02 16:56:01,605 PAT.train INFO:   [grad_norm pre-clip: 4.322 / clip_max: 1.0]
2026-05-02 16:56:01,606 PAT.train INFO: Epoch[40] Iteration[120/159] total_loss: 2.790, reid_loss: 2.788, pc_loss: 0.002, Acc: 0.952, Base Lr: 2.63e-04
2026-05-02 16:56:18,523 PAT.train INFO: Epoch 40 done. Time per batch: 0.461[s] Speed: 138.9[samples/s]
2026-05-02 16:56:46,347 PAT.train INFO:   [grad_norm pre-clip: 4.551 / clip_max: 1.0]
2026-05-02 16:56:46,348 PAT.train INFO: Epoch[41] Iteration[60/159] total_loss: 2.732, reid_loss: 2.729, pc_loss: 0.003, Acc: 0.953, Base Lr: 2.59e-04
2026-05-02 16:57:13,233 PAT.train INFO:   [grad_norm pre-clip: 4.431 / clip_max: 1.0]
2026-05-02 16:57:13,234 PAT.train INFO: Epoch[41] Iteration[120/159] total_loss: 2.755, reid_loss: 2.752, pc_loss: 0.003, Acc: 0.950, Base Lr: 2.59e-04
2026-05-02 16:57:29,854 PAT.train INFO: Epoch 41 done. Time per batch: 0.453[s] Speed: 141.3[samples/s]
2026-05-02 16:57:57,981 PAT.train INFO:   [grad_norm pre-clip: 3.327 / clip_max: 1.0]
2026-05-02 16:57:57,982 PAT.train INFO: Epoch[42] Iteration[60/159] total_loss: 2.711, reid_loss: 2.709, pc_loss: 0.002, Acc: 0.959, Base Lr: 2.55e-04
2026-05-02 16:58:24,623 PAT.train INFO:   [grad_norm pre-clip: 4.179 / clip_max: 1.0]
2026-05-02 16:58:24,623 PAT.train INFO: Epoch[42] Iteration[120/159] total_loss: 2.749, reid_loss: 2.747, pc_loss: 0.002, Acc: 0.957, Base Lr: 2.55e-04
2026-05-02 16:58:41,568 PAT.train INFO: Epoch 42 done. Time per batch: 0.456[s] Speed: 140.4[samples/s]
2026-05-02 16:59:09,815 PAT.train INFO:   [grad_norm pre-clip: 4.123 / clip_max: 1.0]
2026-05-02 16:59:09,816 PAT.train INFO: Epoch[43] Iteration[60/159] total_loss: 2.677, reid_loss: 2.675, pc_loss: 0.002, Acc: 0.963, Base Lr: 2.51e-04
2026-05-02 16:59:36,997 PAT.train INFO:   [grad_norm pre-clip: 4.519 / clip_max: 1.0]
2026-05-02 16:59:36,997 PAT.train INFO: Epoch[43] Iteration[120/159] total_loss: 2.709, reid_loss: 2.706, pc_loss: 0.003, Acc: 0.959, Base Lr: 2.51e-04
2026-05-02 16:59:54,038 PAT.train INFO: Epoch 43 done. Time per batch: 0.461[s] Speed: 139.0[samples/s]
2026-05-02 17:00:22,025 PAT.train INFO:   [grad_norm pre-clip: 3.738 / clip_max: 1.0]
2026-05-02 17:00:22,026 PAT.train INFO: Epoch[44] Iteration[60/159] total_loss: 2.707, reid_loss: 2.705, pc_loss: 0.003, Acc: 0.962, Base Lr: 2.46e-04
2026-05-02 17:00:48,782 PAT.train INFO:   [grad_norm pre-clip: 3.446 / clip_max: 1.0]
2026-05-02 17:00:48,782 PAT.train INFO: Epoch[44] Iteration[120/159] total_loss: 2.709, reid_loss: 2.707, pc_loss: 0.002, Acc: 0.963, Base Lr: 2.46e-04
2026-05-02 17:01:05,081 PAT.train INFO: Epoch 44 done. Time per batch: 0.454[s] Speed: 140.9[samples/s]
2026-05-02 17:01:37,005 PAT.train INFO:   [grad_norm pre-clip: 4.658 / clip_max: 1.0]
2026-05-02 17:01:37,006 PAT.train INFO: Epoch[45] Iteration[60/159] total_loss: 2.672, reid_loss: 2.671, pc_loss: 0.001, Acc: 0.968, Base Lr: 2.42e-04
2026-05-02 17:02:04,608 PAT.train INFO:   [grad_norm pre-clip: 3.180 / clip_max: 1.0]
2026-05-02 17:02:04,608 PAT.train INFO: Epoch[45] Iteration[120/159] total_loss: 2.685, reid_loss: 2.684, pc_loss: 0.001, Acc: 0.967, Base Lr: 2.42e-04
2026-05-02 17:02:22,365 PAT.train INFO: Epoch 45 done. Time per batch: 0.491[s] Speed: 130.3[samples/s]
2026-05-02 17:02:50,364 PAT.train INFO:   [grad_norm pre-clip: 3.483 / clip_max: 1.0]
2026-05-02 17:02:50,365 PAT.train INFO: Epoch[46] Iteration[60/159] total_loss: 2.656, reid_loss: 2.656, pc_loss: 0.001, Acc: 0.963, Base Lr: 2.38e-04
2026-05-02 17:03:17,712 PAT.train INFO:   [grad_norm pre-clip: 3.834 / clip_max: 1.0]
2026-05-02 17:03:17,713 PAT.train INFO: Epoch[46] Iteration[120/159] total_loss: 2.674, reid_loss: 2.672, pc_loss: 0.002, Acc: 0.965, Base Lr: 2.38e-04
2026-05-02 17:03:34,471 PAT.train INFO: Epoch 46 done. Time per batch: 0.458[s] Speed: 139.7[samples/s]
2026-05-02 17:04:02,864 PAT.train INFO:   [grad_norm pre-clip: 4.012 / clip_max: 1.0]
2026-05-02 17:04:02,864 PAT.train INFO: Epoch[47] Iteration[60/159] total_loss: 2.650, reid_loss: 2.649, pc_loss: 0.001, Acc: 0.971, Base Lr: 2.34e-04
2026-05-02 17:04:31,085 PAT.train INFO:   [grad_norm pre-clip: 4.259 / clip_max: 1.0]
2026-05-02 17:04:31,086 PAT.train INFO: Epoch[47] Iteration[120/159] total_loss: 2.667, reid_loss: 2.666, pc_loss: 0.001, Acc: 0.969, Base Lr: 2.34e-04
2026-05-02 17:04:48,292 PAT.train INFO: Epoch 47 done. Time per batch: 0.472[s] Speed: 135.6[samples/s]
2026-05-02 17:05:16,787 PAT.train INFO:   [grad_norm pre-clip: 4.132 / clip_max: 1.0]
2026-05-02 17:05:16,788 PAT.train INFO: Epoch[48] Iteration[60/159] total_loss: 2.625, reid_loss: 2.621, pc_loss: 0.004, Acc: 0.966, Base Lr: 2.29e-04
2026-05-02 17:05:44,222 PAT.train INFO:   [grad_norm pre-clip: 4.206 / clip_max: 1.0]
2026-05-02 17:05:44,223 PAT.train INFO: Epoch[48] Iteration[120/159] total_loss: 2.660, reid_loss: 2.653, pc_loss: 0.008, Acc: 0.970, Base Lr: 2.29e-04
2026-05-02 17:06:01,442 PAT.train INFO: Epoch 48 done. Time per batch: 0.465[s] Speed: 137.7[samples/s]
2026-05-02 17:06:35,732 PAT.train INFO:   [grad_norm pre-clip: 3.914 / clip_max: 1.0]
2026-05-02 17:06:35,733 PAT.train INFO: Epoch[49] Iteration[60/159] total_loss: 2.654, reid_loss: 2.648, pc_loss: 0.006, Acc: 0.966, Base Lr: 2.25e-04
2026-05-02 17:07:02,692 PAT.train INFO:   [grad_norm pre-clip: 4.707 / clip_max: 1.0]
2026-05-02 17:07:02,692 PAT.train INFO: Epoch[49] Iteration[120/159] total_loss: 2.647, reid_loss: 2.641, pc_loss: 0.006, Acc: 0.967, Base Lr: 2.25e-04
2026-05-02 17:07:19,813 PAT.train INFO: Epoch 49 done. Time per batch: 0.480[s] Speed: 133.4[samples/s]
2026-05-02 17:07:48,270 PAT.train INFO:   [grad_norm pre-clip: 3.501 / clip_max: 1.0]
2026-05-02 17:07:48,271 PAT.train INFO: Epoch[50] Iteration[60/159] total_loss: 2.634, reid_loss: 2.632, pc_loss: 0.002, Acc: 0.968, Base Lr: 2.21e-04
2026-05-02 17:08:16,312 PAT.train INFO:   [grad_norm pre-clip: 3.734 / clip_max: 1.0]
2026-05-02 17:08:16,312 PAT.train INFO: Epoch[50] Iteration[120/159] total_loss: 2.648, reid_loss: 2.645, pc_loss: 0.003, Acc: 0.966, Base Lr: 2.21e-04
2026-05-02 17:08:33,196 PAT.train INFO: Epoch 50 done. Time per batch: 0.466[s] Speed: 137.3[samples/s]
2026-05-02 17:09:00,797 PAT.train INFO:   [grad_norm pre-clip: 3.277 / clip_max: 1.0]
2026-05-02 17:09:00,797 PAT.train INFO: Epoch[51] Iteration[60/159] total_loss: 2.598, reid_loss: 2.594, pc_loss: 0.004, Acc: 0.968, Base Lr: 2.16e-04
2026-05-02 17:09:27,295 PAT.train INFO:   [grad_norm pre-clip: 3.187 / clip_max: 1.0]
2026-05-02 17:09:27,296 PAT.train INFO: Epoch[51] Iteration[120/159] total_loss: 2.610, reid_loss: 2.607, pc_loss: 0.003, Acc: 0.970, Base Lr: 2.16e-04
2026-05-02 17:09:44,056 PAT.train INFO: Epoch 51 done. Time per batch: 0.450[s] Speed: 142.1[samples/s]
2026-05-02 17:10:12,108 PAT.train INFO:   [grad_norm pre-clip: 4.260 / clip_max: 1.0]
2026-05-02 17:10:12,109 PAT.train INFO: Epoch[52] Iteration[60/159] total_loss: 2.617, reid_loss: 2.616, pc_loss: 0.001, Acc: 0.972, Base Lr: 2.12e-04
2026-05-02 17:10:39,040 PAT.train INFO:   [grad_norm pre-clip: 4.671 / clip_max: 1.0]
2026-05-02 17:10:39,041 PAT.train INFO: Epoch[52] Iteration[120/159] total_loss: 2.631, reid_loss: 2.630, pc_loss: 0.001, Acc: 0.975, Base Lr: 2.12e-04
2026-05-02 17:10:55,581 PAT.train INFO: Epoch 52 done. Time per batch: 0.457[s] Speed: 139.9[samples/s]
2026-05-02 17:11:25,166 PAT.train INFO:   [grad_norm pre-clip: 4.206 / clip_max: 1.0]
2026-05-02 17:11:25,167 PAT.train INFO: Epoch[53] Iteration[60/159] total_loss: 2.605, reid_loss: 2.603, pc_loss: 0.002, Acc: 0.974, Base Lr: 2.07e-04
2026-05-02 17:11:53,687 PAT.train INFO:   [grad_norm pre-clip: 3.834 / clip_max: 1.0]
2026-05-02 17:11:53,687 PAT.train INFO: Epoch[53] Iteration[120/159] total_loss: 2.615, reid_loss: 2.613, pc_loss: 0.002, Acc: 0.973, Base Lr: 2.07e-04
2026-05-02 17:12:10,825 PAT.train INFO: Epoch 53 done. Time per batch: 0.478[s] Speed: 133.9[samples/s]
2026-05-02 17:12:39,620 PAT.train INFO:   [grad_norm pre-clip: 4.122 / clip_max: 1.0]
2026-05-02 17:12:39,621 PAT.train INFO: Epoch[54] Iteration[60/159] total_loss: 2.574, reid_loss: 2.571, pc_loss: 0.003, Acc: 0.976, Base Lr: 2.03e-04
2026-05-02 17:13:07,479 PAT.train INFO:   [grad_norm pre-clip: 3.406 / clip_max: 1.0]
2026-05-02 17:13:07,479 PAT.train INFO: Epoch[54] Iteration[120/159] total_loss: 2.603, reid_loss: 2.601, pc_loss: 0.002, Acc: 0.974, Base Lr: 2.03e-04
2026-05-02 17:13:24,771 PAT.train INFO: Epoch 54 done. Time per batch: 0.470[s] Speed: 136.2[samples/s]
2026-05-02 17:13:53,256 PAT.train INFO:   [grad_norm pre-clip: 4.200 / clip_max: 1.0]
2026-05-02 17:13:53,256 PAT.train INFO: Epoch[55] Iteration[60/159] total_loss: 2.602, reid_loss: 2.601, pc_loss: 0.001, Acc: 0.978, Base Lr: 1.98e-04
2026-05-02 17:14:20,828 PAT.train INFO:   [grad_norm pre-clip: 3.839 / clip_max: 1.0]
2026-05-02 17:14:20,828 PAT.train INFO: Epoch[55] Iteration[120/159] total_loss: 2.599, reid_loss: 2.598, pc_loss: 0.002, Acc: 0.974, Base Lr: 1.98e-04
2026-05-02 17:14:37,343 PAT.train INFO: Epoch 55 done. Time per batch: 0.464[s] Speed: 137.9[samples/s]
2026-05-02 17:15:08,628 PAT.train INFO:   [grad_norm pre-clip: 3.447 / clip_max: 1.0]
2026-05-02 17:15:08,629 PAT.train INFO: Epoch[56] Iteration[60/159] total_loss: 2.579, reid_loss: 2.577, pc_loss: 0.002, Acc: 0.982, Base Lr: 1.94e-04
2026-05-02 17:15:36,479 PAT.train INFO:   [grad_norm pre-clip: 2.942 / clip_max: 1.0]
2026-05-02 17:15:36,479 PAT.train INFO: Epoch[56] Iteration[120/159] total_loss: 2.577, reid_loss: 2.575, pc_loss: 0.002, Acc: 0.978, Base Lr: 1.94e-04
2026-05-02 17:15:53,673 PAT.train INFO: Epoch 56 done. Time per batch: 0.473[s] Speed: 135.2[samples/s]
2026-05-02 17:16:24,997 PAT.train INFO:   [grad_norm pre-clip: 3.247 / clip_max: 1.0]
2026-05-02 17:16:24,997 PAT.train INFO: Epoch[57] Iteration[60/159] total_loss: 2.591, reid_loss: 2.589, pc_loss: 0.001, Acc: 0.979, Base Lr: 1.89e-04
2026-05-02 17:16:52,330 PAT.train INFO:   [grad_norm pre-clip: 5.042 / clip_max: 1.0]
2026-05-02 17:16:52,331 PAT.train INFO: Epoch[57] Iteration[120/159] total_loss: 2.580, reid_loss: 2.579, pc_loss: 0.001, Acc: 0.978, Base Lr: 1.89e-04
2026-05-02 17:17:09,070 PAT.train INFO: Epoch 57 done. Time per batch: 0.479[s] Speed: 133.6[samples/s]
2026-05-02 17:17:37,216 PAT.train INFO:   [grad_norm pre-clip: 4.222 / clip_max: 1.0]
2026-05-02 17:17:37,217 PAT.train INFO: Epoch[58] Iteration[60/159] total_loss: 2.559, reid_loss: 2.553, pc_loss: 0.006, Acc: 0.981, Base Lr: 1.84e-04
2026-05-02 17:18:04,704 PAT.train INFO:   [grad_norm pre-clip: 5.944 / clip_max: 1.0]
2026-05-02 17:18:04,704 PAT.train INFO: Epoch[58] Iteration[120/159] total_loss: 2.572, reid_loss: 2.567, pc_loss: 0.006, Acc: 0.980, Base Lr: 1.84e-04
2026-05-02 17:18:21,145 PAT.train INFO: Epoch 58 done. Time per batch: 0.461[s] Speed: 138.9[samples/s]
2026-05-02 17:18:49,781 PAT.train INFO:   [grad_norm pre-clip: 3.208 / clip_max: 1.0]
2026-05-02 17:18:49,782 PAT.train INFO: Epoch[59] Iteration[60/159] total_loss: 2.546, reid_loss: 2.544, pc_loss: 0.002, Acc: 0.981, Base Lr: 1.80e-04
2026-05-02 17:19:17,065 PAT.train INFO:   [grad_norm pre-clip: 3.744 / clip_max: 1.0]
2026-05-02 17:19:17,066 PAT.train INFO: Epoch[59] Iteration[120/159] total_loss: 2.554, reid_loss: 2.552, pc_loss: 0.002, Acc: 0.981, Base Lr: 1.80e-04
2026-05-02 17:19:33,697 PAT.train INFO: Epoch 59 done. Time per batch: 0.464[s] Speed: 137.9[samples/s]
2026-05-02 17:20:06,337 PAT.train INFO:   [grad_norm pre-clip: 3.893 / clip_max: 1.0]
2026-05-02 17:20:06,338 PAT.train INFO: Epoch[60] Iteration[60/159] total_loss: 2.490, reid_loss: 2.489, pc_loss: 0.001, Acc: 0.986, Base Lr: 1.75e-04
2026-05-02 17:20:33,218 PAT.train INFO:   [grad_norm pre-clip: 4.777 / clip_max: 1.0]
2026-05-02 17:20:33,218 PAT.train INFO: Epoch[60] Iteration[120/159] total_loss: 2.522, reid_loss: 2.522, pc_loss: 0.000, Acc: 0.985, Base Lr: 1.75e-04
2026-05-02 17:20:49,132 PAT.train INFO: Epoch 60 done. Time per batch: 0.453[s] Speed: 141.3[samples/s]
2026-05-02 17:20:49,133 PAT.test INFO: Enter inferencing
2026-05-02 17:21:00,829 PAT.test INFO: Validation Results 
2026-05-02 17:21:00,829 PAT.test INFO: mAP: 100.0%
2026-05-02 17:21:00,829 PAT.test INFO: CMC curve, Rank-1  :100.0%
2026-05-02 17:21:00,829 PAT.test INFO: CMC curve, Rank-5  :100.0%
2026-05-02 17:21:00,829 PAT.test INFO: CMC curve, Rank-10 :100.0%
2026-05-02 17:21:00,829 PAT.test INFO: total inference time: 11.69
using Transformer_type: part token vit as a backbone
using stride: [16, 16], and patch number is num_y16 * num_x8
using drop_out rate is : 0.0
using attn_drop_out rate is : 0.0
using drop_path rate is : 0.1
Resized position embedding from size:torch.Size([1, 197, 1024]) to size: torch.Size([1, 132, 1024]) with height:16 width: 8
Load 297 / 299 layers.
Loading pretrained ImageNet model......from /workspace/miuam_challenge_diff/pretrained/jx_vit_large_p16_224-4ee7a4dc.pth
/workspace/miuam_challenge_diff/.venv/lib/python3.10/site-packages/torch/nn/init.py:412: UserWarning: Initializing zero-element tensors is a no-op
  warnings.warn("Initializing zero-element tensors is a no-op")
camera-adversarial ON: classifier over 3 cams, GRL lambda=0.1
===========building our part attention vit===========
2026-05-02 17:21:09,697 PAT.train INFO: Number of parameter: 304.27M
Loading trained model from models/./model_vitlarge_camadv_lightaug_seed1300/part_attention_vit_30.pth
load weights from part_attention_vit_30.pth
2026-05-02 17:21:10,464 PAT INFO: => Loaded UrbanElementsReID_test
2026-05-02 17:21:10,465 PAT INFO:   ----------------------------------------
2026-05-02 17:21:10,465 PAT INFO:   subset   | # ids | # images | # cameras
2026-05-02 17:21:10,465 PAT INFO:   ----------------------------------------
2026-05-02 17:21:10,465 PAT INFO:   query    |     1 |      928 |         1
2026-05-02 17:21:10,465 PAT INFO:   gallery  |     1 |     2844 |         3
2026-05-02 17:21:10,465 PAT INFO:   ----------------------------------------
2026-05-02 17:21:10,465 PAT.test INFO: Enter inferencing
2026-05-02 17:21:22,356 PAT.test INFO: Validation Results 
2026-05-02 17:21:22,356 PAT.test INFO: mAP: 100.0%
2026-05-02 17:21:22,356 PAT.test INFO: CMC curve, Rank-1  :100.0%
2026-05-02 17:21:22,356 PAT.test INFO: CMC curve, Rank-5  :100.0%
2026-05-02 17:21:22,356 PAT.test INFO: CMC curve, Rank-10 :100.0%
2026-05-02 17:21:22,356 PAT.test INFO: total inference time: 11.61
saving final checkpoint (best epoch re-saved, per-epoch checkpoints retained).
done!
